14:30:42.612 p22878 → [PRE-SYNC] 0x0064 6400
14:30:42.612 p22878 → [PRE-SYNC] 0x0000 0000
14:30:42.612 p22878 → [PRE-SYNC] 0x0000 0000
14:30:42.612 p22878 → [PRE-SYNC] 0x0000 0000
14:30:42.612 p22878 → [PRE-SYNC] 0x0000 0000
14:30:42.612 p22878 → [PRE-SYNC] 0x0000 0000
14:30:42.612 p22878 → [PRE-SYNC] 0x0000 0000
14:30:42.612 p22878 → [PRE-SYNC] 0x0000 0000
14:30:42.613 p22878 → [PRE-SYNC] 0x0000 0000
14:30:42.613 p22878 → [PRE-SYNC] 0x0000 0000
14:30:42.613 p22878 → [PRE-SYNC] 0x0000 0000
14:30:42.613 p22878 → [PRE-SYNC] 0x0000 0000
14:30:42.613 p22878 → [PRE-SYNC] 0x0000 0000
14:30:42.613 p22878 → [PRE-SYNC] 0x0000 0000
14:30:42.613 p22878 → [PRE-SYNC] 0x0000 0000
14:30:42.613 p22878 → [PRE-SYNC] 0x0000 0000
14:30:42.613 p22878 → [PRE-SYNC] 0x0000 0000
14:30:42.613 p22878 → [PRE-SYNC] 0x0000 0000
14:30:42.613 p22878 → [PRE-SYNC] 0x0000 0000
14:30:42.613 p22878 → [PRE-SYNC] 0x0000 0000
14:30:42.613 p22878 → [PRE-SYNC] 0x0000 0000
14:30:42.613 p22878 → [PRE-SYNC] 0x0000 0000
14:30:42.613 p22878 → [PRE-SYNC] 0x0000 0000
14:30:42.613 p22878 → [PRE-SYNC] 0x0000 0000
14:30:42.613 p22878 → [PRE-SYNC] 0x0000 0000
14:30:42.613 p22878 → [PRE-SYNC] 0x0000 0000
14:30:42.614 p22878 → [PRE-SYNC] 0x0000 0000
14:30:42.614 p22878 → [PRE-SYNC] 0x0000 0000
14:30:42.614 p22878 → [PRE-SYNC] 0x0000 0000
14:30:42.614 p22878 → [PRE-SYNC] 0x0000 0000
14:30:42.614 p22878 → [PRE-SYNC] 0x0000 0000
14:30:42.614 p22878 → [PRE-SYNC] 0x0000 0000
14:30:42.614 p22878 → [PRE-SYNC] 0x0000 0000
14:30:42.614 p22878 → [PRE-SYNC] 0x0000 0000
14:30:42.614 p22878 → [PRE-SYNC] 0x0000 0000
14:30:42.614 p22878 → [PRE-SYNC] 0x0000 0000
14:30:42.614 p22878 → [PRE-SYNC] 0x0000 0000
14:30:42.614 p22878 → [PRE-SYNC] 0x0000 0000
14:30:42.614 p22878 → [PRE-SYNC] 0x0000 0000
14:30:42.614 p22878 → [PRE-SYNC] 0x0000 0000
14:30:42.614 p22878 → [PRE-SYNC] 0x0000 0000
14:30:42.614 p22878 → [PRE-SYNC] 0x0000 0000
14:30:42.614 p22878 → [PRE-SYNC] 0x0000 0000
14:30:42.614 p22878 → [PRE-SYNC] 0x0000 0000
14:30:42.614 p22878 → [PRE-SYNC] 0x0000 0000
14:30:42.614 p22878 → [PRE-SYNC] 0x0000 0000
14:30:42.614 p22878 → [PRE-SYNC] 0x0000 0000
14:30:42.614 p22878 → [PRE-SYNC] 0x0000 0000
14:30:42.614 p22878 → [PRE-SYNC] 0x0000 0000
14:30:42.614 p22878 → [PRE-SYNC] 0x0000 0000
14:30:42.614 p22878 → [PRE-SYNC] 0x0000 0000
14:30:42.614 p22878 → [PRE-SYNC] 0x0000 0000
14:30:42.614 p22878 → [PRE-SYNC] 0x0000 0000
14:30:42.615 p22878 → [PRE-SYNC] 0x0000 0000
14:30:42.615 p22878 → [PRE-SYNC] 0x0000 0000
14:30:42.615 p22878 → [PRE-SYNC] 0x0000 0000
14:30:42.615 p22878 → [PRE-SYNC] 0x0000 0000
14:30:42.615 p22878 → [PRE-SYNC] 0x0000 0000
14:30:42.615 p22878 → [PRE-SYNC] 0x0000 0000
14:30:42.615 p22878 → [PRE-SYNC] 0x0000 0000
14:30:42.615 p22878 → [PRE-SYNC] 0x0000 0000
14:30:42.615 p22878 → [PRE-SYNC] 0x0000 0000
14:30:42.615 p22878 → [PRE-SYNC] 0x0000 0000
14:30:42.615 p22878 → [PRE-SYNC] 0x0000 0000
14:30:42.615 p22878 → [PRE-SYNC] 0x0000 0000
14:30:42.615 p22878 → [PRE-SYNC] 0x0000 0000
14:30:42.615 p22878 → [PRE-SYNC] 0x0000 0000
14:30:42.615 p22878 → [PRE-SYNC] 0x0000 0000
14:30:42.615 p22878 → [PRE-SYNC] 0x0000 0000
14:30:42.615 p22878 → [PRE-SYNC] 0x0000 0000
14:30:42.615 p22878 → [PRE-SYNC] 0x0000 0000
14:30:42.615 p22878 → [PRE-SYNC] 0x0000 0000
14:30:42.615 p22878 → [PRE-SYNC] 0x0000 0000
14:30:42.615 p22878 → [PRE-SYNC] 0x0000 0000
14:30:42.615 p22878 → [PRE-SYNC] 0x0000 0000
14:30:42.615 p22878 → [PRE-SYNC] 0x0000 0000
14:30:42.615 p22878 → [PRE-SYNC] 0x0000 0000
14:30:42.615 p22878 → [PRE-SYNC] 0x0000 0000
14:30:42.616 p22878 → [PRE-SYNC] 0x0000 0000
14:30:42.616 p22878 → [PRE-SYNC] 0x0000 0000
14:30:42.616 p22878 → [PRE-SYNC] 0x0000 0000
14:30:42.616 p22878 → [PRE-SYNC] 0x0000 0000
14:30:42.616 p22878 → [PRE-SYNC] 0x0000 0000
14:30:42.616 p22878 → [PRE-SYNC] 0x0000 0000
14:30:42.616 p22878 → [PRE-SYNC] 0x0000 0000
14:30:42.616 p22878 → [PRE-SYNC] 0x0000 0000
14:30:42.616 p22878 → [PRE-SYNC] 0x0000 0000
14:30:42.616 p22878 → [PRE-SYNC] 0x0000 0000
14:30:42.616 p22878 → [PRE-SYNC] 0x0000 0000
14:30:42.616 p22878 → [PRE-SYNC] 0x0000 0000
14:30:42.616 p22878 → [PRE-SYNC] 0x0000 0000
14:30:42.616 p22878 → [PRE-SYNC] 0x0000 0000
14:30:42.616 p22878 → [PRE-SYNC] 0x0000 0000
14:30:42.616 p22878 → [PRE-SYNC] 0x0000 0000
14:30:42.616 p22878 → [PRE-SYNC] 0x0000 0000
14:30:42.616 p22878 → [PRE-SYNC] 0x0000 0000
14:30:42.616 p22878 → [PRE-SYNC] 0x0000 0000
14:30:42.616 p22878 → [PRE-SYNC] 0x0000 0000
14:30:42.616 p22878 → [PRE-SYNC] 0x0000 0000
14:30:42.616 p22878 → [PRE-SYNC] 0x0000 0000
14:30:42.616 p22878 → [PRE-SYNC] 0x0000 0000
14:30:42.616 p22878 → [PRE-SYNC] 0x0000 0000
14:30:42.616 p22878 → [PRE-SYNC] 0x0000 0000
14:30:42.616 p22878 → [PRE-SYNC] 0x0000 0000
14:30:42.617 p22878 → [PRE-SYNC] 0x0000 0000
14:30:42.617 p22878 → [PRE-SYNC] 0x0000 0000
14:30:42.617 p22878 → [PRE-SYNC] 0x0000 0000
14:30:42.617 p22878 → [PRE-SYNC] 0x0000 0000
14:30:42.617 p22878 → [PRE-SYNC] 0x0000 0000
14:30:42.617 p22878 → [PRE-SYNC] 0x0000 0000
14:30:42.617 p22878 → [PRE-SYNC] 0x0000 0000
14:30:42.617 p22878 → [PRE-SYNC] 0x0000 0000
14:30:42.617 p22878 → [PRE-SYNC] 0x0000 0000
14:30:42.617 p22878 → [PRE-SYNC] 0x0000 0000
14:30:42.617 p22878 → [PRE-SYNC] 0x0000 0000
14:30:42.617 p22878 → [PRE-SYNC] 0x0000 0000
14:30:42.617 p22878 → [PRE-SYNC] 0x0000 0000
14:30:42.617 p22878 → [PRE-SYNC] 0x0000 0000
14:30:42.617 p22878 → [PRE-SYNC] 0x0000 0000
14:30:42.617 p22878 → [PRE-SYNC] 0x0000 0000
14:30:42.617 p22878 → [PRE-SYNC] 0x0000 0000
14:30:42.617 p22878 → [PRE-SYNC] 0x0000 0000
14:30:42.617 p22878 → [PRE-SYNC] 0x0000 0000
14:30:42.617 p22878 → [PRE-SYNC] 0x0000 0000
14:30:42.617 p22878 → [PRE-SYNC] 0x0000 0000
14:30:42.618 p22878 → [PRE-SYNC] 0x0000 0000
14:30:42.618 p22878 → [PRE-SYNC] 0x0000 0000
14:30:42.618 p22878 → [PRE-SYNC] 0x0000 0000
14:30:42.618 p22878 → [PRE-SYNC] 0x0000 0000
14:30:42.618 p22878 → [PRE-SYNC] 0x0000 0000
14:30:42.618 p22878 → [PRE-SYNC] 0x0000 0000
14:30:42.618 p22878 → [PRE-SYNC] 0x0000 0000
14:30:42.618 p22878 → [PRE-SYNC] 0x0000 0000
14:30:42.618 p22878 → [PRE-SYNC] 0x0000 0000
14:30:42.618 p22878 → [PRE-SYNC] 0x0000 0000
14:30:42.618 p22878 → [PRE-SYNC] 0x0000 0000
14:30:42.618 p22878 → [PRE-SYNC] 0x0000 0000
14:30:42.618 p22878 → [PRE-SYNC] 0x0000 0000
14:30:42.618 p22878 → [PRE-SYNC] 0x0000 0000
14:30:42.618 p22878 → [PRE-SYNC] 0x0000 0000
14:30:42.618 p22878 → [PRE-SYNC] 0x0000 0000
14:30:42.618 p22878 → [PRE-SYNC] 0x0000 0000
14:30:42.618 p22878 → [PRE-SYNC] 0x0000 0000
14:30:42.618 p22878 → [PRE-SYNC] 0x0000 0000
14:30:42.618 p22878 → [PRE-SYNC] 0x0000 0000
14:30:42.618 p22878 → [PRE-SYNC] 0x0000 0000
14:30:42.618 p22878 → [PRE-SYNC] 0x0000 0000
14:30:42.618 p22878 → [PRE-SYNC] 0x0000 0000
14:30:42.618 p22878 → [PRE-SYNC] 0x0000 0000
14:30:42.618 p22878 → [PRE-SYNC] 0x0000 0000
14:30:42.618 p22878 → [PRE-SYNC] 0x0000 0000
14:30:42.619 p22878 → [PRE-SYNC] 0x0000 0000
14:30:42.619 p22878 → [PRE-SYNC] 0x0000 0000
14:30:42.619 p22878 → [PRE-SYNC] 0x0000 0000
14:30:42.619 p22878 → [PRE-SYNC] 0x0000 0000
14:30:42.619 p22878 → [PRE-SYNC] 0x0000 0000
14:30:42.619 p22878 → [PRE-SYNC] 0x0000 0000
14:30:42.619 p22878 → [PRE-SYNC] 0x0000 0000
14:30:42.619 p22878 → [PRE-SYNC] 0x0000 0000
14:30:42.619 p22878 → [PRE-SYNC] 0x0000 0000
14:30:42.619 p22878 → [PRE-SYNC] 0x0000 0000
14:30:42.619 p22878 → [PRE-SYNC] 0x0000 0000
14:30:42.619 p22878 → [PRE-SYNC] 0x0000 0000
14:30:42.619 p22878 → [PRE-SYNC] 0x0000 0000
14:30:42.619 p22878 → [PRE-SYNC] 0x0000 0000
14:30:42.619 p22878 → [PRE-SYNC] 0x0000 0000
14:30:42.619 p22878 → [PRE-SYNC] 0x0000 0000
14:30:42.619 p22878 → [PRE-SYNC] 0x0000 0000
14:30:42.620 p22878 → [PRE-SYNC] 0x0000 0000
14:30:42.620 p22878 → [PRE-SYNC] 0x0000 0000
14:30:42.620 p22878 → [PRE-SYNC] 0x0000 0000
14:30:42.620 p22878 → [PRE-SYNC] 0x0000 0000
14:30:42.620 p22878 → [PRE-SYNC] 0x0000 0000
14:30:42.620 p22878 → [PRE-SYNC] 0x0000 0000
14:30:42.620 p22878 → [PRE-SYNC] 0x0000 0000
14:30:42.620 p22878 → [PRE-SYNC] 0x0000 0000
14:30:42.620 p22878 → [PRE-SYNC] 0x0000 0000
14:30:42.620 p22878 → [PRE-SYNC] 0x0000 0000
14:30:42.620 p22878 → [PRE-SYNC] 0x0000 0000
14:30:42.620 p22878 → [PRE-SYNC] 0x0000 0000
14:30:42.621 p22878 → [PRE-SYNC] 0x0000 0000
14:30:42.621 p22878 → [PRE-SYNC] 0x0000 0000
14:30:42.621 p22878 → [PRE-SYNC] 0x0000 0000
14:30:42.621 p22878 → [PRE-SYNC] 0x0000 0000
14:30:42.621 p22878 → [PRE-SYNC] 0x0000 0000
14:30:42.621 p22878 → [PRE-SYNC] 0x0000 0000
14:30:42.621 p22878 → [PRE-SYNC] 0x0000 0000
14:30:42.621 p22878 → [PRE-SYNC] 0x0000 0000
14:30:42.621 p22878 → [PRE-SYNC] 0x0000 0000
14:30:42.621 p22878 → [PRE-SYNC] 0x0000 0000
14:30:42.621 p22878 → [PRE-SYNC] 0x0000 0000
14:30:42.621 p22878 → [PRE-SYNC] 0x0000 0000
14:30:42.621 p22878 → [PRE-SYNC] 0x0000 0000
14:30:42.621 p22878 → [PRE-SYNC] 0x0000 0000
14:30:42.621 p22878 → [PRE-SYNC] 0x0000 0000
14:30:42.621 p22878 → [PRE-SYNC] 0x0000 0000
14:30:42.621 p22878 → [PRE-SYNC] 0x0000 0000
14:30:42.621 p22878 → [PRE-SYNC] 0x0000 0000
14:30:42.621 p22878 → [PRE-SYNC] 0x0000 0000
14:30:42.622 p22878 → [PRE-SYNC] 0x0000 0000
14:30:42.622 p22878 → [PRE-SYNC] 0x0000 0000
14:30:42.622 p22878 → [PRE-SYNC] 0x0000 0000
14:30:42.622 p22878 → [PRE-SYNC] 0x0000 0000
14:30:42.622 p22878 → [PRE-SYNC] 0x0000 0000
14:30:42.622 p22878 → [PRE-SYNC] 0x0000 0000
14:30:42.622 p22878 → [PRE-SYNC] 0x0000 0000
14:30:42.622 p22878 → [PRE-SYNC] 0x0000 0000
14:30:42.622 p22878 → [PRE-SYNC] 0x0000 0000
14:30:42.622 p22878 → [PRE-SYNC] 0x0000 0000
14:30:42.622 p22878 → [PRE-SYNC] 0x0000 0000
14:30:42.622 p22878 → [PRE-SYNC] 0x0000 0000
14:30:42.622 p22878 → [PRE-SYNC] 0x0000 0000
14:30:42.622 p22878 → [PRE-SYNC] 0x0000 0000
14:30:42.622 p22878 → [PRE-SYNC] 0x0000 0000
14:30:42.622 p22878 → [PRE-SYNC] 0x0000 0000
14:30:42.622 p22878 → [PRE-SYNC] 0x0000 0000
14:30:42.622 p22878 → [PRE-SYNC] 0x0000 0000
14:30:42.622 p22878 → [PRE-SYNC] 0x0000 0000
14:30:42.622 p22878 → [PRE-SYNC] 0x0000 0000
14:30:42.622 p22878 → [PRE-SYNC] 0x0000 0000
14:30:42.622 p22878 → [PRE-SYNC] 0x0000 0000
14:30:42.622 p22878 → [PRE-SYNC] 0x0000 0000
14:30:42.622 p22878 → [PRE-SYNC] 0x0000 0000
14:30:42.622 p22878 → [PRE-SYNC] 0x0000 0000
14:30:42.622 p22878 → [PRE-SYNC] 0x0000 0000
14:30:42.623 p22878 → [PRE-SYNC] 0x0000 0000
14:30:42.623 p22878 → [PRE-SYNC] 0x0000 0000
14:30:42.623 p22878 → [PRE-SYNC] 0x0000 0000
14:30:42.623 p22878 → [PRE-SYNC] 0x0000 0000
14:30:42.623 p22878 → [PRE-SYNC] 0x0000 0000
14:30:42.623 p22878 → [PRE-SYNC] 0x0000 0000
14:30:42.623 p22878 → [PRE-SYNC] 0x0000 0000
14:30:42.623 p22878 → [PRE-SYNC] 0x0000 0000
14:30:42.623 p22878 → [PRE-SYNC] 0x0000 0000
14:30:42.623 p22878 → [PRE-SYNC] 0x0000 0000
14:30:42.623 p22878 → [PRE-SYNC] 0x0000 0000
14:30:42.623 p22878 → [PRE-SYNC] 0x0000 0000
14:30:42.623 p22878 → [PRE-SYNC] 0x0000 0000
14:30:42.623 p22878 → [PRE-SYNC] 0x0000 0000
14:30:42.623 p22878 → [PRE-SYNC] 0x0000 0000
14:30:42.623 p22878 → [PRE-SYNC] 0x0000 0000
14:30:42.623 p22878 → [PRE-SYNC] 0x0000 0000
14:30:42.623 p22878 → [PRE-SYNC] 0x0000 0000
14:30:42.623 p22878 → [PRE-SYNC] 0x0000 0000
14:30:42.623 p22878 → [PRE-SYNC] 0x0000 0000
14:30:42.623 p22878 → [PRE-SYNC] 0x0000 0000
14:30:42.623 p22878 → [PRE-SYNC] 0x0000 0000
14:30:42.623 p22878 → [PRE-SYNC] 0x0000 0000
14:30:42.623 p22878 → [PRE-SYNC] 0x0000 0000
14:30:42.623 p22878 → [PRE-SYNC] 0x0000 0000
14:30:42.624 p22878 → [PRE-SYNC] 0x0000 0000
14:30:42.624 p22878 → [PRE-SYNC] 0x0000 0000
14:30:42.624 p22878 → [PRE-SYNC] 0x0000 0000
14:30:42.624 p22878 → [PRE-SYNC] 0x0000 0000
14:30:42.624 p22878 → [PRE-SYNC] 0x0000 0000
14:30:42.624 p22878 → [PRE-SYNC] 0x0000 0000
14:30:42.624 p22878 → [PRE-SYNC] 0x0000 0000
14:30:42.624 p22878 → [PRE-SYNC] 0x0000 0000
14:30:42.624 p22878 → [PRE-SYNC] 0x0000 0000
14:30:42.624 p22878 → [PRE-SYNC] 0x0000 0000
14:30:42.624 p22878 → [PRE-SYNC] 0x0000 0000
14:30:42.624 p22878 → [PRE-SYNC] 0x0000 0000
14:30:42.624 p22878 → [PRE-SYNC] 0x0000 0000
14:30:42.624 p22878 → [PRE-SYNC] 0x0000 0000
14:30:42.624 p22878 → [PRE-SYNC] 0x0000 0000
14:30:42.624 p22878 → [PRE-SYNC] 0x0000 0000
14:30:42.624 p22878 → [PRE-SYNC] 0x0000 0000
14:30:42.624 p22878 → [PRE-SYNC] 0x0000 0000
14:30:42.624 p22878 → [PRE-SYNC] 0x0000 0000
14:30:42.624 p22878 → [PRE-SYNC] 0x0000 0000
14:30:42.624 p22878 → [PRE-SYNC] 0x0000 0000
14:30:42.624 p22878 → [PRE-SYNC] 0x0000 0000
14:30:42.624 p22878 → [PRE-SYNC] 0x0000 0000
14:30:42.624 p22878 → [PRE-SYNC] 0x0000 0000
14:30:42.624 p22878 → [PRE-SYNC] 0x0000 0000
14:30:42.624 p22878 → [PRE-SYNC] 0x0000 0000
14:30:42.624 p22878 → [PRE-SYNC] 0x0000 0000
14:30:42.625 p22878 → [PRE-SYNC] 0x0000 0000
14:30:42.625 p22878 → [PRE-SYNC] 0x0000 0000
14:30:42.625 p22878 → [PRE-SYNC] 0x0000 0000
14:30:42.625 p22878 → [PRE-SYNC] 0x0000 0000
14:30:42.625 p22878 → [PRE-SYNC] 0x0000 0000
14:30:42.625 p22878 → [PRE-SYNC] 0x0000 0000
14:30:42.625 p22878 → [PRE-SYNC] 0x0000 0000
14:30:42.625 p22878 → [PRE-SYNC] 0x0000 0000
14:30:42.625 p22878 → [PRE-SYNC] 0x0000 0000
14:30:42.625 p22878 → [PRE-SYNC] 0x0000 0000
14:30:42.625 p22878 → [PRE-SYNC] 0x0000 0000
14:30:42.625 p22878 → [PRE-SYNC] 0x0000 0000
14:30:42.625 p22878 → [PRE-SYNC] 0x0000 0000
14:30:42.625 p22878 → [PRE-SYNC] 0x0000 0000
14:30:42.625 p22878 → [PRE-SYNC] 0x0000 0000
14:30:42.625 p22878 → [PRE-SYNC] 0x0000 0000
14:30:42.625 p22878 → [PRE-SYNC] 0x0000 0000
14:30:42.625 p22878 → [PRE-SYNC] 0x0000 0000
14:30:42.625 p22878 → [PRE-SYNC] 0x0000 0000
14:30:42.625 p22878 → [PRE-SYNC] 0x0000 0000
14:30:42.625 p22878 → [PRE-SYNC] 0x0000 0000
14:30:42.625 p22878 → [PRE-SYNC] 0x0000 0000
14:30:42.625 p22878 → [PRE-SYNC] 0x0000 0000
14:30:42.625 p22878 → [PRE-SYNC] 0x0000 0000
14:30:42.625 p22878 → [PRE-SYNC] 0x0000 0000
14:30:42.626 p22878 → [PRE-SYNC] 0x0000 0000
14:30:42.626 p22878 → [PRE-SYNC] 0x0000 0000
14:30:42.626 p22878 → [PRE-SYNC] 0x0000 0000
14:30:42.626 p22878 → [PRE-SYNC] 0x0000 0000
14:30:42.626 p22878 → [PRE-SYNC] 0x0000 0000
14:30:42.626 p22878 → [PRE-SYNC] 0x0000 0000
14:30:42.626 p22878 → [PRE-SYNC] 0x0000 0000
14:30:42.626 p22878 → [PRE-SYNC] 0x0000 0000
14:30:42.626 p22878 → [PRE-SYNC] 0x0000 0000
14:30:42.626 p22878 → [PRE-SYNC] 0x0000 0000
14:30:42.626 p22878 → [PRE-SYNC] 0x0000 0000
14:30:42.626 p22878 → [PRE-SYNC] 0x0000 0000
14:30:42.626 p22878 → [PRE-SYNC] 0x0000 0000
14:30:42.626 p22878 → [PRE-SYNC] 0x0000 0000
14:30:42.626 p22878 → [PRE-SYNC] 0x0000 0000
14:30:42.626 p22878 → [PRE-SYNC] 0x0000 0000
14:30:42.626 p22878 → [PRE-SYNC] 0x0000 0000
14:30:42.626 p22878 → [PRE-SYNC] 0x0000 0000
14:30:42.626 p22878 → [PRE-SYNC] 0x0000 0000
14:30:42.627 p22878 → [PRE-SYNC] 0x0000 0000
14:30:42.627 p22878 → [PRE-SYNC] 0x0000 0000
14:30:42.627 p22878 → [PRE-SYNC] 0x0000 0000
14:30:42.627 p22878 → [PRE-SYNC] 0x0000 0000
14:30:42.627 p22878 → [PRE-SYNC] 0x0000 0000
14:30:42.627 p22878 → [PRE-SYNC] 0x0000 0000
14:30:42.627 p22878 → [PRE-SYNC] 0x0000 0000
14:30:42.627 p22878 → [PRE-SYNC] 0x0000 0000
14:30:42.627 p22878 → [PRE-SYNC] 0x0000 0000
14:30:42.627 p22878 → [PRE-SYNC] 0x0000 0000
14:30:42.627 p22878 → [PRE-SYNC] 0x0000 0000
14:30:42.627 p22878 → [PRE-SYNC] 0x0000 0000
14:30:42.627 p22878 → [PRE-SYNC] 0x0000 0000
14:30:42.627 p22878 → [PRE-SYNC] 0x0000 0000
14:30:42.627 p22878 → [PRE-SYNC] 0x0000 0000
14:30:42.627 p22878 → [PRE-SYNC] 0x0000 0000
14:30:42.627 p22878 → [PRE-SYNC] 0x0000 0000
14:30:42.627 p22878 → [PRE-SYNC] 0x0000 0000
14:30:42.627 p22878 → [PRE-SYNC] 0x0000 0000
14:30:42.627 p22878 → [PRE-SYNC] 0x0000 0000
14:30:42.628 p22878 → [PRE-SYNC] 0x0000 0000
14:30:42.628 p22878 → [PRE-SYNC] 0x0000 0000
14:30:42.628 p22878 → [PRE-SYNC] 0x0000 0000
14:30:42.628 p22878 → [PRE-SYNC] 0x0000 0000
14:30:42.628 p22878 → [PRE-SYNC] 0x0000 0000
14:30:42.628 p22878 → [PRE-SYNC] 0x0000 0000
14:30:42.628 p22878 → [PRE-SYNC] 0x0000 0000
14:30:42.628 p22878 → [PRE-SYNC] 0x0000 0000
14:30:42.628 p22878 → [PRE-SYNC] 0x0000 0000
14:30:42.628 p22878 → [PRE-SYNC] 0x0000 0000
14:30:42.628 p22878 → [PRE-SYNC] 0x0000 0000
14:30:42.628 p22878 → [PRE-SYNC] 0x0000 0000
14:30:42.628 p22878 → [PRE-SYNC] 0x0000 0000
14:30:42.628 p22878 → [PRE-SYNC] 0x0000 0000
14:30:42.628 p22878 → [PRE-SYNC] 0x0000 0000
14:30:42.628 p22878 → [PRE-SYNC] 0x0000 0000
14:30:42.628 p22878 → [PRE-SYNC] 0x0000 0000
14:30:42.628 p22878 → [PRE-SYNC] 0x0000 0000
14:30:42.628 p22878 → [PRE-SYNC] 0x0000 0000
14:30:42.628 p22878 → [PRE-SYNC] 0x0000 0000
14:30:42.628 p22878 → [PRE-SYNC] 0x0000 0000
14:30:42.628 p22878 → [PRE-SYNC] 0x0000 0000
14:30:42.628 p22878 → [PRE-SYNC] 0x0000 0000
14:30:42.629 p22878 → [PRE-SYNC] 0x0000 0000
14:30:42.629 p22878 → [PRE-SYNC] 0x0000 0000
14:30:42.629 p22878 → [PRE-SYNC] 0x0000 0000
14:30:42.629 p22878 → [PRE-SYNC] 0x0000 0000
14:30:42.629 p22878 → [PRE-SYNC] 0x0000 0000
14:30:42.629 p22878 → [PRE-SYNC] 0x0000 0000
14:30:42.629 p22878 → [PRE-SYNC] 0x0000 0000
14:30:42.629 p22878 → [PRE-SYNC] 0x0000 0000
14:30:42.629 p22878 → [PRE-SYNC] 0x0000 0000
14:30:42.629 p22878 → [PRE-SYNC] 0x0000 0000
14:30:42.629 p22878 → [PRE-SYNC] 0x0000 0000
14:30:42.629 p22878 → [PRE-SYNC] 0x0000 0000
14:30:42.629 p22878 → [PRE-SYNC] 0x0000 0000
14:30:42.629 p22878 → [PRE-SYNC] 0x0000 0000
14:30:42.629 p22878 → [PRE-SYNC] 0x0000 0000
14:30:42.629 p22878 → [PRE-SYNC] 0x0000 0000
14:30:42.629 p22878 → [PRE-SYNC] 0x0000 0000
14:30:42.629 p22878 → [PRE-SYNC] 0x0000 0000
14:30:42.629 p22878 → [PRE-SYNC] 0x0000 0000
14:30:42.629 p22878 → [PRE-SYNC] 0x0000 0000
14:30:42.629 p22878 → [PRE-SYNC] 0x0000 0000
14:30:42.630 p22878 → [PRE-SYNC] 0x0000 0000
14:30:42.630 p22878 → [PRE-SYNC] 0x0000 0000
14:30:42.630 p22878 → [PRE-SYNC] 0x0000 0000
14:30:42.630 p22878 → [PRE-SYNC] 0x0000 0000
14:30:42.630 p22878 → [PRE-SYNC] 0x0000 0000
14:30:42.630 p22878 → [PRE-SYNC] 0x0000 0000
14:30:42.630 p22878 → [PRE-SYNC] 0x0000 0000
14:30:42.630 p22878 → [PRE-SYNC] 0x0000 0000
14:30:42.630 p22878 → [PRE-SYNC] 0x0000 0000
14:30:42.630 p22878 → [PRE-SYNC] 0x0000 0000
14:30:42.630 p22878 → [PRE-SYNC] 0x0000 0000
14:30:42.630 p22878 → [PRE-SYNC] 0x0000 0000
14:30:42.630 p22878 → [PRE-SYNC] 0x0000 0000
14:30:42.630 p22878 → [PRE-SYNC] 0x0000 0000
14:30:42.630 p22878 → [PRE-SYNC] 0x0000 0000
14:30:42.630 p22878 → [PRE-SYNC] 0x0000 0000
14:30:42.630 p22878 → [PRE-SYNC] 0x0000 0000
14:30:42.630 p22878 → [PRE-SYNC] 0x0000 0000
14:30:42.630 p22878 → [PRE-SYNC] 0x0000 0000
14:30:42.630 p22878 → [PRE-SYNC] 0x0000 0000
14:30:42.630 p22878 → [PRE-SYNC] 0x0000 0000
14:30:42.630 p22878 → [PRE-SYNC] 0x0000 0000
14:30:42.630 p22878 → [PRE-SYNC] 0x0000 0000
14:30:42.630 p22878 → [PRE-SYNC] 0x0000 0000
14:30:42.630 p22878 → [PRE-SYNC] 0x0000 0000
14:30:42.630 p22878 → [PRE-SYNC] 0x0000 0000
14:30:42.630 p22878 → [PRE-SYNC] 0x0000 0000
14:30:42.631 p22878 → [PRE-SYNC] 0x0000 0000
14:30:42.631 p22878 → [PRE-SYNC] 0x0000 0000
14:30:42.631 p22878 → [PRE-SYNC] 0x0000 0000
14:30:42.631 p22878 → [PRE-SYNC] 0x0000 0000
14:30:42.631 p22878 → [PRE-SYNC] 0x0000 0000
14:30:42.631 p22878 → [PRE-SYNC] 0x0000 0000
14:30:42.631 p22878 → [PRE-SYNC] 0x0000 0000
14:30:42.631 p22878 → [PRE-SYNC] 0x0000 0000
14:30:42.631 p22878 → [PRE-SYNC] 0x0000 0000
14:30:42.631 p22878 → [PRE-SYNC] 0x0000 0000
14:30:42.631 p22878 → [PRE-SYNC] 0x0000 0000
14:30:42.631 p22878 → [PRE-SYNC] 0x0000 0000
14:30:42.631 p22878 → [PRE-SYNC] 0x0000 0000
14:30:42.631 p22878 → [PRE-SYNC] 0x0000 0000
14:30:42.631 p22878 → [PRE-SYNC] 0x0000 0000
14:30:42.631 p22878 → [PRE-SYNC] 0x0000 0000
14:30:42.632 p22878 → [PRE-SYNC] 0x0000 0000
14:30:42.632 p22878 → [PRE-SYNC] 0x0000 0000
14:30:42.632 p22878 → [PRE-SYNC] 0x0000 0000
14:30:42.632 p22878 → [PRE-SYNC] 0x0000 0000
14:30:42.632 p22878 → [PRE-SYNC] 0x0000 0000
14:30:42.632 p22878 → [PRE-SYNC] 0x0000 0000
14:30:42.632 p22878 → [PRE-SYNC] 0x0000 0000
14:30:42.632 p22878 → [PRE-SYNC] 0x0000 0000
14:30:42.632 p22878 → [PRE-SYNC] 0x0000 0000
14:30:42.632 p22878 → [PRE-SYNC] 0x0000 0000
14:30:42.632 p22878 → [PRE-SYNC] 0x0000 0000
14:30:42.632 p22878 → [PRE-SYNC] 0x0000 0000
14:30:42.632 p22878 → [PRE-SYNC] 0x0000 0000
14:30:42.632 p22878 → [PRE-SYNC] 0x0000 0000
14:30:42.632 p22878 → [PRE-SYNC] 0x0000 0000
14:30:42.632 p22878 → [PRE-SYNC] 0x0000 0000
14:30:42.632 p22878 → [PRE-SYNC] 0x0000 0000
14:30:42.632 p22878 → [PRE-SYNC] 0x0000 0000
14:30:42.632 p22878 → [PRE-SYNC] 0x0000 0000
14:30:42.632 p22878 → [PRE-SYNC] 0x0000 0000
14:30:42.632 p22878 → [PRE-SYNC] 0x0000 0000
14:30:42.633 p22878 → [PRE-SYNC] 0x0000 0000
14:30:42.633 p22878 → [PRE-SYNC] 0x0000 0000
14:30:42.633 p22878 → [PRE-SYNC] 0x0000 0000
14:30:42.633 p22878 → [PRE-SYNC] 0x0000 0000
14:30:42.633 p22878 → [PRE-SYNC] 0x0000 0000
14:30:42.633 p22878 → [PRE-SYNC] 0x0000 0000
14:30:42.633 p22878 → [PRE-SYNC] 0x0000 0000
14:30:42.633 p22878 → [PRE-SYNC] 0x0000 0000
14:30:42.633 p22878 → [PRE-SYNC] 0x0000 0000
14:30:42.633 p22878 → [PRE-SYNC] 0x0000 0000
14:30:42.633 p22878 → [PRE-SYNC] 0x0000 0000
14:30:42.633 p22878 → [PRE-SYNC] 0x0000 0000
14:30:42.633 p22878 → [PRE-SYNC] 0x0000 0000
14:30:42.633 p22878 → [PRE-SYNC] 0x0000 0000
14:30:42.633 p22878 → [PRE-SYNC] 0x0000 0000
14:30:42.633 p22878 → [PRE-SYNC] 0x0000 0000
14:30:42.633 p22878 → [PRE-SYNC] 0x0000 0000
14:30:42.633 p22878 → [PRE-SYNC] 0x0000 0000
14:30:42.633 p22878 → [PRE-SYNC] 0x0000 0000
14:30:42.633 p22878 → [PRE-SYNC] 0x0000 0000
14:30:42.633 p22878 → [PRE-SYNC] 0x0000 0000
14:30:42.633 p22878 → [PRE-SYNC] 0x0000 0000
14:30:42.633 p22878 → [PRE-SYNC] 0x0000 0000
14:30:42.633 p22878 → [PRE-SYNC] 0x0000 0000
14:30:42.633 p22878 → [PRE-SYNC] 0x0000 0000
14:30:42.633 p22878 → [PRE-SYNC] 0x0000 0000
14:30:42.633 p22878 → [PRE-SYNC] 0x0000 0000
14:30:42.634 p22878 → [PRE-SYNC] 0x0000 0000
14:30:42.634 p22878 → [PRE-SYNC] 0x0000 0000
14:30:42.634 p22878 → [PRE-SYNC] 0x0000 0000
14:30:42.634 p22878 → [PRE-SYNC] 0x0000 0000
14:30:42.634 p22878 → [PRE-SYNC] 0x0000 0000
14:30:42.634 p22878 → [PRE-SYNC] 0x0000 0000
14:30:42.634 p22878 → [PRE-SYNC] 0x0000 0000
14:30:42.634 p22878 → [PRE-SYNC] 0x0000 0000
14:30:42.634 p22878 → [PRE-SYNC] 0x0000 0000
14:30:42.634 p22878 → [PRE-SYNC] 0x0000 0000
14:30:42.634 p22878 → [PRE-SYNC] 0x0000 0000
14:30:42.634 p22878 → [PRE-SYNC] 0x0000 0000
14:30:42.634 p22878 → [PRE-SYNC] 0x0000 0000
14:30:42.634 p22878 → [PRE-SYNC] 0x0000 0000
14:30:42.634 p22878 → [PRE-SYNC] 0x0000 0000
14:30:42.634 p22878 → [PRE-SYNC] 0x0000 0000
14:30:42.634 p22878 → [PRE-SYNC] 0x0000 0000
14:30:42.634 p22878 → [PRE-SYNC] 0x0000 0000
14:30:42.634 p22878 → [PRE-SYNC] 0x0000 0000
14:30:42.634 p22878 → [PRE-SYNC] 0x0000 0000
14:30:42.634 p22878 → [PRE-SYNC] 0x0000 0000
14:30:42.634 p22878 → [PRE-SYNC] 0x0000 0000
14:30:42.634 p22878 → [PRE-SYNC] 0x0000 0000
14:30:42.634 p22878 → [PRE-SYNC] 0x0000 0000
14:30:42.634 p22878 → [PRE-SYNC] 0x0000 0000
14:30:42.634 p22878 → [PRE-SYNC] 0x0000 0000
14:30:42.634 p22878 → [PRE-SYNC] 0x0000 0000
14:30:42.635 p22878 → [PRE-SYNC] 0x0000 0000
14:30:42.635 p22878 → [PRE-SYNC] 0x0000 0000
14:30:42.635 p22878 → [PRE-SYNC] 0x0000 0000
14:30:42.635 p22878 → [PRE-SYNC] 0x0000 0000
14:30:42.635 p22878 → [PRE-SYNC] 0x0000 0000
14:30:42.635 p22878 → [PRE-SYNC] 0x0000 0000
14:30:42.635 p22878 → [PRE-SYNC] 0x0000 0000
14:30:42.635 p22878 → [PRE-SYNC] 0x0000 0000
14:30:42.635 p22878 → [PRE-SYNC] 0x0000 0000
14:30:42.635 p22878 → [PRE-SYNC] 0x0000 0000
14:30:42.635 p22878 → [PRE-SYNC] 0x0000 0000
14:30:42.635 p22878 → [PRE-SYNC] 0x0000 0000
14:30:42.635 p22878 → [PRE-SYNC] 0x0000 0000
14:30:42.635 p22878 → [PRE-SYNC] 0x0000 0000
14:30:42.635 p22878 → [PRE-SYNC] 0x0000 0000
14:30:42.635 p22878 → [PRE-SYNC] 0x0000 0000
14:30:42.635 p22878 → [PRE-SYNC] 0x0000 0000
14:30:42.635 p22878 → [PRE-SYNC] 0x0000 0000
14:30:42.635 p22878 → [PRE-SYNC] 0x0000 0000
14:30:42.635 p22878 → [PRE-SYNC] 0x0000 0000
14:30:42.635 p22878 → [PRE-SYNC] 0x0000 0000
14:30:42.635 p22878 → [PRE-SYNC] 0x0000 0000
14:30:42.635 p22878 → [PRE-SYNC] 0x0000 0000
14:30:42.635 p22878 → [PRE-SYNC] 0x0000 0000
14:30:42.635 p22878 → [PRE-SYNC] 0x0000 0000
14:30:42.635 p22878 → [PRE-SYNC] 0x0000 0000
14:30:42.635 p22878 → [PRE-SYNC] 0x0000 0000
14:30:42.635 p22878 → [PRE-SYNC] 0x0000 0000
14:30:42.636 p22878 → [PRE-SYNC] 0x0000 0000
14:30:42.636 p22878 → [PRE-SYNC] 0x0000 0000
14:30:42.636 p22878 → [PRE-SYNC] 0x0000 0000
14:30:42.636 p22878 → [PRE-SYNC] 0x0000 0000
14:30:42.636 p22878 → [PRE-SYNC] 0x0000 0000
14:30:42.636 p22878 → [PRE-SYNC] 0x0000 0000
14:30:42.636 p22878 → [PRE-SYNC] 0x0000 0000
14:30:42.636 p22878 → [PRE-SYNC] 0x0000 0000
14:30:42.636 p22878 → [PRE-SYNC] 0x0000 0000
14:30:42.636 p22878 → [PRE-SYNC] 0x0000 0000
14:30:42.636 p22878 → [PRE-SYNC] 0x0000 0000
14:30:42.636 p22878 → [PRE-SYNC] 0x0000 0000
14:30:42.636 p22878 → [PRE-SYNC] 0x0000 0000
14:30:42.636 p22878 → [PRE-SYNC] 0x0000 0000
14:30:42.636 p22878 → [PRE-SYNC] 0x0000 0000
14:30:42.636 p22878 → [PRE-SYNC] 0x0000 0000
14:30:42.636 p22878 → [PRE-SYNC] 0x0000 0000
14:30:42.636 p22878 → [PRE-SYNC] 0x0000 0000
14:30:42.636 p22878 → [PRE-SYNC] 0x0000 0000
14:30:42.636 p22878 → [PRE-SYNC] 0x0000 0000
14:30:42.636 p22878 → [PRE-SYNC] 0x0000 0000
14:30:42.636 p22878 → [PRE-SYNC] 0x0000 0000
14:30:42.636 p22878 → [PRE-SYNC] 0x0000 0000
14:30:42.636 p22878 → [PRE-SYNC] 0x0000 0000
14:30:42.636 p22878 → [PRE-SYNC] 0x0000 0000
14:30:42.636 p22878 → [PRE-SYNC] 0x0000 0000
14:30:42.636 p22878 → [PRE-SYNC] 0x0000 0000
14:30:42.637 p22878 → [PRE-SYNC] 0x0000 0000
14:30:42.637 p22878 → [PRE-SYNC] 0x0000 0000
14:30:42.637 p22878 → [PRE-SYNC] 0x0000 0000
14:30:42.637 p22878 → [PRE-SYNC] 0x0000 0000
14:30:42.637 p22878 → [PRE-SYNC] 0x0000 0000
14:30:42.637 p22878 → [PRE-SYNC] 0x0000 0000
14:30:42.637 p22878 → [PRE-SYNC] 0x0000 0000
14:30:42.637 p22878 → [PRE-SYNC] 0x0000 0000
14:30:42.637 p22878 → [PRE-SYNC] 0x0000 0000
14:30:42.637 p22878 → [PRE-SYNC] 0x0000 0000
14:30:42.637 p22878 → [PRE-SYNC] 0x0000 0000
14:30:42.637 p22878 → [PRE-SYNC] 0x0000 0000
14:30:42.637 p22878 → [PRE-SYNC] 0x0000 0000
14:30:42.637 p22878 → [PRE-SYNC] 0x0000 0000
14:30:42.637 p22878 → [PRE-SYNC] 0x0000 0000
14:30:42.637 p22878 → [PRE-SYNC] 0x0000 0000
14:30:42.637 p22878 → [PRE-SYNC] 0x0000 0000
14:30:42.637 p22878 → [PRE-SYNC] 0x0000 0000
14:30:42.637 p22878 → [PRE-SYNC] 0x0000 0000
14:30:42.637 p22878 → [PRE-SYNC] 0x0000 0000
14:30:42.637 p22878 → [PRE-SYNC] 0x0000 0000
14:30:42.637 p22878 → [PRE-SYNC] 0x0000 0000
14:30:42.637 p22878 → [PRE-SYNC] 0x0000 0000
14:30:42.637 p22878 → [PRE-SYNC] 0x0000 0000
14:30:42.637 p22878 → [PRE-SYNC] 0x0000 0000
14:30:42.637 p22878 → [PRE-SYNC] 0x0000 0000
14:30:42.637 p22878 → [PRE-SYNC] 0x0000 0000
14:30:42.638 p22878 → [PRE-SYNC] 0x0000 0000
14:30:42.638 p22878 → [PRE-SYNC] 0x0000 0000
14:30:42.638 p22878 → [PRE-SYNC] 0x0000 0000
14:30:42.638 p22878 → [PRE-SYNC] 0x0000 0000
14:30:42.638 p22878 → [PRE-SYNC] 0x0000 0000
14:30:42.638 p22878 → [PRE-SYNC] 0x0000 0000
14:30:42.638 p22878 → [PRE-SYNC] 0x0000 0000
14:30:42.638 p22878 → [PRE-SYNC] 0x0000 0000
14:30:42.638 p22878 → [PRE-SYNC] 0x0000 0000
14:30:42.638 p22878 → [PRE-SYNC] 0x0000 0000
14:30:42.638 p22878 → [PRE-SYNC] 0x0000 0000
14:30:42.638 p22878 → [PRE-SYNC] 0x0000 0000
14:30:42.638 p22878 → [PRE-SYNC] 0x0000 0000
14:30:42.638 p22878 → [PRE-SYNC] 0x0000 0000
14:30:42.638 p22878 → [PRE-SYNC] 0x0000 0000
14:30:42.638 p22878 → [PRE-SYNC] 0x0000 0000
14:30:42.638 p22878 → [PRE-SYNC] 0x0000 0000
14:30:42.638 p22878 → [PRE-SYNC] 0x0000 0000
14:30:42.638 p22878 → [PRE-SYNC] 0x0000 0000
14:30:42.638 p22878 → [PRE-SYNC] 0x0000 0000
14:30:42.638 p22878 → [PRE-SYNC] 0x0000 0000
14:30:42.638 p22878 → [PRE-SYNC] 0x0000 0000
14:30:42.638 p22878 → [PRE-SYNC] 0x0000 0000
14:30:42.638 p22878 → [PRE-SYNC] 0x0000 0000
14:30:42.638 p22878 → [PRE-SYNC] 0x0000 0000
14:30:42.638 p22878 → [PRE-SYNC] 0x0000 0000
14:30:42.638 p22878 → [PRE-SYNC] 0x0000 0000
14:30:42.639 p22878 → [PRE-SYNC] 0x0000 0000
14:30:42.639 p22878 → [PRE-SYNC] 0x0000 0000
14:30:42.639 p22878 → [PRE-SYNC] 0x0000 0000
14:30:42.639 p22878 → [PRE-SYNC] 0x0000 0000
14:30:42.639 p22878 → [PRE-SYNC] 0x0000 0000
14:30:42.639 p22878 → [PRE-SYNC] 0x0000 0000
14:30:42.639 p22878 → [PRE-SYNC] 0x0000 0000
14:30:42.639 p22878 → [PRE-SYNC] 0x0000 0000
14:30:42.639 p22878 → [PRE-SYNC] 0x0000 0000
14:30:42.639 p22878 → [PRE-SYNC] 0x0000 0000
14:30:42.639 p22878 → [PRE-SYNC] 0x0000 0000
14:30:42.639 p22878 → [PRE-SYNC] 0x0000 0000
14:30:42.639 p22878 → [PRE-SYNC] 0x0000 0000
14:30:42.639 p22878 → [PRE-SYNC] 0x0000 0000
14:30:42.639 p22878 → [PRE-SYNC] 0x0000 0000
14:30:42.639 p22878 → [PRE-SYNC] 0x0000 0000
14:30:42.639 p22878 → [PRE-SYNC] 0x0000 0000
14:30:42.639 p22878 → [PRE-SYNC] 0x0000 0000
14:30:42.639 p22878 → [PRE-SYNC] 0x0000 0000
14:30:42.639 p22878 → [PRE-SYNC] 0x0000 0000
14:30:42.639 p22878 → [PRE-SYNC] 0x0000 0000
14:30:42.639 p22878 → [PRE-SYNC] 0x0000 0000
14:30:42.639 p22878 → [PRE-SYNC] 0x0000 0000
14:30:42.639 p22878 → [PRE-SYNC] 0x0000 0000
14:30:42.639 p22878 → [PRE-SYNC] 0x0000 0000
14:30:42.639 p22878 → [PRE-SYNC] 0x0000 0000
14:30:42.640 p22878 → [PRE-SYNC] 0x0000 0000
14:30:42.640 p22878 → [PRE-SYNC] 0x0000 0000
14:30:42.640 p22878 → [PRE-SYNC] 0x0000 0000
14:30:42.640 p22878 → [PRE-SYNC] 0x0000 0000
14:30:42.640 p22878 → [PRE-SYNC] 0x0000 0000
14:30:42.640 p22878 → [PRE-SYNC] 0x0000 0000
14:30:42.640 p22878 → [PRE-SYNC] 0x0000 0000
14:30:42.640 p22878 → [PRE-SYNC] 0x0000 0000
14:30:42.640 p22878 → [PRE-SYNC] 0x0000 0000
14:30:42.640 p22878 → [PRE-SYNC] 0x0000 0000
14:30:42.640 p22878 → [PRE-SYNC] 0x0000 0000
14:30:42.640 p22878 → [PRE-SYNC] 0x0000 0000
14:30:42.640 p22878 → [PRE-SYNC] 0x0000 0000
14:30:42.640 p22878 → [PRE-SYNC] 0x0000 0000
14:30:42.640 p22878 → [PRE-SYNC] 0x0000 0000
14:30:42.640 p22878 → [PRE-SYNC] 0x0000 0000
14:30:42.640 p22878 → [PRE-SYNC] 0x0000 0000
14:30:42.640 p22878 → [PRE-SYNC] 0x0000 0000
14:30:42.640 p22878 → [PRE-SYNC] 0x0000 0000
14:30:42.640 p22878 → [PRE-SYNC] 0x0000 0000
14:30:42.640 p22878 → [PRE-SYNC] 0x0000 0000
14:30:42.640 p22878 → [PRE-SYNC] 0x0000 0000
14:30:42.640 p22878 → [PRE-SYNC] 0x0000 0000
14:30:42.640 p22878 → [PRE-SYNC] 0x0000 0000
14:30:42.640 p22878 → [PRE-SYNC] 0x0000 0000
14:30:42.640 p22878 → [PRE-SYNC] 0x0000 0000
14:30:42.640 p22878 → [PRE-SYNC] 0x0000 0000
14:30:42.640 p22878 → [PRE-SYNC] 0x0000 0000
14:30:42.640 p22878 → [PRE-SYNC] 0x0000 0000
14:30:42.641 p22878 → [PRE-SYNC] 0x0000 0000
14:30:42.641 p22878 → [PRE-SYNC] 0x0000 0000
14:30:42.641 p22878 → [PRE-SYNC] 0x0000 0000
14:30:42.641 p22878 → [PRE-SYNC] 0x0000 0000
14:30:42.641 p22878 → [PRE-SYNC] 0x0000 0000
14:30:42.641 p22878 → [PRE-SYNC] 0x0000 0000
14:30:42.641 p22878 → [PRE-SYNC] 0x0000 0000
14:30:42.641 p22878 → [PRE-SYNC] 0x0000 0000
14:30:42.641 p22878 → [PRE-SYNC] 0x0000 0000
14:30:42.641 p22878 → [PRE-SYNC] 0x0000 0000
14:30:42.641 p22878 → [PRE-SYNC] 0x0000 0000
14:30:42.641 p22878 → [PRE-SYNC] 0x0000 0000
14:30:42.641 p22878 → [PRE-SYNC] 0x0000 0000
14:30:42.641 p22878 → [PRE-SYNC] 0x0000 0000
14:30:42.641 p22878 → [PRE-SYNC] 0x0000 0000
14:30:42.641 p22878 → [PRE-SYNC] 0x0000 0000
14:30:42.641 p22878 → [PRE-SYNC] 0x0000 0000
14:30:42.641 p22878 → [PRE-SYNC] 0x0000 0000
14:30:42.641 p22878 → [PRE-SYNC] 0x0000 0000
14:30:42.641 p22878 → [PRE-SYNC] 0x0000 0000
14:30:42.641 p22878 → [PRE-SYNC] 0x0000 0000
14:30:42.641 p22878 → [PRE-SYNC] 0x0000 0000
14:30:42.641 p22878 → [PRE-SYNC] 0x0000 0000
14:30:42.642 p22878 → [PRE-SYNC] 0x0000 0000
14:30:42.642 p22878 → [PRE-SYNC] 0x0000 0000
14:30:42.642 p22878 → [PRE-SYNC] 0x0000 0000
14:30:42.642 p22878 → [PRE-SYNC] 0x0000 0000
14:30:42.642 p22878 → [PRE-SYNC] 0x0000 0000
14:30:42.642 p22878 → [PRE-SYNC] 0x0000 0000
14:30:42.642 p22878 → [PRE-SYNC] 0x0000 0000
14:30:42.642 p22878 → [PRE-SYNC] 0x0000 0000
14:30:42.642 p22878 → [PRE-SYNC] 0x0000 0000
14:30:42.642 p22878 → [PRE-SYNC] 0x0000 0000
14:30:42.642 p22878 → [PRE-SYNC] 0x0000 0000
14:30:42.642 p22878 → [PRE-SYNC] 0x0000 0000
14:30:42.642 p22878 → [PRE-SYNC] 0x0000 0000
14:30:42.642 p22878 → [PRE-SYNC] 0x0000 0000
14:30:42.642 p22878 → [PRE-SYNC] 0x0000 0000
14:30:42.642 p22878 → [PRE-SYNC] 0x0000 0000
14:30:42.642 p22878 → [PRE-SYNC] 0x0000 0000
14:30:42.642 p22878 → [PRE-SYNC] 0x0000 0000
14:30:42.642 p22878 → [PRE-SYNC] 0x0000 0000
14:30:42.642 p22878 → [PRE-SYNC] 0x0000 0000
14:30:42.642 p22878 → [PRE-SYNC] 0x0000 0000
14:30:42.642 p22878 → [PRE-SYNC] 0x0000 0000
14:30:42.642 p22878 → [PRE-SYNC] 0x0000 0000
14:30:42.643 p22878 → [PRE-SYNC] 0x0000 0000
14:30:42.643 p22878 → [PRE-SYNC] 0x0000 0000
14:30:42.643 p22878 → [PRE-SYNC] 0x0000 0000
14:30:42.643 p22878 → [PRE-SYNC] 0x0000 0000
14:30:42.643 p22878 → [PRE-SYNC] 0x0000 0000
14:30:42.643 p22878 → [PRE-SYNC] 0x0000 0000
14:30:42.643 p22878 → [PRE-SYNC] 0x0000 0000
14:30:42.643 p22878 → [PRE-SYNC] 0x0000 0000
14:30:42.643 p22878 → [PRE-SYNC] 0x0000 0000
14:30:42.643 p22878 → [PRE-SYNC] 0x0000 0000
14:30:42.643 p22878 → [PRE-SYNC] 0x0000 0000
14:30:42.643 p22878 → [PRE-SYNC] 0x0000 0000
14:30:42.643 p22878 → [PRE-SYNC] 0x0000 0000
14:30:42.643 p22878 → [PRE-SYNC] 0x0000 0000
14:30:42.643 p22878 → [PRE-SYNC] 0x0000 0000
14:30:42.643 p22878 → [PRE-SYNC] 0x0000 0000
14:30:42.644 p22878 → [PRE-SYNC] 0x0000 0000
14:30:42.644 p22878 → [PRE-SYNC] 0x0000 0000
14:30:42.644 p22878 → [PRE-SYNC] 0x0000 0000
14:30:42.644 p22878 → [PRE-SYNC] 0x0000 0000
14:30:42.644 p22878 → [PRE-SYNC] 0x0000 0000
14:30:42.644 p22878 → [PRE-SYNC] 0x0000 0000
14:30:42.644 p22878 → [PRE-SYNC] 0x0000 0000
14:30:42.644 p22878 → [PRE-SYNC] 0x0000 0000
14:30:42.644 p22878 → [PRE-SYNC] 0x0000 0000
14:30:42.644 p22878 → [PRE-SYNC] 0x0000 0000
14:30:42.644 p22878 → [PRE-SYNC] 0x0000 0000
14:30:42.644 p22878 → [PRE-SYNC] 0x0000 0000
14:30:42.644 p22878 → [PRE-SYNC] 0x0000 0000
14:30:42.644 p22878 → [PRE-SYNC] 0x0000 0000
14:30:42.644 p22878 → [PRE-SYNC] 0x0000 0000
14:30:42.645 p22878 → [PRE-SYNC] 0x0000 0000
14:30:42.645 p22878 → [PRE-SYNC] 0x0000 0000
14:30:42.645 p22878 → [PRE-SYNC] 0x0000 0000
14:30:42.645 p22878 → [PRE-SYNC] 0x0000 0000
14:30:42.645 p22878 → [PRE-SYNC] 0x0000 0000
14:30:42.645 p22878 → [PRE-SYNC] 0x0000 0000
14:30:42.645 p22878 → [PRE-SYNC] 0x0000 0000
14:30:42.645 p22878 → [PRE-SYNC] 0x0000 0000
14:30:42.645 p22878 → [PRE-SYNC] 0x0000 0000
14:30:42.645 p22878 → [PRE-SYNC] 0x0000 0000
14:30:42.645 p22878 → [PRE-SYNC] 0x0000 0000
14:30:42.646 p22878 ← 0x4753 [36B] 53 47 24 00 02 79 6b f1 80 15 96 b5 87 19 63 e1 b3 72 7d 33 dc 1f 07 74 e3 4a d4 c6 41 7c 6f 57
14:30:42.685 p22878 → [PRE-SYNC] 0x0000 0000
14:30:42.685 p22878 → [PRE-SYNC] 0x9200 0092
14:30:42.685 p22878 → [PRE-SYNC] 0x2CC3 c32c
14:30:42.685 p22878 → [PRE-SYNC] 0x5600 0056
14:30:42.686 p22878 → [PRE-SYNC] 0xC281 81c2
14:30:42.686 p22878 → [PRE-SYNC] 0x64F9 f964
14:30:42.686 p22878 → [PRE-SYNC] 0xB1CD cdb1
14:30:42.686 p22878 → [PRE-SYNC] 0x68EF ef68
14:30:42.686 p22878 → [PRE-SYNC] 0x152F 2f15
14:30:42.686 p22878 → [PRE-SYNC] 0xA58B 8ba5
14:30:42.686 p22878 → [PRE-SYNC] 0xAD99 99ad
14:30:42.686 p22878 → [PRE-SYNC] 0x4448 4844
14:30:42.686 p22878 → [PRE-SYNC] 0xDAED edda
14:30:42.686 p22878 → [PRE-SYNC] 0xDB89 89db
14:30:42.686 p22878 → [PRE-SYNC] 0xEDB5 b5ed
14:30:42.686 p22878 → [PRE-SYNC] 0x162D 2d16
14:30:42.686 p22878 → [PRE-SYNC] 0xDD58 58dd
14:30:42.686 p22878 → [PRE-SYNC] 0x5370 7053
14:30:42.686 p22878 → [PRE-SYNC] 0x0A81 810a
14:30:42.686 p22878 → [PRE-SYNC] 0x3D29 293d
14:30:42.686 p22878 → [PRE-SYNC] 0xAB38 38ab
14:30:42.686 p22878 → [PRE-SYNC] 0xEA21 21ea
14:30:42.686 p22878 → [PRE-SYNC] 0x4005 0540
14:30:42.686 p22878 → [PRE-SYNC] 0x0000 0000
14:30:42.686 p22878 → [PRE-SYNC] 0xC392 92c3
14:30:42.686 p22878 → [PRE-SYNC] 0x002C 2c00
14:30:42.686 p22878 → [PRE-SYNC] 0x8156 5681
14:30:42.686 p22878 → [PRE-SYNC] 0xF9C2 c2f9
14:30:42.686 p22878 → [PRE-SYNC] 0xCD64 64cd
14:30:42.686 p22878 → [PRE-SYNC] 0xEFB1 b1ef
14:30:42.687 p22878 → [PRE-SYNC] 0x2F68 682f
14:30:42.687 p22878 → [PRE-SYNC] 0x8B15 158b
14:30:42.687 p22878 → [PRE-SYNC] 0x99A5 a599
14:30:42.687 p22878 → [PRE-SYNC] 0x48AD ad48
14:30:42.687 p22878 → [PRE-SYNC] 0xED44 44ed
14:30:42.687 p22878 → [PRE-SYNC] 0x89DA da89
14:30:42.687 p22878 → [PRE-SYNC] 0xB5DB dbb5
14:30:42.687 p22878 → [PRE-SYNC] 0x2DED ed2d
14:30:42.687 p22878 → [PRE-SYNC] 0x5816 1658
14:30:42.687 p22878 → [PRE-SYNC] 0x70DD dd70
14:30:42.687 p22878 → [PRE-SYNC] 0x8153 5381
14:30:42.687 p22878 → [PRE-SYNC] 0x290A 0a29
14:30:42.687 p22878 → [PRE-SYNC] 0x383D 3d38
14:30:42.687 p22878 → [PRE-SYNC] 0x21AB ab21
14:30:42.687 p22878 → [PRE-SYNC] 0x05EA ea05
14:30:42.687 p22878 → [PRE-SYNC] 0x4240 4042
14:30:42.687 p22878 → [PRE-SYNC] 0x9200 0092
14:30:42.687 p22878 → [PRE-SYNC] 0x2CC3 c32c
14:30:42.687 p22878 → [PRE-SYNC] 0x5600 0056
14:30:42.687 p22878 → [PRE-SYNC] 0xC281 81c2
14:30:42.687 p22878 → [PRE-SYNC] 0x64F9 f964
14:30:42.687 p22878 → [PRE-SYNC] 0xB1CD cdb1
14:30:42.687 p22878 → [PRE-SYNC] 0x68EF ef68
14:30:42.687 p22878 → [PRE-SYNC] 0x152F 2f15
14:30:42.687 p22878 → [PRE-SYNC] 0xA58B 8ba5
14:30:42.688 p22878 → [PRE-SYNC] 0xAD99 99ad
14:30:42.688 p22878 → [PRE-SYNC] 0x4448 4844
14:30:42.688 p22878 → [PRE-SYNC] 0xDAED edda
14:30:42.688 p22878 → [PRE-SYNC] 0xDB89 89db
14:30:42.688 p22878 → [PRE-SYNC] 0xEDB5 b5ed
14:30:42.688 p22878 → [PRE-SYNC] 0x162D 2d16
14:30:42.688 p22878 → [PRE-SYNC] 0xDD58 58dd
14:30:42.688 p22878 → [PRE-SYNC] 0x5370 7053
14:30:42.688 p22878 → [PRE-SYNC] 0x0A81 810a
14:30:42.688 p22878 → [PRE-SYNC] 0x3D29 293d
14:30:42.688 p22878 → [PRE-SYNC] 0xAB38 38ab
14:30:42.688 p22878 → [PRE-SYNC] 0xEA21 21ea
14:30:42.688 p22878 → [PRE-SYNC] 0x4005 0540
14:30:42.688 p22878 → [ENC?] 0x9200 0092
14:30:42.688 p22878 → [ENC?] 0x2CC3 c32c
14:30:42.688 p22878 → [ENC?] 0x5600 0056
14:30:42.688 p22878 → [ENC?] 0xC281 81c2
14:30:42.688 p22878 → [ENC?] 0x64F9 f964
14:30:42.688 p22878 → [ENC?] 0xB1CD cdb1
14:30:42.688 p22878 → [ENC?] 0x68EF ef68
14:30:42.688 p22878 → [ENC?] 0x152F 2f15
14:30:42.688 p22878 → [ENC?] 0xA58B 8ba5
14:30:42.688 p22878 → [ENC?] 0xAD99 99ad
14:30:42.688 p22878 → [ENC?] 0x4448 4844
14:30:42.688 p22878 → [ENC?] 0xDAED edda
14:30:42.688 p22878 → [ENC?] 0xDB89 89db
14:30:42.688 p22878 → [ENC?] 0xEDB5 b5ed
14:30:42.688 p22878 → [ENC?] 0x162D 2d16
14:30:42.689 p22878 → [ENC?] 0xDD58 58dd
14:30:42.689 p22878 → [ENC?] 0x5370 7053
14:30:42.689 p22878 → [ENC?] 0x0A81 810a
14:30:42.689 p22878 → [ENC?] 0x3D29 293d
14:30:42.689 p22878 → [ENC?] 0xAB38 38ab
14:30:42.689 p22878 → [ENC?] 0xEA21 21ea
14:30:42.689 p22878 → [PRE-SYNC] 0x4005 0540
14:30:42.689 p22878 → [PRE-SYNC] 0x6442 4264
14:30:42.689 p22878 → [PRE-SYNC] 0x0000 0000
14:30:42.689 p22878 → [PRE-SYNC] 0xCA00 00ca
14:30:42.689 p22878 → [PRE-SYNC] 0x16F0 f016
14:30:42.689 p22878 → [PRE-SYNC] 0x7C0F 0f7c
14:30:42.689 p22878 → [PRE-SYNC] 0x7ABF bf7a
14:30:42.689 p22878 → [PRE-SYNC] 0x9BD6 d69b
14:30:42.689 p22878 → [PRE-SYNC] 0xA6BE bea6
14:30:42.689 p22878 → [PRE-SYNC] 0x2DBE be2d
14:30:42.689 p22878 → [PRE-SYNC] 0x2185 8521
14:30:42.689 p22878 → [PRE-SYNC] 0xD530 30d5
14:30:42.690 p22878 → [PRE-SYNC] 0xB4D4 d4b4
14:30:42.690 p22878 → [PRE-SYNC] 0xFF93 93ff
14:30:42.690 p22878 → [PRE-SYNC] 0xC8CB cbc8
14:30:42.690 p22878 → [PRE-SYNC] 0x4721 2147
14:30:42.690 p22878 → [PRE-SYNC] 0x3324 2433
14:30:42.690 p22878 → [PRE-SYNC] 0x84F6 f684
14:30:42.690 p22878 → [PRE-SYNC] 0x54EC ec54
14:30:42.690 p22878 → [PRE-SYNC] 0x00EF ef00
14:30:42.690 p22878 → [PRE-SYNC] 0xCE66 66ce
14:30:42.690 p22878 → [PRE-SYNC] 0x588A 8a58
14:30:42.690 p22878 → [PRE-SYNC] 0xA338 38a3
14:30:42.690 p22878 → [PRE-SYNC] 0xB44A 4ab4
14:30:42.690 p22878 → [PRE-SYNC] 0x445B 5b44
14:30:42.690 p22878 → [PRE-SYNC] 0x9CF6 f69c
14:30:42.690 p22878 → [PRE-SYNC] 0x31AA aa31
14:30:42.690 p22878 → [PRE-SYNC] 0x520F 0f52
14:30:42.690 p22878 → [PRE-SYNC] 0xF75F 5ff7
14:30:42.690 p22878 → [ENC?] 0x4005 0540
14:30:42.690 p22878 → [ENC?] 0x6442 4264
14:30:42.690 p22878 → [PRE-SYNC] 0x0000 0000
14:30:42.690 p22878 → [PRE-SYNC] 0xF0CA caf0
14:30:42.690 p22878 → [PRE-SYNC] 0x0F16 160f
14:30:42.690 p22878 → [PRE-SYNC] 0xBF7C 7cbf
14:30:42.690 p22878 → [PRE-SYNC] 0xD67A 7ad6
14:30:42.691 p22878 → [PRE-SYNC] 0xBE9B 9bbe
14:30:42.691 p22878 → [PRE-SYNC] 0xBEA6 a6be
14:30:42.691 p22878 → [PRE-SYNC] 0x852D 2d85
14:30:42.691 p22878 → [PRE-SYNC] 0x3021 2130
14:30:42.691 p22878 → [PRE-SYNC] 0xD4D5 d5d4
14:30:42.691 p22878 → [PRE-SYNC] 0x93B4 b493
14:30:42.691 p22878 → [PRE-SYNC] 0xCBFF ffcb
14:30:42.691 p22878 → [PRE-SYNC] 0x21C8 c821
14:30:42.691 p22878 → [PRE-SYNC] 0x2447 4724
14:30:42.691 p22878 → [PRE-SYNC] 0xF633 33f6
14:30:42.691 p22878 → [PRE-SYNC] 0xEC84 84ec
14:30:42.691 p22878 → [PRE-SYNC] 0xEF54 54ef
14:30:42.691 p22878 → [PRE-SYNC] 0x6600 0066
14:30:42.691 p22878 → [PRE-SYNC] 0x8ACE ce8a
14:30:42.691 p22878 → [PRE-SYNC] 0x3858 5838
14:30:42.691 p22878 → [PRE-SYNC] 0x4AA3 a34a
14:30:42.691 p22878 → [PRE-SYNC] 0x5BB4 b45b
14:30:42.691 p22878 → [PRE-SYNC] 0xF644 44f6
14:30:42.691 p22878 → [PRE-SYNC] 0xAA9C 9caa
14:30:42.691 p22878 → [PRE-SYNC] 0x0F31 310f
14:30:42.691 p22878 → [PRE-SYNC] 0x5F52 525f
14:30:42.691 p22878 → [PRE-SYNC] 0xCA00 00ca
14:30:42.691 p22878 → [PRE-SYNC] 0x16F0 f016
14:30:42.691 p22878 → [PRE-SYNC] 0x7C0F 0f7c
14:30:42.691 p22878 → [PRE-SYNC] 0x7ABF bf7a
14:30:42.692 p22878 → [PRE-SYNC] 0x9BD6 d69b
14:30:42.692 p22878 → [PRE-SYNC] 0xA6BE bea6
14:30:42.692 p22878 → [PRE-SYNC] 0x2DBE be2d
14:30:42.692 p22878 → [PRE-SYNC] 0x2185 8521
14:30:42.692 p22878 → [PRE-SYNC] 0xD530 30d5
14:30:42.692 p22878 → [PRE-SYNC] 0xB4D4 d4b4
14:30:42.692 p22878 → [PRE-SYNC] 0xFF93 93ff
14:30:42.692 p22878 → [PRE-SYNC] 0xC8CB cbc8
14:30:42.692 p22878 → [PRE-SYNC] 0x4721 2147
14:30:42.692 p22878 → [PRE-SYNC] 0x3324 2433
14:30:42.692 p22878 → [PRE-SYNC] 0x84F6 f684
14:30:42.692 p22878 → [PRE-SYNC] 0x54EC ec54
14:30:42.692 p22878 → [PRE-SYNC] 0x00EF ef00
14:30:42.692 p22878 → [PRE-SYNC] 0xCE66 66ce
14:30:42.692 p22878 → [PRE-SYNC] 0x588A 8a58
14:30:42.692 p22878 → [PRE-SYNC] 0xA338 38a3
14:30:42.692 p22878 → [PRE-SYNC] 0xB44A 4ab4
14:30:42.692 p22878 → [PRE-SYNC] 0x445B 5b44
14:30:42.692 p22878 → [PRE-SYNC] 0x9CF6 f69c
14:30:42.692 p22878 → [PRE-SYNC] 0x31AA aa31
14:30:42.692 p22878 → [PRE-SYNC] 0x520F 0f52
14:30:42.692 p22878 → [PRE-SYNC] 0xF75F 5ff7
14:30:42.692 p22878 → [ENC?] 0xCA00 00ca
14:30:42.692 p22878 → [ENC?] 0x16F0 f016
14:30:42.692 p22878 → [ENC?] 0x7C0F 0f7c
14:30:42.693 p22878 → [ENC?] 0x7ABF bf7a
14:30:42.693 p22878 → [ENC?] 0x9BD6 d69b
14:30:42.693 p22878 → [ENC?] 0xA6BE bea6
14:30:42.693 p22878 → [ENC?] 0x2DBE be2d
14:30:42.693 p22878 → [ENC?] 0x2185 8521
14:30:42.693 p22878 → [ENC?] 0xD530 30d5
14:30:42.693 p22878 → [ENC?] 0xB4D4 d4b4
14:30:42.693 p22878 → [ENC?] 0xFF93 93ff
14:30:42.693 p22878 → [ENC?] 0xC8CB cbc8
14:30:42.693 p22878 → [ENC?] 0x4721 2147
14:30:42.693 p22878 → [ENC?] 0x3324 2433
14:30:42.693 p22878 → [ENC?] 0x84F6 f684
14:30:42.693 p22878 → [ENC?] 0x54EC ec54
14:30:42.694 p22878 → [ENC?] 0x00EF ef00
14:30:42.694 p22878 → [ENC?] 0xCE66 66ce
14:30:42.694 p22878 → [ENC?] 0x588A 8a58
14:30:42.694 p22878 → [ENC?] 0xA338 38a3
14:30:42.694 p22878 → [ENC?] 0xB44A 4ab4
14:30:42.694 p22878 → [ENC?] 0x445B 5b44
14:30:42.694 p22878 → [ENC?] 0x9CF6 f69c
14:30:42.694 p22878 → [ENC?] 0x31AA aa31
14:30:42.694 p22878 → [ENC?] 0x520F 0f52
14:30:42.763 p22878 ← 0x0AC4 [224B] c4 0a e0 00 e2 b4 ee 16 62 01 2e 00 2e 6a ce 49 00 00 00 00 00 00 00 00 00 00 00 00 00 00 00 00
14:30:43.512 p23545 → [PRE-SYNC] 0x0065 6500
14:30:43.512 p23545 → [PRE-SYNC] 0x0162 6201
14:30:43.512 p23545 → [PRE-SYNC] 0x002E 2e00
14:30:43.512 p23545 → [PRE-SYNC] 0xB4E2 e2b4
14:30:43.513 p23545 → [PRE-SYNC] 0x16EE ee16
14:30:43.513 p23545 → [PRE-SYNC] 0x6A2E 2e6a
14:30:43.513 p23545 → [PRE-SYNC] 0x49CE ce49
14:30:43.513 p23545 → [PRE-SYNC] 0x0000 0000
14:30:43.515 p25787 → [PRE-SYNC] 0x4F50 504f
14:30:43.515 p25787 → [PRE-SYNC] 0x5453 5354
14:30:43.515 p25787 → [PRE-SYNC] 0x2F20 202f
14:30:43.515 p25787 → [PRE-SYNC] 0x7375 7573
14:30:43.515 p25787 → [PRE-SYNC] 0x7265 6572
14:30:43.515 p25787 → [PRE-SYNC] 0x6F63 636f
14:30:43.515 p25787 → [PRE-SYNC] 0x666E 6e66
14:30:43.515 p25787 → [PRE-SYNC] 0x6769 6967
14:30:43.515 p25787 → [PRE-SYNC] 0x6C2F 2f6c
14:30:43.515 p25787 → [PRE-SYNC] 0x616F 6f61
14:30:43.515 p25787 → [PRE-SYNC] 0x2064 6420
14:30:43.515 p25787 → [PRE-SYNC] 0x5448 4854
14:30:43.515 p25787 → [PRE-SYNC] 0x5054 5450
14:30:43.515 p25787 → [PRE-SYNC] 0x312F 2f31
14:30:43.515 p25787 → [PRE-SYNC] 0x312E 2e31
14:30:43.515 p25787 → [PRE-SYNC] 0x0A0D 0d0a
14:30:43.515 p25787 → [PRE-SYNC] 0x6F48 486f
14:30:43.516 p25787 → [PRE-SYNC] 0x7473 7374
14:30:43.516 p25787 → [PRE-SYNC] 0x203A 3a20
14:30:43.516 p25787 → [PRE-SYNC] 0x3331 3133
14:30:43.516 p25787 → [PRE-SYNC] 0x2E36 362e
14:30:43.516 p25787 → [PRE-SYNC] 0x3131 3131
14:30:43.516 p25787 → [PRE-SYNC] 0x2E30 302e
14:30:43.516 p25787 → [PRE-SYNC] 0x3731 3137
14:30:43.516 p25787 → [PRE-SYNC] 0x2E32 322e
14:30:43.516 p25787 → [PRE-SYNC] 0x3233 3332
14:30:43.516 p25787 → [PRE-SYNC] 0x323A 3a32
14:30:43.516 p25787 → [PRE-SYNC] 0x3735 3537
14:30:43.516 p25787 → [PRE-SYNC] 0x3738 3837
14:30:43.516 p25787 → [PRE-SYNC] 0x0A0D 0d0a
14:30:43.516 p25787 → [PRE-SYNC] 0x6341 4163
14:30:43.516 p25787 → [PRE-SYNC] 0x6563 6365
14:30:43.516 p25787 → [PRE-SYNC] 0x7470 7074
14:30:43.516 p25787 → [PRE-SYNC] 0x203A 3a20
14:30:43.516 p25787 → [PRE-SYNC] 0x2F2A 2a2f
14:30:43.516 p25787 → [PRE-SYNC] 0x0D2A 2a0d
14:30:43.516 p25787 → [PRE-SYNC] 0x450A 0a45
14:30:43.516 p25787 → [PRE-SYNC] 0x7078 7870
14:30:43.516 p25787 → [PRE-SYNC] 0x6365 6563
14:30:43.516 p25787 → [PRE-SYNC] 0x3A74 743a
14:30:43.516 p25787 → [PRE-SYNC] 0x3120 2031
14:30:43.516 p25787 → [PRE-SYNC] 0x3030 3030
14:30:43.516 p25787 → [PRE-SYNC] 0x632D 2d63
14:30:43.516 p25787 → [PRE-SYNC] 0x6E6F 6f6e
14:30:43.516 p25787 → [PRE-SYNC] 0x6974 7469
14:30:43.516 p25787 → [PRE-SYNC] 0x756E 6e75
14:30:43.516 p25787 → [PRE-SYNC] 0x0D65 650d
14:30:43.516 p25787 → [PRE-SYNC] 0x430A 0a43
14:30:43.516 p25787 → [PRE-SYNC] 0x6E6F 6f6e
14:30:43.517 p25787 → [PRE-SYNC] 0x656E 6e65
14:30:43.517 p25787 → [PRE-SYNC] 0x7463 6374
14:30:43.517 p25787 → [PRE-SYNC] 0x6F69 696f
14:30:43.517 p25787 → [PRE-SYNC] 0x3A6E 6e3a
14:30:43.517 p25787 → [PRE-SYNC] 0x6B20 206b
14:30:43.517 p25787 → [PRE-SYNC] 0x6565 6565
14:30:43.517 p25787 → [PRE-SYNC] 0x2D70 702d
14:30:43.517 p25787 → [PRE-SYNC] 0x6C61 616c
14:30:43.517 p25787 → [PRE-SYNC] 0x7669 6976
14:30:43.517 p25787 → [PRE-SYNC] 0x0D65 650d
14:30:43.517 p25787 → [PRE-SYNC] 0x430A 0a43
14:30:43.517 p25787 → [PRE-SYNC] 0x6E6F 6f6e
14:30:43.517 p25787 → [PRE-SYNC] 0x6574 7465
14:30:43.517 p25787 → [PRE-SYNC] 0x746E 6e74
14:30:43.517 p25787 → [PRE-SYNC] 0x4C2D 2d4c
14:30:43.517 p25787 → [PRE-SYNC] 0x6E65 656e
14:30:43.517 p25787 → [PRE-SYNC] 0x7467 6774
14:30:43.517 p25787 → [PRE-SYNC] 0x3A68 683a
14:30:43.517 p25787 → [PRE-SYNC] 0x3220 2032
14:30:43.517 p25787 → [PRE-SYNC] 0x3934 3439
14:30:43.517 p25787 → [PRE-SYNC] 0x0A0D 0d0a
14:30:43.517 p25787 → [PRE-SYNC] 0x6F43 436f
14:30:43.517 p25787 → [PRE-SYNC] 0x746E 6e74
14:30:43.517 p25787 → [PRE-SYNC] 0x6E65 656e
14:30:43.517 p25787 → [PRE-SYNC] 0x2D74 742d
14:30:43.517 p25787 → [PRE-SYNC] 0x7954 5479
14:30:43.517 p25787 → [PRE-SYNC] 0x6570 7065
14:30:43.517 p25787 → [PRE-SYNC] 0x203A 3a20
14:30:43.517 p25787 → [PRE-SYNC] 0x756D 6d75
14:30:43.518 p25787 → [PRE-SYNC] 0x746C 6c74
14:30:43.518 p25787 → [PRE-SYNC] 0x7069 6970
14:30:43.518 p25787 → [PRE-SYNC] 0x7261 6172
14:30:43.518 p25787 → [PRE-SYNC] 0x2F74 742f
14:30:43.518 p25787 → [PRE-SYNC] 0x6F66 666f
14:30:43.518 p25787 → [PRE-SYNC] 0x6D72 726d
14:30:43.518 p25787 → [PRE-SYNC] 0x642D 2d64
14:30:43.518 p25787 → [PRE-SYNC] 0x7461 6174
14:30:43.518 p25787 → [PRE-SYNC] 0x3B61 613b
14:30:43.518 p25787 → [PRE-SYNC] 0x6220 2062
14:30:43.518 p25787 → [PRE-SYNC] 0x756F 6f75
14:30:43.518 p25787 → [PRE-SYNC] 0x646E 6e64
14:30:43.518 p25787 → [PRE-SYNC] 0x7261 6172
14:30:43.518 p25787 → [PRE-SYNC] 0x3D79 793d
14:30:43.518 p25787 → [PRE-SYNC] 0x2D2D 2d2d
14:30:43.518 p25787 → [PRE-SYNC] 0x2D2D 2d2d
14:30:43.518 p25787 → [PRE-SYNC] 0x2D2D 2d2d
14:30:43.518 p25787 → [PRE-SYNC] 0x2D2D 2d2d
14:30:43.518 p25787 → [PRE-SYNC] 0x2D2D 2d2d
14:30:43.518 p25787 → [PRE-SYNC] 0x2D2D 2d2d
14:30:43.518 p25787 → [PRE-SYNC] 0x2D2D 2d2d
14:30:43.518 p25787 → [PRE-SYNC] 0x2D2D 2d2d
14:30:43.518 p25787 → [PRE-SYNC] 0x2D2D 2d2d
14:30:43.518 p25787 → [PRE-SYNC] 0x2D2D 2d2d
14:30:43.518 p25787 → [PRE-SYNC] 0x2D2D 2d2d
14:30:43.518 p25787 → [PRE-SYNC] 0x2D2D 2d2d
14:30:43.518 p25787 → [PRE-SYNC] 0x3235 3532
14:30:43.518 p25787 → [PRE-SYNC] 0x3638 3836
14:30:43.518 p25787 → [PRE-SYNC] 0x3530 3035
14:30:43.518 p25787 → [PRE-SYNC] 0x3939 3939
14:30:43.519 p25787 → [PRE-SYNC] 0x3733 3337
14:30:43.519 p25787 → [PRE-SYNC] 0x3136 3631
14:30:43.519 p25787 → [PRE-SYNC] 0x3732 3237
14:30:43.519 p25787 → [PRE-SYNC] 0x6338 3863
14:30:43.519 p25787 → [PRE-SYNC] 0x0A0D 0d0a
14:30:43.519 p25787 → [PRE-SYNC] 0x0A0D 0d0a
14:30:43.519 p25787 → [ENC?] 0x2D2D 2d2d
14:30:43.519 p25787 → [ENC?] 0x2D2D 2d2d
14:30:43.519 p25787 → [ENC?] 0x2D2D 2d2d
14:30:43.519 p25787 → [ENC?] 0x2D2D 2d2d
14:30:43.519 p25787 → [ENC?] 0x2D2D 2d2d
14:30:43.519 p25787 → [ENC?] 0x2D2D 2d2d
14:30:43.519 p25787 → [ENC?] 0x3235 3532
14:30:43.519 p25787 → [ENC?] 0x3638 3836
14:30:43.519 p25787 → [ENC?] 0x3530 3035
14:30:43.519 p25787 → [ENC?] 0x3939 3939
14:30:43.519 p25787 → [ENC?] 0x3733 3337
14:30:43.519 p25787 → [ENC?] 0x3136 3631
14:30:43.519 p25787 → [ENC?] 0x3732 3237
14:30:43.519 p25787 → [ENC?] 0x6338 3863
14:30:43.519 p25787 → [ENC?] 0x0A0D 0d0a
14:30:43.625 p25787 → [PRE-SYNC] 0x0A0D 0d0a
14:30:43.625 p25787 → [PRE-SYNC] 0x2D2D 2d2d
14:30:43.625 p25787 → [PRE-SYNC] 0x2D2D 2d2d
14:30:43.625 p25787 → [PRE-SYNC] 0x2D2D 2d2d
14:30:43.625 p25787 → [PRE-SYNC] 0x2D2D 2d2d
14:30:43.626 p25787 → [PRE-SYNC] 0x2D2D 2d2d
14:30:43.626 p25787 → [PRE-SYNC] 0x2D2D 2d2d
14:30:43.626 p25787 → [PRE-SYNC] 0x2D2D 2d2d
14:30:43.626 p25787 → [PRE-SYNC] 0x2D2D 2d2d
14:30:43.626 p25787 → [PRE-SYNC] 0x2D2D 2d2d
14:30:43.626 p25787 → [PRE-SYNC] 0x2D2D 2d2d
14:30:43.626 p25787 → [PRE-SYNC] 0x2D2D 2d2d
14:30:43.626 p25787 → [PRE-SYNC] 0x2D2D 2d2d
14:30:43.626 p25787 → [PRE-SYNC] 0x2D2D 2d2d
14:30:43.626 p25787 → [PRE-SYNC] 0x3235 3532
14:30:43.626 p25787 → [PRE-SYNC] 0x3638 3836
14:30:43.626 p25787 → [PRE-SYNC] 0x3530 3035
14:30:43.626 p25787 → [PRE-SYNC] 0x3939 3939
14:30:43.626 p25787 → [PRE-SYNC] 0x3733 3337
14:30:43.626 p25787 → [PRE-SYNC] 0x3136 3631
14:30:43.626 p25787 → [PRE-SYNC] 0x3732 3237
14:30:43.626 p25787 → [PRE-SYNC] 0x6338 3863
14:30:43.626 p25787 → [PRE-SYNC] 0x0A0D 0d0a
14:30:43.626 p25787 → [PRE-SYNC] 0x6F43 436f
14:30:43.626 p25787 → [PRE-SYNC] 0x746E 6e74
14:30:43.626 p25787 → [PRE-SYNC] 0x6E65 656e
14:30:43.626 p25787 → [PRE-SYNC] 0x2D74 742d
14:30:43.627 p25787 → [PRE-SYNC] 0x6944 4469
14:30:43.627 p25787 → [PRE-SYNC] 0x7073 7370
14:30:43.627 p25787 → [PRE-SYNC] 0x736F 6f73
14:30:43.627 p25787 → [PRE-SYNC] 0x7469 6974
14:30:43.627 p25787 → [PRE-SYNC] 0x6F69 696f
14:30:43.627 p25787 → [PRE-SYNC] 0x3A6E 6e3a
14:30:43.627 p25787 → [PRE-SYNC] 0x6620 2066
14:30:43.627 p25787 → [PRE-SYNC] 0x726F 6f72
14:30:43.627 p25787 → [PRE-SYNC] 0x2D6D 6d2d
14:30:43.627 p25787 → [PRE-SYNC] 0x6164 6461
14:30:43.627 p25787 → [PRE-SYNC] 0x6174 7461
14:30:43.627 p25787 → [PRE-SYNC] 0x203B 3b20
14:30:43.627 p25787 → [PRE-SYNC] 0x616E 6e61
14:30:43.627 p25787 → [PRE-SYNC] 0x656D 6d65
14:30:43.627 p25787 → [PRE-SYNC] 0x223D 3d22
14:30:43.627 p25787 → [PRE-SYNC] 0x4941 4149
14:30:43.627 p25787 → [PRE-SYNC] 0x2244 4422
14:30:43.627 p25787 → [PRE-SYNC] 0x0A0D 0d0a
14:30:43.627 p25787 → [PRE-SYNC] 0x0A0D 0d0a
14:30:43.627 p25787 → [PRE-SYNC] 0x3033 3330
14:30:43.627 p25787 → [PRE-SYNC] 0x3531 3135
14:30:43.627 p25787 → [PRE-SYNC] 0x3130 3031
14:30:43.627 p25787 → [PRE-SYNC] 0x0D30 300d
14:30:43.627 p25787 → [PRE-SYNC] 0x2D0A 0a2d
14:30:43.627 p25787 → [PRE-SYNC] 0x2D2D 2d2d
14:30:43.627 p25787 → [PRE-SYNC] 0x2D2D 2d2d
14:30:43.628 p25787 → [PRE-SYNC] 0x2D2D 2d2d
14:30:43.628 p25787 → [PRE-SYNC] 0x2D2D 2d2d
14:30:43.628 p25787 → [PRE-SYNC] 0x2D2D 2d2d
14:30:43.628 p25787 → [PRE-SYNC] 0x2D2D 2d2d
14:30:43.628 p25787 → [PRE-SYNC] 0x2D2D 2d2d
14:30:43.628 p25787 → [PRE-SYNC] 0x2D2D 2d2d
14:30:43.628 p25787 → [PRE-SYNC] 0x2D2D 2d2d
14:30:43.628 p25787 → [PRE-SYNC] 0x2D2D 2d2d
14:30:43.628 p25787 → [PRE-SYNC] 0x2D2D 2d2d
14:30:43.628 p25787 → [PRE-SYNC] 0x2D2D 2d2d
14:30:43.628 p25787 → [PRE-SYNC] 0x352D 2d35
14:30:43.628 p25787 → [PRE-SYNC] 0x3832 3238
14:30:43.628 p25787 → [PRE-SYNC] 0x3036 3630
14:30:43.628 p25787 → [PRE-SYNC] 0x3935 3539
14:30:43.628 p25787 → [PRE-SYNC] 0x3339 3933
14:30:43.628 p25787 → [PRE-SYNC] 0x3637 3736
14:30:43.628 p25787 → [PRE-SYNC] 0x3231 3132
14:30:43.628 p25787 → [PRE-SYNC] 0x3837 3738
14:30:43.628 p25787 → [PRE-SYNC] 0x0D63 630d
14:30:43.628 p25787 → [PRE-SYNC] 0x430A 0a43
14:30:43.628 p25787 → [PRE-SYNC] 0x6E6F 6f6e
14:30:43.628 p25787 → [PRE-SYNC] 0x6574 7465
14:30:43.628 p25787 → [PRE-SYNC] 0x746E 6e74
14:30:43.628 p25787 → [PRE-SYNC] 0x442D 2d44
14:30:43.629 p25787 → [PRE-SYNC] 0x7369 6973
14:30:43.629 p25787 → [PRE-SYNC] 0x6F70 706f
14:30:43.629 p25787 → [PRE-SYNC] 0x6973 7369
14:30:43.629 p25787 → [PRE-SYNC] 0x6974 7469
14:30:43.629 p25787 → [PRE-SYNC] 0x6E6F 6f6e
14:30:43.629 p25787 → [PRE-SYNC] 0x203A 3a20
14:30:43.629 p25787 → [PRE-SYNC] 0x6F66 666f
14:30:43.629 p25787 → [PRE-SYNC] 0x6D72 726d
14:30:43.629 p25787 → [PRE-SYNC] 0x642D 2d64
14:30:43.629 p25787 → [PRE-SYNC] 0x7461 6174
14:30:43.629 p25787 → [PRE-SYNC] 0x3B61 613b
14:30:43.629 p25787 → [PRE-SYNC] 0x6E20 206e
14:30:43.629 p25787 → [PRE-SYNC] 0x6D61 616d
14:30:43.629 p25787 → [PRE-SYNC] 0x3D65 653d
14:30:43.629 p25787 → [PRE-SYNC] 0x5722 2257
14:30:43.629 p25787 → [PRE-SYNC] 0x726F 6f72
14:30:43.629 p25787 → [PRE-SYNC] 0x646C 6c64
14:30:43.629 p25787 → [PRE-SYNC] 0x614E 4e61
14:30:43.629 p25787 → [PRE-SYNC] 0x656D 6d65
14:30:43.629 p25787 → [PRE-SYNC] 0x0D22 220d
14:30:43.629 p25787 → [PRE-SYNC] 0x0D0A 0a0d
14:30:43.629 p25787 → [PRE-SYNC] 0x420A 0a42
14:30:43.629 p25787 → [PRE-SYNC] 0x6D61 616d
14:30:43.630 p25787 → [PRE-SYNC] 0x6F62 626f
14:30:43.630 p25787 → [PRE-SYNC] 0x0D6F 6f0d
14:30:43.630 p25787 → [PRE-SYNC] 0x2D0A 0a2d
14:30:43.630 p25787 → [PRE-SYNC] 0x2D2D 2d2d
14:30:43.630 p25787 → [PRE-SYNC] 0x2D2D 2d2d
14:30:43.630 p25787 → [PRE-SYNC] 0x2D2D 2d2d
14:30:43.630 p25787 → [PRE-SYNC] 0x2D2D 2d2d
14:30:43.630 p25787 → [PRE-SYNC] 0x2D2D 2d2d
14:30:43.630 p25787 → [PRE-SYNC] 0x2D2D 2d2d
14:30:43.630 p25787 → [PRE-SYNC] 0x2D2D 2d2d
14:30:43.630 p25787 → [PRE-SYNC] 0x2D2D 2d2d
14:30:43.630 p25787 → [PRE-SYNC] 0x2D2D 2d2d
14:30:43.630 p25787 → [PRE-SYNC] 0x2D2D 2d2d
14:30:43.630 p25787 → [PRE-SYNC] 0x2D2D 2d2d
14:30:43.630 p25787 → [PRE-SYNC] 0x2D2D 2d2d
14:30:43.630 p25787 → [PRE-SYNC] 0x352D 2d35
14:30:43.630 p25787 → [PRE-SYNC] 0x3832 3238
14:30:43.630 p25787 → [PRE-SYNC] 0x3036 3630
14:30:43.630 p25787 → [PRE-SYNC] 0x3935 3539
14:30:43.630 p25787 → [PRE-SYNC] 0x3339 3933
14:30:43.630 p25787 → [PRE-SYNC] 0x3637 3736
14:30:43.630 p25787 → [PRE-SYNC] 0x3231 3132
14:30:43.630 p25787 → [PRE-SYNC] 0x3837 3738
14:30:43.630 p25787 → [PRE-SYNC] 0x2D63 632d
14:30:43.630 p25787 → [PRE-SYNC] 0x0D2D 2d0d
14:30:43.631 p25787 → [ENC?] 0x2D2D 2d2d
14:30:43.631 p25787 → [ENC?] 0x2D2D 2d2d
14:30:43.631 p25787 → [ENC?] 0x2D2D 2d2d
14:30:43.631 p25787 → [ENC?] 0x2D2D 2d2d
14:30:43.631 p25787 → [ENC?] 0x2D2D 2d2d
14:30:43.631 p25787 → [ENC?] 0x2D2D 2d2d
14:30:43.631 p25787 → [ENC?] 0x3235 3532
14:30:43.631 p25787 → [ENC?] 0x3638 3836
14:30:43.631 p25787 → [ENC?] 0x3530 3035
14:30:43.631 p25787 → [ENC?] 0x3939 3939
14:30:43.631 p25787 → [ENC?] 0x3733 3337
14:30:43.631 p25787 → [ENC?] 0x3136 3631
14:30:43.631 p25787 → [ENC?] 0x3732 3237
14:30:43.631 p25787 → [ENC?] 0x6338 3863
14:30:43.631 p25787 → [ENC?] 0x2D2D 2d2d
14:30:44.878 p24656 → [PRE-SYNC] 0x0436 3604
14:30:44.879 p24656 → [PRE-SYNC] 0x0162 6201
14:30:44.879 p24656 → [PRE-SYNC] 0x002E 2e00
14:30:44.879 p24656 → [PRE-SYNC] 0x2848 4828
14:30:44.879 p24656 → [PRE-SYNC] 0x0000 0000
14:30:44.879 p24656 → [PRE-SYNC] 0xB4E2 e2b4
14:30:44.879 p24656 → [PRE-SYNC] 0x16EE ee16
14:30:44.879 p24656 → [PRE-SYNC] 0x1B7E 7e1b
14:30:44.879 p24656 → [PRE-SYNC] 0x0001 0100
14:30:44.879 p24656 → [PRE-SYNC] 0x5193 9351
14:30:44.879 p24656 → [PRE-SYNC] 0x1941 4119
14:30:44.880 p25787 → [PRE-SYNC] 0x0A0D 0d0a
14:30:44.880 p25787 → [PRE-SYNC] 0x4F50 504f
14:30:44.880 p25787 → [PRE-SYNC] 0x5453 5354
14:30:44.881 p25787 → [PRE-SYNC] 0x2F20 202f
14:30:44.881 p25787 → [PRE-SYNC] 0x6863 6368
14:30:44.881 p25787 → [PRE-SYNC] 0x7261 6172
14:30:44.881 p25787 → [PRE-SYNC] 0x6F63 636f
14:30:44.881 p25787 → [PRE-SYNC] 0x666E 6e66
14:30:44.881 p25787 → [PRE-SYNC] 0x6769 6967
14:30:44.881 p25787 → [PRE-SYNC] 0x6C2F 2f6c
14:30:44.881 p25787 → [PRE-SYNC] 0x616F 6f61
14:30:44.881 p25787 → [PRE-SYNC] 0x2064 6420
14:30:44.881 p25787 → [PRE-SYNC] 0x5448 4854
14:30:44.881 p25787 → [PRE-SYNC] 0x5054 5450
14:30:44.881 p25787 → [PRE-SYNC] 0x312F 2f31
14:30:44.881 p25787 → [PRE-SYNC] 0x312E 2e31
14:30:44.881 p25787 → [PRE-SYNC] 0x0A0D 0d0a
14:30:44.881 p25787 → [PRE-SYNC] 0x6F48 486f
14:30:44.881 p25787 → [PRE-SYNC] 0x7473 7374
14:30:44.881 p25787 → [PRE-SYNC] 0x203A 3a20
14:30:44.881 p25787 → [PRE-SYNC] 0x3331 3133
14:30:44.881 p25787 → [PRE-SYNC] 0x2E36 362e
14:30:44.881 p25787 → [PRE-SYNC] 0x3131 3131
14:30:44.881 p25787 → [PRE-SYNC] 0x2E30 302e
14:30:44.881 p25787 → [PRE-SYNC] 0x3731 3137
14:30:44.881 p25787 → [PRE-SYNC] 0x2E32 322e
14:30:44.881 p25787 → [PRE-SYNC] 0x3233 3332
14:30:44.881 p25787 → [PRE-SYNC] 0x323A 3a32
14:30:44.881 p25787 → [PRE-SYNC] 0x3735 3537
14:30:44.882 p25787 → [PRE-SYNC] 0x3738 3837
14:30:44.882 p25787 → [PRE-SYNC] 0x0A0D 0d0a
14:30:44.882 p25787 → [PRE-SYNC] 0x6341 4163
14:30:44.882 p25787 → [PRE-SYNC] 0x6563 6365
14:30:44.882 p25787 → [PRE-SYNC] 0x7470 7074
14:30:44.882 p25787 → [PRE-SYNC] 0x203A 3a20
14:30:44.882 p25787 → [PRE-SYNC] 0x2F2A 2a2f
14:30:44.882 p25787 → [PRE-SYNC] 0x0D2A 2a0d
14:30:44.882 p25787 → [PRE-SYNC] 0x450A 0a45
14:30:44.882 p25787 → [PRE-SYNC] 0x7078 7870
14:30:44.882 p25787 → [PRE-SYNC] 0x6365 6563
14:30:44.882 p25787 → [PRE-SYNC] 0x3A74 743a
14:30:44.882 p25787 → [PRE-SYNC] 0x3120 2031
14:30:44.882 p25787 → [PRE-SYNC] 0x3030 3030
14:30:44.882 p25787 → [PRE-SYNC] 0x632D 2d63
14:30:44.882 p25787 → [PRE-SYNC] 0x6E6F 6f6e
14:30:44.882 p25787 → [PRE-SYNC] 0x6974 7469
14:30:44.882 p25787 → [PRE-SYNC] 0x756E 6e75
14:30:44.882 p25787 → [PRE-SYNC] 0x0D65 650d
14:30:44.882 p25787 → [PRE-SYNC] 0x430A 0a43
14:30:44.882 p25787 → [PRE-SYNC] 0x6E6F 6f6e
14:30:44.882 p25787 → [PRE-SYNC] 0x656E 6e65
14:30:44.882 p25787 → [PRE-SYNC] 0x7463 6374
14:30:44.882 p25787 → [PRE-SYNC] 0x6F69 696f
14:30:44.882 p25787 → [PRE-SYNC] 0x3A6E 6e3a
14:30:44.882 p25787 → [PRE-SYNC] 0x6B20 206b
14:30:44.883 p25787 → [PRE-SYNC] 0x6565 6565
14:30:44.883 p25787 → [PRE-SYNC] 0x2D70 702d
14:30:44.883 p25787 → [PRE-SYNC] 0x6C61 616c
14:30:44.883 p25787 → [PRE-SYNC] 0x7669 6976
14:30:44.883 p25787 → [PRE-SYNC] 0x0D65 650d
14:30:44.883 p25787 → [PRE-SYNC] 0x430A 0a43
14:30:44.883 p25787 → [PRE-SYNC] 0x6E6F 6f6e
14:30:44.883 p25787 → [PRE-SYNC] 0x6574 7465
14:30:44.883 p25787 → [PRE-SYNC] 0x746E 6e74
14:30:44.883 p25787 → [PRE-SYNC] 0x4C2D 2d4c
14:30:44.883 p25787 → [PRE-SYNC] 0x6E65 656e
14:30:44.883 p25787 → [PRE-SYNC] 0x7467 6774
14:30:44.883 p25787 → [PRE-SYNC] 0x3A68 683a
14:30:44.883 p25787 → [PRE-SYNC] 0x3420 2034
14:30:44.883 p25787 → [PRE-SYNC] 0x3036 3630
14:30:44.883 p25787 → [PRE-SYNC] 0x0A0D 0d0a
14:30:44.883 p25787 → [PRE-SYNC] 0x6F43 436f
14:30:44.883 p25787 → [PRE-SYNC] 0x746E 6e74
14:30:44.883 p25787 → [PRE-SYNC] 0x6E65 656e
14:30:44.883 p25787 → [PRE-SYNC] 0x2D74 742d
14:30:44.883 p25787 → [PRE-SYNC] 0x7954 5479
14:30:44.883 p25787 → [PRE-SYNC] 0x6570 7065
14:30:44.883 p25787 → [PRE-SYNC] 0x203A 3a20
14:30:44.883 p25787 → [PRE-SYNC] 0x756D 6d75
14:30:44.883 p25787 → [PRE-SYNC] 0x746C 6c74
14:30:44.883 p25787 → [PRE-SYNC] 0x7069 6970
14:30:44.883 p25787 → [PRE-SYNC] 0x7261 6172
14:30:44.884 p25787 → [PRE-SYNC] 0x2F74 742f
14:30:44.884 p25787 → [PRE-SYNC] 0x6F66 666f
14:30:44.884 p25787 → [PRE-SYNC] 0x6D72 726d
14:30:44.884 p25787 → [PRE-SYNC] 0x642D 2d64
14:30:44.884 p25787 → [PRE-SYNC] 0x7461 6174
14:30:44.884 p25787 → [PRE-SYNC] 0x3B61 613b
14:30:44.884 p25787 → [PRE-SYNC] 0x6220 2062
14:30:44.884 p25787 → [PRE-SYNC] 0x756F 6f75
14:30:44.884 p25787 → [PRE-SYNC] 0x646E 6e64
14:30:44.884 p25787 → [PRE-SYNC] 0x7261 6172
14:30:44.884 p25787 → [PRE-SYNC] 0x3D79 793d
14:30:44.884 p25787 → [PRE-SYNC] 0x2D2D 2d2d
14:30:44.884 p25787 → [PRE-SYNC] 0x2D2D 2d2d
14:30:44.884 p25787 → [PRE-SYNC] 0x2D2D 2d2d
14:30:44.884 p25787 → [PRE-SYNC] 0x2D2D 2d2d
14:30:44.884 p25787 → [PRE-SYNC] 0x2D2D 2d2d
14:30:44.884 p25787 → [PRE-SYNC] 0x2D2D 2d2d
14:30:44.884 p25787 → [PRE-SYNC] 0x2D2D 2d2d
14:30:44.884 p25787 → [PRE-SYNC] 0x2D2D 2d2d
14:30:44.884 p25787 → [PRE-SYNC] 0x2D2D 2d2d
14:30:44.884 p25787 → [PRE-SYNC] 0x2D2D 2d2d
14:30:44.884 p25787 → [PRE-SYNC] 0x2D2D 2d2d
14:30:44.884 p25787 → [PRE-SYNC] 0x2D2D 2d2d
14:30:44.884 p25787 → [PRE-SYNC] 0x6238 3862
14:30:44.884 p25787 → [PRE-SYNC] 0x3437 3734
14:30:44.885 p25787 → [PRE-SYNC] 0x3032 3230
14:30:44.885 p25787 → [PRE-SYNC] 0x6632 3266
14:30:44.885 p25787 → [PRE-SYNC] 0x3732 3237
14:30:44.885 p25787 → [PRE-SYNC] 0x3734 3437
14:30:44.885 p25787 → [PRE-SYNC] 0x3366 6633
14:30:44.885 p25787 → [PRE-SYNC] 0x3131 3131
14:30:44.885 p25787 → [PRE-SYNC] 0x0A0D 0d0a
14:30:44.885 p25787 → [PRE-SYNC] 0x0A0D 0d0a
14:30:44.885 p25787 → [ENC?] 0x2D2D 2d2d
14:30:44.885 p25787 → [ENC?] 0x2D2D 2d2d
14:30:44.885 p25787 → [ENC?] 0x2D2D 2d2d
14:30:44.885 p25787 → [ENC?] 0x2D2D 2d2d
14:30:44.885 p25787 → [ENC?] 0x2D2D 2d2d
14:30:44.885 p25787 → [ENC?] 0x2D2D 2d2d
14:30:44.885 p25787 → [ENC?] 0x6238 3862
14:30:44.885 p25787 → [ENC?] 0x3437 3734
14:30:44.885 p25787 → [ENC?] 0x3032 3230
14:30:44.885 p25787 → [ENC?] 0x6632 3266
14:30:44.885 p25787 → [ENC?] 0x3732 3237
14:30:44.886 p25787 → [ENC?] 0x3734 3437
14:30:44.886 p25787 → [ENC?] 0x3366 6633
14:30:44.886 p25787 → [ENC?] 0x3131 3131
14:30:44.886 p25787 → [ENC?] 0x0A0D 0d0a
14:30:44.913 p24656 ← 0x4753 [36B] 53 47 24 00 50 05 bc 50 f1 a8 07 1b dd 94 24 e3 46 a3 04 20 72 98 94 63 bc b5 d4 2d 1e 13 9b ff
14:30:44.915 p25787 → [PRE-SYNC] 0x0A0D 0d0a
14:30:44.915 p25787 → [PRE-SYNC] 0x2D2D 2d2d
14:30:44.915 p25787 → [PRE-SYNC] 0x2D2D 2d2d
14:30:44.915 p25787 → [PRE-SYNC] 0x2D2D 2d2d
14:30:44.915 p25787 → [PRE-SYNC] 0x2D2D 2d2d
14:30:44.915 p25787 → [PRE-SYNC] 0x2D2D 2d2d
14:30:44.915 p25787 → [PRE-SYNC] 0x2D2D 2d2d
14:30:44.915 p25787 → [PRE-SYNC] 0x2D2D 2d2d
14:30:44.915 p25787 → [PRE-SYNC] 0x2D2D 2d2d
14:30:44.915 p25787 → [PRE-SYNC] 0x2D2D 2d2d
14:30:44.915 p25787 → [PRE-SYNC] 0x2D2D 2d2d
14:30:44.915 p25787 → [PRE-SYNC] 0x2D2D 2d2d
14:30:44.915 p25787 → [PRE-SYNC] 0x2D2D 2d2d
14:30:44.915 p25787 → [PRE-SYNC] 0x2D2D 2d2d
14:30:44.915 p25787 → [PRE-SYNC] 0x6238 3862
14:30:44.915 p25787 → [PRE-SYNC] 0x3437 3734
14:30:44.915 p25787 → [PRE-SYNC] 0x3032 3230
14:30:44.915 p25787 → [PRE-SYNC] 0x6632 3266
14:30:44.915 p25787 → [PRE-SYNC] 0x3732 3237
14:30:44.915 p25787 → [PRE-SYNC] 0x3734 3437
14:30:44.915 p25787 → [PRE-SYNC] 0x3366 6633
14:30:44.915 p25787 → [PRE-SYNC] 0x3131 3131
14:30:44.915 p25787 → [PRE-SYNC] 0x0A0D 0d0a
14:30:44.915 p25787 → [PRE-SYNC] 0x6F43 436f
14:30:44.916 p25787 → [PRE-SYNC] 0x746E 6e74
14:30:44.916 p25787 → [PRE-SYNC] 0x6E65 656e
14:30:44.916 p25787 → [PRE-SYNC] 0x2D74 742d
14:30:44.916 p25787 → [PRE-SYNC] 0x6944 4469
14:30:44.916 p25787 → [PRE-SYNC] 0x7073 7370
14:30:44.916 p25787 → [PRE-SYNC] 0x736F 6f73
14:30:44.916 p25787 → [PRE-SYNC] 0x7469 6974
14:30:44.916 p25787 → [PRE-SYNC] 0x6F69 696f
14:30:44.916 p25787 → [PRE-SYNC] 0x3A6E 6e3a
14:30:44.916 p25787 → [PRE-SYNC] 0x6620 2066
14:30:44.916 p25787 → [PRE-SYNC] 0x726F 6f72
14:30:44.916 p25787 → [PRE-SYNC] 0x2D6D 6d2d
14:30:44.916 p25787 → [PRE-SYNC] 0x6164 6461
14:30:44.916 p25787 → [PRE-SYNC] 0x6174 7461
14:30:44.916 p25787 → [PRE-SYNC] 0x203B 3b20
14:30:44.916 p25787 → [PRE-SYNC] 0x616E 6e61
14:30:44.916 p25787 → [PRE-SYNC] 0x656D 6d65
14:30:44.916 p25787 → [PRE-SYNC] 0x223D 3d22
14:30:44.916 p25787 → [PRE-SYNC] 0x4941 4149
14:30:44.916 p25787 → [PRE-SYNC] 0x2244 4422
14:30:44.916 p25787 → [PRE-SYNC] 0x0A0D 0d0a
14:30:44.916 p25787 → [PRE-SYNC] 0x0A0D 0d0a
14:30:44.916 p25787 → [PRE-SYNC] 0x3033 3330
14:30:44.916 p25787 → [PRE-SYNC] 0x3531 3135
14:30:44.916 p25787 → [PRE-SYNC] 0x3130 3031
14:30:44.917 p25787 → [PRE-SYNC] 0x0D30 300d
14:30:44.917 p25787 → [PRE-SYNC] 0x2D0A 0a2d
14:30:44.917 p25787 → [PRE-SYNC] 0x2D2D 2d2d
14:30:44.917 p25787 → [PRE-SYNC] 0x2D2D 2d2d
14:30:44.917 p25787 → [PRE-SYNC] 0x2D2D 2d2d
14:30:44.917 p25787 → [PRE-SYNC] 0x2D2D 2d2d
14:30:44.917 p25787 → [PRE-SYNC] 0x2D2D 2d2d
14:30:44.917 p25787 → [PRE-SYNC] 0x2D2D 2d2d
14:30:44.917 p25787 → [PRE-SYNC] 0x2D2D 2d2d
14:30:44.917 p25787 → [PRE-SYNC] 0x2D2D 2d2d
14:30:44.917 p25787 → [PRE-SYNC] 0x2D2D 2d2d
14:30:44.917 p25787 → [PRE-SYNC] 0x2D2D 2d2d
14:30:44.917 p25787 → [PRE-SYNC] 0x2D2D 2d2d
14:30:44.917 p25787 → [PRE-SYNC] 0x2D2D 2d2d
14:30:44.917 p25787 → [PRE-SYNC] 0x382D 2d38
14:30:44.917 p25787 → [PRE-SYNC] 0x3762 6237
14:30:44.917 p25787 → [PRE-SYNC] 0x3234 3432
14:30:44.917 p25787 → [PRE-SYNC] 0x3230 3032
14:30:44.917 p25787 → [PRE-SYNC] 0x3266 6632
14:30:44.917 p25787 → [PRE-SYNC] 0x3437 3734
14:30:44.917 p25787 → [PRE-SYNC] 0x6637 3766
14:30:44.917 p25787 → [PRE-SYNC] 0x3133 3331
14:30:44.917 p25787 → [PRE-SYNC] 0x0D31 310d
14:30:44.917 p25787 → [PRE-SYNC] 0x430A 0a43
14:30:44.917 p25787 → [PRE-SYNC] 0x6E6F 6f6e
14:30:44.917 p25787 → [PRE-SYNC] 0x6574 7465
14:30:44.917 p25787 → [PRE-SYNC] 0x746E 6e74
14:30:44.917 p25787 → [PRE-SYNC] 0x442D 2d44
14:30:44.917 p25787 → [PRE-SYNC] 0x7369 6973
14:30:44.918 p25787 → [PRE-SYNC] 0x6F70 706f
14:30:44.918 p25787 → [PRE-SYNC] 0x6973 7369
14:30:44.918 p25787 → [PRE-SYNC] 0x6974 7469
14:30:44.918 p25787 → [PRE-SYNC] 0x6E6F 6f6e
14:30:44.918 p25787 → [PRE-SYNC] 0x203A 3a20
14:30:44.918 p25787 → [PRE-SYNC] 0x6F66 666f
14:30:44.918 p25787 → [PRE-SYNC] 0x6D72 726d
14:30:44.918 p25787 → [PRE-SYNC] 0x642D 2d64
14:30:44.918 p25787 → [PRE-SYNC] 0x7461 6174
14:30:44.918 p25787 → [PRE-SYNC] 0x3B61 613b
14:30:44.918 p25787 → [PRE-SYNC] 0x6E20 206e
14:30:44.918 p25787 → [PRE-SYNC] 0x6D61 616d
14:30:44.918 p25787 → [PRE-SYNC] 0x3D65 653d
14:30:44.918 p25787 → [PRE-SYNC] 0x4722 2247
14:30:44.918 p25787 → [PRE-SYNC] 0x4449 4944
14:30:44.918 p25787 → [PRE-SYNC] 0x0D22 220d
14:30:44.918 p25787 → [PRE-SYNC] 0x0D0A 0a0d
14:30:44.918 p25787 → [PRE-SYNC] 0x310A 0a31
14:30:44.918 p25787 → [PRE-SYNC] 0x3330 3033
14:30:44.918 p25787 → [PRE-SYNC] 0x3231 3132
14:30:44.918 p25787 → [PRE-SYNC] 0x0A0D 0d0a
14:30:44.918 p25787 → [PRE-SYNC] 0x2D2D 2d2d
14:30:44.918 p25787 → [PRE-SYNC] 0x2D2D 2d2d
14:30:44.918 p25787 → [PRE-SYNC] 0x2D2D 2d2d
14:30:44.918 p25787 → [PRE-SYNC] 0x2D2D 2d2d
14:30:44.918 p25787 → [PRE-SYNC] 0x2D2D 2d2d
14:30:44.918 p25787 → [PRE-SYNC] 0x2D2D 2d2d
14:30:44.918 p25787 → [PRE-SYNC] 0x2D2D 2d2d
14:30:44.918 p25787 → [PRE-SYNC] 0x2D2D 2d2d
14:30:44.918 p25787 → [PRE-SYNC] 0x2D2D 2d2d
14:30:44.919 p25787 → [PRE-SYNC] 0x2D2D 2d2d
14:30:44.919 p25787 → [PRE-SYNC] 0x2D2D 2d2d
14:30:44.919 p25787 → [PRE-SYNC] 0x2D2D 2d2d
14:30:44.919 p25787 → [PRE-SYNC] 0x2D2D 2d2d
14:30:44.919 p25787 → [PRE-SYNC] 0x6238 3862
14:30:44.919 p25787 → [PRE-SYNC] 0x3437 3734
14:30:44.919 p25787 → [PRE-SYNC] 0x3032 3230
14:30:44.919 p25787 → [PRE-SYNC] 0x6632 3266
14:30:44.919 p25787 → [PRE-SYNC] 0x3732 3237
14:30:44.919 p25787 → [PRE-SYNC] 0x3734 3437
14:30:44.919 p25787 → [PRE-SYNC] 0x3366 6633
14:30:44.919 p25787 → [PRE-SYNC] 0x3131 3131
14:30:44.919 p25787 → [PRE-SYNC] 0x0A0D 0d0a
14:30:44.919 p25787 → [PRE-SYNC] 0x6F43 436f
14:30:44.919 p25787 → [PRE-SYNC] 0x746E 6e74
14:30:44.919 p25787 → [PRE-SYNC] 0x6E65 656e
14:30:44.919 p25787 → [PRE-SYNC] 0x2D74 742d
14:30:44.919 p25787 → [PRE-SYNC] 0x6944 4469
14:30:44.919 p25787 → [PRE-SYNC] 0x7073 7370
14:30:44.919 p25787 → [PRE-SYNC] 0x736F 6f73
14:30:44.919 p25787 → [ENC?] 0x2D2D 2d2d
14:30:44.919 p25787 → [ENC?] 0x2D2D 2d2d
14:30:44.919 p25787 → [ENC?] 0x2D2D 2d2d
14:30:44.919 p25787 → [ENC?] 0x2D2D 2d2d
14:30:44.919 p25787 → [ENC?] 0x2D2D 2d2d
14:30:44.919 p25787 → [ENC?] 0x2D2D 2d2d
14:30:44.920 p25787 → [ENC?] 0x6238 3862
14:30:44.920 p25787 → [ENC?] 0x3437 3734
14:30:44.920 p25787 → [ENC?] 0x3032 3230
14:30:44.920 p25787 → [ENC?] 0x6632 3266
14:30:44.920 p25787 → [ENC?] 0x3732 3237
14:30:44.920 p25787 → [ENC?] 0x3734 3437
14:30:44.920 p25787 → [ENC?] 0x3366 6633
14:30:44.920 p25787 → [ENC?] 0x3131 3131
14:30:44.920 p25787 → [ENC?] 0x2D2D 2d2d
14:30:45.452 p24656 ← 0x0283 [354B] 83 02 62 01 2e 00 18 0b 00 00 eb 02 72 66 bf 92 53 95 b0 05 05 00 00 01 02 04 00 8e 00 1a 00 2d
14:30:45.452 p24656 ← 0x0006 [2B] 06 00
14:30:49.284 p24656 ← 0x0000 [2825B] 00 00 09 0b 57 03 00 02 00 ff 01 00 00 00 01 00 00 00 00 00 00 00 00 00 00 00 00 00 00 00 00 00
14:30:49.285 p24656 ← 0x00B0 [8B] b0 00 18 00 d8 09 00 00
14:30:49.285 p24656 ← 0x00B0 [8B] b0 00 19 00 04 74 00 00
14:30:49.286 p24656 ← 0x00B0 [8B] b0 00 0c 00 01 00 00 00
14:30:49.287 p24656 ← 0x0141 [14B] 41 01 0d 00 00 00 13 00 00 00 01 00 00 00
14:30:49.287 p24656 ← 0x0141 [14B] 41 01 0e 00 00 00 11 00 00 00 01 00 00 00
14:30:49.288 p24656 ← 0x0141 [14B] 41 01 0f 00 00 00 01 00 00 00 00 00 00 00
14:30:49.288 p24656 ← 0x0141 [14B] 41 01 10 00 00 00 01 00 00 00 00 00 00 00
14:30:49.288 p24656 ← 0x0141 [14B] 41 01 11 00 00 00 0e 00 00 00 01 00 00 00
14:30:49.289 p24656 ← 0x0141 [14B] 41 01 12 00 00 00 01 00 00 00 00 00 00 00
14:30:49.289 p24656 ← 0x00B0 [8B] b0 00 35 00 6e 01 00 00
14:30:49.290 p24656 ← 0x00B6 [6B] b6 00 47 8c 8e 06
14:30:49.290 p24656 ← 0x00B6 [6B] b6 00 51 8c 8e 06
14:30:49.291 p24656 ← 0x00B6 [6B] b6 00 17 8c 8e 06
14:30:49.292 p24656 ← 0x00B6 [6B] b6 00 52 8c 8e 06
14:30:49.292 p24656 ← 0x00B6 [6B] b6 00 6a 8c 8e 06
14:30:49.293 p24656 ← 0x00B6 [6B] b6 00 cd 32 90 06
14:30:49.293 p24656 ← 0x00B6 [6B] b6 00 48 8c 8e 06
14:30:49.294 p24656 ← 0x00B6 [6B] b6 00 b8 8c 8e 06
14:30:49.294 p24656 ← 0x00B6 [6B] b6 00 47 8c 8e 06
14:30:49.295 p24656 ← 0x00B6 [6B] b6 00 6c 8c 8e 06
14:30:49.295 p24656 ← 0x00B6 [6B] b6 00 48 8c 8e 06
14:30:49.296 p24656 ← 0x00B6 [6B] b6 00 47 8c 8e 06
14:30:49.296 p24656 ← 0x00B6 [6B] b6 00 48 8c 8e 06
14:30:49.297 p24656 ← 0x0080 [7B] 80 00 94 80 8e 06 00
14:30:49.297 p24656 ← 0x00B6 [6B] b6 00 47 8c 8e 06
14:30:49.297 p24656 ← 0x00B6 [6B] b6 00 48 8c 8e 06
14:30:49.298 p24656 ← 0x0001 [2B] 01 00
14:30:49.298 p24656 ← 0xB000 [2B] 00 b0
14:30:49.298 p24656 ← 0x0001 [2B] 01 00
14:30:49.299 p24656 ← 0x1100 [2B] 00 11
14:30:50.751 p24656 ← 0x0000 [256B] 00 00 00 01 00 00 00 00 00 00 b6 00 47 8c 8e 06 86 00 9a 67 94 06 53 d5 45 45 52 88 c7 78 bf 92
14:30:50.751 p24656 ← 0x00B6 [6B] b6 00 47 8c 8e 06
14:30:50.751 p24656 ← 0x0086 [16B] 86 00 9a 67 94 06 53 d5 45 45 52 88 c7 78 bf 92
14:30:50.752 p24656 ← 0x00B6 [6B] b6 00 48 8c 8e 06
14:30:50.752 p24656 ← 0x00B6 [6B] b6 00 47 8c 8e 06
14:30:50.753 p24656 ← 0x00B6 [6B] b6 00 48 8c 8e 06
14:30:56.288 p24656 ← 0x0000 [2248B] 00 00 c8 08 9a 67 94 06 62 01 2e 00 b2 7f bf 92 a0 02 00 00 00 00 00 00 00 00 00 00 00 01 00 00
14:30:56.288 p24656 ← 0x00B6 [6B] b6 00 47 8c 8e 06
14:30:56.288 p24656 ← 0x00B6 [6B] b6 00 48 8c 8e 06
14:30:56.289 p24656 ← 0x0086 [16B] 86 00 bd 67 94 06 51 54 e5 29 4f 88 27 82 bf 92
14:30:56.289 p24656 ← 0x00B6 [6B] b6 00 47 8c 8e 06
14:30:56.290 p24656 ← 0x00B6 [6B] b6 00 48 8c 8e 06
14:30:56.290 p24656 ← 0x00B6 [6B] b6 00 47 8c 8e 06
14:30:56.291 p24656 ← 0x0080 [7B] 80 00 9a 67 94 06 01
14:30:56.291 p24656 ← 0x0086 [16B] 86 00 0b 67 94 06 53 14 b5 2d 4a 88 67 88 bf 92
14:30:56.292 p24656 ← 0x00B6 [6B] b6 00 48 8c 8e 06
14:30:56.292 p24656 ← 0x00B0 [8B] b0 00 05 00 01 00 00 00
14:30:56.293 p24656 ← 0x0141 [14B] 41 01 00 00 00 00 00 00 cc 0a 62 01 2e 00
14:30:56.293 p24656 ← 0x0080 [7B] 80 00 62 01 2e 00 01
14:30:56.294 p24656 ← 0x00B6 [6B] b6 00 47 8c 8e 06
14:30:56.294 p24656 ← 0x00B6 [6B] b6 00 48 8c 8e 06
14:30:56.295 p24656 ← 0x0086 [16B] 86 00 0c 67 94 06 50 95 95 05 5e 88 b3 8c bf 92
14:30:56.296 p24656 ← 0x00B6 [6B] b6 00 47 8c 8e 06
14:30:56.296 p24656 ← 0x00B0 [8B] b0 00 05 00 02 00 00 00
14:30:56.297 p24656 ← 0x00B6 [6B] b6 00 48 8c 8e 06
14:30:56.297 p24656 ← 0x00B0 [8B] b0 00 18 00 d8 09 00 00
14:30:56.298 p24656 ← 0x00B0 [8B] b0 00 19 00 04 74 00 00
14:30:56.298 p24656 ← 0x8100 [2B] 00 81
14:30:59.679 p24656 ← 0x9103 [1585B] 03 91 31 06 57 91 ed 9a a9 9c 9c 5b 3e c6 ea e2 3d 26 9f d6 37 56 a9 04 ed fe 6d 14 76 b0 b4 fb
14:31:01.862 p24656 → 0x0436 [354B] 36 04 62 01 2e 00 48 28 00 00 e2 b4 ee 16 7e 1b 01 00 93 51 41 19 01 92 c3 2c 00 e2 6b c5 b5 93
14:31:01.863 p24656 → [ENC?] 0x3953 5339
14:31:01.863 p24656 → [ENC?] 0xB232 32b2
14:31:01.863 p24656 → [ENC?] 0x85EB eb85
14:31:01.863 p24656 → [ENC?] 0xE003 03e0
14:31:01.863 p24656 → [ENC?] 0x9CAD ad9c
14:31:01.863 p24656 → [ENC?] 0x7579 7975
14:31:01.863 p24656 → [ENC?] 0xAE03 03ae
14:31:01.863 p24656 → [ENC?] 0xEF99 99ef
14:31:01.863 p24656 → [ENC?] 0x8C08 088c
14:31:01.863 p24656 → [ENC?] 0x02F0 f002
14:31:01.863 p24656 → [ENC?] 0xA8A4 a4a8
14:31:01.863 p24656 → [ENC?] 0xFB9B 9bfb
14:31:01.863 p24656 → [ENC?] 0xFEF6 f6fe
14:31:01.863 p24656 → [ENC?] 0xE214 14e2
14:31:01.863 p24656 → [ENC?] 0x29BC bc29
14:31:01.864 p24656 → [ENC?] 0x4E10 104e
14:31:01.864 p24656 → [ENC?] 0x261B 1b26
14:31:01.864 p24656 → [ENC?] 0x114F 4f11
14:31:01.864 p24656 → [ENC?] 0xAD4C 4cad
14:31:01.864 p24656 → [ENC?] 0xCDBC bccd
14:31:01.864 p24656 → [ENC?] 0x1A42 421a
14:31:01.864 p24656 → [ENC?] 0x5D83 835d
14:31:01.864 p24656 → [ENC?] 0xE49D 9de4
14:31:01.864 p24656 → [ENC?] 0xF134 34f1
14:31:01.864 p24656 → [ENC?] 0x0407 0704
14:31:01.864 p24656 → [ENC?] 0x23C3 c323
14:31:01.864 p24656 → [ENC?] 0xAB84 84ab
14:31:01.864 p24656 → [ENC?] 0x9803 0398
14:31:01.864 p24656 → [ENC?] 0x0C4A 4a0c
14:31:01.864 p24656 → [ENC?] 0xAF18 18af
14:31:01.864 p24656 → [ENC?] 0x3944 4439
14:31:01.864 p24656 → [ENC?] 0xD044 44d0
14:31:01.864 p24656 → [ENC?] 0x9E3D 3d9e
14:31:01.865 p24656 → [ENC?] 0x7249 4972
14:31:01.865 p24656 → [ENC?] 0x68A5 a568
14:31:01.865 p24656 → [ENC?] 0xFF03 03ff
14:31:01.996 p24656 → [ENC?] 0x2E04 042e
14:31:01.996 p24656 → [ENC?] 0x5F00 005f
14:31:01.996 p24656 → [ENC?] 0x8603 0386
14:31:03.013 p24656 → [ENC?] 0x092D 2d09
14:31:03.013 p24656 → [ENC?] 0x035F 5f03
14:31:03.829 p24656 → [ENC?] 0x82E3 e382
14:31:03.829 p24656 → [ENC?] 0x5F88 885f
14:31:03.829 p24656 → [ENC?] 0x6A03 036a
14:31:04.275 p24656 ← 0x2DD7 [3328B] d7 2d 00 0d 05 00 00 00 00 00 00 00 31 01 88 d7 2d 00 5b 5a 5d e4 c1 e9 00 00 00 00 00 00 00 00
14:31:06.596 p24656 → [ENC?] 0x4F82 824f
14:31:06.596 p24656 → [ENC?] 0x035F 5f03
14:31:07.164 p24656 → [ENC?] 0xF94D 4df9
14:31:07.164 p24656 → [ENC?] 0x5FB0 b05f
14:31:07.164 p24656 → [ENC?] 0x8103 0381
14:31:08.262 p24656 → [ENC?] 0xB557 57b5
14:31:08.262 p24656 → [ENC?] 0x8280 8082
14:31:08.262 p24656 → [ENC?] 0xE5EA eae5
14:31:08.262 p24656 → [ENC?] 0xA2E2 e2a2
14:31:08.262 p24656 → [ENC?] 0x9A29 299a
14:31:08.262 p24656 → [ENC?] 0xD557 57d5
14:31:08.262 p24656 → [ENC?] 0x077D 7d07
14:31:08.262 p24656 → [ENC?] 0x4896 9648
14:31:08.262 p24656 → [ENC?] 0x7BC8 c87b
14:31:08.263 p24656 → [ENC?] 0xA399 99a3
14:31:08.263 p24656 → [ENC?] 0x4B0B 0b4b
14:31:08.263 p24656 → [ENC?] 0xA849 49a8
14:31:08.263 p24656 → [ENC?] 0xE70E 0ee7
14:31:08.263 p24656 → [ENC?] 0x5ADC dc5a
14:31:08.263 p24656 → [ENC?] 0x32F9 f932
14:31:08.263 p24656 → [ENC?] 0x1F9F 9f1f
14:31:08.263 p24656 → [ENC?] 0xEED3 d3ee
14:31:08.263 p24656 → [ENC?] 0x6270 7062
14:31:08.263 p24656 → [ENC?] 0xF44F 4ff4
14:31:08.263 p24656 → [ENC?] 0x3D83 833d
14:31:08.263 p24656 → [ENC?] 0x5024 2450
14:31:08.263 p24656 → [ENC?] 0xB33D 3db3
14:31:08.263 p24656 → [ENC?] 0xBD08 08bd
14:31:08.263 p24656 → [ENC?] 0x1645 4516
14:31:08.263 p24656 → [ENC?] 0x7D81 817d
14:31:08.263 p24656 → [ENC?] 0xA1E9 e9a1
14:31:08.263 p24656 → [ENC?] 0xF103 03f1
14:31:08.263 p24656 → [ENC?] 0x91CA ca91
14:31:08.263 p24656 → [ENC?] 0x218E 8e21
14:31:08.263 p24656 → [ENC?] 0x580F 0f58
14:31:08.263 p24656 → [ENC?] 0x11BB bb11
14:31:08.263 p24656 → [ENC?] 0x8C41 418c
14:31:08.264 p24656 → [ENC?] 0x8C30 308c
14:31:08.264 p24656 → [ENC?] 0x2411 1124
14:31:08.264 p24656 → [ENC?] 0x1135 3511
14:31:08.264 p24656 → [ENC?] 0x4ACE ce4a
14:31:08.264 p24656 → [ENC?] 0x4D3F 3f4d
14:31:08.264 p24656 → [ENC?] 0x310A 0a31
14:31:08.264 p24656 → [ENC?] 0x3ACF cf3a
14:31:08.264 p24656 → [ENC?] 0x7D21 217d
14:31:08.264 p24656 → [ENC?] 0xF97F 7ff9
14:31:08.264 p24656 → [ENC?] 0x4589 8945
14:31:08.264 p24656 → [ENC?] 0x854F 4f85
14:31:08.264 p24656 → [ENC?] 0xAC92 92ac
14:31:08.264 p24656 → [ENC?] 0xE912 12e9
14:31:08.264 p24656 → [ENC?] 0x3D3E 3e3d
14:31:08.264 p24656 → [ENC?] 0xC71C 1cc7
14:31:08.264 p24656 → [ENC?] 0x83CE ce83
14:31:08.264 p24656 → [ENC?] 0xA2D6 d6a2
14:31:08.264 p24656 → [ENC?] 0x3399 9933
14:31:08.264 p24656 → [ENC?] 0x05A2 a205
14:31:08.264 p24656 → [ENC?] 0x3471 7134
14:31:08.264 p24656 → [ENC?] 0x9ABA ba9a
14:31:08.264 p24656 → [ENC?] 0x6D3B 3b6d
14:31:08.264 p24656 → [ENC?] 0x370C 0c37
14:31:08.264 p24656 → [ENC?] 0x3DDA da3d
14:31:08.264 p24656 → [ENC?] 0x18DF df18
14:31:08.264 p24656 → [ENC?] 0x3A88 883a
14:31:08.264 p24656 → [ENC?] 0x552B 2b55
14:31:08.264 p24656 → [ENC?] 0xDF93 93df
14:31:08.264 p24656 → [ENC?] 0x5388 8853
14:31:08.265 p24656 → [ENC?] 0xC304 04c3
14:31:08.265 p24656 → [ENC?] 0x9622 2296
14:31:08.265 p24656 → [ENC?] 0x09CD cd09
14:31:08.265 p24656 → [ENC?] 0x7DBF bf7d
14:31:08.265 p24656 → [ENC?] 0x0360 6003
14:31:08.265 p24656 → [ENC?] 0xACF8 f8ac
14:31:09.030 p24656 → [ENC?] 0x1941 4119
14:31:09.030 p24656 → [ENC?] 0x035F 5f03
14:31:09.978 p24656 → [ENC?] 0x0DDB db0d
14:31:09.978 p24656 → [ENC?] 0x68B4 b468
14:31:09.978 p24656 → [ENC?] 0x6203 0362
14:31:09.996 p24656 → [ENC?] 0x2E01 012e
14:31:09.996 p24656 → [ENC?] 0x6800 0068
14:31:09.996 p24656 → [ENC?] 0x9703 0397
14:31:10.545 p24656 → [ENC?] 0x8E8A 8a8e
14:31:10.545 p24656 → [ENC?] 0x6106 0661
14:31:10.546 p24656 → [ENC?] 0x0103 0301
14:31:20.278 p24656 → 0x0000 [144B] 00 00 90 00 97 8a 8e 06 01 b8 00 97 8a 8e 06 01 b9 00 97 8a 8e 06 68 03 17 78 8e 06 46 01 97 8a
14:31:20.278 p24656 → [ENC?] 0xF8A4 a4f8
14:31:20.278 p24656 → [ENC?] 0xCBF8 f8cb
14:31:20.278 p24656 → [ENC?] 0xDE8C 8cde
14:31:20.278 p24656 → [ENC?] 0xCEE4 e4ce
14:31:20.278 p24656 → [ENC?] 0xA12B 2ba1
14:31:20.278 p24656 → [ENC?] 0xA8BB bba8
14:31:20.278 p24656 → [ENC?] 0x1B30 301b
14:31:20.278 p24656 → [ENC?] 0x4957 5749
14:31:20.278 p24656 → [ENC?] 0x96A7 a796
14:31:20.278 p24656 → [ENC?] 0x85E7 e785
14:31:20.278 p24656 → [ENC?] 0xE0FF ffe0
14:31:20.278 p24656 → [ENC?] 0xDF44 44df
14:31:20.278 p24656 → [ENC?] 0x1697 9716
14:31:20.278 p24656 → [ENC?] 0x98D2 d298
14:31:20.278 p24656 → [ENC?] 0x7E4F 4f7e
14:31:20.278 p24656 → [ENC?] 0xA4DA daa4
14:31:20.278 p24656 → [ENC?] 0xD58A 8ad5
14:31:20.278 p24656 → [ENC?] 0xB6A8 a8b6
14:31:20.278 p24656 → [ENC?] 0xC18D 8dc1
14:31:20.278 p24656 → [ENC?] 0xAF57 57af
14:31:20.278 p24656 → [ENC?] 0x0268 6802
14:31:20.279 p24656 → [ENC?] 0x4EA7 a74e
14:31:20.279 p24656 → [ENC?] 0x5BB9 b95b
14:31:20.279 p24656 → [ENC?] 0x6AE5 e56a
14:31:20.279 p24656 → [ENC?] 0xC52B 2bc5
14:31:20.279 p24656 → [ENC?] 0x6EB5 b56e
14:31:20.279 p24656 → [ENC?] 0xC12C 2cc1
14:31:20.279 p24656 → [ENC?] 0xB6F3 f3b6
14:31:20.279 p24656 → [ENC?] 0xE407 07e4
14:31:20.279 p24656 → [ENC?] 0x0F41 410f
14:31:20.279 p24656 → [ENC?] 0x9803 0398
14:31:20.279 p24656 → [ENC?] 0x0C9C 9c0c
14:31:20.279 p24656 → [ENC?] 0xE020 20e0
14:31:20.279 p24656 → [ENC?] 0x96D2 d296
14:31:20.279 p24656 → [ENC?] 0xD2CE ced2
14:31:20.279 p24656 → [ENC?] 0x388C 8c38
14:31:20.279 p24656 → [ENC?] 0x42D8 d842
14:31:20.279 p24656 → [ENC?] 0x44BA ba44
14:31:20.279 p24656 → [ENC?] 0xF19F 9ff1
14:31:20.280 p24656 → [ENC?] 0x0360 6003
14:31:20.280 p24656 → [ENC?] 0xDBE7 e7db
14:31:20.629 p24656 → [ENC?] 0x1941 4119
14:31:20.629 p24656 → [ENC?] 0x035F 5f03
14:31:21.231 p24656 → [ENC?] 0x729A 9a72
14:31:21.231 p24656 → [ENC?] 0x5F43 435f
14:31:21.231 p24656 → [ENC?] 0xC803 03c8
14:31:21.713 p24656 → [ENC?] 0x9668 6896
14:31:21.713 p24656 → [ENC?] 0x035F 5f03
14:31:22.345 p24656 → [ENC?] 0x7CD8 d87c
14:31:22.345 p24656 → [ENC?] 0x5F61 615f
14:31:22.345 p24656 → [ENC?] 0x8F03 038f
14:31:23.046 p24656 → [ENC?] 0x391A 1a39
14:31:23.046 p24656 → [ENC?] 0x035F 5f03
14:31:23.479 p24656 → [ENC?] 0x09C6 c609
14:31:23.479 p24656 → [ENC?] 0x5F14 145f
14:31:23.479 p24656 → [ENC?] 0xA003 03a0
14:31:24.013 p24656 → [ENC?] 0x860D 0d86
14:31:24.013 p24656 → [ENC?] 0x035F 5f03
14:31:24.729 p24656 → [ENC?] 0x657D 7d65
14:31:24.730 p24656 → [ENC?] 0x5FB3 b35f
14:31:24.730 p24656 → [ENC?] 0xA203 03a2
14:31:27.880 p24656 → [ENC?] 0x3491 9134
14:31:27.880 p24656 → [ENC?] 0x035F 5f03
14:31:28.446 p24656 → [ENC?] 0x8E99 998e
14:31:28.446 p24656 → [ENC?] 0x5FCC cc5f
14:31:28.446 p24656 → [ENC?] 0x5403 0354
14:31:29.246 p24656 → [ENC?] 0xA01D 1da0
14:31:29.246 p24656 → [ENC?] 0x035F 5f03
14:31:29.746 p24656 → [ENC?] 0x2B71 712b
14:31:29.746 p24656 → [ENC?] 0x5F59 595f
14:31:29.746 p24656 → [ENC?] 0x2B03 032b
14:31:31.378 p24656 → [ENC?] 0xB65A 5ab6
14:31:31.379 p24656 → [ENC?] 0x035F 5f03
14:31:31.779 p24656 → [ENC?] 0x50E5 e550
14:31:31.779 p24656 → [ENC?] 0x5F90 905f
14:31:31.779 p24656 → [ENC?] 0x0703 0307
14:31:32.294 p24656 → [ENC?] 0x184C 4c18
14:31:32.295 p24656 → [ENC?] 0x8280 8082
14:31:32.295 p24656 → [ENC?] 0x9696 9696
14:31:32.295 p24656 → [ENC?] 0xBA59 59ba
14:31:32.295 p24656 → [ENC?] 0xA264 64a2
14:31:32.295 p24656 → [ENC?] 0x5F88 885f
14:31:32.295 p24656 → [ENC?] 0x8646 4686
14:31:32.295 p24656 → [ENC?] 0xC4DB dbc4
14:31:32.295 p24656 → [ENC?] 0x9D42 429d
14:31:32.295 p24656 → [ENC?] 0x6655 5566
14:31:32.295 p24656 → [ENC?] 0xF23D 3df2
14:31:32.295 p24656 → [ENC?] 0x41E0 e041
14:31:32.295 p24656 → [ENC?] 0x6C30 306c
14:31:32.295 p24656 → [ENC?] 0xD578 78d5
14:31:32.295 p24656 → [ENC?] 0x6169 6961
14:31:32.295 p24656 → [ENC?] 0xBDD8 d8bd
14:31:32.295 p24656 → [ENC?] 0x3B29 293b
14:31:32.295 p24656 → [ENC?] 0x6A99 996a
14:31:32.295 p24656 → [ENC?] 0x4EF6 f64e
14:31:32.295 p24656 → [ENC?] 0x7941 4179
14:31:32.295 p24656 → [ENC?] 0xDB7B 7bdb
14:31:32.295 p24656 → [ENC?] 0xAAB4 b4aa
14:31:32.295 p24656 → [ENC?] 0x3646 4636
14:31:32.295 p24656 → [ENC?] 0x04D5 d504
14:31:32.296 p24656 → [ENC?] 0x442E 2e44
14:31:32.296 p24656 → [ENC?] 0x123A 3a12
14:31:32.296 p24656 → [ENC?] 0xDD2D 2ddd
14:31:32.296 p24656 → [ENC?] 0xEA47 47ea
14:31:32.296 p24656 → [ENC?] 0xB1D3 d3b1
14:31:32.296 p24656 → [ENC?] 0x4997 9749
14:31:32.296 p24656 → [ENC?] 0x6174 7461
14:31:32.296 p24656 → [ENC?] 0x1279 7912
14:31:32.296 p24656 → [ENC?] 0x60F7 f760
14:31:32.296 p24656 → [ENC?] 0xE8EB ebe8
14:31:32.296 p24656 → [ENC?] 0xA29F 9fa2
14:31:32.296 p24656 → [ENC?] 0x753E 3e75
14:31:32.296 p24656 → [ENC?] 0xCDB5 b5cd
14:31:32.296 p24656 → [ENC?] 0x2922 2229
14:31:32.296 p24656 → [ENC?] 0xFF45 45ff
14:31:32.296 p24656 → [ENC?] 0x443A 3a44
14:31:32.296 p24656 → [ENC?] 0x56E8 e856
14:31:32.296 p24656 → [ENC?] 0x9C29 299c
14:31:32.296 p24656 → [ENC?] 0x28AF af28
14:31:32.296 p24656 → [ENC?] 0xD66E 6ed6
14:31:32.296 p24656 → [ENC?] 0x07D3 d307
14:31:32.296 p24656 → [ENC?] 0xC129 29c1
14:31:32.296 p24656 → [ENC?] 0xA457 57a4
14:31:32.296 p24656 → [ENC?] 0x57F3 f357
14:31:32.296 p24656 → [ENC?] 0xD176 76d1
14:31:32.296 p24656 → [ENC?] 0x2525 2525
14:31:32.296 p24656 → [ENC?] 0x7A74 747a
14:31:32.296 p24656 → [ENC?] 0xB38F 8fb3
14:31:32.296 p24656 → [ENC?] 0x8C77 778c
14:31:32.296 p24656 → [ENC?] 0x0887 8708
14:31:32.296 p24656 → [ENC?] 0xC381 81c3
14:31:32.297 p24656 → [ENC?] 0xBD9A 9abd
14:31:32.297 p24656 → [ENC?] 0xECB5 b5ec
14:31:32.297 p24656 → [ENC?] 0xC7D5 d5c7
14:31:32.297 p24656 → [ENC?] 0x430A 0a43
14:31:32.297 p24656 → [ENC?] 0x480F 0f48
14:31:32.297 p24656 → [ENC?] 0x979E 9e97
14:31:32.297 p24656 → [ENC?] 0x1468 6814
14:31:32.297 p24656 → [ENC?] 0xF0A6 a6f0
14:31:32.297 p24656 → [ENC?] 0xBD32 32bd
14:31:32.297 p24656 → [ENC?] 0x87C8 c887
14:31:32.297 p24656 → [ENC?] 0x0360 6003
14:31:32.297 p24656 → [ENC?] 0x0AD8 d80a
14:31:32.495 p24656 → [ENC?] 0x1942 4219
14:31:32.495 p24656 → [ENC?] 0x035F 5f03
14:31:33.129 p24656 → [ENC?] 0xE46D 6de4
14:31:33.129 p24656 → [ENC?] 0x5F25 255f
14:31:33.129 p24656 → [ENC?] 0x8703 0387
14:31:34.113 p24656 → [ENC?] 0xC960 60c9
14:31:34.113 p24656 → [ENC?] 0x035F 5f03
14:31:34.545 p24656 → [ENC?] 0x491F 1f49
14:31:34.545 p24656 → [ENC?] 0x6873 7368
14:31:34.545 p24656 → [ENC?] 0xD703 03d7
14:31:34.579 p24656 → [ENC?] 0x2DF2 f22d
14:31:34.580 p24656 → [ENC?] 0x5F00 005f
14:31:34.580 p24656 → [ENC?] 0x8C03 038c
14:31:35.979 p24656 → [ENC?] 0x23E8 e823
14:31:35.979 p24656 → [ENC?] 0x00E4 e400
14:31:35.979 p24656 → [ENC?] 0xF2D7 d7f2
14:31:36.479 p24656 → [ENC?] 0x002D 2d00
14:31:36.479 p24656 → [ENC?] 0x035F 5f03
