14:56:36.689 p22878 → [PRE-SYNC] 0x0064 6400
14:56:36.690 p22878 → [PRE-SYNC] 0x0000 0000
14:56:36.690 p22878 → [PRE-SYNC] 0x0000 0000
14:56:36.690 p22878 → [PRE-SYNC] 0x0000 0000
14:56:36.690 p22878 → [PRE-SYNC] 0x0000 0000
14:56:36.690 p22878 → [PRE-SYNC] 0x0000 0000
14:56:36.690 p22878 → [PRE-SYNC] 0x0000 0000
14:56:36.690 p22878 → [PRE-SYNC] 0x0000 0000
14:56:36.690 p22878 → [PRE-SYNC] 0x0000 0000
14:56:36.690 p22878 → [PRE-SYNC] 0x0000 0000
14:56:36.690 p22878 → [PRE-SYNC] 0x0000 0000
14:56:36.690 p22878 → [PRE-SYNC] 0x0000 0000
14:56:36.690 p22878 → [PRE-SYNC] 0x0000 0000
14:56:36.690 p22878 → [PRE-SYNC] 0x0000 0000
14:56:36.690 p22878 → [PRE-SYNC] 0x0000 0000
14:56:36.691 p22878 → [PRE-SYNC] 0x0000 0000
14:56:36.691 p22878 → [PRE-SYNC] 0x0000 0000
14:56:36.691 p22878 → [PRE-SYNC] 0x0000 0000
14:56:36.691 p22878 → [PRE-SYNC] 0x0000 0000
14:56:36.691 p22878 → [PRE-SYNC] 0x0000 0000
14:56:36.691 p22878 → [PRE-SYNC] 0x0000 0000
14:56:36.691 p22878 → [PRE-SYNC] 0x0000 0000
14:56:36.691 p22878 → [PRE-SYNC] 0x0000 0000
14:56:36.691 p22878 → [PRE-SYNC] 0x0000 0000
14:56:36.691 p22878 → [PRE-SYNC] 0x0000 0000
14:56:36.691 p22878 → [PRE-SYNC] 0x0000 0000
14:56:36.691 p22878 → [PRE-SYNC] 0x0000 0000
14:56:36.691 p22878 → [PRE-SYNC] 0x0000 0000
14:56:36.691 p22878 → [PRE-SYNC] 0x0000 0000
14:56:36.691 p22878 → [PRE-SYNC] 0x0000 0000
14:56:36.691 p22878 → [PRE-SYNC] 0x0000 0000
14:56:36.691 p22878 → [PRE-SYNC] 0x0000 0000
14:56:36.691 p22878 → [PRE-SYNC] 0x0000 0000
14:56:36.691 p22878 → [PRE-SYNC] 0x0000 0000
14:56:36.691 p22878 → [PRE-SYNC] 0x0000 0000
14:56:36.691 p22878 → [PRE-SYNC] 0x0000 0000
14:56:36.691 p22878 → [PRE-SYNC] 0x0000 0000
14:56:36.691 p22878 → [PRE-SYNC] 0x0000 0000
14:56:36.691 p22878 → [PRE-SYNC] 0x0000 0000
14:56:36.691 p22878 → [PRE-SYNC] 0x0000 0000
14:56:36.691 p22878 → [PRE-SYNC] 0x0000 0000
14:56:36.692 p22878 → [PRE-SYNC] 0x0000 0000
14:56:36.692 p22878 → [PRE-SYNC] 0x0000 0000
14:56:36.692 p22878 → [PRE-SYNC] 0x0000 0000
14:56:36.692 p22878 → [PRE-SYNC] 0x0000 0000
14:56:36.692 p22878 → [PRE-SYNC] 0x0000 0000
14:56:36.692 p22878 → [PRE-SYNC] 0x0000 0000
14:56:36.692 p22878 → [PRE-SYNC] 0x0000 0000
14:56:36.692 p22878 → [PRE-SYNC] 0x0000 0000
14:56:36.692 p22878 → [PRE-SYNC] 0x0000 0000
14:56:36.692 p22878 → [PRE-SYNC] 0x0000 0000
14:56:36.692 p22878 → [PRE-SYNC] 0x0000 0000
14:56:36.692 p22878 → [PRE-SYNC] 0x0000 0000
14:56:36.692 p22878 → [PRE-SYNC] 0x0000 0000
14:56:36.692 p22878 → [PRE-SYNC] 0x0000 0000
14:56:36.692 p22878 → [PRE-SYNC] 0x0000 0000
14:56:36.692 p22878 → [PRE-SYNC] 0x0000 0000
14:56:36.692 p22878 → [PRE-SYNC] 0x0000 0000
14:56:36.692 p22878 → [PRE-SYNC] 0x0000 0000
14:56:36.692 p22878 → [PRE-SYNC] 0x0000 0000
14:56:36.692 p22878 → [PRE-SYNC] 0x0000 0000
14:56:36.692 p22878 → [PRE-SYNC] 0x0000 0000
14:56:36.692 p22878 → [PRE-SYNC] 0x0000 0000
14:56:36.692 p22878 → [PRE-SYNC] 0x0000 0000
14:56:36.692 p22878 → [PRE-SYNC] 0x0000 0000
14:56:36.692 p22878 → [PRE-SYNC] 0x0000 0000
14:56:36.692 p22878 → [PRE-SYNC] 0x0000 0000
14:56:36.692 p22878 → [PRE-SYNC] 0x0000 0000
14:56:36.693 p22878 → [PRE-SYNC] 0x0000 0000
14:56:36.693 p22878 → [PRE-SYNC] 0x0000 0000
14:56:36.693 p22878 → [PRE-SYNC] 0x0000 0000
14:56:36.693 p22878 → [PRE-SYNC] 0x0000 0000
14:56:36.693 p22878 → [PRE-SYNC] 0x0000 0000
14:56:36.693 p22878 → [PRE-SYNC] 0x0000 0000
14:56:36.693 p22878 → [PRE-SYNC] 0x0000 0000
14:56:36.693 p22878 → [PRE-SYNC] 0x0000 0000
14:56:36.693 p22878 → [PRE-SYNC] 0x0000 0000
14:56:36.693 p22878 → [PRE-SYNC] 0x0000 0000
14:56:36.693 p22878 → [PRE-SYNC] 0x0000 0000
14:56:36.693 p22878 → [PRE-SYNC] 0x0000 0000
14:56:36.693 p22878 → [PRE-SYNC] 0x0000 0000
14:56:36.693 p22878 → [PRE-SYNC] 0x0000 0000
14:56:36.693 p22878 → [PRE-SYNC] 0x0000 0000
14:56:36.693 p22878 → [PRE-SYNC] 0x0000 0000
14:56:36.693 p22878 → [PRE-SYNC] 0x0000 0000
14:56:36.693 p22878 → [PRE-SYNC] 0x0000 0000
14:56:36.693 p22878 → [PRE-SYNC] 0x0000 0000
14:56:36.693 p22878 → [PRE-SYNC] 0x0000 0000
14:56:36.693 p22878 → [PRE-SYNC] 0x0000 0000
14:56:36.693 p22878 → [PRE-SYNC] 0x0000 0000
14:56:36.693 p22878 → [PRE-SYNC] 0x0000 0000
14:56:36.693 p22878 → [PRE-SYNC] 0x0000 0000
14:56:36.693 p22878 → [PRE-SYNC] 0x0000 0000
14:56:36.693 p22878 → [PRE-SYNC] 0x0000 0000
14:56:36.693 p22878 → [PRE-SYNC] 0x0000 0000
14:56:36.693 p22878 → [PRE-SYNC] 0x0000 0000
14:56:36.693 p22878 → [PRE-SYNC] 0x0000 0000
14:56:36.693 p22878 → [PRE-SYNC] 0x0000 0000
14:56:36.693 p22878 → [PRE-SYNC] 0x0000 0000
14:56:36.694 p22878 → [PRE-SYNC] 0x0000 0000
14:56:36.694 p22878 → [PRE-SYNC] 0x0000 0000
14:56:36.694 p22878 → [PRE-SYNC] 0x0000 0000
14:56:36.694 p22878 → [PRE-SYNC] 0x0000 0000
14:56:36.694 p22878 → [PRE-SYNC] 0x0000 0000
14:56:36.694 p22878 → [PRE-SYNC] 0x0000 0000
14:56:36.694 p22878 → [PRE-SYNC] 0x0000 0000
14:56:36.694 p22878 → [PRE-SYNC] 0x0000 0000
14:56:36.694 p22878 → [PRE-SYNC] 0x0000 0000
14:56:36.694 p22878 → [PRE-SYNC] 0x0000 0000
14:56:36.694 p22878 → [PRE-SYNC] 0x0000 0000
14:56:36.694 p22878 → [PRE-SYNC] 0x0000 0000
14:56:36.694 p22878 → [PRE-SYNC] 0x0000 0000
14:56:36.694 p22878 → [PRE-SYNC] 0x0000 0000
14:56:36.694 p22878 → [PRE-SYNC] 0x0000 0000
14:56:36.694 p22878 → [PRE-SYNC] 0x0000 0000
14:56:36.694 p22878 → [PRE-SYNC] 0x0000 0000
14:56:36.694 p22878 → [PRE-SYNC] 0x0000 0000
14:56:36.694 p22878 → [PRE-SYNC] 0x0000 0000
14:56:36.694 p22878 → [PRE-SYNC] 0x0000 0000
14:56:36.694 p22878 → [PRE-SYNC] 0x0000 0000
14:56:36.694 p22878 → [PRE-SYNC] 0x0000 0000
14:56:36.694 p22878 → [PRE-SYNC] 0x0000 0000
14:56:36.694 p22878 → [PRE-SYNC] 0x0000 0000
14:56:36.694 p22878 → [PRE-SYNC] 0x0000 0000
14:56:36.694 p22878 → [PRE-SYNC] 0x0000 0000
14:56:36.694 p22878 → [PRE-SYNC] 0x0000 0000
14:56:36.695 p22878 → [PRE-SYNC] 0x0000 0000
14:56:36.695 p22878 → [PRE-SYNC] 0x0000 0000
14:56:36.695 p22878 → [PRE-SYNC] 0x0000 0000
14:56:36.695 p22878 → [PRE-SYNC] 0x0000 0000
14:56:36.695 p22878 → [PRE-SYNC] 0x0000 0000
14:56:36.695 p22878 → [PRE-SYNC] 0x0000 0000
14:56:36.695 p22878 → [PRE-SYNC] 0x0000 0000
14:56:36.695 p22878 → [PRE-SYNC] 0x0000 0000
14:56:36.695 p22878 → [PRE-SYNC] 0x0000 0000
14:56:36.695 p22878 → [PRE-SYNC] 0x0000 0000
14:56:36.695 p22878 → [PRE-SYNC] 0x0000 0000
14:56:36.695 p22878 → [PRE-SYNC] 0x0000 0000
14:56:36.695 p22878 → [PRE-SYNC] 0x0000 0000
14:56:36.695 p22878 → [PRE-SYNC] 0x0000 0000
14:56:36.695 p22878 → [PRE-SYNC] 0x0000 0000
14:56:36.695 p22878 → [PRE-SYNC] 0x0000 0000
14:56:36.695 p22878 → [PRE-SYNC] 0x0000 0000
14:56:36.695 p22878 → [PRE-SYNC] 0x0000 0000
14:56:36.695 p22878 → [PRE-SYNC] 0x0000 0000
14:56:36.695 p22878 → [PRE-SYNC] 0x0000 0000
14:56:36.695 p22878 → [PRE-SYNC] 0x0000 0000
14:56:36.695 p22878 → [PRE-SYNC] 0x0000 0000
14:56:36.695 p22878 → [PRE-SYNC] 0x0000 0000
14:56:36.695 p22878 → [PRE-SYNC] 0x0000 0000
14:56:36.695 p22878 → [PRE-SYNC] 0x0000 0000
14:56:36.695 p22878 → [PRE-SYNC] 0x0000 0000
14:56:36.695 p22878 → [PRE-SYNC] 0x0000 0000
14:56:36.695 p22878 → [PRE-SYNC] 0x0000 0000
14:56:36.695 p22878 → [PRE-SYNC] 0x0000 0000
14:56:36.695 p22878 → [PRE-SYNC] 0x0000 0000
14:56:36.696 p22878 → [PRE-SYNC] 0x0000 0000
14:56:36.696 p22878 → [PRE-SYNC] 0x0000 0000
14:56:36.696 p22878 → [PRE-SYNC] 0x0000 0000
14:56:36.696 p22878 → [PRE-SYNC] 0x0000 0000
14:56:36.696 p22878 → [PRE-SYNC] 0x0000 0000
14:56:36.696 p22878 → [PRE-SYNC] 0x0000 0000
14:56:36.696 p22878 → [PRE-SYNC] 0x0000 0000
14:56:36.696 p22878 → [PRE-SYNC] 0x0000 0000
14:56:36.696 p22878 → [PRE-SYNC] 0x0000 0000
14:56:36.696 p22878 → [PRE-SYNC] 0x0000 0000
14:56:36.696 p22878 → [PRE-SYNC] 0x0000 0000
14:56:36.696 p22878 → [PRE-SYNC] 0x0000 0000
14:56:36.696 p22878 → [PRE-SYNC] 0x0000 0000
14:56:36.696 p22878 → [PRE-SYNC] 0x0000 0000
14:56:36.696 p22878 → [PRE-SYNC] 0x0000 0000
14:56:36.696 p22878 → [PRE-SYNC] 0x0000 0000
14:56:36.696 p22878 → [PRE-SYNC] 0x0000 0000
14:56:36.696 p22878 → [PRE-SYNC] 0x0000 0000
14:56:36.697 p22878 → [PRE-SYNC] 0x0000 0000
14:56:36.697 p22878 → [PRE-SYNC] 0x0000 0000
14:56:36.697 p22878 → [PRE-SYNC] 0x0000 0000
14:56:36.697 p22878 → [PRE-SYNC] 0x0000 0000
14:56:36.697 p22878 → [PRE-SYNC] 0x0000 0000
14:56:36.697 p22878 → [PRE-SYNC] 0x0000 0000
14:56:36.697 p22878 → [PRE-SYNC] 0x0000 0000
14:56:36.697 p22878 → [PRE-SYNC] 0x0000 0000
14:56:36.697 p22878 → [PRE-SYNC] 0x0000 0000
14:56:36.697 p22878 → [PRE-SYNC] 0x0000 0000
14:56:36.697 p22878 → [PRE-SYNC] 0x0000 0000
14:56:36.697 p22878 → [PRE-SYNC] 0x0000 0000
14:56:36.697 p22878 → [PRE-SYNC] 0x0000 0000
14:56:36.697 p22878 → [PRE-SYNC] 0x0000 0000
14:56:36.697 p22878 → [PRE-SYNC] 0x0000 0000
14:56:36.697 p22878 → [PRE-SYNC] 0x0000 0000
14:56:36.697 p22878 → [PRE-SYNC] 0x0000 0000
14:56:36.698 p22878 → [PRE-SYNC] 0x0000 0000
14:56:36.698 p22878 → [PRE-SYNC] 0x0000 0000
14:56:36.698 p22878 → [PRE-SYNC] 0x0000 0000
14:56:36.698 p22878 → [PRE-SYNC] 0x0000 0000
14:56:36.698 p22878 → [PRE-SYNC] 0x0000 0000
14:56:36.698 p22878 → [PRE-SYNC] 0x0000 0000
14:56:36.698 p22878 → [PRE-SYNC] 0x0000 0000
14:56:36.698 p22878 → [PRE-SYNC] 0x0000 0000
14:56:36.698 p22878 → [PRE-SYNC] 0x0000 0000
14:56:36.698 p22878 → [PRE-SYNC] 0x0000 0000
14:56:36.698 p22878 → [PRE-SYNC] 0x0000 0000
14:56:36.698 p22878 → [PRE-SYNC] 0x0000 0000
14:56:36.698 p22878 → [PRE-SYNC] 0x0000 0000
14:56:36.698 p22878 → [PRE-SYNC] 0x0000 0000
14:56:36.698 p22878 → [PRE-SYNC] 0x0000 0000
14:56:36.698 p22878 → [PRE-SYNC] 0x0000 0000
14:56:36.698 p22878 → [PRE-SYNC] 0x0000 0000
14:56:36.698 p22878 → [PRE-SYNC] 0x0000 0000
14:56:36.698 p22878 → [PRE-SYNC] 0x0000 0000
14:56:36.698 p22878 → [PRE-SYNC] 0x0000 0000
14:56:36.699 p22878 → [PRE-SYNC] 0x0000 0000
14:56:36.699 p22878 → [PRE-SYNC] 0x0000 0000
14:56:36.699 p22878 → [PRE-SYNC] 0x0000 0000
14:56:36.699 p22878 → [PRE-SYNC] 0x0000 0000
14:56:36.699 p22878 → [PRE-SYNC] 0x0000 0000
14:56:36.699 p22878 → [PRE-SYNC] 0x0000 0000
14:56:36.699 p22878 → [PRE-SYNC] 0x0000 0000
14:56:36.699 p22878 → [PRE-SYNC] 0x0000 0000
14:56:36.699 p22878 → [PRE-SYNC] 0x0000 0000
14:56:36.699 p22878 → [PRE-SYNC] 0x0000 0000
14:56:36.699 p22878 → [PRE-SYNC] 0x0000 0000
14:56:36.699 p22878 → [PRE-SYNC] 0x0000 0000
14:56:36.699 p22878 → [PRE-SYNC] 0x0000 0000
14:56:36.699 p22878 → [PRE-SYNC] 0x0000 0000
14:56:36.699 p22878 → [PRE-SYNC] 0x0000 0000
14:56:36.699 p22878 → [PRE-SYNC] 0x0000 0000
14:56:36.699 p22878 → [PRE-SYNC] 0x0000 0000
14:56:36.699 p22878 → [PRE-SYNC] 0x0000 0000
14:56:36.699 p22878 → [PRE-SYNC] 0x0000 0000
14:56:36.699 p22878 → [PRE-SYNC] 0x0000 0000
14:56:36.699 p22878 → [PRE-SYNC] 0x0000 0000
14:56:36.699 p22878 → [PRE-SYNC] 0x0000 0000
14:56:36.699 p22878 → [PRE-SYNC] 0x0000 0000
14:56:36.699 p22878 → [PRE-SYNC] 0x0000 0000
14:56:36.699 p22878 → [PRE-SYNC] 0x0000 0000
14:56:36.699 p22878 → [PRE-SYNC] 0x0000 0000
14:56:36.699 p22878 → [PRE-SYNC] 0x0000 0000
14:56:36.699 p22878 → [PRE-SYNC] 0x0000 0000
14:56:36.699 p22878 → [PRE-SYNC] 0x0000 0000
14:56:36.699 p22878 → [PRE-SYNC] 0x0000 0000
14:56:36.699 p22878 → [PRE-SYNC] 0x0000 0000
14:56:36.700 p22878 → [PRE-SYNC] 0x0000 0000
14:56:36.700 p22878 → [PRE-SYNC] 0x0000 0000
14:56:36.700 p22878 → [PRE-SYNC] 0x0000 0000
14:56:36.700 p22878 → [PRE-SYNC] 0x0000 0000
14:56:36.700 p22878 → [PRE-SYNC] 0x0000 0000
14:56:36.700 p22878 → [PRE-SYNC] 0x0000 0000
14:56:36.700 p22878 → [PRE-SYNC] 0x0000 0000
14:56:36.700 p22878 → [PRE-SYNC] 0x0000 0000
14:56:36.700 p22878 → [PRE-SYNC] 0x0000 0000
14:56:36.700 p22878 → [PRE-SYNC] 0x0000 0000
14:56:36.700 p22878 → [PRE-SYNC] 0x0000 0000
14:56:36.700 p22878 → [PRE-SYNC] 0x0000 0000
14:56:36.700 p22878 → [PRE-SYNC] 0x0000 0000
14:56:36.700 p22878 → [PRE-SYNC] 0x0000 0000
14:56:36.700 p22878 → [PRE-SYNC] 0x0000 0000
14:56:36.700 p22878 → [PRE-SYNC] 0x0000 0000
14:56:36.700 p22878 → [PRE-SYNC] 0x0000 0000
14:56:36.700 p22878 → [PRE-SYNC] 0x0000 0000
14:56:36.700 p22878 → [PRE-SYNC] 0x0000 0000
14:56:36.700 p22878 → [PRE-SYNC] 0x0000 0000
14:56:36.700 p22878 → [PRE-SYNC] 0x0000 0000
14:56:36.700 p22878 → [PRE-SYNC] 0x0000 0000
14:56:36.700 p22878 → [PRE-SYNC] 0x0000 0000
14:56:36.700 p22878 → [PRE-SYNC] 0x0000 0000
14:56:36.700 p22878 → [PRE-SYNC] 0x0000 0000
14:56:36.700 p22878 → [PRE-SYNC] 0x0000 0000
14:56:36.700 p22878 → [PRE-SYNC] 0x0000 0000
14:56:36.700 p22878 → [PRE-SYNC] 0x0000 0000
14:56:36.700 p22878 → [PRE-SYNC] 0x0000 0000
14:56:36.700 p22878 → [PRE-SYNC] 0x0000 0000
14:56:36.701 p22878 → [PRE-SYNC] 0x0000 0000
14:56:36.701 p22878 → [PRE-SYNC] 0x0000 0000
14:56:36.701 p22878 → [PRE-SYNC] 0x0000 0000
14:56:36.701 p22878 → [PRE-SYNC] 0x0000 0000
14:56:36.701 p22878 → [PRE-SYNC] 0x0000 0000
14:56:36.701 p22878 → [PRE-SYNC] 0x0000 0000
14:56:36.701 p22878 → [PRE-SYNC] 0x0000 0000
14:56:36.701 p22878 → [PRE-SYNC] 0x0000 0000
14:56:36.701 p22878 → [PRE-SYNC] 0x0000 0000
14:56:36.701 p22878 → [PRE-SYNC] 0x0000 0000
14:56:36.701 p22878 → [PRE-SYNC] 0x0000 0000
14:56:36.701 p22878 → [PRE-SYNC] 0x0000 0000
14:56:36.701 p22878 → [PRE-SYNC] 0x0000 0000
14:56:36.701 p22878 → [PRE-SYNC] 0x0000 0000
14:56:36.701 p22878 → [PRE-SYNC] 0x0000 0000
14:56:36.701 p22878 → [PRE-SYNC] 0x0000 0000
14:56:36.701 p22878 → [PRE-SYNC] 0x0000 0000
14:56:36.701 p22878 → [PRE-SYNC] 0x0000 0000
14:56:36.701 p22878 → [PRE-SYNC] 0x0000 0000
14:56:36.701 p22878 → [PRE-SYNC] 0x0000 0000
14:56:36.701 p22878 → [PRE-SYNC] 0x0000 0000
14:56:36.701 p22878 → [PRE-SYNC] 0x0000 0000
14:56:36.701 p22878 → [PRE-SYNC] 0x0000 0000
14:56:36.702 p22878 → [PRE-SYNC] 0x0000 0000
14:56:36.702 p22878 → [PRE-SYNC] 0x0000 0000
14:56:36.702 p22878 → [PRE-SYNC] 0x0000 0000
14:56:36.702 p22878 → [PRE-SYNC] 0x0000 0000
14:56:36.702 p22878 → [PRE-SYNC] 0x0000 0000
14:56:36.702 p22878 → [PRE-SYNC] 0x0000 0000
14:56:36.702 p22878 → [PRE-SYNC] 0x0000 0000
14:56:36.702 p22878 → [PRE-SYNC] 0x0000 0000
14:56:36.702 p22878 → [PRE-SYNC] 0x0000 0000
14:56:36.702 p22878 → [PRE-SYNC] 0x0000 0000
14:56:36.702 p22878 → [PRE-SYNC] 0x0000 0000
14:56:36.702 p22878 → [PRE-SYNC] 0x0000 0000
14:56:36.702 p22878 → [PRE-SYNC] 0x0000 0000
14:56:36.702 p22878 → [PRE-SYNC] 0x0000 0000
14:56:36.702 p22878 → [PRE-SYNC] 0x0000 0000
14:56:36.702 p22878 → [PRE-SYNC] 0x0000 0000
14:56:36.702 p22878 → [PRE-SYNC] 0x0000 0000
14:56:36.702 p22878 → [PRE-SYNC] 0x0000 0000
14:56:36.702 p22878 → [PRE-SYNC] 0x0000 0000
14:56:36.702 p22878 → [PRE-SYNC] 0x0000 0000
14:56:36.702 p22878 → [PRE-SYNC] 0x0000 0000
14:56:36.702 p22878 → [PRE-SYNC] 0x0000 0000
14:56:36.702 p22878 → [PRE-SYNC] 0x0000 0000
14:56:36.702 p22878 → [PRE-SYNC] 0x0000 0000
14:56:36.702 p22878 → [PRE-SYNC] 0x0000 0000
14:56:36.702 p22878 → [PRE-SYNC] 0x0000 0000
14:56:36.702 p22878 → [PRE-SYNC] 0x0000 0000
14:56:36.702 p22878 → [PRE-SYNC] 0x0000 0000
14:56:36.702 p22878 → [PRE-SYNC] 0x0000 0000
14:56:36.703 p22878 → [PRE-SYNC] 0x0000 0000
14:56:36.703 p22878 → [PRE-SYNC] 0x0000 0000
14:56:36.703 p22878 → [PRE-SYNC] 0x0000 0000
14:56:36.703 p22878 → [PRE-SYNC] 0x0000 0000
14:56:36.703 p22878 → [PRE-SYNC] 0x0000 0000
14:56:36.703 p22878 → [PRE-SYNC] 0x0000 0000
14:56:36.703 p22878 → [PRE-SYNC] 0x0000 0000
14:56:36.703 p22878 → [PRE-SYNC] 0x0000 0000
14:56:36.703 p22878 → [PRE-SYNC] 0x0000 0000
14:56:36.703 p22878 → [PRE-SYNC] 0x0000 0000
14:56:36.703 p22878 → [PRE-SYNC] 0x0000 0000
14:56:36.703 p22878 → [PRE-SYNC] 0x0000 0000
14:56:36.703 p22878 → [PRE-SYNC] 0x0000 0000
14:56:36.703 p22878 → [PRE-SYNC] 0x0000 0000
14:56:36.704 p22878 → [PRE-SYNC] 0x0000 0000
14:56:36.704 p22878 → [PRE-SYNC] 0x0000 0000
14:56:36.704 p22878 → [PRE-SYNC] 0x0000 0000
14:56:36.704 p22878 → [PRE-SYNC] 0x0000 0000
14:56:36.704 p22878 → [PRE-SYNC] 0x0000 0000
14:56:36.704 p22878 → [PRE-SYNC] 0x0000 0000
14:56:36.704 p22878 → [PRE-SYNC] 0x0000 0000
14:56:36.704 p22878 → [PRE-SYNC] 0x0000 0000
14:56:36.704 p22878 → [PRE-SYNC] 0x0000 0000
14:56:36.704 p22878 → [PRE-SYNC] 0x0000 0000
14:56:36.704 p22878 → [PRE-SYNC] 0x0000 0000
14:56:36.704 p22878 → [PRE-SYNC] 0x0000 0000
14:56:36.704 p22878 → [PRE-SYNC] 0x0000 0000
14:56:36.704 p22878 → [PRE-SYNC] 0x0000 0000
14:56:36.704 p22878 → [PRE-SYNC] 0x0000 0000
14:56:36.704 p22878 → [PRE-SYNC] 0x0000 0000
14:56:36.704 p22878 → [PRE-SYNC] 0x0000 0000
14:56:36.705 p22878 → [PRE-SYNC] 0x0000 0000
14:56:36.705 p22878 → [PRE-SYNC] 0x0000 0000
14:56:36.705 p22878 → [PRE-SYNC] 0x0000 0000
14:56:36.705 p22878 → [PRE-SYNC] 0x0000 0000
14:56:36.705 p22878 → [PRE-SYNC] 0x0000 0000
14:56:36.705 p22878 → [PRE-SYNC] 0x0000 0000
14:56:36.705 p22878 → [PRE-SYNC] 0x0000 0000
14:56:36.705 p22878 → [PRE-SYNC] 0x0000 0000
14:56:36.705 p22878 → [PRE-SYNC] 0x0000 0000
14:56:36.705 p22878 → [PRE-SYNC] 0x0000 0000
14:56:36.705 p22878 → [PRE-SYNC] 0x0000 0000
14:56:36.705 p22878 → [PRE-SYNC] 0x0000 0000
14:56:36.705 p22878 → [PRE-SYNC] 0x0000 0000
14:56:36.705 p22878 → [PRE-SYNC] 0x0000 0000
14:56:36.705 p22878 → [PRE-SYNC] 0x0000 0000
14:56:36.705 p22878 → [PRE-SYNC] 0x0000 0000
14:56:36.706 p22878 → [PRE-SYNC] 0x0000 0000
14:56:36.706 p22878 → [PRE-SYNC] 0x0000 0000
14:56:36.706 p22878 → [PRE-SYNC] 0x0000 0000
14:56:36.706 p22878 → [PRE-SYNC] 0x0000 0000
14:56:36.706 p22878 → [PRE-SYNC] 0x0000 0000
14:56:36.706 p22878 → [PRE-SYNC] 0x0000 0000
14:56:36.706 p22878 → [PRE-SYNC] 0x0000 0000
14:56:36.706 p22878 → [PRE-SYNC] 0x0000 0000
14:56:36.706 p22878 → [PRE-SYNC] 0x0000 0000
14:56:36.706 p22878 → [PRE-SYNC] 0x0000 0000
14:56:36.706 p22878 → [PRE-SYNC] 0x0000 0000
14:56:36.706 p22878 → [PRE-SYNC] 0x0000 0000
14:56:36.706 p22878 → [PRE-SYNC] 0x0000 0000
14:56:36.706 p22878 → [PRE-SYNC] 0x0000 0000
14:56:36.706 p22878 → [PRE-SYNC] 0x0000 0000
14:56:36.706 p22878 → [PRE-SYNC] 0x0000 0000
14:56:36.706 p22878 → [PRE-SYNC] 0x0000 0000
14:56:36.706 p22878 → [PRE-SYNC] 0x0000 0000
14:56:36.706 p22878 → [PRE-SYNC] 0x0000 0000
14:56:36.706 p22878 → [PRE-SYNC] 0x0000 0000
14:56:36.706 p22878 → [PRE-SYNC] 0x0000 0000
14:56:36.706 p22878 → [PRE-SYNC] 0x0000 0000
14:56:36.706 p22878 → [PRE-SYNC] 0x0000 0000
14:56:36.706 p22878 → [PRE-SYNC] 0x0000 0000
14:56:36.707 p22878 → [PRE-SYNC] 0x0000 0000
14:56:36.707 p22878 → [PRE-SYNC] 0x0000 0000
14:56:36.707 p22878 → [PRE-SYNC] 0x0000 0000
14:56:36.707 p22878 → [PRE-SYNC] 0x0000 0000
14:56:36.707 p22878 → [PRE-SYNC] 0x0000 0000
14:56:36.707 p22878 → [PRE-SYNC] 0x0000 0000
14:56:36.707 p22878 → [PRE-SYNC] 0x0000 0000
14:56:36.707 p22878 → [PRE-SYNC] 0x0000 0000
14:56:36.707 p22878 → [PRE-SYNC] 0x0000 0000
14:56:36.707 p22878 → [PRE-SYNC] 0x0000 0000
14:56:36.707 p22878 → [PRE-SYNC] 0x0000 0000
14:56:36.707 p22878 → [PRE-SYNC] 0x0000 0000
14:56:36.707 p22878 → [PRE-SYNC] 0x0000 0000
14:56:36.707 p22878 → [PRE-SYNC] 0x0000 0000
14:56:36.707 p22878 → [PRE-SYNC] 0x0000 0000
14:56:36.707 p22878 → [PRE-SYNC] 0x0000 0000
14:56:36.707 p22878 → [PRE-SYNC] 0x0000 0000
14:56:36.707 p22878 → [PRE-SYNC] 0x0000 0000
14:56:36.707 p22878 → [PRE-SYNC] 0x0000 0000
14:56:36.707 p22878 → [PRE-SYNC] 0x0000 0000
14:56:36.707 p22878 → [PRE-SYNC] 0x0000 0000
14:56:36.707 p22878 → [PRE-SYNC] 0x0000 0000
14:56:36.707 p22878 → [PRE-SYNC] 0x0000 0000
14:56:36.708 p22878 → [PRE-SYNC] 0x0000 0000
14:56:36.708 p22878 → [PRE-SYNC] 0x0000 0000
14:56:36.708 p22878 → [PRE-SYNC] 0x0000 0000
14:56:36.708 p22878 → [PRE-SYNC] 0x0000 0000
14:56:36.708 p22878 → [PRE-SYNC] 0x0000 0000
14:56:36.708 p22878 → [PRE-SYNC] 0x0000 0000
14:56:36.708 p22878 → [PRE-SYNC] 0x0000 0000
14:56:36.708 p22878 → [PRE-SYNC] 0x0000 0000
14:56:36.708 p22878 → [PRE-SYNC] 0x0000 0000
14:56:36.708 p22878 → [PRE-SYNC] 0x0000 0000
14:56:36.708 p22878 → [PRE-SYNC] 0x0000 0000
14:56:36.708 p22878 → [PRE-SYNC] 0x0000 0000
14:56:36.708 p22878 → [PRE-SYNC] 0x0000 0000
14:56:36.708 p22878 → [PRE-SYNC] 0x0000 0000
14:56:36.708 p22878 → [PRE-SYNC] 0x0000 0000
14:56:36.708 p22878 → [PRE-SYNC] 0x0000 0000
14:56:36.708 p22878 → [PRE-SYNC] 0x0000 0000
14:56:36.708 p22878 → [PRE-SYNC] 0x0000 0000
14:56:36.708 p22878 → [PRE-SYNC] 0x0000 0000
14:56:36.708 p22878 → [PRE-SYNC] 0x0000 0000
14:56:36.708 p22878 → [PRE-SYNC] 0x0000 0000
14:56:36.708 p22878 → [PRE-SYNC] 0x0000 0000
14:56:36.708 p22878 → [PRE-SYNC] 0x0000 0000
14:56:36.708 p22878 → [PRE-SYNC] 0x0000 0000
14:56:36.708 p22878 → [PRE-SYNC] 0x0000 0000
14:56:36.708 p22878 → [PRE-SYNC] 0x0000 0000
14:56:36.708 p22878 → [PRE-SYNC] 0x0000 0000
14:56:36.708 p22878 → [PRE-SYNC] 0x0000 0000
14:56:36.708 p22878 → [PRE-SYNC] 0x0000 0000
14:56:36.708 p22878 → [PRE-SYNC] 0x0000 0000
14:56:36.709 p22878 → [PRE-SYNC] 0x0000 0000
14:56:36.709 p22878 → [PRE-SYNC] 0x0000 0000
14:56:36.709 p22878 → [PRE-SYNC] 0x0000 0000
14:56:36.709 p22878 → [PRE-SYNC] 0x0000 0000
14:56:36.709 p22878 → [PRE-SYNC] 0x0000 0000
14:56:36.709 p22878 → [PRE-SYNC] 0x0000 0000
14:56:36.709 p22878 → [PRE-SYNC] 0x0000 0000
14:56:36.709 p22878 → [PRE-SYNC] 0x0000 0000
14:56:36.709 p22878 → [PRE-SYNC] 0x0000 0000
14:56:36.709 p22878 → [PRE-SYNC] 0x0000 0000
14:56:36.709 p22878 → [PRE-SYNC] 0x0000 0000
14:56:36.709 p22878 → [PRE-SYNC] 0x0000 0000
14:56:36.709 p22878 → [PRE-SYNC] 0x0000 0000
14:56:36.709 p22878 → [PRE-SYNC] 0x0000 0000
14:56:36.709 p22878 → [PRE-SYNC] 0x0000 0000
14:56:36.709 p22878 → [PRE-SYNC] 0x0000 0000
14:56:36.709 p22878 → [PRE-SYNC] 0x0000 0000
14:56:36.709 p22878 → [PRE-SYNC] 0x0000 0000
14:56:36.709 p22878 → [PRE-SYNC] 0x0000 0000
14:56:36.709 p22878 → [PRE-SYNC] 0x0000 0000
14:56:36.709 p22878 → [PRE-SYNC] 0x0000 0000
14:56:36.709 p22878 → [PRE-SYNC] 0x0000 0000
14:56:36.709 p22878 → [PRE-SYNC] 0x0000 0000
14:56:36.709 p22878 → [PRE-SYNC] 0x0000 0000
14:56:36.710 p22878 → [PRE-SYNC] 0x0000 0000
14:56:36.710 p22878 → [PRE-SYNC] 0x0000 0000
14:56:36.710 p22878 → [PRE-SYNC] 0x0000 0000
14:56:36.710 p22878 → [PRE-SYNC] 0x0000 0000
14:56:36.710 p22878 → [PRE-SYNC] 0x0000 0000
14:56:36.710 p22878 → [PRE-SYNC] 0x0000 0000
14:56:36.710 p22878 → [PRE-SYNC] 0x0000 0000
14:56:36.710 p22878 → [PRE-SYNC] 0x0000 0000
14:56:36.710 p22878 → [PRE-SYNC] 0x0000 0000
14:56:36.710 p22878 → [PRE-SYNC] 0x0000 0000
14:56:36.710 p22878 → [PRE-SYNC] 0x0000 0000
14:56:36.710 p22878 → [PRE-SYNC] 0x0000 0000
14:56:36.710 p22878 → [PRE-SYNC] 0x0000 0000
14:56:36.710 p22878 → [PRE-SYNC] 0x0000 0000
14:56:36.710 p22878 → [PRE-SYNC] 0x0000 0000
14:56:36.710 p22878 → [PRE-SYNC] 0x0000 0000
14:56:36.710 p22878 → [PRE-SYNC] 0x0000 0000
14:56:36.710 p22878 → [PRE-SYNC] 0x0000 0000
14:56:36.710 p22878 → [PRE-SYNC] 0x0000 0000
14:56:36.710 p22878 → [PRE-SYNC] 0x0000 0000
14:56:36.710 p22878 → [PRE-SYNC] 0x0000 0000
14:56:36.710 p22878 → [PRE-SYNC] 0x0000 0000
14:56:36.710 p22878 → [PRE-SYNC] 0x0000 0000
14:56:36.710 p22878 → [PRE-SYNC] 0x0000 0000
14:56:36.711 p22878 → [PRE-SYNC] 0x0000 0000
14:56:36.711 p22878 → [PRE-SYNC] 0x0000 0000
14:56:36.711 p22878 → [PRE-SYNC] 0x0000 0000
14:56:36.711 p22878 → [PRE-SYNC] 0x0000 0000
14:56:36.711 p22878 → [PRE-SYNC] 0x0000 0000
14:56:36.711 p22878 → [PRE-SYNC] 0x0000 0000
14:56:36.711 p22878 → [PRE-SYNC] 0x0000 0000
14:56:36.711 p22878 → [PRE-SYNC] 0x0000 0000
14:56:36.711 p22878 → [PRE-SYNC] 0x0000 0000
14:56:36.711 p22878 → [PRE-SYNC] 0x0000 0000
14:56:36.711 p22878 → [PRE-SYNC] 0x0000 0000
14:56:36.711 p22878 → [PRE-SYNC] 0x0000 0000
14:56:36.711 p22878 → [PRE-SYNC] 0x0000 0000
14:56:36.711 p22878 → [PRE-SYNC] 0x0000 0000
14:56:36.711 p22878 → [PRE-SYNC] 0x0000 0000
14:56:36.711 p22878 → [PRE-SYNC] 0x0000 0000
14:56:36.711 p22878 → [PRE-SYNC] 0x0000 0000
14:56:36.711 p22878 → [PRE-SYNC] 0x0000 0000
14:56:36.711 p22878 → [PRE-SYNC] 0x0000 0000
14:56:36.711 p22878 → [PRE-SYNC] 0x0000 0000
14:56:36.711 p22878 → [PRE-SYNC] 0x0000 0000
14:56:36.711 p22878 → [PRE-SYNC] 0x0000 0000
14:56:36.711 p22878 → [PRE-SYNC] 0x0000 0000
14:56:36.711 p22878 → [PRE-SYNC] 0x0000 0000
14:56:36.711 p22878 → [PRE-SYNC] 0x0000 0000
14:56:36.711 p22878 → [PRE-SYNC] 0x0000 0000
14:56:36.711 p22878 → [PRE-SYNC] 0x0000 0000
14:56:36.711 p22878 → [PRE-SYNC] 0x0000 0000
14:56:36.711 p22878 → [PRE-SYNC] 0x0000 0000
14:56:36.711 p22878 → [PRE-SYNC] 0x0000 0000
14:56:36.711 p22878 → [PRE-SYNC] 0x0000 0000
14:56:36.712 p22878 → [PRE-SYNC] 0x0000 0000
14:56:36.712 p22878 → [PRE-SYNC] 0x0000 0000
14:56:36.712 p22878 → [PRE-SYNC] 0x0000 0000
14:56:36.712 p22878 → [PRE-SYNC] 0x0000 0000
14:56:36.712 p22878 → [PRE-SYNC] 0x0000 0000
14:56:36.712 p22878 → [PRE-SYNC] 0x0000 0000
14:56:36.712 p22878 → [PRE-SYNC] 0x0000 0000
14:56:36.712 p22878 → [PRE-SYNC] 0x0000 0000
14:56:36.712 p22878 → [PRE-SYNC] 0x0000 0000
14:56:36.712 p22878 → [PRE-SYNC] 0x0000 0000
14:56:36.712 p22878 → [PRE-SYNC] 0x0000 0000
14:56:36.712 p22878 → [PRE-SYNC] 0x0000 0000
14:56:36.712 p22878 → [PRE-SYNC] 0x0000 0000
14:56:36.712 p22878 → [PRE-SYNC] 0x0000 0000
14:56:36.712 p22878 → [PRE-SYNC] 0x0000 0000
14:56:36.712 p22878 → [PRE-SYNC] 0x0000 0000
14:56:36.712 p22878 → [PRE-SYNC] 0x0000 0000
14:56:36.712 p22878 → [PRE-SYNC] 0x0000 0000
14:56:36.712 p22878 → [PRE-SYNC] 0x0000 0000
14:56:36.712 p22878 → [PRE-SYNC] 0x0000 0000
14:56:36.712 p22878 → [PRE-SYNC] 0x0000 0000
14:56:36.712 p22878 → [PRE-SYNC] 0x0000 0000
14:56:36.712 p22878 → [PRE-SYNC] 0x0000 0000
14:56:36.712 p22878 → [PRE-SYNC] 0x0000 0000
14:56:36.712 p22878 → [PRE-SYNC] 0x0000 0000
14:56:36.712 p22878 → [PRE-SYNC] 0x0000 0000
14:56:36.712 p22878 → [PRE-SYNC] 0x0000 0000
14:56:36.712 p22878 → [PRE-SYNC] 0x0000 0000
14:56:36.713 p22878 → [PRE-SYNC] 0x0000 0000
14:56:36.713 p22878 → [PRE-SYNC] 0x0000 0000
14:56:36.713 p22878 → [PRE-SYNC] 0x0000 0000
14:56:36.713 p22878 → [PRE-SYNC] 0x0000 0000
14:56:36.713 p22878 → [PRE-SYNC] 0x0000 0000
14:56:36.713 p22878 → [PRE-SYNC] 0x0000 0000
14:56:36.713 p22878 → [PRE-SYNC] 0x0000 0000
14:56:36.713 p22878 → [PRE-SYNC] 0x0000 0000
14:56:36.713 p22878 → [PRE-SYNC] 0x0000 0000
14:56:36.713 p22878 → [PRE-SYNC] 0x0000 0000
14:56:36.713 p22878 → [PRE-SYNC] 0x0000 0000
14:56:36.713 p22878 → [PRE-SYNC] 0x0000 0000
14:56:36.713 p22878 → [PRE-SYNC] 0x0000 0000
14:56:36.713 p22878 → [PRE-SYNC] 0x0000 0000
14:56:36.713 p22878 → [PRE-SYNC] 0x0000 0000
14:56:36.713 p22878 → [PRE-SYNC] 0x0000 0000
14:56:36.713 p22878 → [PRE-SYNC] 0x0000 0000
14:56:36.713 p22878 → [PRE-SYNC] 0x0000 0000
14:56:36.713 p22878 → [PRE-SYNC] 0x0000 0000
14:56:36.713 p22878 → [PRE-SYNC] 0x0000 0000
14:56:36.713 p22878 → [PRE-SYNC] 0x0000 0000
14:56:36.713 p22878 → [PRE-SYNC] 0x0000 0000
14:56:36.713 p22878 → [PRE-SYNC] 0x0000 0000
14:56:36.713 p22878 → [PRE-SYNC] 0x0000 0000
14:56:36.713 p22878 → [PRE-SYNC] 0x0000 0000
14:56:36.713 p22878 → [PRE-SYNC] 0x0000 0000
14:56:36.713 p22878 → [PRE-SYNC] 0x0000 0000
14:56:36.713 p22878 → [PRE-SYNC] 0x0000 0000
14:56:36.713 p22878 → [PRE-SYNC] 0x0000 0000
14:56:36.713 p22878 → [PRE-SYNC] 0x0000 0000
14:56:36.713 p22878 → [PRE-SYNC] 0x0000 0000
14:56:36.714 p22878 → [PRE-SYNC] 0x0000 0000
14:56:36.714 p22878 → [PRE-SYNC] 0x0000 0000
14:56:36.714 p22878 → [PRE-SYNC] 0x0000 0000
14:56:36.714 p22878 → [PRE-SYNC] 0x0000 0000
14:56:36.714 p22878 → [PRE-SYNC] 0x0000 0000
14:56:36.714 p22878 → [PRE-SYNC] 0x0000 0000
14:56:36.714 p22878 → [PRE-SYNC] 0x0000 0000
14:56:36.714 p22878 → [PRE-SYNC] 0x0000 0000
14:56:36.714 p22878 → [PRE-SYNC] 0x0000 0000
14:56:36.714 p22878 → [PRE-SYNC] 0x0000 0000
14:56:36.714 p22878 → [PRE-SYNC] 0x0000 0000
14:56:36.714 p22878 → [PRE-SYNC] 0x0000 0000
14:56:36.714 p22878 → [PRE-SYNC] 0x0000 0000
14:56:36.714 p22878 → [PRE-SYNC] 0x0000 0000
14:56:36.714 p22878 → [PRE-SYNC] 0x0000 0000
14:56:36.714 p22878 → [PRE-SYNC] 0x0000 0000
14:56:36.714 p22878 → [PRE-SYNC] 0x0000 0000
14:56:36.714 p22878 → [PRE-SYNC] 0x0000 0000
14:56:36.714 p22878 → [PRE-SYNC] 0x0000 0000
14:56:36.714 p22878 → [PRE-SYNC] 0x0000 0000
14:56:36.714 p22878 → [PRE-SYNC] 0x0000 0000
14:56:36.714 p22878 → [PRE-SYNC] 0x0000 0000
14:56:36.714 p22878 → [PRE-SYNC] 0x0000 0000
14:56:36.714 p22878 → [PRE-SYNC] 0x0000 0000
14:56:36.714 p22878 → [PRE-SYNC] 0x0000 0000
14:56:36.714 p22878 → [PRE-SYNC] 0x0000 0000
14:56:36.714 p22878 → [PRE-SYNC] 0x0000 0000
14:56:36.714 p22878 → [PRE-SYNC] 0x0000 0000
14:56:36.715 p22878 → [PRE-SYNC] 0x0000 0000
14:56:36.715 p22878 → [PRE-SYNC] 0x0000 0000
14:56:36.715 p22878 → [PRE-SYNC] 0x0000 0000
14:56:36.715 p22878 → [PRE-SYNC] 0x0000 0000
14:56:36.715 p22878 → [PRE-SYNC] 0x0000 0000
14:56:36.715 p22878 → [PRE-SYNC] 0x0000 0000
14:56:36.715 p22878 → [PRE-SYNC] 0x0000 0000
14:56:36.715 p22878 → [PRE-SYNC] 0x0000 0000
14:56:36.715 p22878 → [PRE-SYNC] 0x0000 0000
14:56:36.715 p22878 → [PRE-SYNC] 0x0000 0000
14:56:36.715 p22878 → [PRE-SYNC] 0x0000 0000
14:56:36.715 p22878 → [PRE-SYNC] 0x0000 0000
14:56:36.715 p22878 → [PRE-SYNC] 0x0000 0000
14:56:36.715 p22878 → [PRE-SYNC] 0x0000 0000
14:56:36.715 p22878 → [PRE-SYNC] 0x0000 0000
14:56:36.715 p22878 → [PRE-SYNC] 0x0000 0000
14:56:36.715 p22878 → [PRE-SYNC] 0x0000 0000
14:56:36.715 p22878 → [PRE-SYNC] 0x0000 0000
14:56:36.715 p22878 → [PRE-SYNC] 0x0000 0000
14:56:36.715 p22878 → [PRE-SYNC] 0x0000 0000
14:56:36.715 p22878 → [PRE-SYNC] 0x0000 0000
14:56:36.715 p22878 → [PRE-SYNC] 0x0000 0000
14:56:36.715 p22878 → [PRE-SYNC] 0x0000 0000
14:56:36.715 p22878 → [PRE-SYNC] 0x0000 0000
14:56:36.715 p22878 → [PRE-SYNC] 0x0000 0000
14:56:36.715 p22878 → [PRE-SYNC] 0x0000 0000
14:56:36.715 p22878 → [PRE-SYNC] 0x0000 0000
14:56:36.716 p22878 → [PRE-SYNC] 0x0000 0000
14:56:36.716 p22878 → [PRE-SYNC] 0x0000 0000
14:56:36.716 p22878 → [PRE-SYNC] 0x0000 0000
14:56:36.716 p22878 → [PRE-SYNC] 0x0000 0000
14:56:36.716 p22878 → [PRE-SYNC] 0x0000 0000
14:56:36.716 p22878 → [PRE-SYNC] 0x0000 0000
14:56:36.716 p22878 → [PRE-SYNC] 0x0000 0000
14:56:36.716 p22878 → [PRE-SYNC] 0x0000 0000
14:56:36.716 p22878 → [PRE-SYNC] 0x0000 0000
14:56:36.716 p22878 → [PRE-SYNC] 0x0000 0000
14:56:36.716 p22878 → [PRE-SYNC] 0x0000 0000
14:56:36.716 p22878 → [PRE-SYNC] 0x0000 0000
14:56:36.716 p22878 → [PRE-SYNC] 0x0000 0000
14:56:36.716 p22878 → [PRE-SYNC] 0x0000 0000
14:56:36.716 p22878 → [PRE-SYNC] 0x0000 0000
14:56:36.716 p22878 → [PRE-SYNC] 0x0000 0000
14:56:36.716 p22878 → [PRE-SYNC] 0x0000 0000
14:56:36.716 p22878 → [PRE-SYNC] 0x0000 0000
14:56:36.716 p22878 → [PRE-SYNC] 0x0000 0000
14:56:36.716 p22878 → [PRE-SYNC] 0x0000 0000
14:56:36.716 p22878 → [PRE-SYNC] 0x0000 0000
14:56:36.716 p22878 → [PRE-SYNC] 0x0000 0000
14:56:36.716 p22878 → [PRE-SYNC] 0x0000 0000
14:56:36.716 p22878 → [PRE-SYNC] 0x0000 0000
14:56:36.716 p22878 → [PRE-SYNC] 0x0000 0000
14:56:36.716 p22878 → [PRE-SYNC] 0x0000 0000
14:56:36.716 p22878 → [PRE-SYNC] 0x0000 0000
14:56:36.717 p22878 → [PRE-SYNC] 0x0000 0000
14:56:36.717 p22878 → [PRE-SYNC] 0x0000 0000
14:56:36.717 p22878 → [PRE-SYNC] 0x0000 0000
14:56:36.717 p22878 → [PRE-SYNC] 0x0000 0000
14:56:36.717 p22878 → [PRE-SYNC] 0x0000 0000
14:56:36.717 p22878 → [PRE-SYNC] 0x0000 0000
14:56:36.717 p22878 → [PRE-SYNC] 0x0000 0000
14:56:36.717 p22878 → [PRE-SYNC] 0x0000 0000
14:56:36.717 p22878 → [PRE-SYNC] 0x0000 0000
14:56:36.717 p22878 → [PRE-SYNC] 0x0000 0000
14:56:36.717 p22878 → [PRE-SYNC] 0x0000 0000
14:56:36.717 p22878 → [PRE-SYNC] 0x0000 0000
14:56:36.717 p22878 → [PRE-SYNC] 0x0000 0000
14:56:36.717 p22878 → [PRE-SYNC] 0x0000 0000
14:56:36.717 p22878 → [PRE-SYNC] 0x0000 0000
14:56:36.717 p22878 → [PRE-SYNC] 0x0000 0000
14:56:36.717 p22878 → [PRE-SYNC] 0x0000 0000
14:56:36.717 p22878 → [PRE-SYNC] 0x0000 0000
14:56:36.717 p22878 → [PRE-SYNC] 0x0000 0000
14:56:36.717 p22878 → [PRE-SYNC] 0x0000 0000
14:56:36.717 p22878 → [PRE-SYNC] 0x0000 0000
14:56:36.717 p22878 → [PRE-SYNC] 0x0000 0000
14:56:36.717 p22878 → [PRE-SYNC] 0x0000 0000
14:56:36.717 p22878 → [PRE-SYNC] 0x0000 0000
14:56:36.717 p22878 → [PRE-SYNC] 0x0000 0000
14:56:36.717 p22878 → [PRE-SYNC] 0x0000 0000
14:56:36.717 p22878 → [PRE-SYNC] 0x0000 0000
14:56:36.717 p22878 → [PRE-SYNC] 0x0000 0000
14:56:36.717 p22878 → [PRE-SYNC] 0x0000 0000
14:56:36.717 p22878 → [PRE-SYNC] 0x0000 0000
14:56:36.717 p22878 → [PRE-SYNC] 0x0000 0000
14:56:36.718 p22878 → [PRE-SYNC] 0x0000 0000
14:56:36.718 p22878 → [PRE-SYNC] 0x0000 0000
14:56:36.718 p22878 → [PRE-SYNC] 0x0000 0000
14:56:36.718 p22878 → [PRE-SYNC] 0x0000 0000
14:56:36.718 p22878 → [PRE-SYNC] 0x0000 0000
14:56:36.718 p22878 → [PRE-SYNC] 0x0000 0000
14:56:36.718 p22878 → [PRE-SYNC] 0x0000 0000
14:56:36.718 p22878 → [PRE-SYNC] 0x0000 0000
14:56:36.718 p22878 → [PRE-SYNC] 0x0000 0000
14:56:36.718 p22878 → [PRE-SYNC] 0x0000 0000
14:56:36.718 p22878 → [PRE-SYNC] 0x0000 0000
14:56:36.718 p22878 → [PRE-SYNC] 0x0000 0000
14:56:36.718 p22878 → [PRE-SYNC] 0x0000 0000
14:56:36.718 p22878 → [PRE-SYNC] 0x0000 0000
14:56:36.718 p22878 → [PRE-SYNC] 0x0000 0000
14:56:36.718 p22878 → [PRE-SYNC] 0x0000 0000
14:56:36.718 p22878 → [PRE-SYNC] 0x0000 0000
14:56:36.718 p22878 → [PRE-SYNC] 0x0000 0000
14:56:36.718 p22878 → [PRE-SYNC] 0x0000 0000
14:56:36.718 p22878 → [PRE-SYNC] 0x0000 0000
14:56:36.718 p22878 → [PRE-SYNC] 0x0000 0000
14:56:36.718 p22878 → [PRE-SYNC] 0x0000 0000
14:56:36.718 p22878 → [PRE-SYNC] 0x0000 0000
14:56:36.718 p22878 → [PRE-SYNC] 0x0000 0000
14:56:36.718 p22878 → [PRE-SYNC] 0x0000 0000
14:56:36.718 p22878 → [PRE-SYNC] 0x0000 0000
14:56:36.718 p22878 → [PRE-SYNC] 0x0000 0000
14:56:36.718 p22878 → [PRE-SYNC] 0x0000 0000
14:56:36.718 p22878 → [PRE-SYNC] 0x0000 0000
14:56:36.718 p22878 → [PRE-SYNC] 0x0000 0000
14:56:36.718 p22878 → [PRE-SYNC] 0x0000 0000
14:56:36.719 p22878 → [PRE-SYNC] 0x0000 0000
14:56:36.719 p22878 → [PRE-SYNC] 0x0000 0000
14:56:36.719 p22878 → [PRE-SYNC] 0x0000 0000
14:56:36.719 p22878 → [PRE-SYNC] 0x0000 0000
14:56:36.719 p22878 → [PRE-SYNC] 0x0000 0000
14:56:36.719 p22878 → [PRE-SYNC] 0x0000 0000
14:56:36.719 p22878 → [PRE-SYNC] 0x0000 0000
14:56:36.719 p22878 → [PRE-SYNC] 0x0000 0000
14:56:36.719 p22878 → [PRE-SYNC] 0x0000 0000
14:56:36.719 p22878 → [PRE-SYNC] 0x0000 0000
14:56:36.719 p22878 → [PRE-SYNC] 0x0000 0000
14:56:36.719 p22878 → [PRE-SYNC] 0x0000 0000
14:56:36.719 p22878 → [PRE-SYNC] 0x0000 0000
14:56:36.719 p22878 → [PRE-SYNC] 0x0000 0000
14:56:36.719 p22878 → [PRE-SYNC] 0x0000 0000
14:56:36.719 p22878 → [PRE-SYNC] 0x0000 0000
14:56:36.719 p22878 → [PRE-SYNC] 0x0000 0000
14:56:36.719 p22878 → [PRE-SYNC] 0x0000 0000
14:56:36.719 p22878 → [PRE-SYNC] 0x0000 0000
14:56:36.719 p22878 → [PRE-SYNC] 0x0000 0000
14:56:36.719 p22878 → [PRE-SYNC] 0x0000 0000
14:56:36.719 p22878 → [PRE-SYNC] 0x0000 0000
14:56:36.719 p22878 → [PRE-SYNC] 0x0000 0000
14:56:36.719 p22878 → [PRE-SYNC] 0x0000 0000
14:56:36.719 p22878 → [PRE-SYNC] 0x0000 0000
14:56:36.723 p22878 ← 0x4753 [36B] 53 47 24 00 47 27 16 c4 1f 5c 17 c1 fb 12 b9 d2 68 66 c0 67 29 de 45 ce f6 2a 70 e7 bf 53 bf 48
14:56:36.763 p22878 → [PRE-SYNC] 0x0000 0000
14:56:36.763 p22878 → [PRE-SYNC] 0x9200 0092
14:56:36.763 p22878 → [PRE-SYNC] 0x2CC3 c32c
14:56:36.763 p22878 → [PRE-SYNC] 0x1400 0014
14:56:36.763 p22878 → [PRE-SYNC] 0xA39E 9ea3
14:56:36.763 p22878 → [PRE-SYNC] 0xE02D 2de0
14:56:36.763 p22878 → [PRE-SYNC] 0x2762 6227
14:56:36.763 p22878 → [PRE-SYNC] 0x955A 5a95
14:56:36.763 p22878 → [PRE-SYNC] 0xEDCA caed
14:56:36.763 p22878 → [PRE-SYNC] 0xF78C 8cf7
14:56:36.763 p22878 → [PRE-SYNC] 0xEDBE beed
14:56:36.763 p22878 → [PRE-SYNC] 0x8BE8 e88b
14:56:36.764 p22878 → [PRE-SYNC] 0x3164 6431
14:56:36.764 p22878 → [PRE-SYNC] 0xC883 83c8
14:56:36.764 p22878 → [PRE-SYNC] 0x1439 3914
14:56:36.764 p22878 → [PRE-SYNC] 0x8228 2882
14:56:36.764 p22878 → [PRE-SYNC] 0xF1DD ddf1
14:56:36.764 p22878 → [PRE-SYNC] 0x3B57 573b
14:56:36.764 p22878 → [PRE-SYNC] 0x5F97 975f
14:56:36.764 p22878 → [PRE-SYNC] 0x990D 0d99
14:56:36.764 p22878 → [PRE-SYNC] 0x4E62 624e
14:56:36.764 p22878 → [PRE-SYNC] 0xCE01 01ce
14:56:36.764 p22878 → [PRE-SYNC] 0x75A5 a575
14:56:36.764 p22878 → 0xC392 [44B] 92 c3 2c 00 14 9e a3 2d e0 62 27 5a 95 ca ed 8c f7 be ed e8 8b 64 31 83 c8 39 14 28 82 dd f1 57
14:56:36.766 p22878 → [PRE-SYNC] 0x0000 0000
14:56:36.766 p22878 → [PRE-SYNC] 0xCB00 00cb
14:56:36.766 p22878 → [PRE-SYNC] 0x5D1A 1a5d
14:56:36.766 p22878 → [PRE-SYNC] 0xE17B 7be1
14:56:36.766 p22878 → [PRE-SYNC] 0x3DAC ac3d
14:56:36.766 p22878 → [PRE-SYNC] 0x7E93 937e
14:56:36.766 p22878 → [PRE-SYNC] 0xD6AB abd6
14:56:36.766 p22878 → [PRE-SYNC] 0x0DF1 f10d
14:56:36.766 p22878 → [PRE-SYNC] 0x2DBC bc2d
14:56:36.766 p22878 → [PRE-SYNC] 0xCD7E 7ecd
14:56:36.766 p22878 → [PRE-SYNC] 0xE332 32e3
14:56:36.766 p22878 → [PRE-SYNC] 0x2B20 202b
14:56:36.766 p22878 → [PRE-SYNC] 0xD39D 9dd3
14:56:36.766 p22878 → [PRE-SYNC] 0x5B28 285b
14:56:36.766 p22878 → [PRE-SYNC] 0xAE18 18ae
14:56:36.766 p22878 → [PRE-SYNC] 0x8D87 878d
14:56:36.766 p22878 → [PRE-SYNC] 0x3CB6 b63c
14:56:36.766 p22878 → [PRE-SYNC] 0x6345 4563
14:56:36.766 p22878 → [PRE-SYNC] 0x6F9C 9c6f
14:56:36.767 p22878 → [PRE-SYNC] 0xE6E4 e4e6
14:56:36.767 p22878 → [PRE-SYNC] 0x97F1 f197
14:56:36.767 p22878 → [PRE-SYNC] 0x7A2B 2b7a
14:56:36.767 p22878 → [PRE-SYNC] 0x20A8 a820
14:56:36.767 p22878 → [PRE-SYNC] 0xC636 36c6
14:56:36.767 p22878 → [PRE-SYNC] 0xAF71 71af
14:56:36.767 p22878 → [PRE-SYNC] 0x8DDA da8d
14:56:36.767 p22878 → [PRE-SYNC] 0xD55A 5ad5
14:56:36.801 p22878 ← 0x0AC4 [224B] c4 0a e0 00 ba db ca 67 62 01 2e 00 c6 2e 20 77 00 00 00 00 00 00 00 00 00 00 00 00 00 00 00 00
14:56:37.469 p25787 → [PRE-SYNC] 0x4F50 504f
14:56:37.469 p25787 → [PRE-SYNC] 0x5453 5354
14:56:37.469 p25787 → [PRE-SYNC] 0x2F20 202f
14:56:37.469 p25787 → [PRE-SYNC] 0x7375 7573
14:56:37.469 p25787 → [PRE-SYNC] 0x7265 6572
14:56:37.469 p25787 → [PRE-SYNC] 0x6F63 636f
14:56:37.469 p25787 → [PRE-SYNC] 0x666E 6e66
14:56:37.469 p25787 → [PRE-SYNC] 0x6769 6967
14:56:37.469 p25787 → [PRE-SYNC] 0x6C2F 2f6c
14:56:37.470 p25787 → [PRE-SYNC] 0x616F 6f61
14:56:37.470 p25787 → [PRE-SYNC] 0x2064 6420
14:56:37.470 p25787 → [PRE-SYNC] 0x5448 4854
14:56:37.470 p25787 → [PRE-SYNC] 0x5054 5450
14:56:37.470 p25787 → [PRE-SYNC] 0x312F 2f31
14:56:37.470 p25787 → [PRE-SYNC] 0x312E 2e31
14:56:37.470 p25787 → [PRE-SYNC] 0x0A0D 0d0a
14:56:37.470 p25787 → [PRE-SYNC] 0x6F48 486f
14:56:37.470 p25787 → [PRE-SYNC] 0x7473 7374
14:56:37.470 p25787 → [PRE-SYNC] 0x203A 3a20
14:56:37.470 p25787 → [PRE-SYNC] 0x3331 3133
14:56:37.470 p25787 → [PRE-SYNC] 0x2E36 362e
14:56:37.470 p25787 → [PRE-SYNC] 0x3131 3131
14:56:37.470 p25787 → [PRE-SYNC] 0x2E30 302e
14:56:37.470 p25787 → [PRE-SYNC] 0x3731 3137
14:56:37.470 p25787 → [PRE-SYNC] 0x2E32 322e
14:56:37.470 p25787 → [PRE-SYNC] 0x3233 3332
14:56:37.470 p25787 → [PRE-SYNC] 0x323A 3a32
14:56:37.470 p25787 → [PRE-SYNC] 0x3735 3537
14:56:37.470 p25787 → [PRE-SYNC] 0x3738 3837
14:56:37.471 p25787 → [PRE-SYNC] 0x0A0D 0d0a
14:56:37.471 p25787 → [PRE-SYNC] 0x6341 4163
14:56:37.471 p25787 → [PRE-SYNC] 0x6563 6365
14:56:37.471 p25787 → [PRE-SYNC] 0x7470 7074
14:56:37.471 p25787 → [PRE-SYNC] 0x203A 3a20
14:56:37.471 p25787 → [PRE-SYNC] 0x2F2A 2a2f
14:56:37.471 p25787 → [PRE-SYNC] 0x0D2A 2a0d
14:56:37.471 p25787 → [PRE-SYNC] 0x450A 0a45
14:56:37.471 p25787 → [PRE-SYNC] 0x7078 7870
14:56:37.471 p25787 → [PRE-SYNC] 0x6365 6563
14:56:37.471 p25787 → [PRE-SYNC] 0x3A74 743a
14:56:37.471 p25787 → [PRE-SYNC] 0x3120 2031
14:56:37.471 p25787 → [PRE-SYNC] 0x3030 3030
14:56:37.471 p25787 → [PRE-SYNC] 0x632D 2d63
14:56:37.472 p25787 → [PRE-SYNC] 0x6E6F 6f6e
14:56:37.472 p25787 → [PRE-SYNC] 0x6974 7469
14:56:37.472 p25787 → [PRE-SYNC] 0x756E 6e75
14:56:37.472 p25787 → [PRE-SYNC] 0x0D65 650d
14:56:37.472 p25787 → [PRE-SYNC] 0x430A 0a43
14:56:37.472 p25787 → [PRE-SYNC] 0x6E6F 6f6e
14:56:37.472 p25787 → [PRE-SYNC] 0x656E 6e65
14:56:37.472 p25787 → [PRE-SYNC] 0x7463 6374
14:56:37.472 p25787 → [PRE-SYNC] 0x6F69 696f
14:56:37.472 p25787 → [PRE-SYNC] 0x3A6E 6e3a
14:56:37.472 p25787 → [PRE-SYNC] 0x6B20 206b
14:56:37.472 p25787 → [PRE-SYNC] 0x6565 6565
14:56:37.472 p25787 → [PRE-SYNC] 0x2D70 702d
14:56:37.472 p25787 → [PRE-SYNC] 0x6C61 616c
14:56:37.472 p25787 → [PRE-SYNC] 0x7669 6976
14:56:37.472 p25787 → [PRE-SYNC] 0x0D65 650d
14:56:37.472 p25787 → [PRE-SYNC] 0x430A 0a43
14:56:37.472 p25787 → [PRE-SYNC] 0x6E6F 6f6e
14:56:37.472 p25787 → [PRE-SYNC] 0x6574 7465
14:56:37.472 p25787 → [PRE-SYNC] 0x746E 6e74
14:56:37.472 p25787 → [PRE-SYNC] 0x4C2D 2d4c
14:56:37.473 p25787 → [PRE-SYNC] 0x6E65 656e
14:56:37.473 p25787 → [PRE-SYNC] 0x7467 6774
14:56:37.473 p25787 → [PRE-SYNC] 0x3A68 683a
14:56:37.473 p25787 → [PRE-SYNC] 0x3220 2032
14:56:37.473 p25787 → [PRE-SYNC] 0x3934 3439
14:56:37.473 p25787 → [PRE-SYNC] 0x0A0D 0d0a
14:56:37.473 p25787 → [PRE-SYNC] 0x6F43 436f
14:56:37.473 p25787 → [PRE-SYNC] 0x746E 6e74
14:56:37.473 p25787 → [PRE-SYNC] 0x6E65 656e
14:56:37.473 p25787 → [PRE-SYNC] 0x2D74 742d
14:56:37.473 p25787 → [PRE-SYNC] 0x7954 5479
14:56:37.473 p25787 → [PRE-SYNC] 0x6570 7065
14:56:37.473 p25787 → [PRE-SYNC] 0x203A 3a20
14:56:37.473 p25787 → [PRE-SYNC] 0x756D 6d75
14:56:37.473 p25787 → [PRE-SYNC] 0x746C 6c74
14:56:37.473 p25787 → [PRE-SYNC] 0x7069 6970
14:56:37.473 p25787 → [PRE-SYNC] 0x7261 6172
14:56:37.473 p25787 → [PRE-SYNC] 0x2F74 742f
14:56:37.473 p25787 → [PRE-SYNC] 0x6F66 666f
14:56:37.474 p25787 → [PRE-SYNC] 0x6D72 726d
14:56:37.474 p25787 → [PRE-SYNC] 0x642D 2d64
14:56:37.474 p25787 → [PRE-SYNC] 0x7461 6174
14:56:37.474 p25787 → [PRE-SYNC] 0x3B61 613b
14:56:37.474 p25787 → [PRE-SYNC] 0x6220 2062
14:56:37.474 p25787 → [PRE-SYNC] 0x756F 6f75
14:56:37.474 p25787 → [PRE-SYNC] 0x646E 6e64
14:56:37.474 p25787 → [PRE-SYNC] 0x7261 6172
14:56:37.474 p25787 → [PRE-SYNC] 0x3D79 793d
14:56:37.474 p25787 → [PRE-SYNC] 0x2D2D 2d2d
14:56:37.474 p25787 → [PRE-SYNC] 0x2D2D 2d2d
14:56:37.474 p25787 → [PRE-SYNC] 0x2D2D 2d2d
14:56:37.474 p25787 → [PRE-SYNC] 0x2D2D 2d2d
14:56:37.474 p25787 → [PRE-SYNC] 0x2D2D 2d2d
14:56:37.474 p25787 → [PRE-SYNC] 0x2D2D 2d2d
14:56:37.474 p25787 → [PRE-SYNC] 0x2D2D 2d2d
14:56:37.474 p25787 → [PRE-SYNC] 0x2D2D 2d2d
14:56:37.474 p25787 → [PRE-SYNC] 0x2D2D 2d2d
14:56:37.474 p25787 → [PRE-SYNC] 0x2D2D 2d2d
14:56:37.474 p25787 → [PRE-SYNC] 0x2D2D 2d2d
14:56:37.474 p25787 → [PRE-SYNC] 0x2D2D 2d2d
14:56:37.474 p25787 → [PRE-SYNC] 0x3535 3535
14:56:37.474 p25787 → [PRE-SYNC] 0x3839 3938
14:56:37.474 p25787 → [PRE-SYNC] 0x6332 3263
14:56:37.474 p25787 → [PRE-SYNC] 0x6233 3362
14:56:37.474 p25787 → [PRE-SYNC] 0x3366 6633
14:56:37.474 p25787 → [PRE-SYNC] 0x6237 3762
14:56:37.474 p25787 → [PRE-SYNC] 0x3231 3132
14:56:37.474 p25787 → [PRE-SYNC] 0x6134 3461
14:56:37.474 p25787 → [PRE-SYNC] 0x0A0D 0d0a
14:56:37.474 p25787 → [PRE-SYNC] 0x0A0D 0d0a
14:56:37.475 p25787 → [ENC?] 0x2D2D 2d2d
14:56:37.475 p25787 → [ENC?] 0x2D2D 2d2d
14:56:37.475 p25787 → [ENC?] 0x2D2D 2d2d
14:56:37.475 p25787 → [ENC?] 0x2D2D 2d2d
14:56:37.475 p25787 → [ENC?] 0x2D2D 2d2d
14:56:37.475 p25787 → [ENC?] 0x2D2D 2d2d
14:56:37.475 p25787 → [ENC?] 0x3535 3535
14:56:37.475 p25787 → [ENC?] 0x3839 3938
14:56:37.475 p25787 → [ENC?] 0x6332 3263
14:56:37.475 p25787 → [ENC?] 0x6233 3362
14:56:37.475 p25787 → [ENC?] 0x3366 6633
14:56:37.475 p25787 → [ENC?] 0x6237 3762
14:56:37.476 p25787 → [ENC?] 0x3231 3132
14:56:37.476 p25787 → [ENC?] 0x6134 3461
14:56:37.476 p25787 → [ENC?] 0x0A0D 0d0a
14:56:37.476 p23545 → [PRE-SYNC] 0x0065 6500
14:56:37.476 p23545 → [PRE-SYNC] 0x0162 6201
14:56:37.476 p23545 → [PRE-SYNC] 0x002E 2e00
14:56:37.476 p23545 → [PRE-SYNC] 0xDBBA badb
14:56:37.476 p23545 → [PRE-SYNC] 0x67CA ca67
14:56:37.476 p23545 → [PRE-SYNC] 0x2EC6 c62e
14:56:37.476 p23545 → [PRE-SYNC] 0x7720 2077
14:56:37.476 p23545 → [PRE-SYNC] 0x0000 0000
14:56:37.589 p25787 → [PRE-SYNC] 0x0A0D 0d0a
14:56:37.589 p25787 → [PRE-SYNC] 0x2D2D 2d2d
14:56:37.589 p25787 → [PRE-SYNC] 0x2D2D 2d2d
14:56:37.589 p25787 → [PRE-SYNC] 0x2D2D 2d2d
14:56:37.589 p25787 → [PRE-SYNC] 0x2D2D 2d2d
14:56:37.589 p25787 → [PRE-SYNC] 0x2D2D 2d2d
14:56:37.589 p25787 → [PRE-SYNC] 0x2D2D 2d2d
14:56:37.589 p25787 → [PRE-SYNC] 0x2D2D 2d2d
14:56:37.590 p25787 → [PRE-SYNC] 0x2D2D 2d2d
14:56:37.590 p25787 → [PRE-SYNC] 0x2D2D 2d2d
14:56:37.590 p25787 → [PRE-SYNC] 0x2D2D 2d2d
14:56:37.590 p25787 → [PRE-SYNC] 0x2D2D 2d2d
14:56:37.590 p25787 → [PRE-SYNC] 0x2D2D 2d2d
14:56:37.590 p25787 → [PRE-SYNC] 0x2D2D 2d2d
14:56:37.590 p25787 → [PRE-SYNC] 0x3535 3535
14:56:37.590 p25787 → [PRE-SYNC] 0x3839 3938
14:56:37.590 p25787 → [PRE-SYNC] 0x6332 3263
14:56:37.590 p25787 → [PRE-SYNC] 0x6233 3362
14:56:37.590 p25787 → [PRE-SYNC] 0x3366 6633
14:56:37.590 p25787 → [PRE-SYNC] 0x6237 3762
14:56:37.590 p25787 → [PRE-SYNC] 0x3231 3132
14:56:37.590 p25787 → [PRE-SYNC] 0x6134 3461
14:56:37.590 p25787 → [PRE-SYNC] 0x0A0D 0d0a
14:56:37.590 p25787 → [PRE-SYNC] 0x6F43 436f
14:56:37.590 p25787 → [PRE-SYNC] 0x746E 6e74
14:56:37.590 p25787 → [PRE-SYNC] 0x6E65 656e
14:56:37.590 p25787 → [PRE-SYNC] 0x2D74 742d
14:56:37.591 p25787 → [PRE-SYNC] 0x6944 4469
14:56:37.591 p25787 → [PRE-SYNC] 0x7073 7370
14:56:37.591 p25787 → [PRE-SYNC] 0x736F 6f73
14:56:37.591 p25787 → [PRE-SYNC] 0x7469 6974
14:56:37.591 p25787 → [PRE-SYNC] 0x6F69 696f
14:56:37.591 p25787 → [PRE-SYNC] 0x3A6E 6e3a
14:56:37.591 p25787 → [PRE-SYNC] 0x6620 2066
14:56:37.591 p25787 → [PRE-SYNC] 0x726F 6f72
14:56:37.591 p25787 → [PRE-SYNC] 0x2D6D 6d2d
14:56:37.591 p25787 → [PRE-SYNC] 0x6164 6461
14:56:37.591 p25787 → [PRE-SYNC] 0x6174 7461
14:56:37.591 p25787 → [PRE-SYNC] 0x203B 3b20
14:56:37.591 p25787 → [PRE-SYNC] 0x616E 6e61
14:56:37.591 p25787 → [PRE-SYNC] 0x656D 6d65
14:56:37.591 p25787 → [PRE-SYNC] 0x223D 3d22
14:56:37.591 p25787 → [PRE-SYNC] 0x4941 4149
14:56:37.591 p25787 → [PRE-SYNC] 0x2244 4422
14:56:37.591 p25787 → [PRE-SYNC] 0x0A0D 0d0a
14:56:37.591 p25787 → [PRE-SYNC] 0x0A0D 0d0a
14:56:37.591 p25787 → [PRE-SYNC] 0x3033 3330
14:56:37.591 p25787 → [PRE-SYNC] 0x3531 3135
14:56:37.591 p25787 → [PRE-SYNC] 0x3130 3031
14:56:37.591 p25787 → [PRE-SYNC] 0x0D30 300d
14:56:37.591 p25787 → [PRE-SYNC] 0x2D0A 0a2d
14:56:37.592 p25787 → [PRE-SYNC] 0x2D2D 2d2d
14:56:37.592 p25787 → [PRE-SYNC] 0x2D2D 2d2d
14:56:37.592 p25787 → [PRE-SYNC] 0x2D2D 2d2d
14:56:37.592 p25787 → [PRE-SYNC] 0x2D2D 2d2d
14:56:37.592 p25787 → [PRE-SYNC] 0x2D2D 2d2d
14:56:37.592 p25787 → [PRE-SYNC] 0x2D2D 2d2d
14:56:37.592 p25787 → [PRE-SYNC] 0x2D2D 2d2d
14:56:37.592 p25787 → [PRE-SYNC] 0x2D2D 2d2d
14:56:37.592 p25787 → [PRE-SYNC] 0x2D2D 2d2d
14:56:37.592 p25787 → [PRE-SYNC] 0x2D2D 2d2d
14:56:37.592 p25787 → [PRE-SYNC] 0x2D2D 2d2d
14:56:37.592 p25787 → [PRE-SYNC] 0x2D2D 2d2d
14:56:37.592 p25787 → [PRE-SYNC] 0x352D 2d35
14:56:37.592 p25787 → [PRE-SYNC] 0x3935 3539
14:56:37.592 p25787 → [PRE-SYNC] 0x3238 3832
14:56:37.592 p25787 → [PRE-SYNC] 0x3363 6333
14:56:37.592 p25787 → [PRE-SYNC] 0x6662 6266
14:56:37.592 p25787 → [PRE-SYNC] 0x3733 3337
14:56:37.592 p25787 → [PRE-SYNC] 0x3162 6231
14:56:37.592 p25787 → [PRE-SYNC] 0x3432 3234
14:56:37.592 p25787 → [PRE-SYNC] 0x0D61 610d
14:56:37.592 p25787 → [PRE-SYNC] 0x430A 0a43
14:56:37.592 p25787 → [PRE-SYNC] 0x6E6F 6f6e
14:56:37.592 p25787 → [PRE-SYNC] 0x6574 7465
14:56:37.592 p25787 → [PRE-SYNC] 0x746E 6e74
14:56:37.592 p25787 → [PRE-SYNC] 0x442D 2d44
14:56:37.592 p25787 → [PRE-SYNC] 0x7369 6973
14:56:37.592 p25787 → [PRE-SYNC] 0x6F70 706f
14:56:37.593 p25787 → [PRE-SYNC] 0x6973 7369
14:56:37.593 p25787 → [PRE-SYNC] 0x6974 7469
14:56:37.593 p25787 → [PRE-SYNC] 0x6E6F 6f6e
14:56:37.593 p25787 → [PRE-SYNC] 0x203A 3a20
14:56:37.593 p25787 → [PRE-SYNC] 0x6F66 666f
14:56:37.593 p25787 → [PRE-SYNC] 0x6D72 726d
14:56:37.593 p25787 → [PRE-SYNC] 0x642D 2d64
14:56:37.593 p25787 → [PRE-SYNC] 0x7461 6174
14:56:37.593 p25787 → [PRE-SYNC] 0x3B61 613b
14:56:37.593 p25787 → [PRE-SYNC] 0x6E20 206e
14:56:37.593 p25787 → [PRE-SYNC] 0x6D61 616d
14:56:37.593 p25787 → [PRE-SYNC] 0x3D65 653d
14:56:37.593 p25787 → [PRE-SYNC] 0x5722 2257
14:56:37.593 p25787 → [PRE-SYNC] 0x726F 6f72
14:56:37.593 p25787 → [PRE-SYNC] 0x646C 6c64
14:56:37.593 p25787 → [PRE-SYNC] 0x614E 4e61
14:56:37.593 p25787 → [PRE-SYNC] 0x656D 6d65
14:56:37.593 p25787 → [PRE-SYNC] 0x0D22 220d
14:56:37.593 p25787 → [PRE-SYNC] 0x0D0A 0a0d
14:56:37.593 p25787 → [PRE-SYNC] 0x420A 0a42
14:56:37.593 p25787 → [PRE-SYNC] 0x6D61 616d
14:56:37.593 p25787 → [PRE-SYNC] 0x6F62 626f
14:56:37.593 p25787 → [PRE-SYNC] 0x0D6F 6f0d
14:56:37.593 p25787 → [PRE-SYNC] 0x2D0A 0a2d
14:56:37.593 p25787 → [PRE-SYNC] 0x2D2D 2d2d
14:56:37.593 p25787 → [PRE-SYNC] 0x2D2D 2d2d
14:56:37.593 p25787 → [PRE-SYNC] 0x2D2D 2d2d
14:56:37.593 p25787 → [PRE-SYNC] 0x2D2D 2d2d
14:56:37.594 p25787 → [PRE-SYNC] 0x2D2D 2d2d
14:56:37.594 p25787 → [PRE-SYNC] 0x2D2D 2d2d
14:56:37.594 p25787 → [PRE-SYNC] 0x2D2D 2d2d
14:56:37.594 p25787 → [PRE-SYNC] 0x2D2D 2d2d
14:56:37.594 p25787 → [PRE-SYNC] 0x2D2D 2d2d
14:56:37.594 p25787 → [PRE-SYNC] 0x2D2D 2d2d
14:56:37.594 p25787 → [PRE-SYNC] 0x2D2D 2d2d
14:56:37.594 p25787 → [PRE-SYNC] 0x2D2D 2d2d
14:56:37.594 p25787 → [PRE-SYNC] 0x352D 2d35
14:56:37.594 p25787 → [PRE-SYNC] 0x3935 3539
14:56:37.594 p25787 → [PRE-SYNC] 0x3238 3832
14:56:37.594 p25787 → [PRE-SYNC] 0x3363 6333
14:56:37.594 p25787 → [PRE-SYNC] 0x6662 6266
14:56:37.594 p25787 → [PRE-SYNC] 0x3733 3337
14:56:37.594 p25787 → [PRE-SYNC] 0x3162 6231
14:56:37.594 p25787 → [PRE-SYNC] 0x3432 3234
14:56:37.594 p25787 → [PRE-SYNC] 0x2D61 612d
14:56:37.594 p25787 → [PRE-SYNC] 0x0D2D 2d0d
14:56:37.594 p25787 → [ENC?] 0x2D2D 2d2d
14:56:37.594 p25787 → [ENC?] 0x2D2D 2d2d
14:56:37.594 p25787 → [ENC?] 0x2D2D 2d2d
14:56:37.594 p25787 → [ENC?] 0x2D2D 2d2d
14:56:37.594 p25787 → [ENC?] 0x2D2D 2d2d
14:56:37.594 p25787 → [ENC?] 0x2D2D 2d2d
14:56:37.595 p25787 → [ENC?] 0x3535 3535
14:56:37.595 p25787 → [ENC?] 0x3839 3938
14:56:37.595 p25787 → [ENC?] 0x6332 3263
14:56:37.595 p25787 → [ENC?] 0x6233 3362
14:56:37.595 p25787 → [ENC?] 0x3366 6633
14:56:37.595 p25787 → [ENC?] 0x6237 3762
14:56:37.595 p25787 → [ENC?] 0x3231 3132
14:56:37.595 p25787 → [ENC?] 0x6134 3461
14:56:37.595 p25787 → [ENC?] 0x2D2D 2d2d
14:56:38.690 p24656 → [PRE-SYNC] 0x0436 3604
14:56:38.690 p24656 → [PRE-SYNC] 0x0162 6201
14:56:38.690 p24656 → [PRE-SYNC] 0x002E 2e00
14:56:38.690 p24656 → [PRE-SYNC] 0x2848 4828
14:56:38.690 p24656 → [PRE-SYNC] 0x0000 0000
14:56:38.690 p24656 → [PRE-SYNC] 0xDBBA badb
14:56:38.690 p24656 → [PRE-SYNC] 0x67CA ca67
14:56:38.690 p24656 → [PRE-SYNC] 0x1B89 891b
14:56:38.690 p24656 → [PRE-SYNC] 0x0001 0100
14:56:38.690 p24656 → [PRE-SYNC] 0x0725 2507
14:56:38.690 p24656 → [PRE-SYNC] 0x1959 5919
14:56:38.691 p25787 → [PRE-SYNC] 0x0A0D 0d0a
14:56:38.691 p25787 → [PRE-SYNC] 0x4F50 504f
14:56:38.691 p25787 → [PRE-SYNC] 0x5453 5354
14:56:38.691 p25787 → [PRE-SYNC] 0x2F20 202f
14:56:38.691 p25787 → [PRE-SYNC] 0x6863 6368
14:56:38.691 p25787 → [PRE-SYNC] 0x7261 6172
14:56:38.691 p25787 → [PRE-SYNC] 0x6F63 636f
14:56:38.691 p25787 → [PRE-SYNC] 0x666E 6e66
14:56:38.691 p25787 → [PRE-SYNC] 0x6769 6967
14:56:38.691 p25787 → [PRE-SYNC] 0x6C2F 2f6c
14:56:38.691 p25787 → [PRE-SYNC] 0x616F 6f61
14:56:38.691 p25787 → [PRE-SYNC] 0x2064 6420
14:56:38.691 p25787 → [PRE-SYNC] 0x5448 4854
14:56:38.691 p25787 → [PRE-SYNC] 0x5054 5450
14:56:38.691 p25787 → [PRE-SYNC] 0x312F 2f31
14:56:38.691 p25787 → [PRE-SYNC] 0x312E 2e31
14:56:38.691 p25787 → [PRE-SYNC] 0x0A0D 0d0a
14:56:38.691 p25787 → [PRE-SYNC] 0x6F48 486f
14:56:38.691 p25787 → [PRE-SYNC] 0x7473 7374
14:56:38.691 p25787 → [PRE-SYNC] 0x203A 3a20
14:56:38.691 p25787 → [PRE-SYNC] 0x3331 3133
14:56:38.691 p25787 → [PRE-SYNC] 0x2E36 362e
14:56:38.692 p25787 → [PRE-SYNC] 0x3131 3131
14:56:38.692 p25787 → [PRE-SYNC] 0x2E30 302e
14:56:38.692 p25787 → [PRE-SYNC] 0x3731 3137
14:56:38.692 p25787 → [PRE-SYNC] 0x2E32 322e
14:56:38.692 p25787 → [PRE-SYNC] 0x3233 3332
14:56:38.692 p25787 → [PRE-SYNC] 0x323A 3a32
14:56:38.692 p25787 → [PRE-SYNC] 0x3735 3537
14:56:38.692 p25787 → [PRE-SYNC] 0x3738 3837
14:56:38.692 p25787 → [PRE-SYNC] 0x0A0D 0d0a
14:56:38.692 p25787 → [PRE-SYNC] 0x6341 4163
14:56:38.692 p25787 → [PRE-SYNC] 0x6563 6365
14:56:38.692 p25787 → [PRE-SYNC] 0x7470 7074
14:56:38.692 p25787 → [PRE-SYNC] 0x203A 3a20
14:56:38.692 p25787 → [PRE-SYNC] 0x2F2A 2a2f
14:56:38.692 p25787 → [PRE-SYNC] 0x0D2A 2a0d
14:56:38.692 p25787 → [PRE-SYNC] 0x450A 0a45
14:56:38.692 p25787 → [PRE-SYNC] 0x7078 7870
14:56:38.692 p25787 → [PRE-SYNC] 0x6365 6563
14:56:38.692 p25787 → [PRE-SYNC] 0x3A74 743a
14:56:38.692 p25787 → [PRE-SYNC] 0x3120 2031
14:56:38.692 p25787 → [PRE-SYNC] 0x3030 3030
14:56:38.692 p25787 → [PRE-SYNC] 0x632D 2d63
14:56:38.692 p25787 → [PRE-SYNC] 0x6E6F 6f6e
14:56:38.692 p25787 → [PRE-SYNC] 0x6974 7469
14:56:38.692 p25787 → [PRE-SYNC] 0x756E 6e75
14:56:38.692 p25787 → [PRE-SYNC] 0x0D65 650d
14:56:38.692 p25787 → [PRE-SYNC] 0x430A 0a43
14:56:38.692 p25787 → [PRE-SYNC] 0x6E6F 6f6e
14:56:38.692 p25787 → [PRE-SYNC] 0x656E 6e65
14:56:38.693 p25787 → [PRE-SYNC] 0x7463 6374
14:56:38.693 p25787 → [PRE-SYNC] 0x6F69 696f
14:56:38.693 p25787 → [PRE-SYNC] 0x3A6E 6e3a
14:56:38.693 p25787 → [PRE-SYNC] 0x6B20 206b
14:56:38.693 p25787 → [PRE-SYNC] 0x6565 6565
14:56:38.693 p25787 → [PRE-SYNC] 0x2D70 702d
14:56:38.693 p25787 → [PRE-SYNC] 0x6C61 616c
14:56:38.693 p25787 → [PRE-SYNC] 0x7669 6976
14:56:38.693 p25787 → [PRE-SYNC] 0x0D65 650d
14:56:38.693 p25787 → [PRE-SYNC] 0x430A 0a43
14:56:38.693 p25787 → [PRE-SYNC] 0x6E6F 6f6e
14:56:38.693 p25787 → [PRE-SYNC] 0x6574 7465
14:56:38.693 p25787 → [PRE-SYNC] 0x746E 6e74
14:56:38.693 p25787 → [PRE-SYNC] 0x4C2D 2d4c
14:56:38.693 p25787 → [PRE-SYNC] 0x6E65 656e
14:56:38.693 p25787 → [PRE-SYNC] 0x7467 6774
14:56:38.693 p25787 → [PRE-SYNC] 0x3A68 683a
14:56:38.693 p25787 → [PRE-SYNC] 0x3420 2034
14:56:38.693 p25787 → [PRE-SYNC] 0x3036 3630
14:56:38.693 p25787 → [PRE-SYNC] 0x0A0D 0d0a
14:56:38.693 p25787 → [PRE-SYNC] 0x6F43 436f
14:56:38.693 p25787 → [PRE-SYNC] 0x746E 6e74
14:56:38.693 p25787 → [PRE-SYNC] 0x6E65 656e
14:56:38.693 p25787 → [PRE-SYNC] 0x2D74 742d
14:56:38.693 p25787 → [PRE-SYNC] 0x7954 5479
14:56:38.693 p25787 → [PRE-SYNC] 0x6570 7065
14:56:38.693 p25787 → [PRE-SYNC] 0x203A 3a20
14:56:38.693 p25787 → [PRE-SYNC] 0x756D 6d75
14:56:38.693 p25787 → [PRE-SYNC] 0x746C 6c74
14:56:38.693 p25787 → [PRE-SYNC] 0x7069 6970
14:56:38.693 p25787 → [PRE-SYNC] 0x7261 6172
14:56:38.693 p25787 → [PRE-SYNC] 0x2F74 742f
14:56:38.693 p25787 → [PRE-SYNC] 0x6F66 666f
14:56:38.694 p25787 → [PRE-SYNC] 0x6D72 726d
14:56:38.694 p25787 → [PRE-SYNC] 0x642D 2d64
14:56:38.694 p25787 → [PRE-SYNC] 0x7461 6174
14:56:38.694 p25787 → [PRE-SYNC] 0x3B61 613b
14:56:38.694 p25787 → [PRE-SYNC] 0x6220 2062
14:56:38.694 p25787 → [PRE-SYNC] 0x756F 6f75
14:56:38.694 p25787 → [PRE-SYNC] 0x646E 6e64
14:56:38.694 p25787 → [PRE-SYNC] 0x7261 6172
14:56:38.694 p25787 → [PRE-SYNC] 0x3D79 793d
14:56:38.694 p25787 → [PRE-SYNC] 0x2D2D 2d2d
14:56:38.694 p25787 → [PRE-SYNC] 0x2D2D 2d2d
14:56:38.694 p25787 → [PRE-SYNC] 0x2D2D 2d2d
14:56:38.694 p25787 → [PRE-SYNC] 0x2D2D 2d2d
14:56:38.694 p25787 → [PRE-SYNC] 0x2D2D 2d2d
14:56:38.694 p25787 → [PRE-SYNC] 0x2D2D 2d2d
14:56:38.694 p25787 → [PRE-SYNC] 0x2D2D 2d2d
14:56:38.694 p25787 → [PRE-SYNC] 0x2D2D 2d2d
14:56:38.694 p25787 → [PRE-SYNC] 0x2D2D 2d2d
14:56:38.694 p25787 → [PRE-SYNC] 0x2D2D 2d2d
14:56:38.694 p25787 → [PRE-SYNC] 0x2D2D 2d2d
14:56:38.694 p25787 → [PRE-SYNC] 0x2D2D 2d2d
14:56:38.694 p25787 → [PRE-SYNC] 0x3161 6131
14:56:38.694 p25787 → [PRE-SYNC] 0x3664 6436
14:56:38.694 p25787 → [PRE-SYNC] 0x3330 3033
14:56:38.694 p25787 → [PRE-SYNC] 0x6664 6466
14:56:38.694 p25787 → [PRE-SYNC] 0x3166 6631
14:56:38.694 p25787 → [PRE-SYNC] 0x3166 6631
14:56:38.694 p25787 → [PRE-SYNC] 0x3462 6234
14:56:38.694 p25787 → [PRE-SYNC] 0x3765 6537
14:56:38.695 p25787 → [PRE-SYNC] 0x0A0D 0d0a
14:56:38.695 p25787 → [PRE-SYNC] 0x0A0D 0d0a
14:56:38.695 p25787 → [ENC?] 0x2D2D 2d2d
14:56:38.695 p25787 → [ENC?] 0x2D2D 2d2d
14:56:38.695 p25787 → [ENC?] 0x2D2D 2d2d
14:56:38.695 p25787 → [ENC?] 0x2D2D 2d2d
14:56:38.695 p25787 → [ENC?] 0x2D2D 2d2d
14:56:38.695 p25787 → [ENC?] 0x2D2D 2d2d
14:56:38.695 p25787 → [ENC?] 0x3161 6131
14:56:38.695 p25787 → [ENC?] 0x3664 6436
14:56:38.695 p25787 → [ENC?] 0x3330 3033
14:56:38.695 p25787 → [ENC?] 0x6664 6466
14:56:38.695 p25787 → [ENC?] 0x3166 6631
14:56:38.695 p25787 → [ENC?] 0x3166 6631
14:56:38.695 p25787 → [ENC?] 0x3462 6234
14:56:38.695 p25787 → [ENC?] 0x3765 6537
14:56:38.695 p25787 → [ENC?] 0x0A0D 0d0a
14:56:38.723 p24656 ← 0x4753 [36B] 53 47 24 00 94 88 1f 30 13 8d 09 ab f3 73 0d 12 0c 9d 64 4e 34 36 8c 7e 1a 33 e2 71 a8 02 d2 f0
14:56:38.725 p25787 → [PRE-SYNC] 0x0A0D 0d0a
14:56:38.725 p25787 → [PRE-SYNC] 0x2D2D 2d2d
14:56:38.725 p25787 → [PRE-SYNC] 0x2D2D 2d2d
14:56:38.725 p25787 → [PRE-SYNC] 0x2D2D 2d2d
14:56:38.725 p25787 → [PRE-SYNC] 0x2D2D 2d2d
14:56:38.725 p25787 → [PRE-SYNC] 0x2D2D 2d2d
14:56:38.725 p25787 → [PRE-SYNC] 0x2D2D 2d2d
14:56:38.725 p25787 → [PRE-SYNC] 0x2D2D 2d2d
14:56:38.725 p25787 → [PRE-SYNC] 0x2D2D 2d2d
14:56:38.726 p25787 → [PRE-SYNC] 0x2D2D 2d2d
14:56:38.726 p25787 → [PRE-SYNC] 0x2D2D 2d2d
14:56:38.726 p25787 → [PRE-SYNC] 0x2D2D 2d2d
14:56:38.726 p25787 → [PRE-SYNC] 0x2D2D 2d2d
14:56:38.726 p25787 → [PRE-SYNC] 0x2D2D 2d2d
14:56:38.726 p25787 → [PRE-SYNC] 0x3161 6131
14:56:38.726 p25787 → [PRE-SYNC] 0x3664 6436
14:56:38.726 p25787 → [PRE-SYNC] 0x3330 3033
14:56:38.726 p25787 → [PRE-SYNC] 0x6664 6466
14:56:38.726 p25787 → [PRE-SYNC] 0x3166 6631
14:56:38.726 p25787 → [PRE-SYNC] 0x3166 6631
14:56:38.726 p25787 → [PRE-SYNC] 0x3462 6234
14:56:38.726 p25787 → [PRE-SYNC] 0x3765 6537
14:56:38.726 p25787 → [PRE-SYNC] 0x0A0D 0d0a
14:56:38.726 p25787 → [PRE-SYNC] 0x6F43 436f
14:56:38.726 p25787 → [PRE-SYNC] 0x746E 6e74
14:56:38.726 p25787 → [PRE-SYNC] 0x6E65 656e
14:56:38.726 p25787 → [PRE-SYNC] 0x2D74 742d
14:56:38.726 p25787 → [PRE-SYNC] 0x6944 4469
14:56:38.726 p25787 → [PRE-SYNC] 0x7073 7370
14:56:38.726 p25787 → [PRE-SYNC] 0x736F 6f73
14:56:38.726 p25787 → [PRE-SYNC] 0x7469 6974
14:56:38.726 p25787 → [PRE-SYNC] 0x6F69 696f
14:56:38.726 p25787 → [PRE-SYNC] 0x3A6E 6e3a
14:56:38.726 p25787 → [PRE-SYNC] 0x6620 2066
14:56:38.727 p25787 → [PRE-SYNC] 0x726F 6f72
14:56:38.727 p25787 → [PRE-SYNC] 0x2D6D 6d2d
14:56:38.727 p25787 → [PRE-SYNC] 0x6164 6461
14:56:38.727 p25787 → [PRE-SYNC] 0x6174 7461
14:56:38.727 p25787 → [PRE-SYNC] 0x203B 3b20
14:56:38.727 p25787 → [PRE-SYNC] 0x616E 6e61
14:56:38.727 p25787 → [PRE-SYNC] 0x656D 6d65
14:56:38.727 p25787 → [PRE-SYNC] 0x223D 3d22
14:56:38.727 p25787 → [PRE-SYNC] 0x4941 4149
14:56:38.727 p25787 → [PRE-SYNC] 0x2244 4422
14:56:38.727 p25787 → [PRE-SYNC] 0x0A0D 0d0a
14:56:38.727 p25787 → [PRE-SYNC] 0x0A0D 0d0a
14:56:38.727 p25787 → [PRE-SYNC] 0x3033 3330
14:56:38.727 p25787 → [PRE-SYNC] 0x3531 3135
14:56:38.727 p25787 → [PRE-SYNC] 0x3130 3031
14:56:38.727 p25787 → [PRE-SYNC] 0x0D30 300d
14:56:38.727 p25787 → [PRE-SYNC] 0x2D0A 0a2d
14:56:38.727 p25787 → [PRE-SYNC] 0x2D2D 2d2d
14:56:38.727 p25787 → [PRE-SYNC] 0x2D2D 2d2d
14:56:38.727 p25787 → [PRE-SYNC] 0x2D2D 2d2d
14:56:38.727 p25787 → [PRE-SYNC] 0x2D2D 2d2d
14:56:38.727 p25787 → [PRE-SYNC] 0x2D2D 2d2d
14:56:38.727 p25787 → [PRE-SYNC] 0x2D2D 2d2d
14:56:38.727 p25787 → [PRE-SYNC] 0x2D2D 2d2d
14:56:38.727 p25787 → [PRE-SYNC] 0x2D2D 2d2d
14:56:38.727 p25787 → [PRE-SYNC] 0x2D2D 2d2d
14:56:38.727 p25787 → [PRE-SYNC] 0x2D2D 2d2d
14:56:38.727 p25787 → [PRE-SYNC] 0x2D2D 2d2d
14:56:38.727 p25787 → [PRE-SYNC] 0x2D2D 2d2d
14:56:38.727 p25787 → [PRE-SYNC] 0x612D 2d61
14:56:38.727 p25787 → [PRE-SYNC] 0x6431 3164
14:56:38.727 p25787 → [PRE-SYNC] 0x3036 3630
14:56:38.727 p25787 → [PRE-SYNC] 0x6433 3364
14:56:38.728 p25787 → [PRE-SYNC] 0x6666 6666
14:56:38.728 p25787 → [PRE-SYNC] 0x6631 3166
14:56:38.728 p25787 → [PRE-SYNC] 0x6231 3162
14:56:38.728 p25787 → [PRE-SYNC] 0x6534 3465
14:56:38.728 p25787 → [PRE-SYNC] 0x0D37 370d
14:56:38.728 p25787 → [PRE-SYNC] 0x430A 0a43
14:56:38.728 p25787 → [PRE-SYNC] 0x6E6F 6f6e
14:56:38.728 p25787 → [PRE-SYNC] 0x6574 7465
14:56:38.728 p25787 → [PRE-SYNC] 0x746E 6e74
14:56:38.728 p25787 → [PRE-SYNC] 0x442D 2d44
14:56:38.728 p25787 → [PRE-SYNC] 0x7369 6973
14:56:38.728 p25787 → [PRE-SYNC] 0x6F70 706f
14:56:38.728 p25787 → [PRE-SYNC] 0x6973 7369
14:56:38.728 p25787 → [PRE-SYNC] 0x6974 7469
14:56:38.728 p25787 → [PRE-SYNC] 0x6E6F 6f6e
14:56:38.728 p25787 → [PRE-SYNC] 0x203A 3a20
14:56:38.728 p25787 → [PRE-SYNC] 0x6F66 666f
14:56:38.728 p25787 → [PRE-SYNC] 0x6D72 726d
14:56:38.728 p25787 → [PRE-SYNC] 0x642D 2d64
14:56:38.728 p25787 → [PRE-SYNC] 0x7461 6174
14:56:38.728 p25787 → [PRE-SYNC] 0x3B61 613b
14:56:38.728 p25787 → [PRE-SYNC] 0x6E20 206e
14:56:38.729 p25787 → [PRE-SYNC] 0x6D61 616d
14:56:38.729 p25787 → [PRE-SYNC] 0x3D65 653d
14:56:38.729 p25787 → [PRE-SYNC] 0x4722 2247
14:56:38.729 p25787 → [PRE-SYNC] 0x4449 4944
14:56:38.729 p25787 → [PRE-SYNC] 0x0D22 220d
14:56:38.729 p25787 → [PRE-SYNC] 0x0D0A 0a0d
14:56:38.729 p25787 → [PRE-SYNC] 0x310A 0a31
14:56:38.729 p25787 → [PRE-SYNC] 0x3330 3033
14:56:38.729 p25787 → [PRE-SYNC] 0x3231 3132
14:56:38.729 p25787 → [PRE-SYNC] 0x0A0D 0d0a
14:56:38.729 p25787 → [PRE-SYNC] 0x2D2D 2d2d
14:56:38.729 p25787 → [PRE-SYNC] 0x2D2D 2d2d
14:56:38.729 p25787 → [PRE-SYNC] 0x2D2D 2d2d
14:56:38.729 p25787 → [PRE-SYNC] 0x2D2D 2d2d
14:56:38.729 p25787 → [PRE-SYNC] 0x2D2D 2d2d
14:56:38.729 p25787 → [PRE-SYNC] 0x2D2D 2d2d
14:56:38.729 p25787 → [PRE-SYNC] 0x2D2D 2d2d
14:56:38.729 p25787 → [PRE-SYNC] 0x2D2D 2d2d
14:56:38.729 p25787 → [PRE-SYNC] 0x2D2D 2d2d
14:56:38.729 p25787 → [PRE-SYNC] 0x2D2D 2d2d
14:56:38.729 p25787 → [PRE-SYNC] 0x2D2D 2d2d
14:56:38.729 p25787 → [PRE-SYNC] 0x2D2D 2d2d
14:56:38.729 p25787 → [PRE-SYNC] 0x2D2D 2d2d
14:56:38.729 p25787 → [PRE-SYNC] 0x3161 6131
14:56:38.729 p25787 → [PRE-SYNC] 0x3664 6436
14:56:38.729 p25787 → [PRE-SYNC] 0x3330 3033
14:56:38.729 p25787 → [PRE-SYNC] 0x6664 6466
14:56:38.729 p25787 → [PRE-SYNC] 0x3166 6631
14:56:38.729 p25787 → [PRE-SYNC] 0x3166 6631
14:56:38.729 p25787 → [PRE-SYNC] 0x3462 6234
14:56:38.730 p25787 → [PRE-SYNC] 0x3765 6537
14:56:38.730 p25787 → [PRE-SYNC] 0x0A0D 0d0a
14:56:38.730 p25787 → [PRE-SYNC] 0x6F43 436f
14:56:38.730 p25787 → [PRE-SYNC] 0x746E 6e74
14:56:38.730 p25787 → [PRE-SYNC] 0x6E65 656e
14:56:38.730 p25787 → [PRE-SYNC] 0x2D74 742d
14:56:38.730 p25787 → [PRE-SYNC] 0x6944 4469
14:56:38.730 p25787 → [PRE-SYNC] 0x7073 7370
14:56:38.730 p25787 → [PRE-SYNC] 0x736F 6f73
14:56:38.730 p25787 → [ENC?] 0x2D2D 2d2d
14:56:38.730 p25787 → [ENC?] 0x2D2D 2d2d
14:56:38.730 p25787 → [ENC?] 0x2D2D 2d2d
14:56:38.730 p25787 → [ENC?] 0x2D2D 2d2d
14:56:38.730 p25787 → [ENC?] 0x2D2D 2d2d
14:56:38.730 p25787 → [ENC?] 0x2D2D 2d2d
14:56:38.730 p25787 → [ENC?] 0x3161 6131
14:56:38.730 p25787 → [ENC?] 0x3664 6436
14:56:38.730 p25787 → [ENC?] 0x3330 3033
14:56:38.730 p25787 → [ENC?] 0x6664 6466
14:56:38.730 p25787 → [ENC?] 0x3166 6631
14:56:38.730 p25787 → [ENC?] 0x3166 6631
14:56:38.730 p25787 → [ENC?] 0x3462 6234
14:56:38.730 p25787 → [ENC?] 0x3765 6537
14:56:38.730 p25787 → [ENC?] 0x2D2D 2d2d
14:56:38.733 p24656 ← 0x0283 [354B] 83 02 62 01 2e 00 18 0b 00 00 eb 02 ff 1b d7 92 29 8d f0 05 05 00 00 01 02 04 00 8e 00 1a 00 2d
