14:10:31.466 p22878 ← 0x4753 [36B] 53 47 24 00 a6 75 89 22 cc 60 8d 42 c6 eb 7f bb 59 0d 6b d2 38 ba 39 7e e5 e7 48 ec 07 5b 37 3f
14:10:31.493 p22878 → [ENC?] 0x9200 0092
14:10:31.493 p22878 → [ENC?] 0x2CC3 c32c
14:10:31.493 p22878 → [ENC?] 0x9F00 009f
14:10:31.493 p22878 → [ENC?] 0x525C 5c52
14:10:31.493 p22878 → [ENC?] 0x8400 0084
14:10:31.493 p22878 → [ENC?] 0xD2CD cdd2
14:10:31.493 p22878 → [ENC?] 0x8FA2 a28f
14:10:31.493 p22878 → [ENC?] 0xAD32 32ad
14:10:31.493 p22878 → [ENC?] 0xD8D1 d1d8
14:10:31.494 p22878 → [ENC?] 0xA24D 4da2
14:10:31.494 p22878 → [ENC?] 0x044E 4e04
14:10:31.494 p22878 → [ENC?] 0x4F9C 9c4f
14:10:31.494 p22878 → [ENC?] 0xFD7F 7ffd
14:10:31.494 p22878 → [ENC?] 0xB247 47b2
14:10:31.494 p22878 → [ENC?] 0xD8F0 f0d8
14:10:31.494 p22878 → [ENC?] 0xB7E3 e3b7
14:10:31.494 p22878 → [ENC?] 0x1F23 231f
14:10:31.494 p22878 → [ENC?] 0x5207 0752
14:10:31.494 p22878 → [ENC?] 0xC4A8 a8c4
14:10:31.494 p22878 → [ENC?] 0x504A 4a50
14:10:31.494 p22878 → [ENC?] 0x72DE de72
14:10:31.495 p22878 → [ENC?] 0x5476 7654
14:10:31.495 p22878 → [ENC?] 0xE100 00e1
14:10:31.495 p22878 → [ENC?] 0xE8BE bee8
14:10:31.495 p22878 → [ENC?] 0x3035 3530
14:10:31.495 p22878 → [ENC?] 0x32E6 e632
14:10:31.495 p22878 → [ENC?] 0x340C 0c34
14:10:31.495 p22878 → [ENC?] 0x85FA fa85
14:10:31.495 p22878 → [ENC?] 0x4301 0143
14:10:31.495 p22878 → [ENC?] 0xF6AE aef6
14:10:31.495 p22878 → [ENC?] 0x1984 8419
14:10:31.495 p22878 → [ENC?] 0xDBDD dddb
14:10:31.495 p22878 → [ENC?] 0x0464 6404
14:10:31.495 p22878 → [ENC?] 0x4871 7148
14:10:31.495 p22878 → [ENC?] 0xFF0A 0aff
14:10:31.495 p22878 → [ENC?] 0xB8EF efb8
14:10:31.495 p22878 → [ENC?] 0x6D4D 4d6d
14:10:31.495 p22878 → [ENC?] 0xD7CA cad7
14:10:31.495 p22878 → [ENC?] 0x4DA6 a64d
14:10:31.495 p22878 → [ENC?] 0x58E0 e058
14:10:31.495 p22878 → [ENC?] 0x7FDC dc7f
14:10:31.495 p22878 → [ENC?] 0xEEEC ecee
14:10:31.495 p22878 → [ENC?] 0x144D 4d14
14:10:31.495 p22878 → [ENC?] 0x621D 1d62
14:10:31.495 p22878 → [ENC?] 0x8A6C 6c8a
14:10:31.495 p22878 → [ENC?] 0x6ACD cd6a
14:10:31.496 p22878 → [ENC?] 0xE6C6 c6e6
14:10:31.530 p22878 ← 0x0AC4 [224B] c4 0a e0 00 e7 bb 9e 0c 62 01 2e 00 59 d3 9f 13 00 00 00 00 00 00 00 00 00 00 00 00 00 00 00 00
14:10:32.004 p25787 → [ENC?] 0x2D2D 2d2d
14:10:32.004 p25787 → [ENC?] 0x2D2D 2d2d
14:10:32.004 p25787 → [ENC?] 0x2D2D 2d2d
14:10:32.004 p25787 → [ENC?] 0x2D2D 2d2d
14:10:32.004 p25787 → [ENC?] 0x2D2D 2d2d
14:10:32.004 p25787 → [ENC?] 0x2D2D 2d2d
14:10:32.004 p25787 → [ENC?] 0x6139 3961
14:10:32.004 p25787 → [ENC?] 0x6639 3966
14:10:32.004 p25787 → [ENC?] 0x3333 3333
14:10:32.005 p25787 → [ENC?] 0x3232 3232
14:10:32.005 p25787 → [ENC?] 0x6339 3963
14:10:32.005 p25787 → [ENC?] 0x6533 3365
14:10:32.005 p25787 → [ENC?] 0x6237 3762
14:10:32.005 p25787 → [ENC?] 0x3566 6635
14:10:32.005 p25787 → [ENC?] 0x0A0D 0d0a
14:10:32.102 p25787 → [ENC?] 0x2D2D 2d2d
14:10:32.102 p25787 → [ENC?] 0x2D2D 2d2d
14:10:32.102 p25787 → [ENC?] 0x2D2D 2d2d
14:10:32.102 p25787 → [ENC?] 0x2D2D 2d2d
14:10:32.102 p25787 → [ENC?] 0x2D2D 2d2d
14:10:32.102 p25787 → [ENC?] 0x2D2D 2d2d
14:10:32.102 p25787 → [ENC?] 0x6139 3961
14:10:32.102 p25787 → [ENC?] 0x6639 3966
14:10:32.102 p25787 → [ENC?] 0x3333 3333
14:10:32.102 p25787 → [ENC?] 0x3232 3232
14:10:32.102 p25787 → [ENC?] 0x6339 3963
14:10:32.102 p25787 → [ENC?] 0x6533 3365
14:10:32.103 p25787 → [ENC?] 0x6237 3762
14:10:32.103 p25787 → [ENC?] 0x3566 6635
14:10:32.103 p25787 → [ENC?] 0x2D2D 2d2d
14:10:32.943 p25787 → [ENC?] 0x2D2D 2d2d
14:10:32.943 p25787 → [ENC?] 0x2D2D 2d2d
14:10:32.943 p25787 → [ENC?] 0x2D2D 2d2d
14:10:32.943 p25787 → [ENC?] 0x2D2D 2d2d
14:10:32.943 p25787 → [ENC?] 0x2D2D 2d2d
14:10:32.943 p25787 → [ENC?] 0x2D2D 2d2d
14:10:32.943 p25787 → [ENC?] 0x3732 3237
14:10:32.943 p25787 → [ENC?] 0x3562 6235
14:10:32.943 p25787 → [ENC?] 0x3466 6634
14:10:32.943 p25787 → [ENC?] 0x6661 6166
14:10:32.943 p25787 → [ENC?] 0x3737 3737
14:10:32.943 p25787 → [ENC?] 0x6365 6563
14:10:32.943 p25787 → [ENC?] 0x3634 3436
14:10:32.944 p25787 → [ENC?] 0x3264 6432
14:10:32.944 p25787 → [ENC?] 0x0A0D 0d0a
14:10:32.980 p25787 → [ENC?] 0x2D2D 2d2d
14:10:32.980 p25787 → [ENC?] 0x2D2D 2d2d
14:10:32.980 p25787 → [ENC?] 0x2D2D 2d2d
14:10:32.980 p25787 → [ENC?] 0x2D2D 2d2d
14:10:32.980 p25787 → [ENC?] 0x2D2D 2d2d
14:10:32.980 p25787 → [ENC?] 0x2D2D 2d2d
14:10:32.980 p25787 → [ENC?] 0x3732 3237
14:10:32.980 p25787 → [ENC?] 0x3562 6235
14:10:32.980 p25787 → [ENC?] 0x3466 6634
14:10:32.980 p25787 → [ENC?] 0x6661 6166
14:10:32.980 p25787 → [ENC?] 0x3737 3737
14:10:32.980 p25787 → [ENC?] 0x6365 6563
14:10:32.980 p25787 → [ENC?] 0x3634 3436
14:10:32.980 p25787 → [ENC?] 0x3264 6432
14:10:32.980 p25787 → [ENC?] 0x2D2D 2d2d
14:10:33.060 p24656 ← 0x4753 [36B] 53 47 24 00 d6 ed 46 6f e9 86 87 49 d1 67 da e1 be 93 65 27 e5 08 44 8a 05 22 20 98 d7 8c 94 05
14:10:34.014 p24656 ← 0x0283 [354B] 83 02 62 01 2e 00 18 0b 00 00 eb 02 a4 e8 ac 92 4b d4 40 05 05 00 00 01 02 04 00 8e 00 1a 00 2d
14:10:43.852 p24656 → 0x0436 [354B] 36 04 62 01 2e 00 48 28 00 00 e7 bb 9e 0c 7f 1b 01 00 74 d3 2e 19 01 92 c3 2c 00 b2 ec 33 a5 3d
14:10:43.852 p24656 → [ENC?] 0x5CE4 e45c
14:10:43.854 p24656 → [ENC?] 0x3B50 503b
14:10:43.854 p24656 → [ENC?] 0x37A3 a337
14:10:43.854 p24656 → [ENC?] 0x6204 0462
14:10:43.854 p24656 → [ENC?] 0x7C53 537c
14:10:44.012 p24656 ← 0x0000 [2824B] 00 00 08 0b 06 00 00 00 09 0b 57 03 00 02 00 ff 01 00 00 00 01 00 00 00 00 00 00 00 00 00 00 00
14:10:44.012 p24656 ← 0x00B0 [8B] b0 00 18 00 b0 09 00 00
14:10:44.013 p24656 ← 0x00B0 [8B] b0 00 19 00 04 74 00 00
14:10:44.014 p24656 ← 0x00B0 [8B] b0 00 0c 00 01 00 00 00
14:10:44.014 p24656 ← 0x0141 [14B] 41 01 0d 00 00 00 13 00 00 00 01 00 00 00
14:10:44.014 p24656 ← 0x0141 [14B] 41 01 0e 00 00 00 11 00 00 00 01 00 00 00
14:10:44.015 p24656 ← 0x0141 [14B] 41 01 0f 00 00 00 01 00 00 00 00 00 00 00
14:10:44.015 p24656 ← 0x0141 [14B] 41 01 10 00 00 00 01 00 00 00 00 00 00 00
14:10:44.016 p24656 ← 0x0141 [14B] 41 01 11 00 00 00 0e 00 00 00 01 00 00 00
14:10:44.016 p24656 ← 0x0141 [14B] 41 01 12 00 00 00 01 00 00 00 00 00 00 00
14:10:44.017 p24656 ← 0x00B0 [8B] b0 00 35 00 6e 01 00 00
14:10:44.017 p24656 ← 0x00B6 [6B] b6 00 47 8c 8e 06
14:10:44.018 p24656 ← 0x00B6 [6B] b6 00 51 8c 8e 06
14:10:44.019 p24656 ← 0x00B6 [6B] b6 00 17 8c 8e 06
14:10:44.019 p24656 ← 0x00B6 [6B] b6 00 52 8c 8e 06
14:10:44.020 p24656 ← 0x00B6 [6B] b6 00 6a 8c 8e 06
14:10:44.020 p24656 ← 0x00B6 [6B] b6 00 cd 32 90 06
14:10:44.021 p24656 ← 0x0080 [7B] 80 00 dd 66 94 06 00
14:10:44.021 p24656 ← 0x00B6 [6B] b6 00 b8 8c 8e 06
14:10:44.022 p24656 ← 0x00B6 [6B] b6 00 48 8c 8e 06
14:10:44.022 p24656 ← 0x00B6 [6B] b6 00 6c 8c 8e 06
14:10:44.022 p24656 ← 0x00B6 [6B] b6 00 47 8c 8e 06
14:10:44.023 p24656 ← 0x00B6 [6B] b6 00 48 8c 8e 06
14:10:44.023 p24656 ← 0x00B6 [6B] b6 00 47 8c 8e 06
14:10:44.024 p24656 ← 0x00B6 [6B] b6 00 48 8c 8e 06
14:10:44.024 p24656 ← 0x00B6 [6B] b6 00 47 8c 8e 06
14:10:44.025 p24656 ← 0x00B6 [6B] b6 00 48 8c 8e 06
14:10:44.025 p24656 ← 0x00B6 [6B] b6 00 47 8c 8e 06
14:10:44.026 p24656 ← 0x00B6 [6B] b6 00 48 8c 8e 06
14:10:44.026 p24656 ← 0x00B6 [6B] b6 00 47 8c 8e 06
14:10:44.026 p24656 ← 0x00B6 [6B] b6 00 48 8c 8e 06
14:10:44.027 p24656 ← 0x00B6 [6B] b6 00 47 8c 8e 06
14:10:44.027 p24656 ← 0x00B6 [6B] b6 00 48 8c 8e 06
14:10:44.028 p24656 ← 0x0086 [16B] 86 00 6f 67 94 06 4e 94 a4 f1 48 88 b3 07 ad 92
14:10:44.028 p24656 ← 0x00B6 [6B] b6 00 47 8c 8e 06
14:10:44.028 p24656 ← 0x00B6 [6B] b6 00 48 8c 8e 06
14:10:44.029 p24656 ← 0x00B6 [6B] b6 00 47 8c 8e 06
14:10:44.029 p24656 ← 0x00B6 [6B] b6 00 48 8c 8e 06
14:10:44.029 p24656 ← 0x00B6 [6B] b6 00 47 8c 8e 06
14:10:44.030 p24656 ← 0x00B6 [6B] b6 00 48 8c 8e 06
14:10:44.518 p24656 → [ENC?] 0x1731 3117
14:10:44.518 p24656 → [ENC?] 0x0368 6803
14:10:44.518 p24656 → [ENC?] 0x0162 6201
14:10:46.002 p24656 → [ENC?] 0x002E 2e00
14:10:46.002 p24656 → [ENC?] 0x0360 6003
14:10:46.002 p24656 → [ENC?] 0x067D 7d06
14:10:46.003 p24656 → [ENC?] 0x192F 2f19
14:10:46.003 p24656 → [ENC?] 0x0437 3704
14:10:46.003 p24656 → [ENC?] 0x0F66 660f
14:10:47.468 p24656 → [ENC?] 0xF3C7 c7f3
14:10:47.468 p24656 → [ENC?] 0x80A1 a180
14:10:47.468 p24656 → [ENC?] 0xD782 82d7
14:10:47.469 p24656 → [ENC?] 0x5480 8054
14:10:47.469 p24656 → [ENC?] 0xE49F 9fe4
14:10:47.469 p24656 → [ENC?] 0xDF50 50df
14:10:47.469 p24656 → [ENC?] 0x1D83 831d
14:10:47.469 p24656 → [ENC?] 0x1257 5712
14:10:47.469 p24656 → [ENC?] 0xDF76 76df
14:10:47.469 p24656 → [ENC?] 0x49EC ec49
14:10:47.469 p24656 → [ENC?] 0xCAD4 d4ca
14:10:47.469 p24656 → [ENC?] 0xF43B 3bf4
14:10:47.469 p24656 → [ENC?] 0xE99C 9ce9
14:10:47.469 p24656 → [ENC?] 0x0B2F 2f0b
14:10:47.469 p24656 → [ENC?] 0x67DF df67
14:10:47.469 p24656 → [ENC?] 0xDC96 96dc
14:10:47.469 p24656 → [ENC?] 0x1FA8 a81f
14:10:47.469 p24656 → [ENC?] 0xF460 60f4
14:10:47.469 p24656 → [ENC?] 0x871A 1a87
14:10:47.469 p24656 → [ENC?] 0x47F8 f847
14:10:47.469 p24656 → [ENC?] 0x07A5 a507
14:10:47.469 p24656 → [ENC?] 0x4148 4841
14:10:47.470 p24656 → [ENC?] 0x3ECD cd3e
14:10:47.470 p24656 → [ENC?] 0x0B40 400b
14:10:47.470 p24656 → [ENC?] 0x0945 4509
14:10:47.470 p24656 → [ENC?] 0x0350 5003
14:10:47.470 p24656 → [ENC?] 0x5193 9351
14:10:47.470 p24656 → [ENC?] 0x3F7D 7d3f
14:10:47.470 p24656 → [ENC?] 0x19C0 c019
14:10:47.470 p24656 → [ENC?] 0x00D6 d600
14:10:47.470 p24656 → [ENC?] 0x7312 1273
14:10:47.470 p24656 → [ENC?] 0x6401 0164
14:10:47.470 p24656 → [ENC?] 0x251F 1f25
14:10:47.470 p24656 → [ENC?] 0xA72F 2fa7
14:10:47.470 p24656 → [ENC?] 0xEEDC dcee
14:10:47.470 p24656 → [ENC?] 0x5880 8058
14:10:47.470 p24656 → [ENC?] 0x1C35 351c
14:10:47.470 p24656 → [ENC?] 0xCA1B 1bca
14:10:47.470 p24656 → [ENC?] 0xCBA4 a4cb
14:10:47.470 p24656 → [ENC?] 0x84DA da84
14:10:47.470 p24656 → [ENC?] 0x1382 8213
14:10:47.470 p24656 → [ENC?] 0x96AE ae96
14:10:47.470 p24656 → [ENC?] 0x56C8 c856
14:10:47.470 p24656 → [ENC?] 0x1881 8118
14:10:47.470 p24656 → [ENC?] 0x3A42 423a
14:10:47.470 p24656 → [ENC?] 0x155E 5e15
14:10:47.470 p24656 → [ENC?] 0x5675 7556
14:10:47.470 p24656 → [ENC?] 0xC803 03c8
14:10:47.470 p24656 → [ENC?] 0x5A0F 0f5a
14:10:47.471 p24656 → [ENC?] 0x32E7 e732
14:10:47.471 p24656 → [ENC?] 0xDB4F 4fdb
14:10:47.471 p24656 → [ENC?] 0x6499 9964
14:10:47.471 p24656 → [ENC?] 0xEB3B 3beb
14:10:47.471 p24656 → [ENC?] 0x0314 1403
14:10:47.471 p24656 → [ENC?] 0x73B2 b273
14:10:47.471 p24656 → [ENC?] 0x80DA da80
14:10:47.471 p24656 → [ENC?] 0xC586 86c5
14:10:47.471 p24656 → [ENC?] 0xBADD ddba
14:10:47.471 p24656 → [ENC?] 0x0ABC bc0a
14:10:47.471 p24656 → [ENC?] 0xA295 95a2
14:10:47.471 p24656 → [ENC?] 0x2512 1225
14:10:47.471 p24656 → [ENC?] 0xE89B 9be8
14:10:47.471 p24656 → [ENC?] 0x16A0 a016
14:10:47.471 p24656 → [ENC?] 0x295E 5e29
14:10:47.471 p24656 → [ENC?] 0x67FA fa67
14:10:48.252 p24656 → [ENC?] 0x18FC fc18
14:10:48.252 p24656 → [ENC?] 0x3701 0137
14:10:48.252 p24656 → [ENC?] 0x5404 0454
14:10:48.252 p24656 → [ENC?] 0x163F 3f16
14:10:54.768 p24656 → [ENC?] 0x49A4 a449
14:10:54.768 p24656 → [ENC?] 0x8280 8082
14:10:54.768 p24656 → [ENC?] 0xC8E5 e5c8
14:10:54.768 p24656 → [ENC?] 0x68AA aa68
14:10:54.768 p24656 → [ENC?] 0x7FC8 c87f
14:10:54.768 p24656 → [ENC?] 0x9D79 799d
14:10:54.768 p24656 → [ENC?] 0xEB11 11eb
14:10:54.768 p24656 → [ENC?] 0xCDAA aacd
14:10:54.768 p24656 → [ENC?] 0x3FBD bd3f
14:10:54.768 p24656 → [ENC?] 0x94E4 e494
14:10:54.768 p24656 → [ENC?] 0x5CDF df5c
14:10:54.768 p24656 → [ENC?] 0x8CF3 f38c
14:10:54.769 p24656 → [ENC?] 0x83BD bd83
14:10:54.769 p24656 → [ENC?] 0x3C3C 3c3c
14:10:54.769 p24656 → [ENC?] 0x03F8 f803
14:10:54.769 p24656 → [ENC?] 0xB2E1 e1b2
14:10:54.769 p24656 → [ENC?] 0xFAFA fafa
14:10:54.769 p24656 → [ENC?] 0x665D 5d66
14:10:54.769 p24656 → [ENC?] 0xA494 94a4
14:10:54.769 p24656 → [ENC?] 0x8CB0 b08c
14:10:54.769 p24656 → [ENC?] 0x67A7 a767
14:10:54.769 p24656 → [ENC?] 0x67A1 a167
14:10:54.769 p24656 → [ENC?] 0xBA7F 7fba
14:10:54.769 p24656 → [ENC?] 0x5AF3 f35a
14:10:54.769 p24656 → [ENC?] 0xFC71 71fc
14:10:54.769 p24656 → [ENC?] 0xCC8E 8ecc
14:10:54.769 p24656 → [ENC?] 0xCE39 39ce
14:10:54.769 p24656 → [ENC?] 0x056B 6b05
14:10:54.769 p24656 → [ENC?] 0xC1B6 b6c1
14:10:54.769 p24656 → [ENC?] 0xE97B 7be9
14:10:54.769 p24656 → [ENC?] 0x1DCB cb1d
14:10:54.769 p24656 → [ENC?] 0xC139 39c1
14:10:54.769 p24656 → [ENC?] 0x793B 3b79
14:10:54.769 p24656 → [ENC?] 0xD29F 9fd2
14:10:54.769 p24656 → [ENC?] 0xD7DD ddd7
14:10:54.769 p24656 → [ENC?] 0xBE71 71be
14:10:54.769 p24656 → [ENC?] 0xFA09 09fa
14:10:54.770 p24656 → [ENC?] 0x7C8D 8d7c
14:10:54.770 p24656 → [ENC?] 0x96D9 d996
14:10:54.770 p24656 → [ENC?] 0x50FF ff50
14:10:54.770 p24656 → [ENC?] 0xAE00 00ae
14:10:54.770 p24656 → [ENC?] 0xD514 14d5
14:10:54.770 p24656 → [ENC?] 0x73E4 e473
14:10:54.770 p24656 → [ENC?] 0xC01A 1ac0
14:10:54.770 p24656 → [ENC?] 0xA70D 0da7
14:10:54.770 p24656 → [ENC?] 0x3AD3 d33a
14:10:54.770 p24656 → [ENC?] 0x83B7 b783
14:10:54.770 p24656 → [ENC?] 0x5097 9750
14:10:54.770 p24656 → [ENC?] 0x2345 4523
14:10:54.770 p24656 → [ENC?] 0x622A 2a62
14:10:54.770 p24656 → [ENC?] 0x609C 9c60
14:10:54.770 p24656 → [ENC?] 0x1125 2511
14:10:54.770 p24656 → [ENC?] 0xE35D 5de3
14:10:54.770 p24656 → [ENC?] 0x03BC bc03
14:10:54.770 p24656 → [ENC?] 0xDBE6 e6db
14:10:54.770 p24656 → [ENC?] 0x5B82 825b
14:10:54.770 p24656 → [ENC?] 0x5A87 875a
14:10:54.770 p24656 → [ENC?] 0x702E 2e70
14:10:54.770 p24656 → [ENC?] 0xB453 53b4
14:10:54.770 p24656 → [ENC?] 0x355E 5e35
14:10:54.770 p24656 → [ENC?] 0x3F40 403f
14:10:54.770 p24656 → [ENC?] 0x028C 8c02
14:10:54.770 p24656 → [ENC?] 0x8844 4488
14:10:54.770 p24656 → [ENC?] 0x1E92 921e
14:10:54.771 p24656 → [ENC?] 0xDF18 18df
14:10:54.771 p24656 → [ENC?] 0x0368 6803
14:10:54.771 p24656 → [ENC?] 0x676F 6f67
14:10:58.018 p24656 → [ENC?] 0x0694 9406
14:10:58.018 p24656 → [ENC?] 0x8280 8082
14:10:58.018 p24656 → [ENC?] 0x09AB ab09
14:10:58.018 p24656 → [ENC?] 0x5009 0950
14:10:58.018 p24656 → [ENC?] 0xC8BD bdc8
14:10:58.018 p24656 → [ENC?] 0xAECF cfae
14:10:58.018 p24656 → [ENC?] 0x34BF bf34
14:10:58.018 p24656 → [ENC?] 0xF2E4 e4f2
14:10:58.018 p24656 → [ENC?] 0xCCE4 e4cc
14:10:58.018 p24656 → [ENC?] 0x277A 7a27
14:10:58.018 p24656 → [ENC?] 0x8919 1989
14:10:58.018 p24656 → [ENC?] 0x6E25 256e
14:10:58.018 p24656 → [ENC?] 0xB722 22b7
14:10:58.018 p24656 → [ENC?] 0x9954 5499
14:10:58.018 p24656 → [ENC?] 0x3DDD dd3d
14:10:58.019 p24656 → [ENC?] 0x565C 5c56
14:10:58.019 p24656 → [ENC?] 0xA689 89a6
14:10:58.019 p24656 → [ENC?] 0x6D6B 6b6d
14:10:58.019 p24656 → [ENC?] 0x5618 1856
14:10:58.019 p24656 → [ENC?] 0xE3FB fbe3
14:10:58.019 p24656 → [ENC?] 0xF67F 7ff6
14:10:58.019 p24656 → [ENC?] 0xE1F1 f1e1
14:10:58.019 p24656 → [ENC?] 0xD5DB dbd5
14:10:58.019 p24656 → [ENC?] 0xC2AA aac2
14:10:58.019 p24656 → [ENC?] 0xF29C 9cf2
14:10:58.019 p24656 → [ENC?] 0x18AA aa18
14:10:58.019 p24656 → [ENC?] 0x79AD ad79
14:10:58.019 p24656 → [ENC?] 0x0834 3408
14:10:58.019 p24656 → [ENC?] 0xD7EB ebd7
14:10:58.019 p24656 → [ENC?] 0x8DDC dc8d
14:10:58.019 p24656 → [ENC?] 0xC900 00c9
14:10:58.019 p24656 → [ENC?] 0xE2C7 c7e2
14:10:58.019 p24656 → [ENC?] 0x686A 6a68
14:10:58.019 p24656 → [ENC?] 0x18B2 b218
14:10:58.019 p24656 → [ENC?] 0x156A 6a15
14:10:58.019 p24656 → [ENC?] 0x7620 2076
14:10:58.019 p24656 → [ENC?] 0x9B45 459b
14:10:58.019 p24656 → [ENC?] 0x46D7 d746
14:10:58.019 p24656 → [ENC?] 0x643B 3b64
14:10:58.019 p24656 → [ENC?] 0xAC27 27ac
14:10:58.019 p24656 → [ENC?] 0x4142 4241
14:10:58.019 p24656 → [ENC?] 0xBF4A 4abf
14:10:58.019 p24656 → [ENC?] 0xD5F3 f3d5
14:10:58.019 p24656 → [ENC?] 0x2F25 252f
14:10:58.020 p24656 → [ENC?] 0x60A3 a360
14:10:58.020 p24656 → [ENC?] 0xD9B8 b8d9
14:10:58.020 p24656 → [ENC?] 0x8E8C 8c8e
14:10:58.020 p24656 → [ENC?] 0xD0D4 d4d0
14:10:58.020 p24656 → [ENC?] 0x647C 7c64
14:10:58.020 p24656 → [ENC?] 0xB3DD ddb3
14:10:58.020 p24656 → [ENC?] 0x8FE4 e48f
14:10:58.020 p24656 → [ENC?] 0xFE14 14fe
14:10:58.020 p24656 → [ENC?] 0x8025 2580
14:10:58.020 p24656 → [ENC?] 0x0857 5708
14:10:58.020 p24656 → [ENC?] 0xC981 81c9
14:10:58.020 p24656 → [ENC?] 0x1432 3214
14:10:58.020 p24656 → [ENC?] 0xCA13 13ca
14:10:58.020 p24656 → [ENC?] 0xAD2E 2ead
14:10:58.020 p24656 → [ENC?] 0xCB72 72cb
14:10:58.020 p24656 → [ENC?] 0x1489 8914
14:10:58.020 p24656 → [ENC?] 0xC5AD adc5
14:10:58.020 p24656 → [ENC?] 0x2753 5327
14:10:58.020 p24656 → [ENC?] 0x9C92 929c
14:10:58.020 p24656 → [ENC?] 0xB03F 3fb0
14:10:58.021 p24656 → [ENC?] 0xA4E3 e3a4
14:10:58.021 p24656 → [ENC?] 0x0360 6003
14:10:58.021 p24656 → [ENC?] 0x356D 6d35
14:11:02.519 p24656 → [ENC?] 0x192F 2f19
14:11:02.520 p24656 → [ENC?] 0x035F 5f03
14:11:02.968 p24656 → [ENC?] 0x4EEF ef4e
14:11:02.969 p24656 → [ENC?] 0x5FDD dd5f
14:11:02.969 p24656 → [ENC?] 0x0C03 030c
14:11:03.503 p24656 → [ENC?] 0x9A1E 1e9a
14:11:03.503 p24656 → [ENC?] 0x035F 5f03
14:11:04.119 p24656 → [ENC?] 0x314B 4b31
14:11:04.119 p24656 → [ENC?] 0x5F65 655f
14:11:04.119 p24656 → [ENC?] 0x2E03 032e
14:11:04.586 p24656 → [ENC?] 0x3BDD dd3b
14:11:04.586 p24656 → [ENC?] 0x035F 5f03
14:11:05.052 p24656 → [ENC?] 0x0C03 030c
14:11:05.052 p24656 → [ENC?] 0x80C0 c080
14:11:05.052 p24656 → [ENC?] 0xC982 82c9
14:11:05.052 p24656 → [ENC?] 0x1C62 621c
14:11:05.052 p24656 → [ENC?] 0x7DAF af7d
14:11:05.052 p24656 → [ENC?] 0x13A6 a613
14:11:05.052 p24656 → [ENC?] 0x4516 1645
14:11:05.052 p24656 → [ENC?] 0xE1E6 e6e1
14:11:05.052 p24656 → [ENC?] 0xFE3F 3ffe
14:11:05.052 p24656 → [ENC?] 0x8153 5381
14:11:05.052 p24656 → [ENC?] 0x0A14 140a
14:11:05.052 p24656 → [ENC?] 0x6584 8465
14:11:05.052 p24656 → [ENC?] 0xF056 56f0
14:11:05.053 p24656 → [ENC?] 0xE831 31e8
14:11:05.053 p24656 → [ENC?] 0x77E5 e577
14:11:05.053 p24656 → [ENC?] 0x09F8 f809
14:11:05.053 p24656 → [ENC?] 0x4F27 274f
14:11:05.053 p24656 → [ENC?] 0xD4C9 c9d4
14:11:05.053 p24656 → [ENC?] 0x45D0 d045
14:11:05.053 p24656 → [ENC?] 0x2350 5023
14:11:05.053 p24656 → [ENC?] 0x2D0D 0d2d
14:11:05.053 p24656 → [ENC?] 0xB8DC dcb8
14:11:05.053 p24656 → [ENC?] 0xB4CA cab4
14:11:05.053 p24656 → [ENC?] 0xA45D 5da4
14:11:05.053 p24656 → [ENC?] 0x8FCC cc8f
14:11:05.053 p24656 → [ENC?] 0xC355 55c3
14:11:05.053 p24656 → [ENC?] 0x2E7B 7b2e
14:11:05.053 p24656 → [ENC?] 0x1714 1417
14:11:05.053 p24656 → [ENC?] 0xE637 37e6
14:11:05.053 p24656 → [ENC?] 0x76F8 f876
14:11:05.053 p24656 → [ENC?] 0xD649 49d6
14:11:05.053 p24656 → [ENC?] 0xE70C 0ce7
14:11:05.053 p24656 → [ENC?] 0x600E 0e60
14:11:05.053 p24656 → [ENC?] 0x6225 2562
14:11:05.053 p24656 → [ENC?] 0x1E63 631e
14:11:05.053 p24656 → [ENC?] 0x944A 4a94
14:11:05.053 p24656 → [ENC?] 0x27F9 f927
14:11:05.053 p24656 → [ENC?] 0xBC16 16bc
14:11:05.053 p24656 → [ENC?] 0x4916 1649
14:11:05.054 p24656 → [ENC?] 0x10F7 f710
14:11:05.054 p24656 → [ENC?] 0xA534 34a5
14:11:05.054 p24656 → [ENC?] 0x89EB eb89
14:11:05.054 p24656 → [ENC?] 0x1903 0319
14:11:05.054 p24656 → [ENC?] 0x6783 8367
14:11:05.054 p24656 → [ENC?] 0x4BDD dd4b
14:11:05.054 p24656 → [ENC?] 0xBBB1 b1bb
14:11:05.054 p24656 → [ENC?] 0xD8D6 d6d8
14:11:05.054 p24656 → [ENC?] 0xF421 21f4
14:11:05.054 p24656 → [ENC?] 0x0C8D 8d0c
14:11:05.054 p24656 → [ENC?] 0xB722 22b7
14:11:05.054 p24656 → [ENC?] 0x2F88 882f
14:11:05.054 p24656 → [ENC?] 0x3468 6834
14:11:05.054 p24656 → [ENC?] 0xCF7E 7ecf
14:11:05.054 p24656 → [ENC?] 0x2DE3 e32d
14:11:05.054 p24656 → [ENC?] 0xF6FA faf6
14:11:05.054 p24656 → [ENC?] 0x00EA ea00
14:11:05.054 p24656 → [ENC?] 0xD13F 3fd1
14:11:05.054 p24656 → [ENC?] 0xE3AE aee3
14:11:05.054 p24656 → [ENC?] 0xE418 18e4
14:11:05.054 p24656 → [ENC?] 0xC9A8 a8c9
14:11:05.054 p24656 → [ENC?] 0x2D97 972d
14:11:05.054 p24656 → [ENC?] 0x191E 1e19
14:11:05.054 p24656 → [ENC?] 0x6ED4 d46e
14:11:05.054 p24656 → [ENC?] 0x484B 4b48
14:11:05.055 p24656 → [ENC?] 0xA258 58a2
14:11:05.055 p24656 → [ENC?] 0x37AB ab37
14:11:05.055 p24656 → [ENC?] 0x1304 0413
14:11:05.055 p24656 → [ENC?] 0x5BAF af5b
14:11:10.034 p24656 → [ENC?] 0x2BE5 e52b
14:11:10.034 p24656 → [ENC?] 0x8280 8082
14:11:10.034 p24656 → [ENC?] 0x8624 2486
14:11:10.034 p24656 → [ENC?] 0x53BE be53
14:11:10.034 p24656 → [ENC?] 0x20D0 d020
14:11:10.034 p24656 → [ENC?] 0x26B1 b126
14:11:10.034 p24656 → [ENC?] 0x8E69 698e
14:11:10.035 p24656 → [ENC?] 0xB94D 4db9
14:11:10.035 p24656 → [ENC?] 0xE11A 1ae1
14:11:10.035 p24656 → [ENC?] 0xAD98 98ad
14:11:10.035 p24656 → [ENC?] 0x8D84 848d
14:11:10.035 p24656 → [ENC?] 0xE22D 2de2
14:11:10.035 p24656 → [ENC?] 0xF9F2 f2f9
14:11:10.035 p24656 → [ENC?] 0xBA23 23ba
14:11:10.035 p24656 → [ENC?] 0x6E79 796e
14:11:10.035 p24656 → [ENC?] 0xC95C 5cc9
14:11:10.035 p24656 → [ENC?] 0x2001 0120
14:11:10.035 p24656 → [ENC?] 0x7138 3871
14:11:10.035 p24656 → [ENC?] 0x5B8B 8b5b
14:11:10.035 p24656 → [ENC?] 0x654C 4c65
14:11:10.035 p24656 → [ENC?] 0xB14B 4bb1
14:11:10.035 p24656 → [ENC?] 0x0E11 110e
14:11:10.035 p24656 → [ENC?] 0x7185 8571
14:11:10.035 p24656 → [ENC?] 0xFBEA eafb
14:11:10.035 p24656 → [ENC?] 0xCB66 66cb
14:11:10.035 p24656 → [ENC?] 0xB0B8 b8b0
14:11:10.035 p24656 → [ENC?] 0x0300 0003
14:11:10.035 p24656 → [ENC?] 0x28AB ab28
14:11:10.035 p24656 → [ENC?] 0xBA5D 5dba
14:11:10.035 p24656 → [ENC?] 0xD3F2 f2d3
14:11:10.035 p24656 → [ENC?] 0x2D48 482d
14:11:10.035 p24656 → [ENC?] 0x5AE6 e65a
14:11:10.035 p24656 → [ENC?] 0x68EC ec68
14:11:10.035 p24656 → [ENC?] 0xA8E3 e3a8
14:11:10.035 p24656 → [ENC?] 0xB34A 4ab3
14:11:10.035 p24656 → [ENC?] 0xDA21 21da
14:11:10.035 p24656 → [ENC?] 0x8672 7286
14:11:10.036 p24656 → [ENC?] 0xDE42 42de
14:11:10.036 p24656 → [ENC?] 0x9244 4492
14:11:10.036 p24656 → [ENC?] 0xD4A3 a3d4
14:11:10.036 p24656 → [ENC?] 0xD73C 3cd7
14:11:10.036 p24656 → [ENC?] 0xF4B1 b1f4
14:11:10.036 p24656 → [ENC?] 0x63AE ae63
14:11:10.036 p24656 → [ENC?] 0x1DE0 e01d
14:11:10.036 p24656 → [ENC?] 0x7973 7379
14:11:10.036 p24656 → [ENC?] 0x23DF df23
14:11:10.036 p24656 → [ENC?] 0x6B09 096b
14:11:10.036 p24656 → [ENC?] 0xB5ED edb5
14:11:10.036 p24656 → [ENC?] 0x1DF7 f71d
14:11:10.036 p24656 → [ENC?] 0x8345 4583
14:11:10.036 p24656 → [ENC?] 0x9D44 449d
14:11:10.036 p24656 → [ENC?] 0x96BE be96
14:11:10.036 p24656 → [ENC?] 0xC770 70c7
14:11:10.036 p24656 → [ENC?] 0x17A3 a317
14:11:10.036 p24656 → [ENC?] 0x6628 2866
14:11:10.036 p24656 → [ENC?] 0x6B02 026b
14:11:10.036 p24656 → [ENC?] 0x6C9B 9b6c
14:11:10.036 p24656 → [ENC?] 0xC519 19c5
14:11:10.036 p24656 → [ENC?] 0x9A7E 7e9a
14:11:10.036 p24656 → [ENC?] 0x6B72 726b
14:11:10.036 p24656 → [ENC?] 0xF421 21f4
14:11:10.036 p24656 → [ENC?] 0x11A9 a911
14:11:10.036 p24656 → [ENC?] 0x7E04 047e
14:11:10.036 p24656 → [ENC?] 0x1597 9715
14:11:10.037 p24656 → [ENC?] 0x56BC bc56
14:11:10.037 p24656 → [ENC?] 0x0360 6003
14:11:10.037 p24656 → [ENC?] 0x645D 5d64
14:11:10.469 p24656 → [ENC?] 0x192F 2f19
14:11:10.469 p24656 → [ENC?] 0x0361 6103
14:11:10.469 p24656 → 0x0001 [2B] 01 00
14:11:10.470 p24656 → [ENC?] 0x6204 0462
14:11:10.470 p24656 → [ENC?] 0x2403 0324
14:11:11.303 p24656 → [ENC?] 0x1171 7111
14:11:11.303 p24656 → [ENC?] 0x5F00 005f
14:11:11.303 p24656 → [ENC?] 0xEF03 03ef
14:11:11.868 p24656 → [ENC?] 0xD244 44d2
14:11:11.869 p24656 → [ENC?] 0x035F 5f03
14:11:12.153 p24656 → [ENC?] 0x02AC ac02
14:11:12.153 p24656 → [ENC?] 0x6138 3861
14:11:12.153 p24656 → [ENC?] 0x0003 0300
14:11:12.154 p24656 → [ENC?] 0x0600 0006
14:11:12.154 p24656 → [ENC?] 0x0362 6203
14:11:12.154 p24656 → [ENC?] 0x7125 2571
14:11:12.719 p24656 → [ENC?] 0x0011 1100
14:11:12.719 p24656 → [ENC?] 0x035F 5f03
14:11:13.219 p24656 → [ENC?] 0xE72C 2ce7
14:11:13.219 p24656 → [ENC?] 0x5FBC bc5f
14:11:13.219 p24656 → [ENC?] 0xB203 03b2
14:11:13.852 p24656 → [ENC?] 0xE572 72e5
14:11:13.852 p24656 → [ENC?] 0x8280 8082
14:11:13.852 p24656 → [ENC?] 0xF013 13f0
14:11:13.852 p24656 → [ENC?] 0x3090 9030
14:11:13.852 p24656 → [ENC?] 0x484F 4f48
14:11:13.852 p24656 → [ENC?] 0x60B0 b060
14:11:13.852 p24656 → [ENC?] 0x263B 3b26
14:11:13.853 p24656 → [ENC?] 0x27B7 b727
14:11:13.853 p24656 → [ENC?] 0x6975 7569
14:11:13.853 p24656 → [ENC?] 0x852C 2c85
14:11:13.853 p24656 → [ENC?] 0xB51B 1bb5
14:11:13.853 p24656 → [ENC?] 0x8BE5 e58b
14:11:13.853 p24656 → [ENC?] 0x09C8 c809
14:11:13.853 p24656 → [ENC?] 0x9954 5499
14:11:13.853 p24656 → [ENC?] 0x6937 3769
14:11:13.853 p24656 → [ENC?] 0x164B 4b16
14:11:13.853 p24656 → [ENC?] 0x5B43 435b
14:11:13.853 p24656 → [ENC?] 0xB12C 2cb1
14:11:13.853 p24656 → [ENC?] 0x6091 9160
14:11:13.853 p24656 → [ENC?] 0xB27B 7bb2
14:11:13.853 p24656 → [ENC?] 0x3F27 273f
14:11:13.853 p24656 → [ENC?] 0x9953 5399
14:11:13.853 p24656 → [ENC?] 0x0CA5 a50c
14:11:13.853 p24656 → [ENC?] 0x9FE1 e19f
14:11:13.853 p24656 → [ENC?] 0x988F 8f98
14:11:13.853 p24656 → [ENC?] 0x5110 1051
14:11:13.853 p24656 → [ENC?] 0x1B55 551b
14:11:13.853 p24656 → [ENC?] 0x278B 8b27
14:11:13.853 p24656 → [ENC?] 0xC098 98c0
14:11:13.854 p24656 → [ENC?] 0xF8E6 e6f8
14:11:13.854 p24656 → [ENC?] 0xF713 13f7
14:11:13.854 p24656 → [ENC?] 0x93EB eb93
14:11:13.854 p24656 → [ENC?] 0x1D04 041d
14:11:13.854 p24656 → [ENC?] 0xF72F 2ff7
14:11:13.854 p24656 → [ENC?] 0xF745 45f7
14:11:13.854 p24656 → [ENC?] 0x4F39 394f
14:11:13.854 p24656 → [ENC?] 0xEBF7 f7eb
14:11:13.854 p24656 → [ENC?] 0xD9C1 c1d9
14:11:13.854 p24656 → [ENC?] 0x19D7 d719
14:11:13.854 p24656 → [ENC?] 0xB371 71b3
14:11:13.854 p24656 → [ENC?] 0xAB19 19ab
14:11:13.854 p24656 → [ENC?] 0xC23B 3bc2
14:11:13.854 p24656 → [ENC?] 0x2E7F 7f2e
14:11:13.854 p24656 → [ENC?] 0x0DCD cd0d
14:11:13.854 p24656 → [ENC?] 0xAF22 22af
14:11:13.854 p24656 → [ENC?] 0xEFE1 e1ef
14:11:13.854 p24656 → [ENC?] 0xFDF0 f0fd
14:11:13.854 p24656 → [ENC?] 0x8FFD fd8f
14:11:13.854 p24656 → [ENC?] 0x2A14 142a
14:11:13.854 p24656 → [ENC?] 0xEE46 46ee
14:11:13.854 p24656 → [ENC?] 0x493D 3d49
14:11:13.854 p24656 → [ENC?] 0x8979 7989
14:11:13.854 p24656 → [ENC?] 0x9AA2 a29a
14:11:13.854 p24656 → [ENC?] 0x6D17 176d
14:11:13.855 p24656 → [ENC?] 0xA472 72a4
14:11:13.855 p24656 → [ENC?] 0x2617 1726
14:11:13.855 p24656 → [ENC?] 0xB9A7 a7b9
14:11:13.855 p24656 → [ENC?] 0xF6EC ecf6
14:11:13.855 p24656 → [ENC?] 0x1376 7613
14:11:13.855 p24656 → [ENC?] 0x8DEE ee8d
14:11:13.855 p24656 → [ENC?] 0x00D8 d800
14:11:13.855 p24656 → [ENC?] 0x1F5C 5c1f
14:11:13.855 p24656 → [ENC?] 0x4A86 864a
14:11:13.855 p24656 → [ENC?] 0x27C9 c927
14:11:13.856 p24656 → [ENC?] 0x64DB db64
14:11:13.856 p24656 → [ENC?] 0x0368 6803
14:11:13.856 p24656 → [ENC?] 0x677B 7b67
14:11:13.869 p24656 → [ENC?] 0x0694 9406
14:11:13.869 p24656 → [ENC?] 0x035F 5f03
