14:57:07.739 p22878 → [PRE-SYNC] 0x0064 6400
14:57:07.740 p22878 → [PRE-SYNC] 0x0000 0000
14:57:07.740 p22878 → [PRE-SYNC] 0x0000 0000
14:57:07.740 p22878 → [PRE-SYNC] 0x0000 0000
14:57:07.740 p22878 → [PRE-SYNC] 0x0000 0000
14:57:07.740 p22878 → [PRE-SYNC] 0x0000 0000
14:57:07.740 p22878 → [PRE-SYNC] 0x0000 0000
14:57:07.740 p22878 → [PRE-SYNC] 0x0000 0000
14:57:07.740 p22878 → [PRE-SYNC] 0x0000 0000
14:57:07.740 p22878 → [PRE-SYNC] 0x0000 0000
14:57:07.740 p22878 → [PRE-SYNC] 0x0000 0000
14:57:07.740 p22878 → [PRE-SYNC] 0x0000 0000
14:57:07.740 p22878 → [PRE-SYNC] 0x0000 0000
14:57:07.740 p22878 → [PRE-SYNC] 0x0000 0000
14:57:07.741 p22878 → [PRE-SYNC] 0x0000 0000
14:57:07.741 p22878 → [PRE-SYNC] 0x0000 0000
14:57:07.741 p22878 → [PRE-SYNC] 0x0000 0000
14:57:07.741 p22878 → [PRE-SYNC] 0x0000 0000
14:57:07.741 p22878 → [PRE-SYNC] 0x0000 0000
14:57:07.741 p22878 → [PRE-SYNC] 0x0000 0000
14:57:07.741 p22878 → [PRE-SYNC] 0x0000 0000
14:57:07.741 p22878 → [PRE-SYNC] 0x0000 0000
14:57:07.741 p22878 → [PRE-SYNC] 0x0000 0000
14:57:07.741 p22878 → [PRE-SYNC] 0x0000 0000
14:57:07.741 p22878 → [PRE-SYNC] 0x0000 0000
14:57:07.741 p22878 → [PRE-SYNC] 0x0000 0000
14:57:07.741 p22878 → [PRE-SYNC] 0x0000 0000
14:57:07.741 p22878 → [PRE-SYNC] 0x0000 0000
14:57:07.741 p22878 → [PRE-SYNC] 0x0000 0000
14:57:07.742 p22878 → [PRE-SYNC] 0x0000 0000
14:57:07.742 p22878 → [PRE-SYNC] 0x0000 0000
14:57:07.742 p22878 → [PRE-SYNC] 0x0000 0000
14:57:07.742 p22878 → [PRE-SYNC] 0x0000 0000
14:57:07.742 p22878 → [PRE-SYNC] 0x0000 0000
14:57:07.742 p22878 → [PRE-SYNC] 0x0000 0000
14:57:07.742 p22878 → [PRE-SYNC] 0x0000 0000
14:57:07.742 p22878 → [PRE-SYNC] 0x0000 0000
14:57:07.742 p22878 → [PRE-SYNC] 0x0000 0000
14:57:07.742 p22878 → [PRE-SYNC] 0x0000 0000
14:57:07.742 p22878 → [PRE-SYNC] 0x0000 0000
14:57:07.742 p22878 → [PRE-SYNC] 0x0000 0000
14:57:07.742 p22878 → [PRE-SYNC] 0x0000 0000
14:57:07.742 p22878 → [PRE-SYNC] 0x0000 0000
14:57:07.742 p22878 → [PRE-SYNC] 0x0000 0000
14:57:07.742 p22878 → [PRE-SYNC] 0x0000 0000
14:57:07.742 p22878 → [PRE-SYNC] 0x0000 0000
14:57:07.742 p22878 → [PRE-SYNC] 0x0000 0000
14:57:07.742 p22878 → [PRE-SYNC] 0x0000 0000
14:57:07.742 p22878 → [PRE-SYNC] 0x0000 0000
14:57:07.742 p22878 → [PRE-SYNC] 0x0000 0000
14:57:07.742 p22878 → [PRE-SYNC] 0x0000 0000
14:57:07.742 p22878 → [PRE-SYNC] 0x0000 0000
14:57:07.742 p22878 → [PRE-SYNC] 0x0000 0000
14:57:07.743 p22878 → [PRE-SYNC] 0x0000 0000
14:57:07.743 p22878 → [PRE-SYNC] 0x0000 0000
14:57:07.743 p22878 → [PRE-SYNC] 0x0000 0000
14:57:07.743 p22878 → [PRE-SYNC] 0x0000 0000
14:57:07.743 p22878 → [PRE-SYNC] 0x0000 0000
14:57:07.743 p22878 → [PRE-SYNC] 0x0000 0000
14:57:07.743 p22878 → [PRE-SYNC] 0x0000 0000
14:57:07.743 p22878 → [PRE-SYNC] 0x0000 0000
14:57:07.743 p22878 → [PRE-SYNC] 0x0000 0000
14:57:07.743 p22878 → [PRE-SYNC] 0x0000 0000
14:57:07.743 p22878 → [PRE-SYNC] 0x0000 0000
14:57:07.743 p22878 → [PRE-SYNC] 0x0000 0000
14:57:07.743 p22878 → [PRE-SYNC] 0x0000 0000
14:57:07.743 p22878 → [PRE-SYNC] 0x0000 0000
14:57:07.743 p22878 → [PRE-SYNC] 0x0000 0000
14:57:07.743 p22878 → [PRE-SYNC] 0x0000 0000
14:57:07.743 p22878 → [PRE-SYNC] 0x0000 0000
14:57:07.743 p22878 → [PRE-SYNC] 0x0000 0000
14:57:07.743 p22878 → [PRE-SYNC] 0x0000 0000
14:57:07.743 p22878 → [PRE-SYNC] 0x0000 0000
14:57:07.743 p22878 → [PRE-SYNC] 0x0000 0000
14:57:07.744 p22878 → [PRE-SYNC] 0x0000 0000
14:57:07.744 p22878 → [PRE-SYNC] 0x0000 0000
14:57:07.744 p22878 → [PRE-SYNC] 0x0000 0000
14:57:07.744 p22878 → [PRE-SYNC] 0x0000 0000
14:57:07.744 p22878 → [PRE-SYNC] 0x0000 0000
14:57:07.744 p22878 → [PRE-SYNC] 0x0000 0000
14:57:07.744 p22878 → [PRE-SYNC] 0x0000 0000
14:57:07.744 p22878 → [PRE-SYNC] 0x0000 0000
14:57:07.744 p22878 → [PRE-SYNC] 0x0000 0000
14:57:07.744 p22878 → [PRE-SYNC] 0x0000 0000
14:57:07.744 p22878 → [PRE-SYNC] 0x0000 0000
14:57:07.744 p22878 → [PRE-SYNC] 0x0000 0000
14:57:07.744 p22878 → [PRE-SYNC] 0x0000 0000
14:57:07.744 p22878 → [PRE-SYNC] 0x0000 0000
14:57:07.744 p22878 → [PRE-SYNC] 0x0000 0000
14:57:07.744 p22878 → [PRE-SYNC] 0x0000 0000
14:57:07.744 p22878 → [PRE-SYNC] 0x0000 0000
14:57:07.744 p22878 → [PRE-SYNC] 0x0000 0000
14:57:07.744 p22878 → [PRE-SYNC] 0x0000 0000
14:57:07.745 p22878 → [PRE-SYNC] 0x0000 0000
14:57:07.745 p22878 → [PRE-SYNC] 0x0000 0000
14:57:07.745 p22878 → [PRE-SYNC] 0x0000 0000
14:57:07.745 p22878 → [PRE-SYNC] 0x0000 0000
14:57:07.745 p22878 → [PRE-SYNC] 0x0000 0000
14:57:07.745 p22878 → [PRE-SYNC] 0x0000 0000
14:57:07.745 p22878 → [PRE-SYNC] 0x0000 0000
14:57:07.745 p22878 → [PRE-SYNC] 0x0000 0000
14:57:07.745 p22878 → [PRE-SYNC] 0x0000 0000
14:57:07.745 p22878 → [PRE-SYNC] 0x0000 0000
14:57:07.745 p22878 → [PRE-SYNC] 0x0000 0000
14:57:07.745 p22878 → [PRE-SYNC] 0x0000 0000
14:57:07.745 p22878 → [PRE-SYNC] 0x0000 0000
14:57:07.745 p22878 → [PRE-SYNC] 0x0000 0000
14:57:07.745 p22878 → [PRE-SYNC] 0x0000 0000
14:57:07.745 p22878 → [PRE-SYNC] 0x0000 0000
14:57:07.745 p22878 → [PRE-SYNC] 0x0000 0000
14:57:07.745 p22878 → [PRE-SYNC] 0x0000 0000
14:57:07.745 p22878 → [PRE-SYNC] 0x0000 0000
14:57:07.745 p22878 → [PRE-SYNC] 0x0000 0000
14:57:07.745 p22878 → [PRE-SYNC] 0x0000 0000
14:57:07.745 p22878 → [PRE-SYNC] 0x0000 0000
14:57:07.745 p22878 → [PRE-SYNC] 0x0000 0000
14:57:07.745 p22878 → [PRE-SYNC] 0x0000 0000
14:57:07.746 p22878 → [PRE-SYNC] 0x0000 0000
14:57:07.746 p22878 → [PRE-SYNC] 0x0000 0000
14:57:07.746 p22878 → [PRE-SYNC] 0x0000 0000
14:57:07.746 p22878 → [PRE-SYNC] 0x0000 0000
14:57:07.746 p22878 → [PRE-SYNC] 0x0000 0000
14:57:07.746 p22878 → [PRE-SYNC] 0x0000 0000
14:57:07.746 p22878 → [PRE-SYNC] 0x0000 0000
14:57:07.746 p22878 → [PRE-SYNC] 0x0000 0000
14:57:07.746 p22878 → [PRE-SYNC] 0x0000 0000
14:57:07.746 p22878 → [PRE-SYNC] 0x0000 0000
14:57:07.746 p22878 → [PRE-SYNC] 0x0000 0000
14:57:07.746 p22878 → [PRE-SYNC] 0x0000 0000
14:57:07.746 p22878 → [PRE-SYNC] 0x0000 0000
14:57:07.746 p22878 → [PRE-SYNC] 0x0000 0000
14:57:07.746 p22878 → [PRE-SYNC] 0x0000 0000
14:57:07.746 p22878 → [PRE-SYNC] 0x0000 0000
14:57:07.746 p22878 → [PRE-SYNC] 0x0000 0000
14:57:07.746 p22878 → [PRE-SYNC] 0x0000 0000
14:57:07.746 p22878 → [PRE-SYNC] 0x0000 0000
14:57:07.746 p22878 → [PRE-SYNC] 0x0000 0000
14:57:07.746 p22878 → [PRE-SYNC] 0x0000 0000
14:57:07.746 p22878 → [PRE-SYNC] 0x0000 0000
14:57:07.746 p22878 → [PRE-SYNC] 0x0000 0000
14:57:07.746 p22878 → [PRE-SYNC] 0x0000 0000
14:57:07.746 p22878 → [PRE-SYNC] 0x0000 0000
14:57:07.746 p22878 → [PRE-SYNC] 0x0000 0000
14:57:07.747 p22878 → [PRE-SYNC] 0x0000 0000
14:57:07.747 p22878 → [PRE-SYNC] 0x0000 0000
14:57:07.747 p22878 → [PRE-SYNC] 0x0000 0000
14:57:07.747 p22878 → [PRE-SYNC] 0x0000 0000
14:57:07.747 p22878 → [PRE-SYNC] 0x0000 0000
14:57:07.747 p22878 → [PRE-SYNC] 0x0000 0000
14:57:07.747 p22878 → [PRE-SYNC] 0x0000 0000
14:57:07.747 p22878 → [PRE-SYNC] 0x0000 0000
14:57:07.747 p22878 → [PRE-SYNC] 0x0000 0000
14:57:07.747 p22878 → [PRE-SYNC] 0x0000 0000
14:57:07.747 p22878 → [PRE-SYNC] 0x0000 0000
14:57:07.747 p22878 → [PRE-SYNC] 0x0000 0000
14:57:07.747 p22878 → [PRE-SYNC] 0x0000 0000
14:57:07.747 p22878 → [PRE-SYNC] 0x0000 0000
14:57:07.747 p22878 → [PRE-SYNC] 0x0000 0000
14:57:07.747 p22878 → [PRE-SYNC] 0x0000 0000
14:57:07.747 p22878 → [PRE-SYNC] 0x0000 0000
14:57:07.747 p22878 → [PRE-SYNC] 0x0000 0000
14:57:07.747 p22878 → [PRE-SYNC] 0x0000 0000
14:57:07.747 p22878 → [PRE-SYNC] 0x0000 0000
14:57:07.747 p22878 → [PRE-SYNC] 0x0000 0000
14:57:07.747 p22878 → [PRE-SYNC] 0x0000 0000
14:57:07.747 p22878 → [PRE-SYNC] 0x0000 0000
14:57:07.747 p22878 → [PRE-SYNC] 0x0000 0000
14:57:07.747 p22878 → [PRE-SYNC] 0x0000 0000
14:57:07.747 p22878 → [PRE-SYNC] 0x0000 0000
14:57:07.747 p22878 → [PRE-SYNC] 0x0000 0000
14:57:07.747 p22878 → [PRE-SYNC] 0x0000 0000
14:57:07.748 p22878 → [PRE-SYNC] 0x0000 0000
14:57:07.748 p22878 → [PRE-SYNC] 0x0000 0000
14:57:07.748 p22878 → [PRE-SYNC] 0x0000 0000
14:57:07.748 p22878 → [PRE-SYNC] 0x0000 0000
14:57:07.748 p22878 → [PRE-SYNC] 0x0000 0000
14:57:07.748 p22878 → [PRE-SYNC] 0x0000 0000
14:57:07.748 p22878 → [PRE-SYNC] 0x0000 0000
14:57:07.748 p22878 → [PRE-SYNC] 0x0000 0000
14:57:07.748 p22878 → [PRE-SYNC] 0x0000 0000
14:57:07.748 p22878 → [PRE-SYNC] 0x0000 0000
14:57:07.748 p22878 → [PRE-SYNC] 0x0000 0000
14:57:07.748 p22878 → [PRE-SYNC] 0x0000 0000
14:57:07.748 p22878 → [PRE-SYNC] 0x0000 0000
14:57:07.748 p22878 → [PRE-SYNC] 0x0000 0000
14:57:07.748 p22878 → [PRE-SYNC] 0x0000 0000
14:57:07.748 p22878 → [PRE-SYNC] 0x0000 0000
14:57:07.748 p22878 → [PRE-SYNC] 0x0000 0000
14:57:07.748 p22878 → [PRE-SYNC] 0x0000 0000
14:57:07.748 p22878 → [PRE-SYNC] 0x0000 0000
14:57:07.748 p22878 → [PRE-SYNC] 0x0000 0000
14:57:07.748 p22878 → [PRE-SYNC] 0x0000 0000
14:57:07.748 p22878 → [PRE-SYNC] 0x0000 0000
14:57:07.748 p22878 → [PRE-SYNC] 0x0000 0000
14:57:07.749 p22878 → [PRE-SYNC] 0x0000 0000
14:57:07.749 p22878 → [PRE-SYNC] 0x0000 0000
14:57:07.749 p22878 → [PRE-SYNC] 0x0000 0000
14:57:07.749 p22878 → [PRE-SYNC] 0x0000 0000
14:57:07.749 p22878 → [PRE-SYNC] 0x0000 0000
14:57:07.749 p22878 → [PRE-SYNC] 0x0000 0000
14:57:07.749 p22878 → [PRE-SYNC] 0x0000 0000
14:57:07.749 p22878 → [PRE-SYNC] 0x0000 0000
14:57:07.749 p22878 → [PRE-SYNC] 0x0000 0000
14:57:07.749 p22878 → [PRE-SYNC] 0x0000 0000
14:57:07.749 p22878 → [PRE-SYNC] 0x0000 0000
14:57:07.749 p22878 → [PRE-SYNC] 0x0000 0000
14:57:07.749 p22878 → [PRE-SYNC] 0x0000 0000
14:57:07.749 p22878 → [PRE-SYNC] 0x0000 0000
14:57:07.749 p22878 → [PRE-SYNC] 0x0000 0000
14:57:07.749 p22878 → [PRE-SYNC] 0x0000 0000
14:57:07.750 p22878 → [PRE-SYNC] 0x0000 0000
14:57:07.750 p22878 → [PRE-SYNC] 0x0000 0000
14:57:07.750 p22878 → [PRE-SYNC] 0x0000 0000
14:57:07.750 p22878 → [PRE-SYNC] 0x0000 0000
14:57:07.750 p22878 → [PRE-SYNC] 0x0000 0000
14:57:07.750 p22878 → [PRE-SYNC] 0x0000 0000
14:57:07.750 p22878 → [PRE-SYNC] 0x0000 0000
14:57:07.750 p22878 → [PRE-SYNC] 0x0000 0000
14:57:07.750 p22878 → [PRE-SYNC] 0x0000 0000
14:57:07.750 p22878 → [PRE-SYNC] 0x0000 0000
14:57:07.750 p22878 → [PRE-SYNC] 0x0000 0000
14:57:07.750 p22878 → [PRE-SYNC] 0x0000 0000
14:57:07.750 p22878 → [PRE-SYNC] 0x0000 0000
14:57:07.750 p22878 → [PRE-SYNC] 0x0000 0000
14:57:07.750 p22878 → [PRE-SYNC] 0x0000 0000
14:57:07.750 p22878 → [PRE-SYNC] 0x0000 0000
14:57:07.750 p22878 → [PRE-SYNC] 0x0000 0000
14:57:07.750 p22878 → [PRE-SYNC] 0x0000 0000
14:57:07.750 p22878 → [PRE-SYNC] 0x0000 0000
14:57:07.750 p22878 → [PRE-SYNC] 0x0000 0000
14:57:07.750 p22878 → [PRE-SYNC] 0x0000 0000
14:57:07.750 p22878 → [PRE-SYNC] 0x0000 0000
14:57:07.750 p22878 → [PRE-SYNC] 0x0000 0000
14:57:07.750 p22878 → [PRE-SYNC] 0x0000 0000
14:57:07.750 p22878 → [PRE-SYNC] 0x0000 0000
14:57:07.750 p22878 → [PRE-SYNC] 0x0000 0000
14:57:07.750 p22878 → [PRE-SYNC] 0x0000 0000
14:57:07.751 p22878 → [PRE-SYNC] 0x0000 0000
14:57:07.751 p22878 → [PRE-SYNC] 0x0000 0000
14:57:07.751 p22878 → [PRE-SYNC] 0x0000 0000
14:57:07.751 p22878 → [PRE-SYNC] 0x0000 0000
14:57:07.751 p22878 → [PRE-SYNC] 0x0000 0000
14:57:07.751 p22878 → [PRE-SYNC] 0x0000 0000
14:57:07.751 p22878 → [PRE-SYNC] 0x0000 0000
14:57:07.751 p22878 → [PRE-SYNC] 0x0000 0000
14:57:07.751 p22878 → [PRE-SYNC] 0x0000 0000
14:57:07.751 p22878 → [PRE-SYNC] 0x0000 0000
14:57:07.751 p22878 → [PRE-SYNC] 0x0000 0000
14:57:07.751 p22878 → [PRE-SYNC] 0x0000 0000
14:57:07.751 p22878 → [PRE-SYNC] 0x0000 0000
14:57:07.751 p22878 → [PRE-SYNC] 0x0000 0000
14:57:07.751 p22878 → [PRE-SYNC] 0x0000 0000
14:57:07.751 p22878 → [PRE-SYNC] 0x0000 0000
14:57:07.751 p22878 → [PRE-SYNC] 0x0000 0000
14:57:07.751 p22878 → [PRE-SYNC] 0x0000 0000
14:57:07.751 p22878 → [PRE-SYNC] 0x0000 0000
14:57:07.751 p22878 → [PRE-SYNC] 0x0000 0000
14:57:07.752 p22878 → [PRE-SYNC] 0x0000 0000
14:57:07.752 p22878 → [PRE-SYNC] 0x0000 0000
14:57:07.752 p22878 → [PRE-SYNC] 0x0000 0000
14:57:07.752 p22878 → [PRE-SYNC] 0x0000 0000
14:57:07.752 p22878 → [PRE-SYNC] 0x0000 0000
14:57:07.752 p22878 → [PRE-SYNC] 0x0000 0000
14:57:07.752 p22878 → [PRE-SYNC] 0x0000 0000
14:57:07.752 p22878 → [PRE-SYNC] 0x0000 0000
14:57:07.752 p22878 → [PRE-SYNC] 0x0000 0000
14:57:07.752 p22878 → [PRE-SYNC] 0x0000 0000
14:57:07.752 p22878 → [PRE-SYNC] 0x0000 0000
14:57:07.752 p22878 → [PRE-SYNC] 0x0000 0000
14:57:07.752 p22878 → [PRE-SYNC] 0x0000 0000
14:57:07.752 p22878 → [PRE-SYNC] 0x0000 0000
14:57:07.752 p22878 → [PRE-SYNC] 0x0000 0000
14:57:07.752 p22878 → [PRE-SYNC] 0x0000 0000
14:57:07.752 p22878 → [PRE-SYNC] 0x0000 0000
14:57:07.752 p22878 → [PRE-SYNC] 0x0000 0000
14:57:07.752 p22878 → [PRE-SYNC] 0x0000 0000
14:57:07.752 p22878 → [PRE-SYNC] 0x0000 0000
14:57:07.752 p22878 → [PRE-SYNC] 0x0000 0000
14:57:07.752 p22878 → [PRE-SYNC] 0x0000 0000
14:57:07.752 p22878 → [PRE-SYNC] 0x0000 0000
14:57:07.752 p22878 → [PRE-SYNC] 0x0000 0000
14:57:07.753 p22878 → [PRE-SYNC] 0x0000 0000
14:57:07.753 p22878 → [PRE-SYNC] 0x0000 0000
14:57:07.753 p22878 → [PRE-SYNC] 0x0000 0000
14:57:07.753 p22878 → [PRE-SYNC] 0x0000 0000
14:57:07.753 p22878 → [PRE-SYNC] 0x0000 0000
14:57:07.753 p22878 → [PRE-SYNC] 0x0000 0000
14:57:07.753 p22878 → [PRE-SYNC] 0x0000 0000
14:57:07.753 p22878 → [PRE-SYNC] 0x0000 0000
14:57:07.753 p22878 → [PRE-SYNC] 0x0000 0000
14:57:07.753 p22878 → [PRE-SYNC] 0x0000 0000
14:57:07.753 p22878 → [PRE-SYNC] 0x0000 0000
14:57:07.753 p22878 → [PRE-SYNC] 0x0000 0000
14:57:07.753 p22878 → [PRE-SYNC] 0x0000 0000
14:57:07.753 p22878 → [PRE-SYNC] 0x0000 0000
14:57:07.753 p22878 → [PRE-SYNC] 0x0000 0000
14:57:07.754 p22878 → [PRE-SYNC] 0x0000 0000
14:57:07.754 p22878 → [PRE-SYNC] 0x0000 0000
14:57:07.754 p22878 → [PRE-SYNC] 0x0000 0000
14:57:07.754 p22878 → [PRE-SYNC] 0x0000 0000
14:57:07.754 p22878 → [PRE-SYNC] 0x0000 0000
14:57:07.754 p22878 → [PRE-SYNC] 0x0000 0000
14:57:07.754 p22878 → [PRE-SYNC] 0x0000 0000
14:57:07.754 p22878 → [PRE-SYNC] 0x0000 0000
14:57:07.754 p22878 → [PRE-SYNC] 0x0000 0000
14:57:07.754 p22878 → [PRE-SYNC] 0x0000 0000
14:57:07.754 p22878 → [PRE-SYNC] 0x0000 0000
14:57:07.754 p22878 → [PRE-SYNC] 0x0000 0000
14:57:07.754 p22878 → [PRE-SYNC] 0x0000 0000
14:57:07.754 p22878 → [PRE-SYNC] 0x0000 0000
14:57:07.754 p22878 → [PRE-SYNC] 0x0000 0000
14:57:07.754 p22878 → [PRE-SYNC] 0x0000 0000
14:57:07.754 p22878 → [PRE-SYNC] 0x0000 0000
14:57:07.755 p22878 → [PRE-SYNC] 0x0000 0000
14:57:07.755 p22878 → [PRE-SYNC] 0x0000 0000
14:57:07.755 p22878 → [PRE-SYNC] 0x0000 0000
14:57:07.755 p22878 → [PRE-SYNC] 0x0000 0000
14:57:07.755 p22878 → [PRE-SYNC] 0x0000 0000
14:57:07.755 p22878 → [PRE-SYNC] 0x0000 0000
14:57:07.755 p22878 → [PRE-SYNC] 0x0000 0000
14:57:07.755 p22878 → [PRE-SYNC] 0x0000 0000
14:57:07.755 p22878 → [PRE-SYNC] 0x0000 0000
14:57:07.755 p22878 → [PRE-SYNC] 0x0000 0000
14:57:07.755 p22878 → [PRE-SYNC] 0x0000 0000
14:57:07.755 p22878 → [PRE-SYNC] 0x0000 0000
14:57:07.755 p22878 → [PRE-SYNC] 0x0000 0000
14:57:07.755 p22878 → [PRE-SYNC] 0x0000 0000
14:57:07.755 p22878 → [PRE-SYNC] 0x0000 0000
14:57:07.755 p22878 → [PRE-SYNC] 0x0000 0000
14:57:07.755 p22878 → [PRE-SYNC] 0x0000 0000
14:57:07.755 p22878 → [PRE-SYNC] 0x0000 0000
14:57:07.755 p22878 → [PRE-SYNC] 0x0000 0000
14:57:07.755 p22878 → [PRE-SYNC] 0x0000 0000
14:57:07.755 p22878 → [PRE-SYNC] 0x0000 0000
14:57:07.755 p22878 → [PRE-SYNC] 0x0000 0000
14:57:07.756 p22878 → [PRE-SYNC] 0x0000 0000
14:57:07.756 p22878 → [PRE-SYNC] 0x0000 0000
14:57:07.756 p22878 → [PRE-SYNC] 0x0000 0000
14:57:07.756 p22878 → [PRE-SYNC] 0x0000 0000
14:57:07.756 p22878 → [PRE-SYNC] 0x0000 0000
14:57:07.756 p22878 → [PRE-SYNC] 0x0000 0000
14:57:07.756 p22878 → [PRE-SYNC] 0x0000 0000
14:57:07.756 p22878 → [PRE-SYNC] 0x0000 0000
14:57:07.756 p22878 → [PRE-SYNC] 0x0000 0000
14:57:07.756 p22878 → [PRE-SYNC] 0x0000 0000
14:57:07.756 p22878 → [PRE-SYNC] 0x0000 0000
14:57:07.756 p22878 → [PRE-SYNC] 0x0000 0000
14:57:07.756 p22878 → [PRE-SYNC] 0x0000 0000
14:57:07.756 p22878 → [PRE-SYNC] 0x0000 0000
14:57:07.756 p22878 → [PRE-SYNC] 0x0000 0000
14:57:07.756 p22878 → [PRE-SYNC] 0x0000 0000
14:57:07.756 p22878 → [PRE-SYNC] 0x0000 0000
14:57:07.756 p22878 → [PRE-SYNC] 0x0000 0000
14:57:07.756 p22878 → [PRE-SYNC] 0x0000 0000
14:57:07.756 p22878 → [PRE-SYNC] 0x0000 0000
14:57:07.756 p22878 → [PRE-SYNC] 0x0000 0000
14:57:07.756 p22878 → [PRE-SYNC] 0x0000 0000
14:57:07.756 p22878 → [PRE-SYNC] 0x0000 0000
14:57:07.756 p22878 → [PRE-SYNC] 0x0000 0000
14:57:07.756 p22878 → [PRE-SYNC] 0x0000 0000
14:57:07.757 p22878 → [PRE-SYNC] 0x0000 0000
14:57:07.757 p22878 → [PRE-SYNC] 0x0000 0000
14:57:07.757 p22878 → [PRE-SYNC] 0x0000 0000
14:57:07.757 p22878 → [PRE-SYNC] 0x0000 0000
14:57:07.757 p22878 → [PRE-SYNC] 0x0000 0000
14:57:07.757 p22878 → [PRE-SYNC] 0x0000 0000
14:57:07.757 p22878 → [PRE-SYNC] 0x0000 0000
14:57:07.757 p22878 → [PRE-SYNC] 0x0000 0000
14:57:07.757 p22878 → [PRE-SYNC] 0x0000 0000
14:57:07.757 p22878 → [PRE-SYNC] 0x0000 0000
14:57:07.757 p22878 → [PRE-SYNC] 0x0000 0000
14:57:07.757 p22878 → [PRE-SYNC] 0x0000 0000
14:57:07.757 p22878 → [PRE-SYNC] 0x0000 0000
14:57:07.757 p22878 → [PRE-SYNC] 0x0000 0000
14:57:07.757 p22878 → [PRE-SYNC] 0x0000 0000
14:57:07.757 p22878 → [PRE-SYNC] 0x0000 0000
14:57:07.757 p22878 → [PRE-SYNC] 0x0000 0000
14:57:07.757 p22878 → [PRE-SYNC] 0x0000 0000
14:57:07.757 p22878 → [PRE-SYNC] 0x0000 0000
14:57:07.757 p22878 → [PRE-SYNC] 0x0000 0000
14:57:07.757 p22878 → [PRE-SYNC] 0x0000 0000
14:57:07.757 p22878 → [PRE-SYNC] 0x0000 0000
14:57:07.757 p22878 → [PRE-SYNC] 0x0000 0000
14:57:07.757 p22878 → [PRE-SYNC] 0x0000 0000
14:57:07.757 p22878 → [PRE-SYNC] 0x0000 0000
14:57:07.757 p22878 → [PRE-SYNC] 0x0000 0000
14:57:07.757 p22878 → [PRE-SYNC] 0x0000 0000
14:57:07.758 p22878 → [PRE-SYNC] 0x0000 0000
14:57:07.758 p22878 → [PRE-SYNC] 0x0000 0000
14:57:07.758 p22878 → [PRE-SYNC] 0x0000 0000
14:57:07.758 p22878 → [PRE-SYNC] 0x0000 0000
14:57:07.758 p22878 → [PRE-SYNC] 0x0000 0000
14:57:07.758 p22878 → [PRE-SYNC] 0x0000 0000
14:57:07.758 p22878 → [PRE-SYNC] 0x0000 0000
14:57:07.758 p22878 → [PRE-SYNC] 0x0000 0000
14:57:07.758 p22878 → [PRE-SYNC] 0x0000 0000
14:57:07.758 p22878 → [PRE-SYNC] 0x0000 0000
14:57:07.758 p22878 → [PRE-SYNC] 0x0000 0000
14:57:07.758 p22878 → [PRE-SYNC] 0x0000 0000
14:57:07.758 p22878 → [PRE-SYNC] 0x0000 0000
14:57:07.758 p22878 → [PRE-SYNC] 0x0000 0000
14:57:07.758 p22878 → [PRE-SYNC] 0x0000 0000
14:57:07.758 p22878 → [PRE-SYNC] 0x0000 0000
14:57:07.758 p22878 → [PRE-SYNC] 0x0000 0000
14:57:07.758 p22878 → [PRE-SYNC] 0x0000 0000
14:57:07.758 p22878 → [PRE-SYNC] 0x0000 0000
14:57:07.758 p22878 → [PRE-SYNC] 0x0000 0000
14:57:07.758 p22878 → [PRE-SYNC] 0x0000 0000
14:57:07.758 p22878 → [PRE-SYNC] 0x0000 0000
14:57:07.758 p22878 → [PRE-SYNC] 0x0000 0000
14:57:07.758 p22878 → [PRE-SYNC] 0x0000 0000
14:57:07.758 p22878 → [PRE-SYNC] 0x0000 0000
14:57:07.758 p22878 → [PRE-SYNC] 0x0000 0000
14:57:07.758 p22878 → [PRE-SYNC] 0x0000 0000
14:57:07.759 p22878 → [PRE-SYNC] 0x0000 0000
14:57:07.759 p22878 → [PRE-SYNC] 0x0000 0000
14:57:07.759 p22878 → [PRE-SYNC] 0x0000 0000
14:57:07.759 p22878 → [PRE-SYNC] 0x0000 0000
14:57:07.759 p22878 → [PRE-SYNC] 0x0000 0000
14:57:07.759 p22878 → [PRE-SYNC] 0x0000 0000
14:57:07.759 p22878 → [PRE-SYNC] 0x0000 0000
14:57:07.759 p22878 → [PRE-SYNC] 0x0000 0000
14:57:07.759 p22878 → [PRE-SYNC] 0x0000 0000
14:57:07.759 p22878 → [PRE-SYNC] 0x0000 0000
14:57:07.759 p22878 → [PRE-SYNC] 0x0000 0000
14:57:07.759 p22878 → [PRE-SYNC] 0x0000 0000
14:57:07.759 p22878 → [PRE-SYNC] 0x0000 0000
14:57:07.759 p22878 → [PRE-SYNC] 0x0000 0000
14:57:07.759 p22878 → [PRE-SYNC] 0x0000 0000
14:57:07.759 p22878 → [PRE-SYNC] 0x0000 0000
14:57:07.759 p22878 → [PRE-SYNC] 0x0000 0000
14:57:07.759 p22878 → [PRE-SYNC] 0x0000 0000
14:57:07.759 p22878 → [PRE-SYNC] 0x0000 0000
14:57:07.759 p22878 → [PRE-SYNC] 0x0000 0000
14:57:07.759 p22878 → [PRE-SYNC] 0x0000 0000
14:57:07.759 p22878 → [PRE-SYNC] 0x0000 0000
14:57:07.759 p22878 → [PRE-SYNC] 0x0000 0000
14:57:07.759 p22878 → [PRE-SYNC] 0x0000 0000
14:57:07.760 p22878 → [PRE-SYNC] 0x0000 0000
14:57:07.760 p22878 → [PRE-SYNC] 0x0000 0000
14:57:07.760 p22878 → [PRE-SYNC] 0x0000 0000
14:57:07.760 p22878 → [PRE-SYNC] 0x0000 0000
14:57:07.760 p22878 → [PRE-SYNC] 0x0000 0000
14:57:07.760 p22878 → [PRE-SYNC] 0x0000 0000
14:57:07.760 p22878 → [PRE-SYNC] 0x0000 0000
14:57:07.760 p22878 → [PRE-SYNC] 0x0000 0000
14:57:07.760 p22878 → [PRE-SYNC] 0x0000 0000
14:57:07.760 p22878 → [PRE-SYNC] 0x0000 0000
14:57:07.760 p22878 → [PRE-SYNC] 0x0000 0000
14:57:07.760 p22878 → [PRE-SYNC] 0x0000 0000
14:57:07.760 p22878 → [PRE-SYNC] 0x0000 0000
14:57:07.760 p22878 → [PRE-SYNC] 0x0000 0000
14:57:07.760 p22878 → [PRE-SYNC] 0x0000 0000
14:57:07.760 p22878 → [PRE-SYNC] 0x0000 0000
14:57:07.760 p22878 → [PRE-SYNC] 0x0000 0000
14:57:07.760 p22878 → [PRE-SYNC] 0x0000 0000
14:57:07.760 p22878 → [PRE-SYNC] 0x0000 0000
14:57:07.760 p22878 → [PRE-SYNC] 0x0000 0000
14:57:07.760 p22878 → [PRE-SYNC] 0x0000 0000
14:57:07.760 p22878 → [PRE-SYNC] 0x0000 0000
14:57:07.760 p22878 → [PRE-SYNC] 0x0000 0000
14:57:07.760 p22878 → [PRE-SYNC] 0x0000 0000
14:57:07.761 p22878 → [PRE-SYNC] 0x0000 0000
14:57:07.761 p22878 → [PRE-SYNC] 0x0000 0000
14:57:07.761 p22878 → [PRE-SYNC] 0x0000 0000
14:57:07.761 p22878 → [PRE-SYNC] 0x0000 0000
14:57:07.761 p22878 → [PRE-SYNC] 0x0000 0000
14:57:07.761 p22878 → [PRE-SYNC] 0x0000 0000
14:57:07.761 p22878 → [PRE-SYNC] 0x0000 0000
14:57:07.761 p22878 → [PRE-SYNC] 0x0000 0000
14:57:07.761 p22878 → [PRE-SYNC] 0x0000 0000
14:57:07.761 p22878 → [PRE-SYNC] 0x0000 0000
14:57:07.761 p22878 → [PRE-SYNC] 0x0000 0000
14:57:07.761 p22878 → [PRE-SYNC] 0x0000 0000
14:57:07.761 p22878 → [PRE-SYNC] 0x0000 0000
14:57:07.761 p22878 → [PRE-SYNC] 0x0000 0000
14:57:07.761 p22878 → [PRE-SYNC] 0x0000 0000
14:57:07.761 p22878 → [PRE-SYNC] 0x0000 0000
14:57:07.761 p22878 → [PRE-SYNC] 0x0000 0000
14:57:07.761 p22878 → [PRE-SYNC] 0x0000 0000
14:57:07.761 p22878 → [PRE-SYNC] 0x0000 0000
14:57:07.761 p22878 → [PRE-SYNC] 0x0000 0000
14:57:07.761 p22878 → [PRE-SYNC] 0x0000 0000
14:57:07.761 p22878 → [PRE-SYNC] 0x0000 0000
14:57:07.761 p22878 → [PRE-SYNC] 0x0000 0000
14:57:07.761 p22878 → [PRE-SYNC] 0x0000 0000
14:57:07.761 p22878 → [PRE-SYNC] 0x0000 0000
14:57:07.761 p22878 → [PRE-SYNC] 0x0000 0000
14:57:07.761 p22878 → [PRE-SYNC] 0x0000 0000
14:57:07.762 p22878 → [PRE-SYNC] 0x0000 0000
14:57:07.762 p22878 → [PRE-SYNC] 0x0000 0000
14:57:07.762 p22878 → [PRE-SYNC] 0x0000 0000
14:57:07.762 p22878 → [PRE-SYNC] 0x0000 0000
14:57:07.762 p22878 → [PRE-SYNC] 0x0000 0000
14:57:07.762 p22878 → [PRE-SYNC] 0x0000 0000
14:57:07.762 p22878 → [PRE-SYNC] 0x0000 0000
14:57:07.762 p22878 → [PRE-SYNC] 0x0000 0000
14:57:07.762 p22878 → [PRE-SYNC] 0x0000 0000
14:57:07.762 p22878 → [PRE-SYNC] 0x0000 0000
14:57:07.762 p22878 → [PRE-SYNC] 0x0000 0000
14:57:07.762 p22878 → [PRE-SYNC] 0x0000 0000
14:57:07.762 p22878 → [PRE-SYNC] 0x0000 0000
14:57:07.762 p22878 → [PRE-SYNC] 0x0000 0000
14:57:07.762 p22878 → [PRE-SYNC] 0x0000 0000
14:57:07.762 p22878 → [PRE-SYNC] 0x0000 0000
14:57:07.762 p22878 → [PRE-SYNC] 0x0000 0000
14:57:07.762 p22878 → [PRE-SYNC] 0x0000 0000
14:57:07.762 p22878 → [PRE-SYNC] 0x0000 0000
14:57:07.762 p22878 → [PRE-SYNC] 0x0000 0000
14:57:07.762 p22878 → [PRE-SYNC] 0x0000 0000
14:57:07.762 p22878 → [PRE-SYNC] 0x0000 0000
14:57:07.763 p22878 → [PRE-SYNC] 0x0000 0000
14:57:07.763 p22878 → [PRE-SYNC] 0x0000 0000
14:57:07.763 p22878 → [PRE-SYNC] 0x0000 0000
14:57:07.763 p22878 → [PRE-SYNC] 0x0000 0000
14:57:07.763 p22878 → [PRE-SYNC] 0x0000 0000
14:57:07.763 p22878 → [PRE-SYNC] 0x0000 0000
14:57:07.763 p22878 → [PRE-SYNC] 0x0000 0000
14:57:07.763 p22878 → [PRE-SYNC] 0x0000 0000
14:57:07.763 p22878 → [PRE-SYNC] 0x0000 0000
14:57:07.763 p22878 → [PRE-SYNC] 0x0000 0000
14:57:07.763 p22878 → [PRE-SYNC] 0x0000 0000
14:57:07.763 p22878 → [PRE-SYNC] 0x0000 0000
14:57:07.763 p22878 → [PRE-SYNC] 0x0000 0000
14:57:07.763 p22878 → [PRE-SYNC] 0x0000 0000
14:57:07.763 p22878 → [PRE-SYNC] 0x0000 0000
14:57:07.763 p22878 → [PRE-SYNC] 0x0000 0000
14:57:07.763 p22878 → [PRE-SYNC] 0x0000 0000
14:57:07.763 p22878 → [PRE-SYNC] 0x0000 0000
14:57:07.763 p22878 → [PRE-SYNC] 0x0000 0000
14:57:07.763 p22878 → [PRE-SYNC] 0x0000 0000
14:57:07.763 p22878 → [PRE-SYNC] 0x0000 0000
14:57:07.763 p22878 → [PRE-SYNC] 0x0000 0000
14:57:07.763 p22878 → [PRE-SYNC] 0x0000 0000
14:57:07.763 p22878 → [PRE-SYNC] 0x0000 0000
14:57:07.763 p22878 → [PRE-SYNC] 0x0000 0000
14:57:07.763 p22878 → [PRE-SYNC] 0x0000 0000
14:57:07.763 p22878 → [PRE-SYNC] 0x0000 0000
14:57:07.764 p22878 → [PRE-SYNC] 0x0000 0000
14:57:07.764 p22878 → [PRE-SYNC] 0x0000 0000
14:57:07.764 p22878 → [PRE-SYNC] 0x0000 0000
14:57:07.764 p22878 → [PRE-SYNC] 0x0000 0000
14:57:07.764 p22878 → [PRE-SYNC] 0x0000 0000
14:57:07.764 p22878 → [PRE-SYNC] 0x0000 0000
14:57:07.764 p22878 → [PRE-SYNC] 0x0000 0000
14:57:07.764 p22878 → [PRE-SYNC] 0x0000 0000
14:57:07.764 p22878 → [PRE-SYNC] 0x0000 0000
14:57:07.764 p22878 → [PRE-SYNC] 0x0000 0000
14:57:07.764 p22878 → [PRE-SYNC] 0x0000 0000
14:57:07.764 p22878 → [PRE-SYNC] 0x0000 0000
14:57:07.764 p22878 → [PRE-SYNC] 0x0000 0000
14:57:07.764 p22878 → [PRE-SYNC] 0x0000 0000
14:57:07.764 p22878 → [PRE-SYNC] 0x0000 0000
14:57:07.764 p22878 → [PRE-SYNC] 0x0000 0000
14:57:07.764 p22878 → [PRE-SYNC] 0x0000 0000
14:57:07.764 p22878 → [PRE-SYNC] 0x0000 0000
14:57:07.764 p22878 → [PRE-SYNC] 0x0000 0000
14:57:07.764 p22878 → [PRE-SYNC] 0x0000 0000
14:57:07.764 p22878 → [PRE-SYNC] 0x0000 0000
14:57:07.764 p22878 → [PRE-SYNC] 0x0000 0000
14:57:07.764 p22878 → [PRE-SYNC] 0x0000 0000
14:57:07.764 p22878 → [PRE-SYNC] 0x0000 0000
14:57:07.764 p22878 → [PRE-SYNC] 0x0000 0000
14:57:07.764 p22878 → [PRE-SYNC] 0x0000 0000
14:57:07.764 p22878 → [PRE-SYNC] 0x0000 0000
14:57:07.764 p22878 → [PRE-SYNC] 0x0000 0000
14:57:07.764 p22878 → [PRE-SYNC] 0x0000 0000
14:57:07.764 p22878 → [PRE-SYNC] 0x0000 0000
14:57:07.765 p22878 → [PRE-SYNC] 0x0000 0000
14:57:07.765 p22878 → [PRE-SYNC] 0x0000 0000
14:57:07.765 p22878 → [PRE-SYNC] 0x0000 0000
14:57:07.765 p22878 → [PRE-SYNC] 0x0000 0000
14:57:07.765 p22878 → [PRE-SYNC] 0x0000 0000
14:57:07.765 p22878 → [PRE-SYNC] 0x0000 0000
14:57:07.765 p22878 → [PRE-SYNC] 0x0000 0000
14:57:07.765 p22878 → [PRE-SYNC] 0x0000 0000
14:57:07.765 p22878 → [PRE-SYNC] 0x0000 0000
14:57:07.765 p22878 → [PRE-SYNC] 0x0000 0000
14:57:07.765 p22878 → [PRE-SYNC] 0x0000 0000
14:57:07.765 p22878 → [PRE-SYNC] 0x0000 0000
14:57:07.765 p22878 → [PRE-SYNC] 0x0000 0000
14:57:07.765 p22878 → [PRE-SYNC] 0x0000 0000
14:57:07.765 p22878 → [PRE-SYNC] 0x0000 0000
14:57:07.765 p22878 → [PRE-SYNC] 0x0000 0000
14:57:07.765 p22878 → [PRE-SYNC] 0x0000 0000
14:57:07.765 p22878 → [PRE-SYNC] 0x0000 0000
14:57:07.765 p22878 → [PRE-SYNC] 0x0000 0000
14:57:07.765 p22878 → [PRE-SYNC] 0x0000 0000
14:57:07.765 p22878 → [PRE-SYNC] 0x0000 0000
14:57:07.765 p22878 → [PRE-SYNC] 0x0000 0000
14:57:07.765 p22878 → [PRE-SYNC] 0x0000 0000
14:57:07.765 p22878 → [PRE-SYNC] 0x0000 0000
14:57:07.765 p22878 → [PRE-SYNC] 0x0000 0000
14:57:07.765 p22878 → [PRE-SYNC] 0x0000 0000
14:57:07.765 p22878 → [PRE-SYNC] 0x0000 0000
14:57:07.765 p22878 → [PRE-SYNC] 0x0000 0000
14:57:07.765 p22878 → [PRE-SYNC] 0x0000 0000
14:57:07.765 p22878 → [PRE-SYNC] 0x0000 0000
14:57:07.765 p22878 → [PRE-SYNC] 0x0000 0000
14:57:07.766 p22878 → [PRE-SYNC] 0x0000 0000
14:57:07.766 p22878 → [PRE-SYNC] 0x0000 0000
14:57:07.766 p22878 → [PRE-SYNC] 0x0000 0000
14:57:07.766 p22878 → [PRE-SYNC] 0x0000 0000
14:57:07.766 p22878 → [PRE-SYNC] 0x0000 0000
14:57:07.766 p22878 → [PRE-SYNC] 0x0000 0000
14:57:07.766 p22878 → [PRE-SYNC] 0x0000 0000
14:57:07.766 p22878 → [PRE-SYNC] 0x0000 0000
14:57:07.766 p22878 → [PRE-SYNC] 0x0000 0000
14:57:07.766 p22878 → [PRE-SYNC] 0x0000 0000
14:57:07.766 p22878 → [PRE-SYNC] 0x0000 0000
14:57:07.766 p22878 → [PRE-SYNC] 0x0000 0000
14:57:07.766 p22878 → [PRE-SYNC] 0x0000 0000
14:57:07.766 p22878 → [PRE-SYNC] 0x0000 0000
14:57:07.766 p22878 → [PRE-SYNC] 0x0000 0000
14:57:07.766 p22878 → [PRE-SYNC] 0x0000 0000
14:57:07.766 p22878 → [PRE-SYNC] 0x0000 0000
14:57:07.766 p22878 → [PRE-SYNC] 0x0000 0000
14:57:07.766 p22878 → [PRE-SYNC] 0x0000 0000
14:57:07.766 p22878 → [PRE-SYNC] 0x0000 0000
14:57:07.766 p22878 → [PRE-SYNC] 0x0000 0000
14:57:07.766 p22878 → [PRE-SYNC] 0x0000 0000
14:57:07.766 p22878 → [PRE-SYNC] 0x0000 0000
14:57:07.766 p22878 → [PRE-SYNC] 0x0000 0000
14:57:07.766 p22878 → [PRE-SYNC] 0x0000 0000
14:57:07.766 p22878 → [PRE-SYNC] 0x0000 0000
14:57:07.766 p22878 → [PRE-SYNC] 0x0000 0000
14:57:07.766 p22878 → [PRE-SYNC] 0x0000 0000
14:57:07.767 p22878 → [PRE-SYNC] 0x0000 0000
14:57:07.767 p22878 → [PRE-SYNC] 0x0000 0000
14:57:07.767 p22878 → [PRE-SYNC] 0x0000 0000
14:57:07.767 p22878 → [PRE-SYNC] 0x0000 0000
14:57:07.767 p22878 → [PRE-SYNC] 0x0000 0000
14:57:07.767 p22878 → [PRE-SYNC] 0x0000 0000
14:57:07.767 p22878 → [PRE-SYNC] 0x0000 0000
14:57:07.767 p22878 → [PRE-SYNC] 0x0000 0000
14:57:07.767 p22878 → [PRE-SYNC] 0x0000 0000
14:57:07.767 p22878 → [PRE-SYNC] 0x0000 0000
14:57:07.767 p22878 → [PRE-SYNC] 0x0000 0000
14:57:07.767 p22878 → [PRE-SYNC] 0x0000 0000
14:57:07.767 p22878 → [PRE-SYNC] 0x0000 0000
14:57:07.767 p22878 → [PRE-SYNC] 0x0000 0000
14:57:07.767 p22878 → [PRE-SYNC] 0x0000 0000
14:57:07.767 p22878 → [PRE-SYNC] 0x0000 0000
14:57:07.767 p22878 → [PRE-SYNC] 0x0000 0000
14:57:07.767 p22878 → [PRE-SYNC] 0x0000 0000
14:57:07.767 p22878 → [PRE-SYNC] 0x0000 0000
14:57:07.767 p22878 → [PRE-SYNC] 0x0000 0000
14:57:07.767 p22878 → [PRE-SYNC] 0x0000 0000
14:57:07.767 p22878 → [PRE-SYNC] 0x0000 0000
14:57:07.767 p22878 → [PRE-SYNC] 0x0000 0000
14:57:07.767 p22878 → [PRE-SYNC] 0x0000 0000
14:57:07.767 p22878 → [PRE-SYNC] 0x0000 0000
14:57:07.767 p22878 → [PRE-SYNC] 0x0000 0000
14:57:07.767 p22878 → [PRE-SYNC] 0x0000 0000
14:57:07.767 p22878 → [PRE-SYNC] 0x0000 0000
14:57:07.767 p22878 → [PRE-SYNC] 0x0000 0000
14:57:07.767 p22878 → [PRE-SYNC] 0x0000 0000
14:57:07.767 p22878 → [PRE-SYNC] 0x0000 0000
14:57:07.768 p22878 → [PRE-SYNC] 0x0000 0000
14:57:07.768 p22878 → [PRE-SYNC] 0x0000 0000
14:57:07.768 p22878 → [PRE-SYNC] 0x0000 0000
14:57:07.768 p22878 → [PRE-SYNC] 0x0000 0000
14:57:07.768 p22878 → [PRE-SYNC] 0x0000 0000
14:57:07.768 p22878 → [PRE-SYNC] 0x0000 0000
14:57:07.768 p22878 → [PRE-SYNC] 0x0000 0000
14:57:07.768 p22878 → [PRE-SYNC] 0x0000 0000
14:57:07.768 p22878 → [PRE-SYNC] 0x0000 0000
14:57:07.768 p22878 → [PRE-SYNC] 0x0000 0000
14:57:07.768 p22878 → [PRE-SYNC] 0x0000 0000
14:57:07.768 p22878 → [PRE-SYNC] 0x0000 0000
14:57:07.768 p22878 → [PRE-SYNC] 0x0000 0000
14:57:07.768 p22878 → [PRE-SYNC] 0x0000 0000
14:57:07.768 p22878 → [PRE-SYNC] 0x0000 0000
14:57:07.768 p22878 → [PRE-SYNC] 0x0000 0000
14:57:07.768 p22878 → [PRE-SYNC] 0x0000 0000
14:57:07.768 p22878 → [PRE-SYNC] 0x0000 0000
14:57:07.768 p22878 → [PRE-SYNC] 0x0000 0000
14:57:07.768 p22878 → [PRE-SYNC] 0x0000 0000
14:57:07.768 p22878 → [PRE-SYNC] 0x0000 0000
14:57:07.768 p22878 → [PRE-SYNC] 0x0000 0000
14:57:07.768 p22878 → [PRE-SYNC] 0x0000 0000
14:57:07.768 p22878 → [PRE-SYNC] 0x0000 0000
14:57:07.768 p22878 → [PRE-SYNC] 0x0000 0000
14:57:07.768 p22878 → [PRE-SYNC] 0x0000 0000
14:57:07.768 p22878 → [PRE-SYNC] 0x0000 0000
14:57:07.769 p22878 → [PRE-SYNC] 0x0000 0000
14:57:07.769 p22878 → [PRE-SYNC] 0x0000 0000
14:57:07.769 p22878 → [PRE-SYNC] 0x0000 0000
14:57:07.769 p22878 → [PRE-SYNC] 0x0000 0000
14:57:07.769 p22878 → [PRE-SYNC] 0x0000 0000
14:57:07.769 p22878 → [PRE-SYNC] 0x0000 0000
14:57:07.769 p22878 → [PRE-SYNC] 0x0000 0000
14:57:07.769 p22878 → [PRE-SYNC] 0x0000 0000
14:57:07.769 p22878 → [PRE-SYNC] 0x0000 0000
14:57:07.769 p22878 → [PRE-SYNC] 0x0000 0000
14:57:07.769 p22878 → [PRE-SYNC] 0x0000 0000
14:57:07.769 p22878 → [PRE-SYNC] 0x0000 0000
14:57:07.769 p22878 → [PRE-SYNC] 0x0000 0000
14:57:07.769 p22878 → [PRE-SYNC] 0x0000 0000
14:57:07.769 p22878 → [PRE-SYNC] 0x0000 0000
14:57:07.769 p22878 → [PRE-SYNC] 0x0000 0000
14:57:07.769 p22878 → [PRE-SYNC] 0x0000 0000
14:57:07.769 p22878 → [PRE-SYNC] 0x0000 0000
14:57:07.769 p22878 → [PRE-SYNC] 0x0000 0000
14:57:07.769 p22878 → [PRE-SYNC] 0x0000 0000
14:57:07.769 p22878 → [PRE-SYNC] 0x0000 0000
14:57:07.769 p22878 → [PRE-SYNC] 0x0000 0000
14:57:07.769 p22878 → [PRE-SYNC] 0x0000 0000
14:57:07.769 p22878 → [PRE-SYNC] 0x0000 0000
14:57:07.769 p22878 → [PRE-SYNC] 0x0000 0000
14:57:07.769 p22878 → [PRE-SYNC] 0x0000 0000
14:57:07.769 p22878 → [PRE-SYNC] 0x0000 0000
14:57:07.769 p22878 → [PRE-SYNC] 0x0000 0000
14:57:07.770 p22878 → [PRE-SYNC] 0x0000 0000
14:57:07.770 p22878 → [PRE-SYNC] 0x0000 0000
14:57:07.770 p22878 → [PRE-SYNC] 0x0000 0000
14:57:07.770 p22878 → [PRE-SYNC] 0x0000 0000
14:57:07.770 p22878 → [PRE-SYNC] 0x0000 0000
14:57:07.770 p22878 → [PRE-SYNC] 0x0000 0000
14:57:07.770 p22878 → [PRE-SYNC] 0x0000 0000
14:57:07.770 p22878 → [PRE-SYNC] 0x0000 0000
14:57:07.770 p22878 → [PRE-SYNC] 0x0000 0000
14:57:07.770 p22878 → [PRE-SYNC] 0x0000 0000
14:57:07.770 p22878 → [PRE-SYNC] 0x0000 0000
14:57:07.770 p22878 → [PRE-SYNC] 0x0000 0000
14:57:07.770 p22878 → [PRE-SYNC] 0x0000 0000
14:57:07.770 p22878 → [PRE-SYNC] 0x0000 0000
14:57:07.770 p22878 → [PRE-SYNC] 0x0000 0000
14:57:07.770 p22878 → [PRE-SYNC] 0x0000 0000
14:57:07.770 p22878 → [PRE-SYNC] 0x0000 0000
14:57:07.770 p22878 → [PRE-SYNC] 0x0000 0000
14:57:07.770 p22878 → [PRE-SYNC] 0x0000 0000
14:57:07.771 p22878 → [PRE-SYNC] 0x0000 0000
14:57:07.771 p22878 → [PRE-SYNC] 0x0000 0000
14:57:07.771 p22878 → [PRE-SYNC] 0x0000 0000
14:57:07.771 p22878 → [PRE-SYNC] 0x0000 0000
14:57:07.771 p22878 → [PRE-SYNC] 0x0000 0000
14:57:07.771 p22878 → [PRE-SYNC] 0x0000 0000
14:57:07.771 p22878 → [PRE-SYNC] 0x0000 0000
14:57:07.771 p22878 → [PRE-SYNC] 0x0000 0000
14:57:07.771 p22878 → [PRE-SYNC] 0x0000 0000
14:57:07.771 p22878 → [PRE-SYNC] 0x0000 0000
14:57:07.771 p22878 → [PRE-SYNC] 0x0000 0000
14:57:07.771 p22878 → [PRE-SYNC] 0x0000 0000
14:57:07.771 p22878 → [PRE-SYNC] 0x0000 0000
14:57:07.771 p22878 → [PRE-SYNC] 0x0000 0000
14:57:07.771 p22878 → [PRE-SYNC] 0x0000 0000
14:57:07.771 p22878 → [PRE-SYNC] 0x0000 0000
14:57:07.771 p22878 → [PRE-SYNC] 0x0000 0000
14:57:07.771 p22878 → [PRE-SYNC] 0x0000 0000
14:57:07.771 p22878 → [PRE-SYNC] 0x0000 0000
14:57:07.771 p22878 → [PRE-SYNC] 0x0000 0000
14:57:07.771 p22878 → [PRE-SYNC] 0x0000 0000
14:57:07.771 p22878 → [PRE-SYNC] 0x0000 0000
14:57:07.771 p22878 → [PRE-SYNC] 0x0000 0000
14:57:07.772 p22878 ← 0x4753 [36B] 53 47 24 00 52 be 1c 8d 90 3e 6f e7 06 24 27 d4 c9 b7 c1 c7 86 20 50 95 01 ad cc 79 66 ca 18 5c
14:57:07.813 p22878 → [PRE-SYNC] 0x0000 0000
14:57:07.813 p22878 → [PRE-SYNC] 0x9200 0092
14:57:07.813 p22878 → [PRE-SYNC] 0x2CC3 c32c
14:57:07.813 p22878 → [PRE-SYNC] 0x8200 0082
14:57:07.813 p22878 → [PRE-SYNC] 0xE382 82e3
14:57:07.814 p22878 → [PRE-SYNC] 0xF986 86f9
14:57:07.814 p22878 → [PRE-SYNC] 0xAF17 17af
14:57:07.814 p22878 → [PRE-SYNC] 0x1577 7715
14:57:07.814 p22878 → [PRE-SYNC] 0xC08D 8dc0
14:57:07.814 p22878 → [PRE-SYNC] 0x04C3 c304
14:57:07.814 p22878 → [PRE-SYNC] 0x66AE ae66
14:57:07.814 p22878 → [PRE-SYNC] 0x88F4 f488
14:57:07.814 p22878 → [PRE-SYNC] 0xFF29 29ff
14:57:07.814 p22878 → [PRE-SYNC] 0x6C78 786c
14:57:07.814 p22878 → [PRE-SYNC] 0x6C2A 2a6c
14:57:07.814 p22878 → [PRE-SYNC] 0xFBDC dcfb
14:57:07.814 p22878 → [PRE-SYNC] 0x81A6 a681
14:57:07.814 p22878 → [PRE-SYNC] 0x1D54 541d
14:57:07.814 p22878 → [PRE-SYNC] 0x4076 7640
14:57:07.814 p22878 → [PRE-SYNC] 0x71D7 d771
14:57:07.814 p22878 → [PRE-SYNC] 0x0D49 490d
14:57:07.814 p22878 → [PRE-SYNC] 0x7F4D 4d7f
14:57:07.814 p22878 → [PRE-SYNC] 0x533D 3d53
14:57:07.814 p22878 → 0xC392 [44B] 92 c3 2c 00 82 82 e3 86 f9 17 af 77 15 8d c0 c3 04 ae 66 f4 88 29 ff 78 6c 2a 6c dc fb a6 81 54
14:57:07.816 p22878 → [PRE-SYNC] 0x0000 0000
14:57:07.816 p22878 → [PRE-SYNC] 0x3A00 003a
14:57:07.816 p22878 → [PRE-SYNC] 0xEEB7 b7ee
14:57:07.816 p22878 → [PRE-SYNC] 0x1595 9515
14:57:07.816 p22878 → [PRE-SYNC] 0xE08B 8be0
14:57:07.816 p22878 → [PRE-SYNC] 0x0AC2 c20a
14:57:07.816 p22878 → [PRE-SYNC] 0x0A39 390a
14:57:07.816 p22878 → [PRE-SYNC] 0xA536 36a5
14:57:07.816 p22878 → [PRE-SYNC] 0x7798 9877
14:57:07.816 p22878 → [PRE-SYNC] 0x7A03 037a
14:57:07.816 p22878 → [PRE-SYNC] 0xE12F 2fe1
14:57:07.816 p22878 → [PRE-SYNC] 0x0D26 260d
14:57:07.816 p22878 → [PRE-SYNC] 0x5E91 915e
14:57:07.816 p22878 → [PRE-SYNC] 0x691A 1a69
14:57:07.816 p22878 → [PRE-SYNC] 0xDF4A 4adf
14:57:07.816 p22878 → [PRE-SYNC] 0x85E7 e785
14:57:07.816 p22878 → [PRE-SYNC] 0xCB79 79cb
14:57:07.817 p22878 → [PRE-SYNC] 0xA77B 7ba7
14:57:07.817 p22878 → [PRE-SYNC] 0xB14C 4cb1
14:57:07.817 p22878 → [PRE-SYNC] 0xD376 76d3
14:57:07.817 p22878 → [PRE-SYNC] 0x5B0D 0d5b
14:57:07.817 p22878 → [PRE-SYNC] 0x6AC0 c06a
14:57:07.817 p22878 → [PRE-SYNC] 0xCB25 25cb
14:57:07.817 p22878 → [PRE-SYNC] 0x0A08 080a
14:57:07.817 p22878 → [PRE-SYNC] 0x6AAC ac6a
14:57:07.817 p22878 → [PRE-SYNC] 0x8908 0889
14:57:07.817 p22878 → [PRE-SYNC] 0x3E93 933e
14:57:07.851 p22878 ← 0x0AC4 [224B] c4 0a e0 00 dc c6 93 48 62 01 2e 00 c5 66 1e 7f 00 00 00 00 00 00 00 00 00 00 00 00 00 00 00 00
14:57:08.166 p25787 → [PRE-SYNC] 0x4F50 504f
14:57:08.166 p25787 → [PRE-SYNC] 0x5453 5354
14:57:08.167 p25787 → [PRE-SYNC] 0x2F20 202f
14:57:08.167 p25787 → [PRE-SYNC] 0x7375 7573
14:57:08.167 p25787 → [PRE-SYNC] 0x7265 6572
14:57:08.167 p25787 → [PRE-SYNC] 0x6F63 636f
14:57:08.167 p25787 → [PRE-SYNC] 0x666E 6e66
14:57:08.167 p25787 → [PRE-SYNC] 0x6769 6967
14:57:08.167 p25787 → [PRE-SYNC] 0x6C2F 2f6c
14:57:08.167 p25787 → [PRE-SYNC] 0x616F 6f61
14:57:08.167 p25787 → [PRE-SYNC] 0x2064 6420
14:57:08.167 p25787 → [PRE-SYNC] 0x5448 4854
14:57:08.167 p25787 → [PRE-SYNC] 0x5054 5450
14:57:08.167 p25787 → [PRE-SYNC] 0x312F 2f31
14:57:08.167 p25787 → [PRE-SYNC] 0x312E 2e31
14:57:08.167 p25787 → [PRE-SYNC] 0x0A0D 0d0a
14:57:08.167 p25787 → [PRE-SYNC] 0x6F48 486f
14:57:08.167 p25787 → [PRE-SYNC] 0x7473 7374
14:57:08.167 p25787 → [PRE-SYNC] 0x203A 3a20
14:57:08.167 p25787 → [PRE-SYNC] 0x3331 3133
14:57:08.167 p25787 → [PRE-SYNC] 0x2E36 362e
14:57:08.167 p25787 → [PRE-SYNC] 0x3131 3131
14:57:08.167 p25787 → [PRE-SYNC] 0x2E30 302e
14:57:08.167 p25787 → [PRE-SYNC] 0x3731 3137
14:57:08.167 p25787 → [PRE-SYNC] 0x2E32 322e
14:57:08.167 p25787 → [PRE-SYNC] 0x3233 3332
14:57:08.167 p25787 → [PRE-SYNC] 0x323A 3a32
14:57:08.168 p25787 → [PRE-SYNC] 0x3735 3537
14:57:08.168 p25787 → [PRE-SYNC] 0x3738 3837
14:57:08.168 p25787 → [PRE-SYNC] 0x0A0D 0d0a
14:57:08.168 p25787 → [PRE-SYNC] 0x6341 4163
14:57:08.168 p25787 → [PRE-SYNC] 0x6563 6365
14:57:08.168 p25787 → [PRE-SYNC] 0x7470 7074
14:57:08.168 p25787 → [PRE-SYNC] 0x203A 3a20
14:57:08.168 p25787 → [PRE-SYNC] 0x2F2A 2a2f
14:57:08.168 p25787 → [PRE-SYNC] 0x0D2A 2a0d
14:57:08.168 p25787 → [PRE-SYNC] 0x450A 0a45
14:57:08.168 p25787 → [PRE-SYNC] 0x7078 7870
14:57:08.168 p25787 → [PRE-SYNC] 0x6365 6563
14:57:08.168 p25787 → [PRE-SYNC] 0x3A74 743a
14:57:08.168 p25787 → [PRE-SYNC] 0x3120 2031
14:57:08.168 p25787 → [PRE-SYNC] 0x3030 3030
14:57:08.168 p25787 → [PRE-SYNC] 0x632D 2d63
14:57:08.168 p25787 → [PRE-SYNC] 0x6E6F 6f6e
14:57:08.168 p25787 → [PRE-SYNC] 0x6974 7469
14:57:08.168 p25787 → [PRE-SYNC] 0x756E 6e75
14:57:08.168 p25787 → [PRE-SYNC] 0x0D65 650d
14:57:08.168 p25787 → [PRE-SYNC] 0x430A 0a43
14:57:08.168 p25787 → [PRE-SYNC] 0x6E6F 6f6e
14:57:08.168 p25787 → [PRE-SYNC] 0x656E 6e65
14:57:08.168 p25787 → [PRE-SYNC] 0x7463 6374
14:57:08.168 p25787 → [PRE-SYNC] 0x6F69 696f
14:57:08.168 p25787 → [PRE-SYNC] 0x3A6E 6e3a
14:57:08.168 p25787 → [PRE-SYNC] 0x6B20 206b
14:57:08.169 p25787 → [PRE-SYNC] 0x6565 6565
14:57:08.169 p25787 → [PRE-SYNC] 0x2D70 702d
14:57:08.169 p25787 → [PRE-SYNC] 0x6C61 616c
14:57:08.169 p25787 → [PRE-SYNC] 0x7669 6976
14:57:08.169 p25787 → [PRE-SYNC] 0x0D65 650d
14:57:08.169 p25787 → [PRE-SYNC] 0x430A 0a43
14:57:08.169 p25787 → [PRE-SYNC] 0x6E6F 6f6e
14:57:08.169 p25787 → [PRE-SYNC] 0x6574 7465
14:57:08.169 p25787 → [PRE-SYNC] 0x746E 6e74
14:57:08.169 p25787 → [PRE-SYNC] 0x4C2D 2d4c
14:57:08.169 p25787 → [PRE-SYNC] 0x6E65 656e
14:57:08.169 p25787 → [PRE-SYNC] 0x7467 6774
14:57:08.169 p25787 → [PRE-SYNC] 0x3A68 683a
14:57:08.169 p25787 → [PRE-SYNC] 0x3220 2032
14:57:08.169 p25787 → [PRE-SYNC] 0x3934 3439
14:57:08.169 p25787 → [PRE-SYNC] 0x0A0D 0d0a
14:57:08.169 p25787 → [PRE-SYNC] 0x6F43 436f
14:57:08.169 p25787 → [PRE-SYNC] 0x746E 6e74
14:57:08.169 p25787 → [PRE-SYNC] 0x6E65 656e
14:57:08.169 p25787 → [PRE-SYNC] 0x2D74 742d
14:57:08.169 p25787 → [PRE-SYNC] 0x7954 5479
14:57:08.169 p25787 → [PRE-SYNC] 0x6570 7065
14:57:08.169 p25787 → [PRE-SYNC] 0x203A 3a20
14:57:08.169 p25787 → [PRE-SYNC] 0x756D 6d75
14:57:08.169 p25787 → [PRE-SYNC] 0x746C 6c74
14:57:08.170 p25787 → [PRE-SYNC] 0x7069 6970
14:57:08.170 p25787 → [PRE-SYNC] 0x7261 6172
14:57:08.170 p25787 → [PRE-SYNC] 0x2F74 742f
14:57:08.170 p25787 → [PRE-SYNC] 0x6F66 666f
14:57:08.170 p25787 → [PRE-SYNC] 0x6D72 726d
14:57:08.170 p25787 → [PRE-SYNC] 0x642D 2d64
14:57:08.170 p25787 → [PRE-SYNC] 0x7461 6174
14:57:08.170 p25787 → [PRE-SYNC] 0x3B61 613b
14:57:08.170 p25787 → [PRE-SYNC] 0x6220 2062
14:57:08.170 p25787 → [PRE-SYNC] 0x756F 6f75
14:57:08.170 p25787 → [PRE-SYNC] 0x646E 6e64
14:57:08.170 p25787 → [PRE-SYNC] 0x7261 6172
14:57:08.170 p25787 → [PRE-SYNC] 0x3D79 793d
14:57:08.170 p25787 → [PRE-SYNC] 0x2D2D 2d2d
14:57:08.170 p25787 → [PRE-SYNC] 0x2D2D 2d2d
14:57:08.170 p25787 → [PRE-SYNC] 0x2D2D 2d2d
14:57:08.170 p25787 → [PRE-SYNC] 0x2D2D 2d2d
14:57:08.170 p25787 → [PRE-SYNC] 0x2D2D 2d2d
14:57:08.170 p25787 → [PRE-SYNC] 0x2D2D 2d2d
14:57:08.170 p25787 → [PRE-SYNC] 0x2D2D 2d2d
14:57:08.170 p25787 → [PRE-SYNC] 0x2D2D 2d2d
14:57:08.170 p25787 → [PRE-SYNC] 0x2D2D 2d2d
14:57:08.170 p25787 → [PRE-SYNC] 0x2D2D 2d2d
14:57:08.171 p25787 → [PRE-SYNC] 0x2D2D 2d2d
14:57:08.171 p25787 → [PRE-SYNC] 0x2D2D 2d2d
14:57:08.171 p25787 → [PRE-SYNC] 0x3336 3633
14:57:08.171 p25787 → [PRE-SYNC] 0x3337 3733
14:57:08.171 p25787 → [PRE-SYNC] 0x3431 3134
14:57:08.171 p25787 → [PRE-SYNC] 0x6233 3362
14:57:08.171 p25787 → [PRE-SYNC] 0x3337 3733
14:57:08.171 p25787 → [PRE-SYNC] 0x3265 6532
14:57:08.171 p25787 → [PRE-SYNC] 0x3434 3434
14:57:08.171 p25787 → [PRE-SYNC] 0x6234 3462
14:57:08.171 p25787 → [PRE-SYNC] 0x0A0D 0d0a
14:57:08.171 p25787 → [PRE-SYNC] 0x0A0D 0d0a
14:57:08.172 p25787 → [ENC?] 0x2D2D 2d2d
14:57:08.172 p25787 → [ENC?] 0x2D2D 2d2d
14:57:08.172 p25787 → [ENC?] 0x2D2D 2d2d
14:57:08.172 p25787 → [ENC?] 0x2D2D 2d2d
14:57:08.172 p25787 → [ENC?] 0x2D2D 2d2d
14:57:08.172 p25787 → [ENC?] 0x2D2D 2d2d
14:57:08.172 p25787 → [ENC?] 0x3336 3633
14:57:08.172 p25787 → [ENC?] 0x3337 3733
14:57:08.172 p25787 → [ENC?] 0x3431 3134
14:57:08.172 p25787 → [ENC?] 0x6233 3362
14:57:08.173 p25787 → [ENC?] 0x3337 3733
14:57:08.173 p25787 → [ENC?] 0x3265 6532
14:57:08.173 p25787 → [ENC?] 0x3434 3434
14:57:08.173 p25787 → [ENC?] 0x6234 3462
14:57:08.173 p25787 → [ENC?] 0x0A0D 0d0a
14:57:08.174 p23545 → [PRE-SYNC] 0x0065 6500
14:57:08.174 p23545 → [PRE-SYNC] 0x0162 6201
14:57:08.174 p23545 → [PRE-SYNC] 0x002E 2e00
14:57:08.174 p23545 → [PRE-SYNC] 0xC6DC dcc6
14:57:08.174 p23545 → [PRE-SYNC] 0x4893 9348
14:57:08.174 p23545 → [PRE-SYNC] 0x66C5 c566
14:57:08.174 p23545 → [PRE-SYNC] 0x7F1E 1e7f
14:57:08.174 p23545 → [PRE-SYNC] 0x0000 0000
14:57:08.206 p25787 → [PRE-SYNC] 0x0A0D 0d0a
14:57:08.206 p25787 → [PRE-SYNC] 0x2D2D 2d2d
14:57:08.206 p25787 → [PRE-SYNC] 0x2D2D 2d2d
14:57:08.206 p25787 → [PRE-SYNC] 0x2D2D 2d2d
14:57:08.206 p25787 → [PRE-SYNC] 0x2D2D 2d2d
14:57:08.206 p25787 → [PRE-SYNC] 0x2D2D 2d2d
14:57:08.206 p25787 → [PRE-SYNC] 0x2D2D 2d2d
14:57:08.206 p25787 → [PRE-SYNC] 0x2D2D 2d2d
14:57:08.206 p25787 → [PRE-SYNC] 0x2D2D 2d2d
14:57:08.206 p25787 → [PRE-SYNC] 0x2D2D 2d2d
14:57:08.206 p25787 → [PRE-SYNC] 0x2D2D 2d2d
14:57:08.206 p25787 → [PRE-SYNC] 0x2D2D 2d2d
14:57:08.206 p25787 → [PRE-SYNC] 0x2D2D 2d2d
14:57:08.206 p25787 → [PRE-SYNC] 0x2D2D 2d2d
14:57:08.207 p25787 → [PRE-SYNC] 0x3336 3633
14:57:08.207 p25787 → [PRE-SYNC] 0x3337 3733
14:57:08.207 p25787 → [PRE-SYNC] 0x3431 3134
14:57:08.207 p25787 → [PRE-SYNC] 0x6233 3362
14:57:08.207 p25787 → [PRE-SYNC] 0x3337 3733
14:57:08.207 p25787 → [PRE-SYNC] 0x3265 6532
14:57:08.207 p25787 → [PRE-SYNC] 0x3434 3434
14:57:08.207 p25787 → [PRE-SYNC] 0x6234 3462
14:57:08.207 p25787 → [PRE-SYNC] 0x0A0D 0d0a
14:57:08.207 p25787 → [PRE-SYNC] 0x6F43 436f
14:57:08.207 p25787 → [PRE-SYNC] 0x746E 6e74
14:57:08.207 p25787 → [PRE-SYNC] 0x6E65 656e
14:57:08.207 p25787 → [PRE-SYNC] 0x2D74 742d
14:57:08.207 p25787 → [PRE-SYNC] 0x6944 4469
14:57:08.207 p25787 → [PRE-SYNC] 0x7073 7370
14:57:08.207 p25787 → [PRE-SYNC] 0x736F 6f73
14:57:08.207 p25787 → [PRE-SYNC] 0x7469 6974
14:57:08.207 p25787 → [PRE-SYNC] 0x6F69 696f
14:57:08.207 p25787 → [PRE-SYNC] 0x3A6E 6e3a
14:57:08.207 p25787 → [PRE-SYNC] 0x6620 2066
14:57:08.207 p25787 → [PRE-SYNC] 0x726F 6f72
14:57:08.207 p25787 → [PRE-SYNC] 0x2D6D 6d2d
14:57:08.207 p25787 → [PRE-SYNC] 0x6164 6461
14:57:08.207 p25787 → [PRE-SYNC] 0x6174 7461
14:57:08.207 p25787 → [PRE-SYNC] 0x203B 3b20
14:57:08.207 p25787 → [PRE-SYNC] 0x616E 6e61
14:57:08.207 p25787 → [PRE-SYNC] 0x656D 6d65
14:57:08.207 p25787 → [PRE-SYNC] 0x223D 3d22
14:57:08.207 p25787 → [PRE-SYNC] 0x4941 4149
14:57:08.207 p25787 → [PRE-SYNC] 0x2244 4422
14:57:08.207 p25787 → [PRE-SYNC] 0x0A0D 0d0a
14:57:08.207 p25787 → [PRE-SYNC] 0x0A0D 0d0a
14:57:08.208 p25787 → [PRE-SYNC] 0x3033 3330
14:57:08.208 p25787 → [PRE-SYNC] 0x3531 3135
14:57:08.208 p25787 → [PRE-SYNC] 0x3130 3031
14:57:08.208 p25787 → [PRE-SYNC] 0x0D30 300d
14:57:08.208 p25787 → [PRE-SYNC] 0x2D0A 0a2d
14:57:08.208 p25787 → [PRE-SYNC] 0x2D2D 2d2d
14:57:08.208 p25787 → [PRE-SYNC] 0x2D2D 2d2d
14:57:08.208 p25787 → [PRE-SYNC] 0x2D2D 2d2d
14:57:08.208 p25787 → [PRE-SYNC] 0x2D2D 2d2d
14:57:08.208 p25787 → [PRE-SYNC] 0x2D2D 2d2d
14:57:08.208 p25787 → [PRE-SYNC] 0x2D2D 2d2d
14:57:08.208 p25787 → [PRE-SYNC] 0x2D2D 2d2d
14:57:08.208 p25787 → [PRE-SYNC] 0x2D2D 2d2d
14:57:08.208 p25787 → [PRE-SYNC] 0x2D2D 2d2d
14:57:08.208 p25787 → [PRE-SYNC] 0x2D2D 2d2d
14:57:08.208 p25787 → [PRE-SYNC] 0x2D2D 2d2d
14:57:08.208 p25787 → [PRE-SYNC] 0x2D2D 2d2d
14:57:08.208 p25787 → [PRE-SYNC] 0x362D 2d36
14:57:08.208 p25787 → [PRE-SYNC] 0x3733 3337
14:57:08.208 p25787 → [PRE-SYNC] 0x3133 3331
14:57:08.208 p25787 → [PRE-SYNC] 0x3334 3433
14:57:08.208 p25787 → [PRE-SYNC] 0x3762 6237
14:57:08.208 p25787 → [PRE-SYNC] 0x6533 3365
14:57:08.208 p25787 → [PRE-SYNC] 0x3432 3234
14:57:08.208 p25787 → [PRE-SYNC] 0x3434 3434
14:57:08.208 p25787 → [PRE-SYNC] 0x0D62 620d
14:57:08.208 p25787 → [PRE-SYNC] 0x430A 0a43
14:57:08.208 p25787 → [PRE-SYNC] 0x6E6F 6f6e
14:57:08.208 p25787 → [PRE-SYNC] 0x6574 7465
14:57:08.209 p25787 → [PRE-SYNC] 0x746E 6e74
14:57:08.209 p25787 → [PRE-SYNC] 0x442D 2d44
14:57:08.209 p25787 → [PRE-SYNC] 0x7369 6973
14:57:08.209 p25787 → [PRE-SYNC] 0x6F70 706f
14:57:08.209 p25787 → [PRE-SYNC] 0x6973 7369
14:57:08.209 p25787 → [PRE-SYNC] 0x6974 7469
14:57:08.209 p25787 → [PRE-SYNC] 0x6E6F 6f6e
14:57:08.209 p25787 → [PRE-SYNC] 0x203A 3a20
14:57:08.209 p25787 → [PRE-SYNC] 0x6F66 666f
14:57:08.209 p25787 → [PRE-SYNC] 0x6D72 726d
14:57:08.209 p25787 → [PRE-SYNC] 0x642D 2d64
14:57:08.209 p25787 → [PRE-SYNC] 0x7461 6174
14:57:08.209 p25787 → [PRE-SYNC] 0x3B61 613b
14:57:08.209 p25787 → [PRE-SYNC] 0x6E20 206e
14:57:08.209 p25787 → [PRE-SYNC] 0x6D61 616d
14:57:08.209 p25787 → [PRE-SYNC] 0x3D65 653d
14:57:08.209 p25787 → [PRE-SYNC] 0x5722 2257
14:57:08.209 p25787 → [PRE-SYNC] 0x726F 6f72
14:57:08.209 p25787 → [PRE-SYNC] 0x646C 6c64
14:57:08.209 p25787 → [PRE-SYNC] 0x614E 4e61
14:57:08.209 p25787 → [PRE-SYNC] 0x656D 6d65
14:57:08.209 p25787 → [PRE-SYNC] 0x0D22 220d
14:57:08.209 p25787 → [PRE-SYNC] 0x0D0A 0a0d
14:57:08.209 p25787 → [PRE-SYNC] 0x420A 0a42
14:57:08.209 p25787 → [PRE-SYNC] 0x6D61 616d
14:57:08.209 p25787 → [PRE-SYNC] 0x6F62 626f
14:57:08.209 p25787 → [PRE-SYNC] 0x0D6F 6f0d
14:57:08.209 p25787 → [PRE-SYNC] 0x2D0A 0a2d
14:57:08.209 p25787 → [PRE-SYNC] 0x2D2D 2d2d
14:57:08.209 p25787 → [PRE-SYNC] 0x2D2D 2d2d
14:57:08.209 p25787 → [PRE-SYNC] 0x2D2D 2d2d
14:57:08.209 p25787 → [PRE-SYNC] 0x2D2D 2d2d
14:57:08.210 p25787 → [PRE-SYNC] 0x2D2D 2d2d
14:57:08.210 p25787 → [PRE-SYNC] 0x2D2D 2d2d
14:57:08.210 p25787 → [PRE-SYNC] 0x2D2D 2d2d
14:57:08.210 p25787 → [PRE-SYNC] 0x2D2D 2d2d
14:57:08.210 p25787 → [PRE-SYNC] 0x2D2D 2d2d
14:57:08.210 p25787 → [PRE-SYNC] 0x2D2D 2d2d
14:57:08.210 p25787 → [PRE-SYNC] 0x2D2D 2d2d
14:57:08.210 p25787 → [PRE-SYNC] 0x2D2D 2d2d
14:57:08.210 p25787 → [PRE-SYNC] 0x362D 2d36
14:57:08.210 p25787 → [PRE-SYNC] 0x3733 3337
14:57:08.210 p25787 → [PRE-SYNC] 0x3133 3331
14:57:08.210 p25787 → [PRE-SYNC] 0x3334 3433
14:57:08.210 p25787 → [PRE-SYNC] 0x3762 6237
14:57:08.210 p25787 → [PRE-SYNC] 0x6533 3365
14:57:08.210 p25787 → [PRE-SYNC] 0x3432 3234
14:57:08.210 p25787 → [PRE-SYNC] 0x3434 3434
14:57:08.210 p25787 → [PRE-SYNC] 0x2D62 622d
14:57:08.210 p25787 → [PRE-SYNC] 0x0D2D 2d0d
14:57:08.210 p25787 → [ENC?] 0x2D2D 2d2d
14:57:08.210 p25787 → [ENC?] 0x2D2D 2d2d
14:57:08.210 p25787 → [ENC?] 0x2D2D 2d2d
14:57:08.210 p25787 → [ENC?] 0x2D2D 2d2d
14:57:08.210 p25787 → [ENC?] 0x2D2D 2d2d
14:57:08.210 p25787 → [ENC?] 0x2D2D 2d2d
14:57:08.211 p25787 → [ENC?] 0x3336 3633
14:57:08.211 p25787 → [ENC?] 0x3337 3733
14:57:08.211 p25787 → [ENC?] 0x3431 3134
14:57:08.211 p25787 → [ENC?] 0x6233 3362
14:57:08.211 p25787 → [ENC?] 0x3337 3733
14:57:08.211 p25787 → [ENC?] 0x3265 6532
14:57:08.211 p25787 → [ENC?] 0x3434 3434
14:57:08.211 p25787 → [ENC?] 0x6234 3462
14:57:08.211 p25787 → [ENC?] 0x2D2D 2d2d
14:57:08.774 p24656 → [PRE-SYNC] 0x0436 3604
14:57:08.774 p24656 → [PRE-SYNC] 0x0162 6201
14:57:08.774 p24656 → [PRE-SYNC] 0x002E 2e00
14:57:08.774 p24656 → [PRE-SYNC] 0x2848 4828
14:57:08.774 p24656 → [PRE-SYNC] 0x0000 0000
14:57:08.774 p24656 → [PRE-SYNC] 0xC6DC dcc6
14:57:08.774 p24656 → [PRE-SYNC] 0x4893 9348
14:57:08.774 p24656 → [PRE-SYNC] 0x1B83 831b
14:57:08.774 p24656 → [PRE-SYNC] 0x0001 0100
14:57:08.774 p24656 → [PRE-SYNC] 0x7CA7 a77c
14:57:08.774 p24656 → [PRE-SYNC] 0x1959 5919
14:57:08.775 p25787 → [PRE-SYNC] 0x0A0D 0d0a
14:57:08.775 p25787 → [PRE-SYNC] 0x4F50 504f
14:57:08.775 p25787 → [PRE-SYNC] 0x5453 5354
14:57:08.775 p25787 → [PRE-SYNC] 0x2F20 202f
14:57:08.775 p25787 → [PRE-SYNC] 0x6863 6368
14:57:08.775 p25787 → [PRE-SYNC] 0x7261 6172
14:57:08.775 p25787 → [PRE-SYNC] 0x6F63 636f
14:57:08.775 p25787 → [PRE-SYNC] 0x666E 6e66
14:57:08.775 p25787 → [PRE-SYNC] 0x6769 6967
14:57:08.775 p25787 → [PRE-SYNC] 0x6C2F 2f6c
14:57:08.775 p25787 → [PRE-SYNC] 0x616F 6f61
14:57:08.775 p25787 → [PRE-SYNC] 0x2064 6420
14:57:08.775 p25787 → [PRE-SYNC] 0x5448 4854
14:57:08.775 p25787 → [PRE-SYNC] 0x5054 5450
14:57:08.775 p25787 → [PRE-SYNC] 0x312F 2f31
14:57:08.775 p25787 → [PRE-SYNC] 0x312E 2e31
14:57:08.775 p25787 → [PRE-SYNC] 0x0A0D 0d0a
14:57:08.775 p25787 → [PRE-SYNC] 0x6F48 486f
14:57:08.775 p25787 → [PRE-SYNC] 0x7473 7374
14:57:08.775 p25787 → [PRE-SYNC] 0x203A 3a20
14:57:08.775 p25787 → [PRE-SYNC] 0x3331 3133
14:57:08.776 p25787 → [PRE-SYNC] 0x2E36 362e
14:57:08.776 p25787 → [PRE-SYNC] 0x3131 3131
14:57:08.776 p25787 → [PRE-SYNC] 0x2E30 302e
14:57:08.776 p25787 → [PRE-SYNC] 0x3731 3137
14:57:08.776 p25787 → [PRE-SYNC] 0x2E32 322e
14:57:08.776 p25787 → [PRE-SYNC] 0x3233 3332
14:57:08.776 p25787 → [PRE-SYNC] 0x323A 3a32
14:57:08.776 p25787 → [PRE-SYNC] 0x3735 3537
14:57:08.776 p25787 → [PRE-SYNC] 0x3738 3837
14:57:08.776 p25787 → [PRE-SYNC] 0x0A0D 0d0a
14:57:08.776 p25787 → [PRE-SYNC] 0x6341 4163
14:57:08.776 p25787 → [PRE-SYNC] 0x6563 6365
14:57:08.776 p25787 → [PRE-SYNC] 0x7470 7074
14:57:08.776 p25787 → [PRE-SYNC] 0x203A 3a20
14:57:08.776 p25787 → [PRE-SYNC] 0x2F2A 2a2f
14:57:08.776 p25787 → [PRE-SYNC] 0x0D2A 2a0d
14:57:08.776 p25787 → [PRE-SYNC] 0x450A 0a45
14:57:08.776 p25787 → [PRE-SYNC] 0x7078 7870
14:57:08.776 p25787 → [PRE-SYNC] 0x6365 6563
14:57:08.776 p25787 → [PRE-SYNC] 0x3A74 743a
14:57:08.776 p25787 → [PRE-SYNC] 0x3120 2031
14:57:08.776 p25787 → [PRE-SYNC] 0x3030 3030
14:57:08.776 p25787 → [PRE-SYNC] 0x632D 2d63
14:57:08.776 p25787 → [PRE-SYNC] 0x6E6F 6f6e
14:57:08.776 p25787 → [PRE-SYNC] 0x6974 7469
14:57:08.776 p25787 → [PRE-SYNC] 0x756E 6e75
14:57:08.776 p25787 → [PRE-SYNC] 0x0D65 650d
14:57:08.776 p25787 → [PRE-SYNC] 0x430A 0a43
14:57:08.777 p25787 → [PRE-SYNC] 0x6E6F 6f6e
14:57:08.777 p25787 → [PRE-SYNC] 0x656E 6e65
14:57:08.777 p25787 → [PRE-SYNC] 0x7463 6374
14:57:08.777 p25787 → [PRE-SYNC] 0x6F69 696f
14:57:08.777 p25787 → [PRE-SYNC] 0x3A6E 6e3a
14:57:08.777 p25787 → [PRE-SYNC] 0x6B20 206b
14:57:08.777 p25787 → [PRE-SYNC] 0x6565 6565
14:57:08.777 p25787 → [PRE-SYNC] 0x2D70 702d
14:57:08.777 p25787 → [PRE-SYNC] 0x6C61 616c
14:57:08.777 p25787 → [PRE-SYNC] 0x7669 6976
14:57:08.777 p25787 → [PRE-SYNC] 0x0D65 650d
14:57:08.777 p25787 → [PRE-SYNC] 0x430A 0a43
14:57:08.777 p25787 → [PRE-SYNC] 0x6E6F 6f6e
14:57:08.777 p25787 → [PRE-SYNC] 0x6574 7465
14:57:08.777 p25787 → [PRE-SYNC] 0x746E 6e74
14:57:08.777 p25787 → [PRE-SYNC] 0x4C2D 2d4c
14:57:08.777 p25787 → [PRE-SYNC] 0x6E65 656e
14:57:08.777 p25787 → [PRE-SYNC] 0x7467 6774
14:57:08.777 p25787 → [PRE-SYNC] 0x3A68 683a
14:57:08.777 p25787 → [PRE-SYNC] 0x3420 2034
14:57:08.777 p25787 → [PRE-SYNC] 0x3036 3630
14:57:08.777 p25787 → [PRE-SYNC] 0x0A0D 0d0a
14:57:08.777 p25787 → [PRE-SYNC] 0x6F43 436f
14:57:08.777 p25787 → [PRE-SYNC] 0x746E 6e74
14:57:08.777 p25787 → [PRE-SYNC] 0x6E65 656e
14:57:08.777 p25787 → [PRE-SYNC] 0x2D74 742d
14:57:08.777 p25787 → [PRE-SYNC] 0x7954 5479
14:57:08.777 p25787 → [PRE-SYNC] 0x6570 7065
14:57:08.777 p25787 → [PRE-SYNC] 0x203A 3a20
14:57:08.777 p25787 → [PRE-SYNC] 0x756D 6d75
14:57:08.778 p25787 → [PRE-SYNC] 0x746C 6c74
14:57:08.778 p25787 → [PRE-SYNC] 0x7069 6970
14:57:08.778 p25787 → [PRE-SYNC] 0x7261 6172
14:57:08.778 p25787 → [PRE-SYNC] 0x2F74 742f
14:57:08.778 p25787 → [PRE-SYNC] 0x6F66 666f
14:57:08.778 p25787 → [PRE-SYNC] 0x6D72 726d
14:57:08.778 p25787 → [PRE-SYNC] 0x642D 2d64
14:57:08.778 p25787 → [PRE-SYNC] 0x7461 6174
14:57:08.778 p25787 → [PRE-SYNC] 0x3B61 613b
14:57:08.778 p25787 → [PRE-SYNC] 0x6220 2062
14:57:08.778 p25787 → [PRE-SYNC] 0x756F 6f75
14:57:08.778 p25787 → [PRE-SYNC] 0x646E 6e64
14:57:08.778 p25787 → [PRE-SYNC] 0x7261 6172
14:57:08.778 p25787 → [PRE-SYNC] 0x3D79 793d
14:57:08.778 p25787 → [PRE-SYNC] 0x2D2D 2d2d
14:57:08.778 p25787 → [PRE-SYNC] 0x2D2D 2d2d
14:57:08.778 p25787 → [PRE-SYNC] 0x2D2D 2d2d
14:57:08.778 p25787 → [PRE-SYNC] 0x2D2D 2d2d
14:57:08.778 p25787 → [PRE-SYNC] 0x2D2D 2d2d
14:57:08.778 p25787 → [PRE-SYNC] 0x2D2D 2d2d
14:57:08.778 p25787 → [PRE-SYNC] 0x2D2D 2d2d
14:57:08.778 p25787 → [PRE-SYNC] 0x2D2D 2d2d
14:57:08.778 p25787 → [PRE-SYNC] 0x2D2D 2d2d
14:57:08.778 p25787 → [PRE-SYNC] 0x2D2D 2d2d
14:57:08.778 p25787 → [PRE-SYNC] 0x2D2D 2d2d
14:57:08.778 p25787 → [PRE-SYNC] 0x2D2D 2d2d
14:57:08.778 p25787 → [PRE-SYNC] 0x6530 3065
14:57:08.778 p25787 → [PRE-SYNC] 0x3961 6139
14:57:08.778 p25787 → [PRE-SYNC] 0x6565 6565
14:57:08.778 p25787 → [PRE-SYNC] 0x3164 6431
14:57:08.778 p25787 → [PRE-SYNC] 0x3239 3932
14:57:08.778 p25787 → [PRE-SYNC] 0x3033 3330
14:57:08.779 p25787 → [PRE-SYNC] 0x3364 6433
14:57:08.779 p25787 → [PRE-SYNC] 0x3838 3838
14:57:08.779 p25787 → [PRE-SYNC] 0x0A0D 0d0a
14:57:08.779 p25787 → [PRE-SYNC] 0x0A0D 0d0a
14:57:08.779 p25787 → [ENC?] 0x2D2D 2d2d
14:57:08.779 p25787 → [ENC?] 0x2D2D 2d2d
14:57:08.779 p25787 → [ENC?] 0x2D2D 2d2d
14:57:08.779 p25787 → [ENC?] 0x2D2D 2d2d
14:57:08.779 p25787 → [ENC?] 0x2D2D 2d2d
14:57:08.779 p25787 → [ENC?] 0x2D2D 2d2d
14:57:08.779 p25787 → [ENC?] 0x6530 3065
14:57:08.779 p25787 → [ENC?] 0x3961 6139
14:57:08.779 p25787 → [ENC?] 0x6565 6565
14:57:08.779 p25787 → [ENC?] 0x3164 6431
14:57:08.779 p25787 → [ENC?] 0x3239 3932
14:57:08.779 p25787 → [ENC?] 0x3033 3330
14:57:08.779 p25787 → [ENC?] 0x3364 6433
14:57:08.779 p25787 → [ENC?] 0x3838 3838
14:57:08.779 p25787 → [ENC?] 0x0A0D 0d0a
14:57:08.806 p25787 → [PRE-SYNC] 0x0A0D 0d0a
14:57:08.807 p25787 → [PRE-SYNC] 0x2D2D 2d2d
14:57:08.807 p25787 → [PRE-SYNC] 0x2D2D 2d2d
14:57:08.807 p25787 → [PRE-SYNC] 0x2D2D 2d2d
14:57:08.807 p25787 → [PRE-SYNC] 0x2D2D 2d2d
14:57:08.807 p25787 → [PRE-SYNC] 0x2D2D 2d2d
14:57:08.807 p25787 → [PRE-SYNC] 0x2D2D 2d2d
14:57:08.807 p25787 → [PRE-SYNC] 0x2D2D 2d2d
14:57:08.807 p25787 → [PRE-SYNC] 0x2D2D 2d2d
14:57:08.807 p25787 → [PRE-SYNC] 0x2D2D 2d2d
14:57:08.807 p25787 → [PRE-SYNC] 0x2D2D 2d2d
14:57:08.807 p25787 → [PRE-SYNC] 0x2D2D 2d2d
14:57:08.807 p25787 → [PRE-SYNC] 0x2D2D 2d2d
14:57:08.807 p25787 → [PRE-SYNC] 0x2D2D 2d2d
14:57:08.807 p25787 → [PRE-SYNC] 0x6530 3065
14:57:08.807 p25787 → [PRE-SYNC] 0x3961 6139
14:57:08.807 p25787 → [PRE-SYNC] 0x6565 6565
14:57:08.807 p25787 → [PRE-SYNC] 0x3164 6431
14:57:08.807 p25787 → [PRE-SYNC] 0x3239 3932
14:57:08.807 p25787 → [PRE-SYNC] 0x3033 3330
14:57:08.807 p25787 → [PRE-SYNC] 0x3364 6433
14:57:08.807 p25787 → [PRE-SYNC] 0x3838 3838
14:57:08.807 p25787 → [PRE-SYNC] 0x0A0D 0d0a
14:57:08.807 p25787 → [PRE-SYNC] 0x6F43 436f
14:57:08.807 p25787 → [PRE-SYNC] 0x746E 6e74
14:57:08.807 p25787 → [PRE-SYNC] 0x6E65 656e
14:57:08.807 p25787 → [PRE-SYNC] 0x2D74 742d
14:57:08.807 p25787 → [PRE-SYNC] 0x6944 4469
14:57:08.808 p25787 → [PRE-SYNC] 0x7073 7370
14:57:08.808 p25787 → [PRE-SYNC] 0x736F 6f73
14:57:08.808 p25787 → [PRE-SYNC] 0x7469 6974
14:57:08.808 p25787 → [PRE-SYNC] 0x6F69 696f
14:57:08.808 p25787 → [PRE-SYNC] 0x3A6E 6e3a
14:57:08.808 p25787 → [PRE-SYNC] 0x6620 2066
14:57:08.808 p25787 → [PRE-SYNC] 0x726F 6f72
14:57:08.808 p25787 → [PRE-SYNC] 0x2D6D 6d2d
14:57:08.808 p25787 → [PRE-SYNC] 0x6164 6461
14:57:08.808 p25787 → [PRE-SYNC] 0x6174 7461
14:57:08.808 p25787 → [PRE-SYNC] 0x203B 3b20
14:57:08.808 p25787 → [PRE-SYNC] 0x616E 6e61
14:57:08.808 p25787 → [PRE-SYNC] 0x656D 6d65
14:57:08.808 p25787 → [PRE-SYNC] 0x223D 3d22
14:57:08.808 p25787 → [PRE-SYNC] 0x4941 4149
14:57:08.808 p25787 → [PRE-SYNC] 0x2244 4422
14:57:08.808 p25787 → [PRE-SYNC] 0x0A0D 0d0a
14:57:08.808 p25787 → [PRE-SYNC] 0x0A0D 0d0a
14:57:08.808 p25787 → [PRE-SYNC] 0x3033 3330
14:57:08.808 p25787 → [PRE-SYNC] 0x3531 3135
14:57:08.808 p25787 → [PRE-SYNC] 0x3130 3031
14:57:08.809 p25787 → [PRE-SYNC] 0x0D30 300d
14:57:08.809 p25787 → [PRE-SYNC] 0x2D0A 0a2d
14:57:08.809 p25787 → [PRE-SYNC] 0x2D2D 2d2d
14:57:08.809 p25787 → [PRE-SYNC] 0x2D2D 2d2d
14:57:08.809 p25787 → [PRE-SYNC] 0x2D2D 2d2d
14:57:08.809 p25787 → [PRE-SYNC] 0x2D2D 2d2d
14:57:08.809 p25787 → [PRE-SYNC] 0x2D2D 2d2d
14:57:08.809 p25787 → [PRE-SYNC] 0x2D2D 2d2d
14:57:08.809 p25787 → [PRE-SYNC] 0x2D2D 2d2d
14:57:08.809 p25787 → [PRE-SYNC] 0x2D2D 2d2d
14:57:08.809 p25787 → [PRE-SYNC] 0x2D2D 2d2d
14:57:08.809 p25787 → [PRE-SYNC] 0x2D2D 2d2d
14:57:08.809 p25787 → [PRE-SYNC] 0x2D2D 2d2d
14:57:08.809 p25787 → [PRE-SYNC] 0x2D2D 2d2d
14:57:08.809 p25787 → [PRE-SYNC] 0x302D 2d30
14:57:08.809 p25787 → [PRE-SYNC] 0x6165 6561
14:57:08.809 p25787 → [PRE-SYNC] 0x6539 3965
14:57:08.809 p25787 → [PRE-SYNC] 0x6465 6564
14:57:08.809 p25787 → [PRE-SYNC] 0x3931 3139
14:57:08.809 p25787 → [PRE-SYNC] 0x3332 3233
14:57:08.809 p25787 → [PRE-SYNC] 0x6430 3064
14:57:08.809 p25787 → [PRE-SYNC] 0x3833 3338
14:57:08.809 p25787 → [PRE-SYNC] 0x0D38 380d
14:57:08.809 p25787 → [PRE-SYNC] 0x430A 0a43
14:57:08.809 p25787 → [PRE-SYNC] 0x6E6F 6f6e
14:57:08.809 p25787 → [PRE-SYNC] 0x6574 7465
14:57:08.809 p25787 → [PRE-SYNC] 0x746E 6e74
14:57:08.809 p25787 → [PRE-SYNC] 0x442D 2d44
14:57:08.809 p25787 → [PRE-SYNC] 0x7369 6973
14:57:08.810 p25787 → [PRE-SYNC] 0x6F70 706f
14:57:08.810 p25787 → [PRE-SYNC] 0x6973 7369
14:57:08.810 p25787 → [PRE-SYNC] 0x6974 7469
14:57:08.810 p25787 → [PRE-SYNC] 0x6E6F 6f6e
14:57:08.810 p25787 → [PRE-SYNC] 0x203A 3a20
14:57:08.810 p25787 → [PRE-SYNC] 0x6F66 666f
14:57:08.810 p25787 → [PRE-SYNC] 0x6D72 726d
14:57:08.810 p25787 → [PRE-SYNC] 0x642D 2d64
14:57:08.810 p25787 → [PRE-SYNC] 0x7461 6174
14:57:08.810 p25787 → [PRE-SYNC] 0x3B61 613b
14:57:08.810 p25787 → [PRE-SYNC] 0x6E20 206e
14:57:08.810 p25787 → [PRE-SYNC] 0x6D61 616d
14:57:08.810 p25787 → [PRE-SYNC] 0x3D65 653d
14:57:08.810 p25787 → [PRE-SYNC] 0x4722 2247
14:57:08.810 p25787 → [PRE-SYNC] 0x4449 4944
14:57:08.810 p25787 → [PRE-SYNC] 0x0D22 220d
14:57:08.810 p25787 → [PRE-SYNC] 0x0D0A 0a0d
14:57:08.810 p25787 → [PRE-SYNC] 0x310A 0a31
14:57:08.810 p25787 → [PRE-SYNC] 0x3330 3033
14:57:08.810 p25787 → [PRE-SYNC] 0x3231 3132
14:57:08.810 p25787 → [PRE-SYNC] 0x0A0D 0d0a
14:57:08.810 p25787 → [PRE-SYNC] 0x2D2D 2d2d
14:57:08.810 p25787 → [PRE-SYNC] 0x2D2D 2d2d
14:57:08.810 p25787 → [PRE-SYNC] 0x2D2D 2d2d
14:57:08.810 p25787 → [PRE-SYNC] 0x2D2D 2d2d
14:57:08.810 p25787 → [PRE-SYNC] 0x2D2D 2d2d
14:57:08.810 p25787 → [PRE-SYNC] 0x2D2D 2d2d
14:57:08.810 p25787 → [PRE-SYNC] 0x2D2D 2d2d
14:57:08.810 p25787 → [PRE-SYNC] 0x2D2D 2d2d
14:57:08.810 p25787 → [PRE-SYNC] 0x2D2D 2d2d
14:57:08.810 p25787 → [PRE-SYNC] 0x2D2D 2d2d
14:57:08.811 p25787 → [PRE-SYNC] 0x2D2D 2d2d
14:57:08.811 p25787 → [PRE-SYNC] 0x2D2D 2d2d
14:57:08.811 p25787 → [PRE-SYNC] 0x2D2D 2d2d
14:57:08.811 p25787 → [PRE-SYNC] 0x6530 3065
14:57:08.811 p25787 → [PRE-SYNC] 0x3961 6139
14:57:08.811 p25787 → [PRE-SYNC] 0x6565 6565
14:57:08.811 p25787 → [PRE-SYNC] 0x3164 6431
14:57:08.811 p25787 → [PRE-SYNC] 0x3239 3932
14:57:08.811 p25787 → [PRE-SYNC] 0x3033 3330
14:57:08.811 p25787 → [PRE-SYNC] 0x3364 6433
14:57:08.811 p25787 → [PRE-SYNC] 0x3838 3838
14:57:08.811 p25787 → [PRE-SYNC] 0x0A0D 0d0a
14:57:08.811 p25787 → [PRE-SYNC] 0x6F43 436f
14:57:08.811 p25787 → [PRE-SYNC] 0x746E 6e74
14:57:08.811 p25787 → [PRE-SYNC] 0x6E65 656e
14:57:08.811 p25787 → [PRE-SYNC] 0x2D74 742d
14:57:08.811 p25787 → [PRE-SYNC] 0x6944 4469
14:57:08.811 p25787 → [PRE-SYNC] 0x7073 7370
14:57:08.811 p25787 → [PRE-SYNC] 0x736F 6f73
14:57:08.811 p25787 → [ENC?] 0x2D2D 2d2d
14:57:08.811 p25787 → [ENC?] 0x2D2D 2d2d
14:57:08.811 p25787 → [ENC?] 0x2D2D 2d2d
14:57:08.811 p25787 → [ENC?] 0x2D2D 2d2d
14:57:08.811 p25787 → [ENC?] 0x2D2D 2d2d
14:57:08.811 p25787 → [ENC?] 0x2D2D 2d2d
14:57:08.811 p25787 → [ENC?] 0x6530 3065
14:57:08.811 p25787 → [ENC?] 0x3961 6139
14:57:08.811 p25787 → [ENC?] 0x6565 6565
14:57:08.812 p25787 → [ENC?] 0x3164 6431
14:57:08.812 p25787 → [ENC?] 0x3239 3932
14:57:08.812 p25787 → [ENC?] 0x3033 3330
14:57:08.812 p25787 → [ENC?] 0x3364 6433
14:57:08.812 p25787 → [ENC?] 0x3838 3838
14:57:08.812 p25787 → [ENC?] 0x2D2D 2d2d
14:57:08.814 p24656 ← 0x4753 [36B] 53 47 24 00 27 c9 06 b5 91 7d 0d 27 4e aa 8b f8 fe 24 f5 5a 6b 8d 03 52 82 43 89 b0 83 0f ca bb
14:57:08.827 p24656 ← 0x0283 [354B] 83 02 62 01 2e 00 18 0b 00 00 eb 02 8b 91 d7 92 2a 4d a0 05 05 00 00 01 02 04 00 8e 00 1a 00 2d
