14:12:07.534 p22878 ← 0x4753 [36B] 53 47 24 00 1a 09 56 6b 55 64 86 c8 53 1f 3b 92 24 82 67 c0 f8 e1 de 1e 9e df ef ce d4 3c cf 67
14:12:07.575 p22878 → [ENC?] 0x9200 0092
14:12:07.575 p22878 → [ENC?] 0x2CC3 c32c
14:12:07.575 p22878 → [ENC?] 0xB200 00b2
14:12:07.575 p22878 → [ENC?] 0x3E04 043e
14:12:07.575 p22878 → [ENC?] 0x7772 7277
14:12:07.576 p22878 → [ENC?] 0x48D2 d248
14:12:07.576 p22878 → [ENC?] 0xE182 82e1
14:12:07.576 p22878 → [ENC?] 0xC01D 1dc0
14:12:07.576 p22878 → [ENC?] 0xA6ED eda6
14:12:07.576 p22878 → [ENC?] 0xE5AF afe5
14:12:07.576 p22878 → [ENC?] 0xB27B 7bb2
14:12:07.576 p22878 → [ENC?] 0x7817 1778
14:12:07.576 p22878 → [ENC?] 0x8933 3389
14:12:07.576 p22878 → [ENC?] 0x7F6D 6d7f
14:12:07.576 p22878 → [ENC?] 0x50D2 d250
14:12:07.576 p22878 → [ENC?] 0xD05F 5fd0
14:12:07.576 p22878 → [ENC?] 0x78F4 f478
14:12:07.576 p22878 → [ENC?] 0xD19E 9ed1
14:12:07.576 p22878 → [ENC?] 0x5DF1 f15d
14:12:07.576 p22878 → [ENC?] 0x3401 0134
14:12:07.576 p22878 → [ENC?] 0xB936 36b9
14:12:07.611 p22878 ← 0x0AC4 [224B] c4 0a e0 00 e3 88 fe 78 62 01 2e 00 25 7c b3 74 00 00 00 00 00 00 00 00 00 00 00 00 00 00 00 00
14:12:07.724 p25787 → [ENC?] 0x2D2D 2d2d
14:12:07.724 p25787 → [ENC?] 0x2D2D 2d2d
14:12:07.724 p25787 → [ENC?] 0x2D2D 2d2d
14:12:07.724 p25787 → [ENC?] 0x2D2D 2d2d
14:12:07.724 p25787 → [ENC?] 0x2D2D 2d2d
14:12:07.724 p25787 → [ENC?] 0x2D2D 2d2d
14:12:07.724 p25787 → [ENC?] 0x6231 3162
14:12:07.724 p25787 → [ENC?] 0x3262 6232
14:12:07.724 p25787 → [ENC?] 0x6530 3065
14:12:07.724 p25787 → [ENC?] 0x6433 3364
14:12:07.725 p25787 → [ENC?] 0x3966 6639
14:12:07.725 p25787 → [ENC?] 0x6462 6264
14:12:07.725 p25787 → [ENC?] 0x3233 3332
14:12:07.725 p25787 → [ENC?] 0x3161 6131
14:12:07.725 p25787 → [ENC?] 0x0A0D 0d0a
14:12:07.757 p25787 → [ENC?] 0x2D2D 2d2d
14:12:07.757 p25787 → [ENC?] 0x2D2D 2d2d
14:12:07.757 p25787 → [ENC?] 0x2D2D 2d2d
14:12:07.757 p25787 → [ENC?] 0x2D2D 2d2d
14:12:07.757 p25787 → [ENC?] 0x2D2D 2d2d
14:12:07.757 p25787 → [ENC?] 0x2D2D 2d2d
14:12:07.757 p25787 → [ENC?] 0x6231 3162
14:12:07.757 p25787 → [ENC?] 0x3262 6232
14:12:07.757 p25787 → [ENC?] 0x6530 3065
14:12:07.757 p25787 → [ENC?] 0x6433 3364
14:12:07.757 p25787 → [ENC?] 0x3966 6639
14:12:07.757 p25787 → [ENC?] 0x6462 6264
14:12:07.758 p25787 → [ENC?] 0x3233 3332
14:12:07.758 p25787 → [ENC?] 0x3161 6131
14:12:07.758 p25787 → [ENC?] 0x2D2D 2d2d
14:12:08.152 p25787 → [ENC?] 0x2D2D 2d2d
14:12:08.152 p25787 → [ENC?] 0x2D2D 2d2d
14:12:08.152 p25787 → [ENC?] 0x2D2D 2d2d
14:12:08.152 p25787 → [ENC?] 0x2D2D 2d2d
14:12:08.152 p25787 → [ENC?] 0x2D2D 2d2d
14:12:08.152 p25787 → [ENC?] 0x2D2D 2d2d
14:12:08.152 p25787 → [ENC?] 0x3638 3836
14:12:08.152 p25787 → [ENC?] 0x3038 3830
14:12:08.152 p25787 → [ENC?] 0x3864 6438
14:12:08.152 p25787 → [ENC?] 0x3933 3339
14:12:08.152 p25787 → [ENC?] 0x3733 3337
14:12:08.152 p25787 → [ENC?] 0x3330 3033
14:12:08.152 p25787 → [ENC?] 0x6334 3463
14:12:08.152 p25787 → [ENC?] 0x3132 3231
14:12:08.152 p25787 → [ENC?] 0x0A0D 0d0a
14:12:08.182 p24656 ← 0x4753 [36B] 53 47 24 00 49 85 ce 83 67 26 69 d3 5f 0c 6e 64 97 0c 88 bf 72 99 f2 cc d9 95 8c 65 77 04 f7 45
14:12:08.254 p25787 → [ENC?] 0x2D2D 2d2d
14:12:08.254 p25787 → [ENC?] 0x2D2D 2d2d
14:12:08.254 p25787 → [ENC?] 0x2D2D 2d2d
14:12:08.254 p25787 → [ENC?] 0x2D2D 2d2d
14:12:08.254 p25787 → [ENC?] 0x2D2D 2d2d
14:12:08.254 p25787 → [ENC?] 0x2D2D 2d2d
14:12:08.254 p25787 → [ENC?] 0x3638 3836
14:12:08.254 p25787 → [ENC?] 0x3038 3830
14:12:08.254 p25787 → [ENC?] 0x3864 6438
14:12:08.254 p25787 → [ENC?] 0x3933 3339
14:12:08.254 p25787 → [ENC?] 0x3733 3337
14:12:08.254 p25787 → [ENC?] 0x3330 3033
14:12:08.254 p25787 → [ENC?] 0x6334 3463
14:12:08.254 p25787 → [ENC?] 0x3132 3231
14:12:08.254 p25787 → [ENC?] 0x2D2D 2d2d
14:12:08.712 p24656 ← 0x0283 [354B] 83 02 62 01 2e 00 18 0b 00 00 eb 02 38 5c ae 92 50 93 c0 05 05 00 00 01 02 04 00 8e 00 1a 00 2d
14:12:12.074 p24656 ← 0x0000 [2825B] 00 00 09 0b 57 03 00 02 00 ff 01 00 00 00 01 00 00 00 00 00 00 00 00 00 00 00 00 00 00 00 00 00
14:12:12.075 p24656 ← 0x00B0 [8B] b0 00 18 00 c4 09 00 00
14:12:12.075 p24656 ← 0x00B0 [8B] b0 00 19 00 04 74 00 00
14:12:12.076 p24656 ← 0x00B0 [8B] b0 00 0c 00 01 00 00 00
14:12:12.076 p24656 ← 0x0141 [14B] 41 01 0d 00 00 00 13 00 00 00 01 00 00 00
14:12:12.077 p24656 ← 0x0141 [14B] 41 01 0e 00 00 00 11 00 00 00 01 00 00 00
14:12:12.077 p24656 ← 0x0141 [14B] 41 01 0f 00 00 00 01 00 00 00 00 00 00 00
14:12:12.077 p24656 ← 0x0141 [14B] 41 01 10 00 00 00 01 00 00 00 00 00 00 00
14:12:12.078 p24656 ← 0x0141 [14B] 41 01 11 00 00 00 0e 00 00 00 01 00 00 00
14:12:12.078 p24656 ← 0x0141 [14B] 41 01 12 00 00 00 01 00 00 00 00 00 00 00
14:12:12.078 p24656 ← 0x00B0 [8B] b0 00 35 00 6e 01 00 00
14:12:12.079 p24656 ← 0x00B6 [6B] b6 00 47 8c 8e 06
14:12:12.079 p24656 ← 0x00B6 [6B] b6 00 51 8c 8e 06
14:12:12.080 p24656 ← 0x00B6 [6B] b6 00 17 8c 8e 06
14:12:12.080 p24656 ← 0x00B6 [6B] b6 00 52 8c 8e 06
14:12:12.081 p24656 ← 0x00B6 [6B] b6 00 6a 8c 8e 06
14:12:12.081 p24656 ← 0x00B6 [6B] b6 00 cd 32 90 06
14:12:12.081 p24656 ← 0x00B6 [6B] b6 00 48 8c 8e 06
14:12:12.082 p24656 ← 0x00B6 [6B] b6 00 b8 8c 8e 06
14:12:12.083 p24656 ← 0x00B6 [6B] b6 00 47 8c 8e 06
14:12:12.083 p24656 ← 0x00B6 [6B] b6 00 6c 8c 8e 06
14:12:12.084 p24656 ← 0x00B6 [6B] b6 00 48 8c 8e 06
14:12:12.084 p24656 ← 0x0086 [16B] 86 00 0c 67 94 06 50 d3 e5 15 44 88 e7 64 ae 92
14:12:12.085 p24656 ← 0x00B6 [6B] b6 00 47 8c 8e 06
14:12:12.085 p24656 ← 0x00B6 [6B] b6 00 48 8c 8e 06
14:12:12.086 p24656 ← 0x00B6 [6B] b6 00 47 8c 8e 06
14:12:12.086 p24656 ← 0x00B6 [6B] b6 00 48 8c 8e 06
14:12:17.452 p24656 → 0x0436 [354B] 36 04 62 01 2e 00 48 28 00 00 e3 88 fe 78 86 1b 01 00 53 47 30 19 01 92 c3 2c 00 be a3 7a c1 19
14:12:17.452 p24656 → [ENC?] 0xCC61 61cc
14:12:17.452 p24656 → [ENC?] 0xFA43 43fa
14:12:17.452 p24656 → [ENC?] 0xE3AD ade3
14:12:17.452 p24656 → [ENC?] 0x18DD dd18
14:12:17.453 p24656 → [ENC?] 0xCDC6 c6cd
14:12:17.453 p24656 → [ENC?] 0x72A7 a772
14:12:17.453 p24656 → [ENC?] 0x24DE de24
14:12:17.453 p24656 → [ENC?] 0x14CC cc14
14:12:17.453 p24656 → [ENC?] 0x8BA1 a18b
14:12:17.453 p24656 → [ENC?] 0xC8D0 d0c8
14:12:17.453 p24656 → [ENC?] 0x15E5 e515
14:12:17.453 p24656 → [ENC?] 0x26F2 f226
14:12:17.453 p24656 → [ENC?] 0x3061 6130
14:12:17.453 p24656 → [ENC?] 0x0795 9507
14:12:17.453 p24656 → [ENC?] 0xF19F 9ff1
14:12:17.453 p24656 → [ENC?] 0x1DE9 e91d
14:12:17.453 p24656 → [ENC?] 0x4083 8340
14:12:17.453 p24656 → [ENC?] 0x1E8E 8e1e
14:12:17.453 p24656 → [ENC?] 0x3D23 233d
14:12:17.453 p24656 → [ENC?] 0x31F6 f631
14:12:17.453 p24656 → [ENC?] 0x41CB cb41
14:12:17.453 p24656 → [ENC?] 0x0013 1300
14:12:17.453 p24656 → [ENC?] 0x8850 5088
14:12:17.454 p24656 → [ENC?] 0x52A6 a652
14:12:17.454 p24656 → [ENC?] 0x68D4 d468
14:12:17.454 p24656 → [ENC?] 0xC003 03c0
14:12:17.519 p24656 → [ENC?] 0x9467 6794
14:12:17.519 p24656 → [ENC?] 0x3706 0637
14:12:17.519 p24656 → [ENC?] 0x8304 0483
14:12:17.520 p24656 → [ENC?] 0x08F0 f008
14:12:20.701 p24656 → [ENC?] 0x5ABA ba5a
14:12:20.701 p24656 → [ENC?] 0x8280 8082
14:12:20.701 p24656 → [ENC?] 0x3545 4535
14:12:20.701 p24656 → [ENC?] 0x75F4 f475
14:12:20.701 p24656 → [ENC?] 0x0569 6905
14:12:20.701 p24656 → [ENC?] 0xA8A2 a2a8
14:12:20.702 p24656 → [ENC?] 0xDDE9 e9dd
14:12:20.702 p24656 → [ENC?] 0x92D4 d492
14:12:20.702 p24656 → [ENC?] 0xE9AA aae9
14:12:20.702 p24656 → [ENC?] 0xD5C8 c8d5
14:12:20.702 p24656 → [ENC?] 0xEBF9 f9eb
14:12:20.702 p24656 → [ENC?] 0x3B15 153b
14:12:20.702 p24656 → [ENC?] 0xA180 80a1
14:12:20.702 p24656 → [ENC?] 0xCAB2 b2ca
14:12:20.702 p24656 → [ENC?] 0x79A8 a879
14:12:20.702 p24656 → [ENC?] 0xAA52 52aa
14:12:20.702 p24656 → [ENC?] 0x0A73 730a
14:12:20.702 p24656 → [ENC?] 0xAD07 07ad
14:12:20.702 p24656 → [ENC?] 0x4582 8245
14:12:20.702 p24656 → [ENC?] 0xDC91 91dc
14:12:20.702 p24656 → [ENC?] 0x0867 6708
14:12:20.702 p24656 → [ENC?] 0x5265 6552
14:12:20.702 p24656 → [ENC?] 0xC073 73c0
14:12:20.702 p24656 → [ENC?] 0x9438 3894
14:12:20.702 p24656 → [ENC?] 0x634B 4b63
14:12:20.702 p24656 → [ENC?] 0x90B5 b590
14:12:20.703 p24656 → [ENC?] 0xB3FD fdb3
14:12:20.703 p24656 → [ENC?] 0xB111 11b1
14:12:20.703 p24656 → [ENC?] 0x70FB fb70
14:12:20.703 p24656 → [ENC?] 0x733D 3d73
14:12:20.703 p24656 → [ENC?] 0xEB58 58eb
14:12:20.703 p24656 → [ENC?] 0x354D 4d35
14:12:20.703 p24656 → [ENC?] 0xFA56 56fa
14:12:20.703 p24656 → [ENC?] 0xDEA4 a4de
14:12:20.703 p24656 → [ENC?] 0x0493 9304
14:12:20.703 p24656 → [ENC?] 0x27B6 b627
14:12:20.703 p24656 → [ENC?] 0x6925 2569
14:12:20.703 p24656 → [ENC?] 0x5844 4458
14:12:20.703 p24656 → [ENC?] 0x7D66 667d
14:12:20.703 p24656 → [ENC?] 0xE3D8 d8e3
14:12:20.703 p24656 → [ENC?] 0xF684 84f6
14:12:20.703 p24656 → [ENC?] 0xA804 04a8
14:12:20.703 p24656 → [ENC?] 0x5E78 785e
14:12:20.703 p24656 → [ENC?] 0xB2FD fdb2
14:12:20.703 p24656 → [ENC?] 0x3703 0337
14:12:20.703 p24656 → [ENC?] 0xE108 08e1
14:12:20.703 p24656 → [ENC?] 0xFFD4 d4ff
14:12:20.703 p24656 → [ENC?] 0x1187 8711
14:12:20.703 p24656 → [ENC?] 0x28A8 a828
14:12:20.703 p24656 → [ENC?] 0x7CB4 b47c
14:12:20.703 p24656 → [ENC?] 0xCD13 13cd
14:12:20.704 p24656 → [ENC?] 0x9BB6 b69b
14:12:20.704 p24656 → [ENC?] 0x5426 2654
14:12:20.704 p24656 → [ENC?] 0x6F8F 8f6f
14:12:20.704 p24656 → [ENC?] 0x6ED2 d26e
14:12:20.704 p24656 → [ENC?] 0x8D7A 7a8d
14:12:20.704 p24656 → [ENC?] 0xD896 96d8
14:12:20.704 p24656 → [ENC?] 0xF944 44f9
14:12:20.704 p24656 → [ENC?] 0x4434 3444
14:12:20.704 p24656 → [ENC?] 0xBC1A 1abc
14:12:20.704 p24656 → [ENC?] 0xD558 58d5
14:12:20.704 p24656 → [ENC?] 0x2ACE ce2a
14:12:20.704 p24656 → [ENC?] 0xA252 52a2
14:12:20.704 p24656 → [ENC?] 0x5C03 035c
14:12:20.704 p24656 → [ENC?] 0x2CC5 c52c
14:12:20.704 p24656 → [ENC?] 0x0360 6003
14:12:20.704 p24656 → [ENC?] 0x7867 6778
14:12:22.535 p24656 → [ENC?] 0x1930 3019
14:12:22.535 p24656 → [ENC?] 0x035F 5f03
14:12:23.102 p24656 → [ENC?] 0xF7AE aef7
14:12:23.102 p24656 → [ENC?] 0x5FD3 d35f
14:12:23.102 p24656 → [ENC?] 0x5A03 035a
14:12:23.468 p24656 → [ENC?] 0x94CC cc94
14:12:23.468 p24656 → [ENC?] 0x8280 8082
14:12:23.468 p24656 → [ENC?] 0xFBD3 d3fb
14:12:23.468 p24656 → [ENC?] 0xDC1E 1edc
14:12:23.468 p24656 → [ENC?] 0xA8E5 e5a8
14:12:23.468 p24656 → [ENC?] 0xD8FD fdd8
14:12:23.468 p24656 → [ENC?] 0x085F 5f08
14:12:23.468 p24656 → [ENC?] 0xD68F 8fd6
14:12:23.468 p24656 → [ENC?] 0x05F1 f105
14:12:23.468 p24656 → [ENC?] 0x925E 5e92
14:12:23.469 p24656 → [ENC?] 0x6A7F 7f6a
14:12:23.469 p24656 → [ENC?] 0x0A30 300a
14:12:23.469 p24656 → [ENC?] 0xC4F0 f0c4
14:12:23.469 p24656 → [ENC?] 0x6DCB cb6d
14:12:23.469 p24656 → [ENC?] 0x155A 5a15
14:12:23.469 p24656 → [ENC?] 0xD5F9 f9d5
14:12:23.469 p24656 → [ENC?] 0xB763 63b7
14:12:23.469 p24656 → [ENC?] 0x03FD fd03
14:12:23.469 p24656 → [ENC?] 0x5648 4856
14:12:23.469 p24656 → [ENC?] 0x9874 7498
14:12:23.469 p24656 → [ENC?] 0x8946 4689
14:12:23.469 p24656 → [ENC?] 0x0C30 300c
14:12:23.469 p24656 → [ENC?] 0xCD7E 7ecd
14:12:23.469 p24656 → [ENC?] 0x8D49 498d
14:12:23.469 p24656 → [ENC?] 0xCC49 49cc
14:12:23.469 p24656 → [ENC?] 0xDDB3 b3dd
14:12:23.469 p24656 → [ENC?] 0x7922 2279
14:12:23.469 p24656 → [ENC?] 0x5683 8356
14:12:23.469 p24656 → [ENC?] 0x3BC3 c33b
14:12:23.469 p24656 → [ENC?] 0xC59A 9ac5
14:12:23.470 p24656 → [ENC?] 0x49C5 c549
14:12:23.470 p24656 → [ENC?] 0x38F0 f038
14:12:23.470 p24656 → [ENC?] 0x3C4C 4c3c
14:12:23.470 p24656 → [ENC?] 0x5721 2157
14:12:23.470 p24656 → [ENC?] 0xEA09 09ea
14:12:23.470 p24656 → [ENC?] 0x7415 1574
14:12:23.470 p24656 → [ENC?] 0x8B5B 5b8b
14:12:23.470 p24656 → [ENC?] 0x2338 3823
14:12:23.470 p24656 → [ENC?] 0x2044 4420
14:12:23.470 p24656 → [ENC?] 0x7FD5 d57f
14:12:23.470 p24656 → [ENC?] 0x2293 9322
14:12:23.470 p24656 → [ENC?] 0x334F 4f33
14:12:23.470 p24656 → [ENC?] 0x6B5D 5d6b
14:12:23.470 p24656 → [ENC?] 0x43AB ab43
14:12:23.470 p24656 → [ENC?] 0x3BFD fd3b
14:12:23.470 p24656 → [ENC?] 0x33F3 f333
14:12:23.470 p24656 → [ENC?] 0xBCCB cbbc
14:12:23.470 p24656 → [ENC?] 0xA31A 1aa3
14:12:23.470 p24656 → [ENC?] 0xAFF0 f0af
14:12:23.470 p24656 → [ENC?] 0x28E2 e228
14:12:23.470 p24656 → [ENC?] 0x43E9 e943
14:12:23.470 p24656 → [ENC?] 0xFEDA dafe
14:12:23.470 p24656 → [ENC?] 0xB119 19b1
14:12:23.471 p24656 → [ENC?] 0xE71F 1fe7
14:12:23.471 p24656 → [ENC?] 0x358B 8b35
14:12:23.471 p24656 → [ENC?] 0x54D9 d954
14:12:23.471 p24656 → [ENC?] 0xE473 73e4
14:12:23.471 p24656 → [ENC?] 0x9F5D 5d9f
14:12:23.471 p24656 → [ENC?] 0x403E 3e40
14:12:23.471 p24656 → [ENC?] 0xD021 21d0
14:12:23.471 p24656 → [ENC?] 0xD34A 4ad3
14:12:23.471 p24656 → [ENC?] 0xA859 59a8
14:12:23.471 p24656 → [ENC?] 0x2DCA ca2d
14:12:23.471 p24656 → [ENC?] 0x7A83 837a
14:12:23.471 p24656 → [ENC?] 0xED8C 8ced
14:12:23.471 p24656 → [ENC?] 0x0368 6803
14:12:23.471 p24656 → [ENC?] 0x677B 7b67
14:12:23.486 p24656 → [ENC?] 0x0694 9406
14:12:23.486 p24656 → [ENC?] 0x035F 5f03
14:12:24.867 p24656 → [ENC?] 0x034E 4e03
14:12:24.868 p24656 → [ENC?] 0x8037 3780
14:12:24.868 p24656 → [ENC?] 0x4882 8248
14:12:24.868 p24656 → [ENC?] 0xB8BB bbb8
14:12:24.868 p24656 → [ENC?] 0xD5C0 c0d5
14:12:24.868 p24656 → [ENC?] 0x665B 5b66
14:12:24.868 p24656 → [ENC?] 0xF345 45f3
14:12:24.868 p24656 → [ENC?] 0x6EFB fb6e
14:12:24.868 p24656 → [ENC?] 0x74FA fa74
14:12:24.868 p24656 → [ENC?] 0xE909 09e9
14:12:24.868 p24656 → [ENC?] 0x16F9 f916
14:12:24.868 p24656 → [ENC?] 0x6605 0566
14:12:24.868 p24656 → [ENC?] 0x9B8C 8c9b
14:12:24.869 p24656 → [ENC?] 0xDC45 45dc
14:12:24.869 p24656 → [ENC?] 0xB331 31b3
14:12:24.869 p24656 → [ENC?] 0xD022 22d0
14:12:24.869 p24656 → [ENC?] 0x4D1D 1d4d
14:12:24.869 p24656 → [ENC?] 0x208A 8a20
14:12:24.869 p24656 → [ENC?] 0xEBDE deeb
14:12:24.869 p24656 → [ENC?] 0x3A7F 7f3a
14:12:24.869 p24656 → [ENC?] 0xE4D5 d5e4
14:12:24.869 p24656 → [ENC?] 0x5A9B 9b5a
14:12:24.869 p24656 → [ENC?] 0x9DA7 a79d
14:12:24.869 p24656 → [ENC?] 0xBF25 25bf
14:12:24.869 p24656 → [ENC?] 0xC33F 3fc3
14:12:24.869 p24656 → [ENC?] 0xF5C1 c1f5
14:12:24.869 p24656 → [ENC?] 0x91E2 e291
14:12:24.869 p24656 → [ENC?] 0xBE40 40be
14:12:24.869 p24656 → [ENC?] 0xA09B 9ba0
14:12:24.869 p24656 → [ENC?] 0x32C1 c132
14:12:24.869 p24656 → [ENC?] 0x0B54 540b
14:12:24.869 p24656 → [ENC?] 0xE002 02e0
14:12:24.869 p24656 → [ENC?] 0xA155 55a1
14:12:24.869 p24656 → [ENC?] 0xDC22 22dc
14:12:24.869 p24656 → [ENC?] 0x97A5 a597
14:12:24.869 p24656 → [ENC?] 0x82CD cd82
14:12:24.870 p24656 → [ENC?] 0x163E 3e16
14:12:24.870 p24656 → [ENC?] 0x9730 3097
14:12:24.870 p24656 → [ENC?] 0xE2D6 d6e2
14:12:24.870 p24656 → [ENC?] 0xD141 41d1
14:12:24.870 p24656 → [ENC?] 0xCED1 d1ce
14:12:24.870 p24656 → [ENC?] 0xB9FD fdb9
14:12:24.870 p24656 → [ENC?] 0xA758 58a7
14:12:24.870 p24656 → [ENC?] 0x317C 7c31
14:12:24.870 p24656 → [ENC?] 0x1047 4710
14:12:24.870 p24656 → [ENC?] 0x41FB fb41
14:12:24.870 p24656 → [ENC?] 0xD2E9 e9d2
14:12:24.870 p24656 → [ENC?] 0xDFAF afdf
14:12:24.870 p24656 → [ENC?] 0xEDDA daed
14:12:24.870 p24656 → [ENC?] 0x0F23 230f
14:12:24.870 p24656 → [ENC?] 0x37FC fc37
14:12:24.870 p24656 → [ENC?] 0x900C 0c90
14:12:24.870 p24656 → [ENC?] 0xE0C9 c9e0
14:12:24.870 p24656 → [ENC?] 0x1D00 001d
14:12:24.870 p24656 → [ENC?] 0x02DA da02
14:12:24.870 p24656 → [ENC?] 0xC103 03c1
14:12:24.870 p24656 → [ENC?] 0x9968 6899
14:12:24.870 p24656 → [ENC?] 0xD096 96d0
14:12:24.871 p24656 → [ENC?] 0xB814 14b8
14:12:24.871 p24656 → [ENC?] 0xC167 67c1
14:12:24.871 p24656 → [ENC?] 0x00E8 e800
14:12:24.871 p24656 → [ENC?] 0xB484 84b4
14:12:24.871 p24656 → [ENC?] 0xFFEB ebff
14:12:24.871 p24656 → [ENC?] 0x480E 0e48
14:12:24.871 p24656 → [ENC?] 0x4064 6440
14:12:24.873 p24656 → [ENC?] 0x37B0 b037
14:12:24.873 p24656 → [ENC?] 0x2804 0428
14:12:24.873 p24656 → [ENC?] 0x1351 5113
14:12:30.135 p24656 → [ENC?] 0xC00E 0ec0
14:12:30.135 p24656 → [ENC?] 0x035F 5f03
14:12:30.834 p24656 → [ENC?] 0x5933 3359
14:12:30.835 p24656 → [ENC?] 0x5FBD bd5f
14:12:30.835 p24656 → [ENC?] 0x4003 0340
14:12:31.318 p24656 → [ENC?] 0xF71F 1ff7
14:12:31.318 p24656 → [ENC?] 0x8280 8082
14:12:31.318 p24656 → [ENC?] 0x03A4 a403
14:12:31.318 p24656 → [ENC?] 0x765A 5a76
14:12:31.318 p24656 → [ENC?] 0x36B0 b036
14:12:31.318 p24656 → [ENC?] 0x72AE ae72
14:12:31.318 p24656 → [ENC?] 0x0B8C 8c0b
14:12:31.318 p24656 → [ENC?] 0xDCDB dbdc
14:12:31.318 p24656 → [ENC?] 0xFF1F 1fff
14:12:31.318 p24656 → [ENC?] 0x1E74 741e
14:12:31.319 p24656 → [ENC?] 0xAB15 15ab
14:12:31.319 p24656 → [ENC?] 0x4ADD dd4a
14:12:31.319 p24656 → [ENC?] 0x0858 5808
14:12:31.319 p24656 → [ENC?] 0x2E0C 0c2e
14:12:31.319 p24656 → [ENC?] 0x02E5 e502
14:12:31.319 p24656 → [ENC?] 0xE9B4 b4e9
14:12:31.319 p24656 → [ENC?] 0xD69D 9dd6
14:12:31.319 p24656 → [ENC?] 0x2634 3426
14:12:31.319 p24656 → [ENC?] 0x8F7E 7e8f
14:12:31.319 p24656 → [ENC?] 0x10A7 a710
14:12:31.319 p24656 → [ENC?] 0x5795 9557
14:12:31.319 p24656 → [ENC?] 0x2465 6524
14:12:31.319 p24656 → [ENC?] 0x1D7D 7d1d
14:12:31.319 p24656 → [ENC?] 0x3855 5538
14:12:31.320 p24656 → [ENC?] 0x0CE0 e00c
14:12:31.320 p24656 → [ENC?] 0x2D15 152d
14:12:31.320 p24656 → [ENC?] 0xA19F 9fa1
14:12:31.320 p24656 → [ENC?] 0x907A 7a90
14:12:31.320 p24656 → [ENC?] 0xF988 88f9
14:12:31.320 p24656 → [ENC?] 0x2817 1728
14:12:31.320 p24656 → [ENC?] 0x143A 3a14
14:12:31.320 p24656 → [ENC?] 0x81BE be81
14:12:31.320 p24656 → [ENC?] 0x3B25 253b
14:12:31.320 p24656 → [ENC?] 0x9FDC dc9f
14:12:31.320 p24656 → [ENC?] 0xFEF4 f4fe
14:12:31.320 p24656 → [ENC?] 0x18A9 a918
14:12:31.320 p24656 → [ENC?] 0xCEA9 a9ce
14:12:31.320 p24656 → [ENC?] 0x4334 3443
14:12:31.320 p24656 → [ENC?] 0x29AA aa29
14:12:31.320 p24656 → [ENC?] 0x757B 7b75
14:12:31.320 p24656 → [ENC?] 0x5A3E 3e5a
14:12:31.320 p24656 → [ENC?] 0x12F3 f312
14:12:31.320 p24656 → [ENC?] 0x1BFC fc1b
14:12:31.320 p24656 → [ENC?] 0x666D 6d66
14:12:31.320 p24656 → [ENC?] 0x5351 5153
14:12:31.320 p24656 → [ENC?] 0x624F 4f62
14:12:31.321 p24656 → [ENC?] 0x7B56 567b
14:12:31.321 p24656 → [ENC?] 0x8484 8484
14:12:31.321 p24656 → [ENC?] 0xC156 56c1
14:12:31.321 p24656 → [ENC?] 0x96C5 c596
14:12:31.321 p24656 → [ENC?] 0xF4AB abf4
14:12:31.321 p24656 → [ENC?] 0x3FFD fd3f
14:12:31.321 p24656 → [ENC?] 0xEEAF afee
14:12:31.321 p24656 → [ENC?] 0x1BC5 c51b
14:12:31.321 p24656 → [ENC?] 0xFFC7 c7ff
14:12:31.321 p24656 → [ENC?] 0x0C6D 6d0c
14:12:31.321 p24656 → [ENC?] 0xAA11 11aa
14:12:31.321 p24656 → [ENC?] 0x66C2 c266
14:12:31.321 p24656 → [ENC?] 0x6E97 976e
14:12:31.321 p24656 → [ENC?] 0x6B20 206b
14:12:31.321 p24656 → [ENC?] 0xB5FA fab5
14:12:31.321 p24656 → [ENC?] 0xCEEF efce
14:12:31.321 p24656 → [ENC?] 0xC14C 4cc1
14:12:31.321 p24656 → [ENC?] 0x281B 1b28
14:12:31.322 p24656 → [ENC?] 0xFBCE cefb
14:12:31.322 p24656 → [ENC?] 0x0361 6103
14:12:42.524 p24656 ← 0x6072 [4632B] 72 60 18 12 d4 de e9 29 e0 c3 01 41 00 78 f6 ff 00 90 01 0c 00 00 00 00 00 44 45 43 49 4d 4f 20
