14:32:31.028 p22878 → [PRE-SYNC] 0x0064 6400
14:32:31.028 p22878 → [PRE-SYNC] 0x0000 0000
14:32:31.028 p22878 → [PRE-SYNC] 0x0000 0000
14:32:31.028 p22878 → [PRE-SYNC] 0x0000 0000
14:32:31.028 p22878 → [PRE-SYNC] 0x0000 0000
14:32:31.028 p22878 → [PRE-SYNC] 0x0000 0000
14:32:31.028 p22878 → [PRE-SYNC] 0x0000 0000
14:32:31.028 p22878 → [PRE-SYNC] 0x0000 0000
14:32:31.028 p22878 → [PRE-SYNC] 0x0000 0000
14:32:31.028 p22878 → [PRE-SYNC] 0x0000 0000
14:32:31.028 p22878 → [PRE-SYNC] 0x0000 0000
14:32:31.029 p22878 → [PRE-SYNC] 0x0000 0000
14:32:31.029 p22878 → [PRE-SYNC] 0x0000 0000
14:32:31.029 p22878 → [PRE-SYNC] 0x0000 0000
14:32:31.029 p22878 → [PRE-SYNC] 0x0000 0000
14:32:31.029 p22878 → [PRE-SYNC] 0x0000 0000
14:32:31.029 p22878 → [PRE-SYNC] 0x0000 0000
14:32:31.029 p22878 → [PRE-SYNC] 0x0000 0000
14:32:31.029 p22878 → [PRE-SYNC] 0x0000 0000
14:32:31.029 p22878 → [PRE-SYNC] 0x0000 0000
14:32:31.029 p22878 → [PRE-SYNC] 0x0000 0000
14:32:31.029 p22878 → [PRE-SYNC] 0x0000 0000
14:32:31.029 p22878 → [PRE-SYNC] 0x0000 0000
14:32:31.029 p22878 → [PRE-SYNC] 0x0000 0000
14:32:31.029 p22878 → [PRE-SYNC] 0x0000 0000
14:32:31.029 p22878 → [PRE-SYNC] 0x0000 0000
14:32:31.029 p22878 → [PRE-SYNC] 0x0000 0000
14:32:31.029 p22878 → [PRE-SYNC] 0x0000 0000
14:32:31.029 p22878 → [PRE-SYNC] 0x0000 0000
14:32:31.030 p22878 → [PRE-SYNC] 0x0000 0000
14:32:31.030 p22878 → [PRE-SYNC] 0x0000 0000
14:32:31.030 p22878 → [PRE-SYNC] 0x0000 0000
14:32:31.030 p22878 → [PRE-SYNC] 0x0000 0000
14:32:31.030 p22878 → [PRE-SYNC] 0x0000 0000
14:32:31.030 p22878 → [PRE-SYNC] 0x0000 0000
14:32:31.030 p22878 → [PRE-SYNC] 0x0000 0000
14:32:31.030 p22878 → [PRE-SYNC] 0x0000 0000
14:32:31.030 p22878 → [PRE-SYNC] 0x0000 0000
14:32:31.030 p22878 → [PRE-SYNC] 0x0000 0000
14:32:31.030 p22878 → [PRE-SYNC] 0x0000 0000
14:32:31.030 p22878 → [PRE-SYNC] 0x0000 0000
14:32:31.030 p22878 → [PRE-SYNC] 0x0000 0000
14:32:31.030 p22878 → [PRE-SYNC] 0x0000 0000
14:32:31.030 p22878 → [PRE-SYNC] 0x0000 0000
14:32:31.030 p22878 → [PRE-SYNC] 0x0000 0000
14:32:31.030 p22878 → [PRE-SYNC] 0x0000 0000
14:32:31.030 p22878 → [PRE-SYNC] 0x0000 0000
14:32:31.030 p22878 → [PRE-SYNC] 0x0000 0000
14:32:31.030 p22878 → [PRE-SYNC] 0x0000 0000
14:32:31.030 p22878 → [PRE-SYNC] 0x0000 0000
14:32:31.030 p22878 → [PRE-SYNC] 0x0000 0000
14:32:31.030 p22878 → [PRE-SYNC] 0x0000 0000
14:32:31.030 p22878 → [PRE-SYNC] 0x0000 0000
14:32:31.030 p22878 → [PRE-SYNC] 0x0000 0000
14:32:31.031 p22878 → [PRE-SYNC] 0x0000 0000
14:32:31.031 p22878 → [PRE-SYNC] 0x0000 0000
14:32:31.031 p22878 → [PRE-SYNC] 0x0000 0000
14:32:31.031 p22878 → [PRE-SYNC] 0x0000 0000
14:32:31.031 p22878 → [PRE-SYNC] 0x0000 0000
14:32:31.031 p22878 → [PRE-SYNC] 0x0000 0000
14:32:31.031 p22878 → [PRE-SYNC] 0x0000 0000
14:32:31.031 p22878 → [PRE-SYNC] 0x0000 0000
14:32:31.031 p22878 → [PRE-SYNC] 0x0000 0000
14:32:31.031 p22878 → [PRE-SYNC] 0x0000 0000
14:32:31.031 p22878 → [PRE-SYNC] 0x0000 0000
14:32:31.031 p22878 → [PRE-SYNC] 0x0000 0000
14:32:31.031 p22878 → [PRE-SYNC] 0x0000 0000
14:32:31.031 p22878 → [PRE-SYNC] 0x0000 0000
14:32:31.031 p22878 → [PRE-SYNC] 0x0000 0000
14:32:31.031 p22878 → [PRE-SYNC] 0x0000 0000
14:32:31.031 p22878 → [PRE-SYNC] 0x0000 0000
14:32:31.031 p22878 → [PRE-SYNC] 0x0000 0000
14:32:31.031 p22878 → [PRE-SYNC] 0x0000 0000
14:32:31.031 p22878 → [PRE-SYNC] 0x0000 0000
14:32:31.031 p22878 → [PRE-SYNC] 0x0000 0000
14:32:31.031 p22878 → [PRE-SYNC] 0x0000 0000
14:32:31.031 p22878 → [PRE-SYNC] 0x0000 0000
14:32:31.031 p22878 → [PRE-SYNC] 0x0000 0000
14:32:31.031 p22878 → [PRE-SYNC] 0x0000 0000
14:32:31.031 p22878 → [PRE-SYNC] 0x0000 0000
14:32:31.031 p22878 → [PRE-SYNC] 0x0000 0000
14:32:31.032 p22878 → [PRE-SYNC] 0x0000 0000
14:32:31.032 p22878 → [PRE-SYNC] 0x0000 0000
14:32:31.032 p22878 → [PRE-SYNC] 0x0000 0000
14:32:31.032 p22878 → [PRE-SYNC] 0x0000 0000
14:32:31.032 p22878 → [PRE-SYNC] 0x0000 0000
14:32:31.032 p22878 → [PRE-SYNC] 0x0000 0000
14:32:31.032 p22878 → [PRE-SYNC] 0x0000 0000
14:32:31.032 p22878 → [PRE-SYNC] 0x0000 0000
14:32:31.032 p22878 → [PRE-SYNC] 0x0000 0000
14:32:31.032 p22878 → [PRE-SYNC] 0x0000 0000
14:32:31.032 p22878 → [PRE-SYNC] 0x0000 0000
14:32:31.032 p22878 → [PRE-SYNC] 0x0000 0000
14:32:31.032 p22878 → [PRE-SYNC] 0x0000 0000
14:32:31.032 p22878 → [PRE-SYNC] 0x0000 0000
14:32:31.032 p22878 → [PRE-SYNC] 0x0000 0000
14:32:31.032 p22878 → [PRE-SYNC] 0x0000 0000
14:32:31.032 p22878 → [PRE-SYNC] 0x0000 0000
14:32:31.032 p22878 → [PRE-SYNC] 0x0000 0000
14:32:31.032 p22878 → [PRE-SYNC] 0x0000 0000
14:32:31.032 p22878 → [PRE-SYNC] 0x0000 0000
14:32:31.032 p22878 → [PRE-SYNC] 0x0000 0000
14:32:31.032 p22878 → [PRE-SYNC] 0x0000 0000
14:32:31.032 p22878 → [PRE-SYNC] 0x0000 0000
14:32:31.032 p22878 → [PRE-SYNC] 0x0000 0000
14:32:31.032 p22878 → [PRE-SYNC] 0x0000 0000
14:32:31.032 p22878 → [PRE-SYNC] 0x0000 0000
14:32:31.032 p22878 → [PRE-SYNC] 0x0000 0000
14:32:31.033 p22878 → [PRE-SYNC] 0x0000 0000
14:32:31.033 p22878 → [PRE-SYNC] 0x0000 0000
14:32:31.033 p22878 → [PRE-SYNC] 0x0000 0000
14:32:31.033 p22878 → [PRE-SYNC] 0x0000 0000
14:32:31.033 p22878 → [PRE-SYNC] 0x0000 0000
14:32:31.033 p22878 → [PRE-SYNC] 0x0000 0000
14:32:31.033 p22878 → [PRE-SYNC] 0x0000 0000
14:32:31.033 p22878 → [PRE-SYNC] 0x0000 0000
14:32:31.033 p22878 → [PRE-SYNC] 0x0000 0000
14:32:31.033 p22878 → [PRE-SYNC] 0x0000 0000
14:32:31.033 p22878 → [PRE-SYNC] 0x0000 0000
14:32:31.033 p22878 → [PRE-SYNC] 0x0000 0000
14:32:31.033 p22878 → [PRE-SYNC] 0x0000 0000
14:32:31.033 p22878 → [PRE-SYNC] 0x0000 0000
14:32:31.033 p22878 → [PRE-SYNC] 0x0000 0000
14:32:31.033 p22878 → [PRE-SYNC] 0x0000 0000
14:32:31.033 p22878 → [PRE-SYNC] 0x0000 0000
14:32:31.033 p22878 → [PRE-SYNC] 0x0000 0000
14:32:31.033 p22878 → [PRE-SYNC] 0x0000 0000
14:32:31.033 p22878 → [PRE-SYNC] 0x0000 0000
14:32:31.033 p22878 → [PRE-SYNC] 0x0000 0000
14:32:31.033 p22878 → [PRE-SYNC] 0x0000 0000
14:32:31.033 p22878 → [PRE-SYNC] 0x0000 0000
14:32:31.034 p22878 → [PRE-SYNC] 0x0000 0000
14:32:31.034 p22878 → [PRE-SYNC] 0x0000 0000
14:32:31.034 p22878 → [PRE-SYNC] 0x0000 0000
14:32:31.034 p22878 → [PRE-SYNC] 0x0000 0000
14:32:31.034 p22878 → [PRE-SYNC] 0x0000 0000
14:32:31.034 p22878 → [PRE-SYNC] 0x0000 0000
14:32:31.034 p22878 → [PRE-SYNC] 0x0000 0000
14:32:31.034 p22878 → [PRE-SYNC] 0x0000 0000
14:32:31.034 p22878 → [PRE-SYNC] 0x0000 0000
14:32:31.034 p22878 → [PRE-SYNC] 0x0000 0000
14:32:31.034 p22878 → [PRE-SYNC] 0x0000 0000
14:32:31.034 p22878 → [PRE-SYNC] 0x0000 0000
14:32:31.034 p22878 → [PRE-SYNC] 0x0000 0000
14:32:31.034 p22878 → [PRE-SYNC] 0x0000 0000
14:32:31.034 p22878 → [PRE-SYNC] 0x0000 0000
14:32:31.034 p22878 → [PRE-SYNC] 0x0000 0000
14:32:31.034 p22878 → [PRE-SYNC] 0x0000 0000
14:32:31.034 p22878 → [PRE-SYNC] 0x0000 0000
14:32:31.034 p22878 → [PRE-SYNC] 0x0000 0000
14:32:31.034 p22878 → [PRE-SYNC] 0x0000 0000
14:32:31.035 p22878 → [PRE-SYNC] 0x0000 0000
14:32:31.035 p22878 → [PRE-SYNC] 0x0000 0000
14:32:31.035 p22878 → [PRE-SYNC] 0x0000 0000
14:32:31.035 p22878 → [PRE-SYNC] 0x0000 0000
14:32:31.035 p22878 → [PRE-SYNC] 0x0000 0000
14:32:31.035 p22878 → [PRE-SYNC] 0x0000 0000
14:32:31.035 p22878 → [PRE-SYNC] 0x0000 0000
14:32:31.035 p22878 → [PRE-SYNC] 0x0000 0000
14:32:31.035 p22878 → [PRE-SYNC] 0x0000 0000
14:32:31.035 p22878 → [PRE-SYNC] 0x0000 0000
14:32:31.035 p22878 → [PRE-SYNC] 0x0000 0000
14:32:31.035 p22878 → [PRE-SYNC] 0x0000 0000
14:32:31.035 p22878 → [PRE-SYNC] 0x0000 0000
14:32:31.035 p22878 → [PRE-SYNC] 0x0000 0000
14:32:31.035 p22878 → [PRE-SYNC] 0x0000 0000
14:32:31.035 p22878 → [PRE-SYNC] 0x0000 0000
14:32:31.035 p22878 → [PRE-SYNC] 0x0000 0000
14:32:31.035 p22878 → [PRE-SYNC] 0x0000 0000
14:32:31.035 p22878 → [PRE-SYNC] 0x0000 0000
14:32:31.035 p22878 → [PRE-SYNC] 0x0000 0000
14:32:31.035 p22878 → [PRE-SYNC] 0x0000 0000
14:32:31.036 p22878 → [PRE-SYNC] 0x0000 0000
14:32:31.036 p22878 → [PRE-SYNC] 0x0000 0000
14:32:31.036 p22878 → [PRE-SYNC] 0x0000 0000
14:32:31.036 p22878 → [PRE-SYNC] 0x0000 0000
14:32:31.036 p22878 → [PRE-SYNC] 0x0000 0000
14:32:31.036 p22878 → [PRE-SYNC] 0x0000 0000
14:32:31.036 p22878 → [PRE-SYNC] 0x0000 0000
14:32:31.036 p22878 → [PRE-SYNC] 0x0000 0000
14:32:31.036 p22878 → [PRE-SYNC] 0x0000 0000
14:32:31.036 p22878 → [PRE-SYNC] 0x0000 0000
14:32:31.036 p22878 → [PRE-SYNC] 0x0000 0000
14:32:31.036 p22878 → [PRE-SYNC] 0x0000 0000
14:32:31.036 p22878 → [PRE-SYNC] 0x0000 0000
14:32:31.036 p22878 → [PRE-SYNC] 0x0000 0000
14:32:31.036 p22878 → [PRE-SYNC] 0x0000 0000
14:32:31.036 p22878 → [PRE-SYNC] 0x0000 0000
14:32:31.036 p22878 → [PRE-SYNC] 0x0000 0000
14:32:31.037 p22878 → [PRE-SYNC] 0x0000 0000
14:32:31.037 p22878 → [PRE-SYNC] 0x0000 0000
14:32:31.037 p22878 → [PRE-SYNC] 0x0000 0000
14:32:31.037 p22878 → [PRE-SYNC] 0x0000 0000
14:32:31.037 p22878 → [PRE-SYNC] 0x0000 0000
14:32:31.037 p22878 → [PRE-SYNC] 0x0000 0000
14:32:31.037 p22878 → [PRE-SYNC] 0x0000 0000
14:32:31.037 p22878 → [PRE-SYNC] 0x0000 0000
14:32:31.037 p22878 → [PRE-SYNC] 0x0000 0000
14:32:31.037 p22878 → [PRE-SYNC] 0x0000 0000
14:32:31.037 p22878 → [PRE-SYNC] 0x0000 0000
14:32:31.037 p22878 → [PRE-SYNC] 0x0000 0000
14:32:31.037 p22878 → [PRE-SYNC] 0x0000 0000
14:32:31.037 p22878 → [PRE-SYNC] 0x0000 0000
14:32:31.037 p22878 → [PRE-SYNC] 0x0000 0000
14:32:31.037 p22878 → [PRE-SYNC] 0x0000 0000
14:32:31.037 p22878 → [PRE-SYNC] 0x0000 0000
14:32:31.038 p22878 → [PRE-SYNC] 0x0000 0000
14:32:31.038 p22878 → [PRE-SYNC] 0x0000 0000
14:32:31.038 p22878 → [PRE-SYNC] 0x0000 0000
14:32:31.038 p22878 → [PRE-SYNC] 0x0000 0000
14:32:31.038 p22878 → [PRE-SYNC] 0x0000 0000
14:32:31.038 p22878 → [PRE-SYNC] 0x0000 0000
14:32:31.038 p22878 → [PRE-SYNC] 0x0000 0000
14:32:31.038 p22878 → [PRE-SYNC] 0x0000 0000
14:32:31.038 p22878 → [PRE-SYNC] 0x0000 0000
14:32:31.038 p22878 → [PRE-SYNC] 0x0000 0000
14:32:31.038 p22878 → [PRE-SYNC] 0x0000 0000
14:32:31.038 p22878 → [PRE-SYNC] 0x0000 0000
14:32:31.038 p22878 → [PRE-SYNC] 0x0000 0000
14:32:31.038 p22878 → [PRE-SYNC] 0x0000 0000
14:32:31.038 p22878 → [PRE-SYNC] 0x0000 0000
14:32:31.038 p22878 → [PRE-SYNC] 0x0000 0000
14:32:31.038 p22878 → [PRE-SYNC] 0x0000 0000
14:32:31.039 p22878 → [PRE-SYNC] 0x0000 0000
14:32:31.039 p22878 → [PRE-SYNC] 0x0000 0000
14:32:31.039 p22878 → [PRE-SYNC] 0x0000 0000
14:32:31.039 p22878 → [PRE-SYNC] 0x0000 0000
14:32:31.039 p22878 → [PRE-SYNC] 0x0000 0000
14:32:31.039 p22878 → [PRE-SYNC] 0x0000 0000
14:32:31.039 p22878 → [PRE-SYNC] 0x0000 0000
14:32:31.039 p22878 → [PRE-SYNC] 0x0000 0000
14:32:31.039 p22878 → [PRE-SYNC] 0x0000 0000
14:32:31.039 p22878 → [PRE-SYNC] 0x0000 0000
14:32:31.039 p22878 → [PRE-SYNC] 0x0000 0000
14:32:31.039 p22878 → [PRE-SYNC] 0x0000 0000
14:32:31.040 p22878 → [PRE-SYNC] 0x0000 0000
14:32:31.040 p22878 → [PRE-SYNC] 0x0000 0000
14:32:31.040 p22878 → [PRE-SYNC] 0x0000 0000
14:32:31.040 p22878 → [PRE-SYNC] 0x0000 0000
14:32:31.040 p22878 → [PRE-SYNC] 0x0000 0000
14:32:31.040 p22878 → [PRE-SYNC] 0x0000 0000
14:32:31.040 p22878 → [PRE-SYNC] 0x0000 0000
14:32:31.040 p22878 → [PRE-SYNC] 0x0000 0000
14:32:31.040 p22878 → [PRE-SYNC] 0x0000 0000
14:32:31.040 p22878 → [PRE-SYNC] 0x0000 0000
14:32:31.040 p22878 → [PRE-SYNC] 0x0000 0000
14:32:31.040 p22878 → [PRE-SYNC] 0x0000 0000
14:32:31.041 p22878 → [PRE-SYNC] 0x0000 0000
14:32:31.041 p22878 → [PRE-SYNC] 0x0000 0000
14:32:31.041 p22878 → [PRE-SYNC] 0x0000 0000
14:32:31.041 p22878 → [PRE-SYNC] 0x0000 0000
14:32:31.041 p22878 → [PRE-SYNC] 0x0000 0000
14:32:31.041 p22878 → [PRE-SYNC] 0x0000 0000
14:32:31.041 p22878 → [PRE-SYNC] 0x0000 0000
14:32:31.041 p22878 → [PRE-SYNC] 0x0000 0000
14:32:31.041 p22878 → [PRE-SYNC] 0x0000 0000
14:32:31.041 p22878 → [PRE-SYNC] 0x0000 0000
14:32:31.041 p22878 → [PRE-SYNC] 0x0000 0000
14:32:31.041 p22878 → [PRE-SYNC] 0x0000 0000
14:32:31.041 p22878 → [PRE-SYNC] 0x0000 0000
14:32:31.041 p22878 → [PRE-SYNC] 0x0000 0000
14:32:31.041 p22878 → [PRE-SYNC] 0x0000 0000
14:32:31.041 p22878 → [PRE-SYNC] 0x0000 0000
14:32:31.041 p22878 → [PRE-SYNC] 0x0000 0000
14:32:31.041 p22878 → [PRE-SYNC] 0x0000 0000
14:32:31.041 p22878 → [PRE-SYNC] 0x0000 0000
14:32:31.041 p22878 → [PRE-SYNC] 0x0000 0000
14:32:31.041 p22878 → [PRE-SYNC] 0x0000 0000
14:32:31.041 p22878 → [PRE-SYNC] 0x0000 0000
14:32:31.041 p22878 → [PRE-SYNC] 0x0000 0000
14:32:31.041 p22878 → [PRE-SYNC] 0x0000 0000
14:32:31.041 p22878 → [PRE-SYNC] 0x0000 0000
14:32:31.042 p22878 → [PRE-SYNC] 0x0000 0000
14:32:31.042 p22878 → [PRE-SYNC] 0x0000 0000
14:32:31.042 p22878 → [PRE-SYNC] 0x0000 0000
14:32:31.042 p22878 → [PRE-SYNC] 0x0000 0000
14:32:31.042 p22878 → [PRE-SYNC] 0x0000 0000
14:32:31.042 p22878 → [PRE-SYNC] 0x0000 0000
14:32:31.042 p22878 → [PRE-SYNC] 0x0000 0000
14:32:31.042 p22878 → [PRE-SYNC] 0x0000 0000
14:32:31.042 p22878 → [PRE-SYNC] 0x0000 0000
14:32:31.042 p22878 → [PRE-SYNC] 0x0000 0000
14:32:31.042 p22878 → [PRE-SYNC] 0x0000 0000
14:32:31.042 p22878 → [PRE-SYNC] 0x0000 0000
14:32:31.042 p22878 → [PRE-SYNC] 0x0000 0000
14:32:31.042 p22878 → [PRE-SYNC] 0x0000 0000
14:32:31.042 p22878 → [PRE-SYNC] 0x0000 0000
14:32:31.042 p22878 → [PRE-SYNC] 0x0000 0000
14:32:31.042 p22878 → [PRE-SYNC] 0x0000 0000
14:32:31.042 p22878 → [PRE-SYNC] 0x0000 0000
14:32:31.042 p22878 → [PRE-SYNC] 0x0000 0000
14:32:31.042 p22878 → [PRE-SYNC] 0x0000 0000
14:32:31.043 p22878 → [PRE-SYNC] 0x0000 0000
14:32:31.043 p22878 → [PRE-SYNC] 0x0000 0000
14:32:31.043 p22878 → [PRE-SYNC] 0x0000 0000
14:32:31.043 p22878 → [PRE-SYNC] 0x0000 0000
14:32:31.043 p22878 → [PRE-SYNC] 0x0000 0000
14:32:31.043 p22878 → [PRE-SYNC] 0x0000 0000
14:32:31.043 p22878 → [PRE-SYNC] 0x0000 0000
14:32:31.043 p22878 → [PRE-SYNC] 0x0000 0000
14:32:31.043 p22878 → [PRE-SYNC] 0x0000 0000
14:32:31.043 p22878 → [PRE-SYNC] 0x0000 0000
14:32:31.043 p22878 → [PRE-SYNC] 0x0000 0000
14:32:31.043 p22878 → [PRE-SYNC] 0x0000 0000
14:32:31.043 p22878 → [PRE-SYNC] 0x0000 0000
14:32:31.043 p22878 → [PRE-SYNC] 0x0000 0000
14:32:31.043 p22878 → [PRE-SYNC] 0x0000 0000
14:32:31.044 p22878 → [PRE-SYNC] 0x0000 0000
14:32:31.044 p22878 → [PRE-SYNC] 0x0000 0000
14:32:31.044 p22878 → [PRE-SYNC] 0x0000 0000
14:32:31.044 p22878 → [PRE-SYNC] 0x0000 0000
14:32:31.044 p22878 → [PRE-SYNC] 0x0000 0000
14:32:31.044 p22878 → [PRE-SYNC] 0x0000 0000
14:32:31.044 p22878 → [PRE-SYNC] 0x0000 0000
14:32:31.044 p22878 → [PRE-SYNC] 0x0000 0000
14:32:31.044 p22878 → [PRE-SYNC] 0x0000 0000
14:32:31.044 p22878 → [PRE-SYNC] 0x0000 0000
14:32:31.044 p22878 → [PRE-SYNC] 0x0000 0000
14:32:31.044 p22878 → [PRE-SYNC] 0x0000 0000
14:32:31.044 p22878 → [PRE-SYNC] 0x0000 0000
14:32:31.044 p22878 → [PRE-SYNC] 0x0000 0000
14:32:31.044 p22878 → [PRE-SYNC] 0x0000 0000
14:32:31.044 p22878 → [PRE-SYNC] 0x0000 0000
14:32:31.044 p22878 → [PRE-SYNC] 0x0000 0000
14:32:31.044 p22878 → [PRE-SYNC] 0x0000 0000
14:32:31.044 p22878 → [PRE-SYNC] 0x0000 0000
14:32:31.044 p22878 → [PRE-SYNC] 0x0000 0000
14:32:31.044 p22878 → [PRE-SYNC] 0x0000 0000
14:32:31.044 p22878 → [PRE-SYNC] 0x0000 0000
14:32:31.044 p22878 → [PRE-SYNC] 0x0000 0000
14:32:31.044 p22878 → [PRE-SYNC] 0x0000 0000
14:32:31.044 p22878 → [PRE-SYNC] 0x0000 0000
14:32:31.045 p22878 → [PRE-SYNC] 0x0000 0000
14:32:31.045 p22878 → [PRE-SYNC] 0x0000 0000
14:32:31.045 p22878 → [PRE-SYNC] 0x0000 0000
14:32:31.045 p22878 → [PRE-SYNC] 0x0000 0000
14:32:31.045 p22878 → [PRE-SYNC] 0x0000 0000
14:32:31.045 p22878 → [PRE-SYNC] 0x0000 0000
14:32:31.045 p22878 → [PRE-SYNC] 0x0000 0000
14:32:31.045 p22878 → [PRE-SYNC] 0x0000 0000
14:32:31.045 p22878 → [PRE-SYNC] 0x0000 0000
14:32:31.045 p22878 → [PRE-SYNC] 0x0000 0000
14:32:31.045 p22878 → [PRE-SYNC] 0x0000 0000
14:32:31.045 p22878 → [PRE-SYNC] 0x0000 0000
14:32:31.045 p22878 → [PRE-SYNC] 0x0000 0000
14:32:31.045 p22878 → [PRE-SYNC] 0x0000 0000
14:32:31.045 p22878 → [PRE-SYNC] 0x0000 0000
14:32:31.045 p22878 → [PRE-SYNC] 0x0000 0000
14:32:31.045 p22878 → [PRE-SYNC] 0x0000 0000
14:32:31.045 p22878 → [PRE-SYNC] 0x0000 0000
14:32:31.045 p22878 → [PRE-SYNC] 0x0000 0000
14:32:31.046 p22878 → [PRE-SYNC] 0x0000 0000
14:32:31.046 p22878 → [PRE-SYNC] 0x0000 0000
14:32:31.046 p22878 → [PRE-SYNC] 0x0000 0000
14:32:31.046 p22878 → [PRE-SYNC] 0x0000 0000
14:32:31.046 p22878 → [PRE-SYNC] 0x0000 0000
14:32:31.046 p22878 → [PRE-SYNC] 0x0000 0000
14:32:31.046 p22878 → [PRE-SYNC] 0x0000 0000
14:32:31.046 p22878 → [PRE-SYNC] 0x0000 0000
14:32:31.046 p22878 → [PRE-SYNC] 0x0000 0000
14:32:31.046 p22878 → [PRE-SYNC] 0x0000 0000
14:32:31.046 p22878 → [PRE-SYNC] 0x0000 0000
14:32:31.046 p22878 → [PRE-SYNC] 0x0000 0000
14:32:31.046 p22878 → [PRE-SYNC] 0x0000 0000
14:32:31.046 p22878 → [PRE-SYNC] 0x0000 0000
14:32:31.046 p22878 → [PRE-SYNC] 0x0000 0000
14:32:31.046 p22878 → [PRE-SYNC] 0x0000 0000
14:32:31.046 p22878 → [PRE-SYNC] 0x0000 0000
14:32:31.046 p22878 → [PRE-SYNC] 0x0000 0000
14:32:31.046 p22878 → [PRE-SYNC] 0x0000 0000
14:32:31.046 p22878 → [PRE-SYNC] 0x0000 0000
14:32:31.046 p22878 → [PRE-SYNC] 0x0000 0000
14:32:31.046 p22878 → [PRE-SYNC] 0x0000 0000
14:32:31.046 p22878 → [PRE-SYNC] 0x0000 0000
14:32:31.046 p22878 → [PRE-SYNC] 0x0000 0000
14:32:31.046 p22878 → [PRE-SYNC] 0x0000 0000
14:32:31.047 p22878 → [PRE-SYNC] 0x0000 0000
14:32:31.047 p22878 → [PRE-SYNC] 0x0000 0000
14:32:31.047 p22878 → [PRE-SYNC] 0x0000 0000
14:32:31.047 p22878 → [PRE-SYNC] 0x0000 0000
14:32:31.047 p22878 → [PRE-SYNC] 0x0000 0000
14:32:31.047 p22878 → [PRE-SYNC] 0x0000 0000
14:32:31.047 p22878 → [PRE-SYNC] 0x0000 0000
14:32:31.047 p22878 → [PRE-SYNC] 0x0000 0000
14:32:31.047 p22878 → [PRE-SYNC] 0x0000 0000
14:32:31.047 p22878 → [PRE-SYNC] 0x0000 0000
14:32:31.047 p22878 → [PRE-SYNC] 0x0000 0000
14:32:31.047 p22878 → [PRE-SYNC] 0x0000 0000
14:32:31.047 p22878 → [PRE-SYNC] 0x0000 0000
14:32:31.047 p22878 → [PRE-SYNC] 0x0000 0000
14:32:31.047 p22878 → [PRE-SYNC] 0x0000 0000
14:32:31.047 p22878 → [PRE-SYNC] 0x0000 0000
14:32:31.047 p22878 → [PRE-SYNC] 0x0000 0000
14:32:31.047 p22878 → [PRE-SYNC] 0x0000 0000
14:32:31.047 p22878 → [PRE-SYNC] 0x0000 0000
14:32:31.047 p22878 → [PRE-SYNC] 0x0000 0000
14:32:31.047 p22878 → [PRE-SYNC] 0x0000 0000
14:32:31.047 p22878 → [PRE-SYNC] 0x0000 0000
14:32:31.047 p22878 → [PRE-SYNC] 0x0000 0000
14:32:31.048 p22878 → [PRE-SYNC] 0x0000 0000
14:32:31.048 p22878 → [PRE-SYNC] 0x0000 0000
14:32:31.048 p22878 → [PRE-SYNC] 0x0000 0000
14:32:31.048 p22878 → [PRE-SYNC] 0x0000 0000
14:32:31.048 p22878 → [PRE-SYNC] 0x0000 0000
14:32:31.048 p22878 → [PRE-SYNC] 0x0000 0000
14:32:31.048 p22878 → [PRE-SYNC] 0x0000 0000
14:32:31.048 p22878 → [PRE-SYNC] 0x0000 0000
14:32:31.048 p22878 → [PRE-SYNC] 0x0000 0000
14:32:31.048 p22878 → [PRE-SYNC] 0x0000 0000
14:32:31.048 p22878 → [PRE-SYNC] 0x0000 0000
14:32:31.048 p22878 → [PRE-SYNC] 0x0000 0000
14:32:31.048 p22878 → [PRE-SYNC] 0x0000 0000
14:32:31.048 p22878 → [PRE-SYNC] 0x0000 0000
14:32:31.048 p22878 → [PRE-SYNC] 0x0000 0000
14:32:31.048 p22878 → [PRE-SYNC] 0x0000 0000
14:32:31.048 p22878 → [PRE-SYNC] 0x0000 0000
14:32:31.048 p22878 → [PRE-SYNC] 0x0000 0000
14:32:31.048 p22878 → [PRE-SYNC] 0x0000 0000
14:32:31.048 p22878 → [PRE-SYNC] 0x0000 0000
14:32:31.048 p22878 → [PRE-SYNC] 0x0000 0000
14:32:31.048 p22878 → [PRE-SYNC] 0x0000 0000
14:32:31.048 p22878 → [PRE-SYNC] 0x0000 0000
14:32:31.048 p22878 → [PRE-SYNC] 0x0000 0000
14:32:31.048 p22878 → [PRE-SYNC] 0x0000 0000
14:32:31.048 p22878 → [PRE-SYNC] 0x0000 0000
14:32:31.048 p22878 → [PRE-SYNC] 0x0000 0000
14:32:31.048 p22878 → [PRE-SYNC] 0x0000 0000
14:32:31.049 p22878 → [PRE-SYNC] 0x0000 0000
14:32:31.049 p22878 → [PRE-SYNC] 0x0000 0000
14:32:31.049 p22878 → [PRE-SYNC] 0x0000 0000
14:32:31.049 p22878 → [PRE-SYNC] 0x0000 0000
14:32:31.049 p22878 → [PRE-SYNC] 0x0000 0000
14:32:31.049 p22878 → [PRE-SYNC] 0x0000 0000
14:32:31.049 p22878 → [PRE-SYNC] 0x0000 0000
14:32:31.049 p22878 → [PRE-SYNC] 0x0000 0000
14:32:31.049 p22878 → [PRE-SYNC] 0x0000 0000
14:32:31.049 p22878 → [PRE-SYNC] 0x0000 0000
14:32:31.049 p22878 → [PRE-SYNC] 0x0000 0000
14:32:31.049 p22878 → [PRE-SYNC] 0x0000 0000
14:32:31.049 p22878 → [PRE-SYNC] 0x0000 0000
14:32:31.049 p22878 → [PRE-SYNC] 0x0000 0000
14:32:31.049 p22878 → [PRE-SYNC] 0x0000 0000
14:32:31.049 p22878 → [PRE-SYNC] 0x0000 0000
14:32:31.049 p22878 → [PRE-SYNC] 0x0000 0000
14:32:31.049 p22878 → [PRE-SYNC] 0x0000 0000
14:32:31.049 p22878 → [PRE-SYNC] 0x0000 0000
14:32:31.049 p22878 → [PRE-SYNC] 0x0000 0000
14:32:31.050 p22878 → [PRE-SYNC] 0x0000 0000
14:32:31.050 p22878 → [PRE-SYNC] 0x0000 0000
14:32:31.050 p22878 → [PRE-SYNC] 0x0000 0000
14:32:31.050 p22878 → [PRE-SYNC] 0x0000 0000
14:32:31.050 p22878 → [PRE-SYNC] 0x0000 0000
14:32:31.050 p22878 → [PRE-SYNC] 0x0000 0000
14:32:31.050 p22878 → [PRE-SYNC] 0x0000 0000
14:32:31.050 p22878 → [PRE-SYNC] 0x0000 0000
14:32:31.050 p22878 → [PRE-SYNC] 0x0000 0000
14:32:31.050 p22878 → [PRE-SYNC] 0x0000 0000
14:32:31.050 p22878 → [PRE-SYNC] 0x0000 0000
14:32:31.050 p22878 → [PRE-SYNC] 0x0000 0000
14:32:31.050 p22878 → [PRE-SYNC] 0x0000 0000
14:32:31.050 p22878 → [PRE-SYNC] 0x0000 0000
14:32:31.050 p22878 → [PRE-SYNC] 0x0000 0000
14:32:31.050 p22878 → [PRE-SYNC] 0x0000 0000
14:32:31.050 p22878 → [PRE-SYNC] 0x0000 0000
14:32:31.050 p22878 → [PRE-SYNC] 0x0000 0000
14:32:31.050 p22878 → [PRE-SYNC] 0x0000 0000
14:32:31.050 p22878 → [PRE-SYNC] 0x0000 0000
14:32:31.050 p22878 → [PRE-SYNC] 0x0000 0000
14:32:31.050 p22878 → [PRE-SYNC] 0x0000 0000
14:32:31.050 p22878 → [PRE-SYNC] 0x0000 0000
14:32:31.050 p22878 → [PRE-SYNC] 0x0000 0000
14:32:31.050 p22878 → [PRE-SYNC] 0x0000 0000
14:32:31.050 p22878 → [PRE-SYNC] 0x0000 0000
14:32:31.050 p22878 → [PRE-SYNC] 0x0000 0000
14:32:31.050 p22878 → [PRE-SYNC] 0x0000 0000
14:32:31.050 p22878 → [PRE-SYNC] 0x0000 0000
14:32:31.051 p22878 → [PRE-SYNC] 0x0000 0000
14:32:31.051 p22878 → [PRE-SYNC] 0x0000 0000
14:32:31.051 p22878 → [PRE-SYNC] 0x0000 0000
14:32:31.051 p22878 → [PRE-SYNC] 0x0000 0000
14:32:31.051 p22878 → [PRE-SYNC] 0x0000 0000
14:32:31.051 p22878 → [PRE-SYNC] 0x0000 0000
14:32:31.051 p22878 → [PRE-SYNC] 0x0000 0000
14:32:31.051 p22878 → [PRE-SYNC] 0x0000 0000
14:32:31.051 p22878 → [PRE-SYNC] 0x0000 0000
14:32:31.051 p22878 → [PRE-SYNC] 0x0000 0000
14:32:31.051 p22878 → [PRE-SYNC] 0x0000 0000
14:32:31.051 p22878 → [PRE-SYNC] 0x0000 0000
14:32:31.051 p22878 → [PRE-SYNC] 0x0000 0000
14:32:31.051 p22878 → [PRE-SYNC] 0x0000 0000
14:32:31.051 p22878 → [PRE-SYNC] 0x0000 0000
14:32:31.051 p22878 → [PRE-SYNC] 0x0000 0000
14:32:31.051 p22878 → [PRE-SYNC] 0x0000 0000
14:32:31.051 p22878 → [PRE-SYNC] 0x0000 0000
14:32:31.051 p22878 → [PRE-SYNC] 0x0000 0000
14:32:31.051 p22878 → [PRE-SYNC] 0x0000 0000
14:32:31.051 p22878 → [PRE-SYNC] 0x0000 0000
14:32:31.051 p22878 → [PRE-SYNC] 0x0000 0000
14:32:31.051 p22878 → [PRE-SYNC] 0x0000 0000
14:32:31.051 p22878 → [PRE-SYNC] 0x0000 0000
14:32:31.051 p22878 → [PRE-SYNC] 0x0000 0000
14:32:31.051 p22878 → [PRE-SYNC] 0x0000 0000
14:32:31.052 p22878 → [PRE-SYNC] 0x0000 0000
14:32:31.052 p22878 → [PRE-SYNC] 0x0000 0000
14:32:31.052 p22878 → [PRE-SYNC] 0x0000 0000
14:32:31.052 p22878 → [PRE-SYNC] 0x0000 0000
14:32:31.052 p22878 → [PRE-SYNC] 0x0000 0000
14:32:31.052 p22878 → [PRE-SYNC] 0x0000 0000
14:32:31.052 p22878 → [PRE-SYNC] 0x0000 0000
14:32:31.052 p22878 → [PRE-SYNC] 0x0000 0000
14:32:31.052 p22878 → [PRE-SYNC] 0x0000 0000
14:32:31.052 p22878 → [PRE-SYNC] 0x0000 0000
14:32:31.052 p22878 → [PRE-SYNC] 0x0000 0000
14:32:31.052 p22878 → [PRE-SYNC] 0x0000 0000
14:32:31.052 p22878 → [PRE-SYNC] 0x0000 0000
14:32:31.052 p22878 → [PRE-SYNC] 0x0000 0000
14:32:31.052 p22878 → [PRE-SYNC] 0x0000 0000
14:32:31.052 p22878 → [PRE-SYNC] 0x0000 0000
14:32:31.052 p22878 → [PRE-SYNC] 0x0000 0000
14:32:31.052 p22878 → [PRE-SYNC] 0x0000 0000
14:32:31.052 p22878 → [PRE-SYNC] 0x0000 0000
14:32:31.052 p22878 → [PRE-SYNC] 0x0000 0000
14:32:31.052 p22878 → [PRE-SYNC] 0x0000 0000
14:32:31.052 p22878 → [PRE-SYNC] 0x0000 0000
14:32:31.052 p22878 → [PRE-SYNC] 0x0000 0000
14:32:31.052 p22878 → [PRE-SYNC] 0x0000 0000
14:32:31.052 p22878 → [PRE-SYNC] 0x0000 0000
14:32:31.052 p22878 → [PRE-SYNC] 0x0000 0000
14:32:31.052 p22878 → [PRE-SYNC] 0x0000 0000
14:32:31.052 p22878 → [PRE-SYNC] 0x0000 0000
14:32:31.052 p22878 → [PRE-SYNC] 0x0000 0000
14:32:31.053 p22878 → [PRE-SYNC] 0x0000 0000
14:32:31.053 p22878 → [PRE-SYNC] 0x0000 0000
14:32:31.053 p22878 → [PRE-SYNC] 0x0000 0000
14:32:31.053 p22878 → [PRE-SYNC] 0x0000 0000
14:32:31.053 p22878 → [PRE-SYNC] 0x0000 0000
14:32:31.053 p22878 → [PRE-SYNC] 0x0000 0000
14:32:31.053 p22878 → [PRE-SYNC] 0x0000 0000
14:32:31.053 p22878 → [PRE-SYNC] 0x0000 0000
14:32:31.053 p22878 → [PRE-SYNC] 0x0000 0000
14:32:31.053 p22878 → [PRE-SYNC] 0x0000 0000
14:32:31.053 p22878 → [PRE-SYNC] 0x0000 0000
14:32:31.053 p22878 → [PRE-SYNC] 0x0000 0000
14:32:31.053 p22878 → [PRE-SYNC] 0x0000 0000
14:32:31.053 p22878 → [PRE-SYNC] 0x0000 0000
14:32:31.053 p22878 → [PRE-SYNC] 0x0000 0000
14:32:31.053 p22878 → [PRE-SYNC] 0x0000 0000
14:32:31.053 p22878 → [PRE-SYNC] 0x0000 0000
14:32:31.053 p22878 → [PRE-SYNC] 0x0000 0000
14:32:31.053 p22878 → [PRE-SYNC] 0x0000 0000
14:32:31.053 p22878 → [PRE-SYNC] 0x0000 0000
14:32:31.053 p22878 → [PRE-SYNC] 0x0000 0000
14:32:31.053 p22878 → [PRE-SYNC] 0x0000 0000
14:32:31.053 p22878 → [PRE-SYNC] 0x0000 0000
14:32:31.053 p22878 → [PRE-SYNC] 0x0000 0000
14:32:31.053 p22878 → [PRE-SYNC] 0x0000 0000
14:32:31.053 p22878 → [PRE-SYNC] 0x0000 0000
14:32:31.053 p22878 → [PRE-SYNC] 0x0000 0000
14:32:31.054 p22878 → [PRE-SYNC] 0x0000 0000
14:32:31.054 p22878 → [PRE-SYNC] 0x0000 0000
14:32:31.054 p22878 → [PRE-SYNC] 0x0000 0000
14:32:31.054 p22878 → [PRE-SYNC] 0x0000 0000
14:32:31.054 p22878 → [PRE-SYNC] 0x0000 0000
14:32:31.054 p22878 → [PRE-SYNC] 0x0000 0000
14:32:31.054 p22878 → [PRE-SYNC] 0x0000 0000
14:32:31.054 p22878 → [PRE-SYNC] 0x0000 0000
14:32:31.054 p22878 → [PRE-SYNC] 0x0000 0000
14:32:31.054 p22878 → [PRE-SYNC] 0x0000 0000
14:32:31.054 p22878 → [PRE-SYNC] 0x0000 0000
14:32:31.054 p22878 → [PRE-SYNC] 0x0000 0000
14:32:31.054 p22878 → [PRE-SYNC] 0x0000 0000
14:32:31.054 p22878 → [PRE-SYNC] 0x0000 0000
14:32:31.054 p22878 → [PRE-SYNC] 0x0000 0000
14:32:31.054 p22878 → [PRE-SYNC] 0x0000 0000
14:32:31.054 p22878 → [PRE-SYNC] 0x0000 0000
14:32:31.054 p22878 → [PRE-SYNC] 0x0000 0000
14:32:31.054 p22878 → [PRE-SYNC] 0x0000 0000
14:32:31.054 p22878 → [PRE-SYNC] 0x0000 0000
14:32:31.054 p22878 → [PRE-SYNC] 0x0000 0000
14:32:31.054 p22878 → [PRE-SYNC] 0x0000 0000
14:32:31.054 p22878 → [PRE-SYNC] 0x0000 0000
14:32:31.054 p22878 → [PRE-SYNC] 0x0000 0000
14:32:31.054 p22878 → [PRE-SYNC] 0x0000 0000
14:32:31.054 p22878 → [PRE-SYNC] 0x0000 0000
14:32:31.054 p22878 → [PRE-SYNC] 0x0000 0000
14:32:31.055 p22878 → [PRE-SYNC] 0x0000 0000
14:32:31.055 p22878 → [PRE-SYNC] 0x0000 0000
14:32:31.055 p22878 → [PRE-SYNC] 0x0000 0000
14:32:31.055 p22878 → [PRE-SYNC] 0x0000 0000
14:32:31.055 p22878 → [PRE-SYNC] 0x0000 0000
14:32:31.055 p22878 → [PRE-SYNC] 0x0000 0000
14:32:31.055 p22878 → [PRE-SYNC] 0x0000 0000
14:32:31.055 p22878 → [PRE-SYNC] 0x0000 0000
14:32:31.055 p22878 → [PRE-SYNC] 0x0000 0000
14:32:31.055 p22878 → [PRE-SYNC] 0x0000 0000
14:32:31.055 p22878 → [PRE-SYNC] 0x0000 0000
14:32:31.055 p22878 → [PRE-SYNC] 0x0000 0000
14:32:31.055 p22878 → [PRE-SYNC] 0x0000 0000
14:32:31.055 p22878 → [PRE-SYNC] 0x0000 0000
14:32:31.055 p22878 → [PRE-SYNC] 0x0000 0000
14:32:31.055 p22878 → [PRE-SYNC] 0x0000 0000
14:32:31.055 p22878 → [PRE-SYNC] 0x0000 0000
14:32:31.055 p22878 → [PRE-SYNC] 0x0000 0000
14:32:31.055 p22878 → [PRE-SYNC] 0x0000 0000
14:32:31.055 p22878 → [PRE-SYNC] 0x0000 0000
14:32:31.055 p22878 → [PRE-SYNC] 0x0000 0000
14:32:31.055 p22878 → [PRE-SYNC] 0x0000 0000
14:32:31.055 p22878 → [PRE-SYNC] 0x0000 0000
14:32:31.055 p22878 → [PRE-SYNC] 0x0000 0000
14:32:31.055 p22878 → [PRE-SYNC] 0x0000 0000
14:32:31.055 p22878 → [PRE-SYNC] 0x0000 0000
14:32:31.055 p22878 → [PRE-SYNC] 0x0000 0000
14:32:31.055 p22878 → [PRE-SYNC] 0x0000 0000
14:32:31.056 p22878 → [PRE-SYNC] 0x0000 0000
14:32:31.056 p22878 → [PRE-SYNC] 0x0000 0000
14:32:31.056 p22878 → [PRE-SYNC] 0x0000 0000
14:32:31.056 p22878 → [PRE-SYNC] 0x0000 0000
14:32:31.056 p22878 → [PRE-SYNC] 0x0000 0000
14:32:31.056 p22878 → [PRE-SYNC] 0x0000 0000
14:32:31.056 p22878 → [PRE-SYNC] 0x0000 0000
14:32:31.056 p22878 → [PRE-SYNC] 0x0000 0000
14:32:31.056 p22878 → [PRE-SYNC] 0x0000 0000
14:32:31.056 p22878 → [PRE-SYNC] 0x0000 0000
14:32:31.056 p22878 → [PRE-SYNC] 0x0000 0000
14:32:31.056 p22878 → [PRE-SYNC] 0x0000 0000
14:32:31.056 p22878 → [PRE-SYNC] 0x0000 0000
14:32:31.056 p22878 → [PRE-SYNC] 0x0000 0000
14:32:31.056 p22878 → [PRE-SYNC] 0x0000 0000
14:32:31.056 p22878 → [PRE-SYNC] 0x0000 0000
14:32:31.056 p22878 → [PRE-SYNC] 0x0000 0000
14:32:31.056 p22878 → [PRE-SYNC] 0x0000 0000
14:32:31.056 p22878 → [PRE-SYNC] 0x0000 0000
14:32:31.056 p22878 → [PRE-SYNC] 0x0000 0000
14:32:31.056 p22878 → [PRE-SYNC] 0x0000 0000
14:32:31.056 p22878 → [PRE-SYNC] 0x0000 0000
14:32:31.056 p22878 → [PRE-SYNC] 0x0000 0000
14:32:31.056 p22878 → [PRE-SYNC] 0x0000 0000
14:32:31.056 p22878 → [PRE-SYNC] 0x0000 0000
14:32:31.056 p22878 → [PRE-SYNC] 0x0000 0000
14:32:31.056 p22878 → [PRE-SYNC] 0x0000 0000
14:32:31.056 p22878 → [PRE-SYNC] 0x0000 0000
14:32:31.056 p22878 → [PRE-SYNC] 0x0000 0000
14:32:31.057 p22878 → [PRE-SYNC] 0x0000 0000
14:32:31.057 p22878 → [PRE-SYNC] 0x0000 0000
14:32:31.057 p22878 → [PRE-SYNC] 0x0000 0000
14:32:31.057 p22878 → [PRE-SYNC] 0x0000 0000
14:32:31.057 p22878 → [PRE-SYNC] 0x0000 0000
14:32:31.057 p22878 → [PRE-SYNC] 0x0000 0000
14:32:31.057 p22878 → [PRE-SYNC] 0x0000 0000
14:32:31.057 p22878 → [PRE-SYNC] 0x0000 0000
14:32:31.057 p22878 → [PRE-SYNC] 0x0000 0000
14:32:31.057 p22878 → [PRE-SYNC] 0x0000 0000
14:32:31.057 p22878 → [PRE-SYNC] 0x0000 0000
14:32:31.057 p22878 → [PRE-SYNC] 0x0000 0000
14:32:31.057 p22878 → [PRE-SYNC] 0x0000 0000
14:32:31.057 p22878 → [PRE-SYNC] 0x0000 0000
14:32:31.057 p22878 → [PRE-SYNC] 0x0000 0000
14:32:31.057 p22878 → [PRE-SYNC] 0x0000 0000
14:32:31.057 p22878 → [PRE-SYNC] 0x0000 0000
14:32:31.057 p22878 → [PRE-SYNC] 0x0000 0000
14:32:31.057 p22878 → [PRE-SYNC] 0x0000 0000
14:32:31.057 p22878 → [PRE-SYNC] 0x0000 0000
14:32:31.057 p22878 → [PRE-SYNC] 0x0000 0000
14:32:31.057 p22878 → [PRE-SYNC] 0x0000 0000
14:32:31.057 p22878 → [PRE-SYNC] 0x0000 0000
14:32:31.057 p22878 → [PRE-SYNC] 0x0000 0000
14:32:31.057 p22878 → [PRE-SYNC] 0x0000 0000
14:32:31.058 p22878 → [PRE-SYNC] 0x0000 0000
14:32:31.058 p22878 → [PRE-SYNC] 0x0000 0000
14:32:31.058 p22878 → [PRE-SYNC] 0x0000 0000
14:32:31.058 p22878 → [PRE-SYNC] 0x0000 0000
14:32:31.058 p22878 → [PRE-SYNC] 0x0000 0000
14:32:31.058 p22878 → [PRE-SYNC] 0x0000 0000
14:32:31.058 p22878 → [PRE-SYNC] 0x0000 0000
14:32:31.058 p22878 → [PRE-SYNC] 0x0000 0000
14:32:31.058 p22878 → [PRE-SYNC] 0x0000 0000
14:32:31.058 p22878 → [PRE-SYNC] 0x0000 0000
14:32:31.058 p22878 → [PRE-SYNC] 0x0000 0000
14:32:31.058 p22878 → [PRE-SYNC] 0x0000 0000
14:32:31.058 p22878 → [PRE-SYNC] 0x0000 0000
14:32:31.058 p22878 → [PRE-SYNC] 0x0000 0000
14:32:31.058 p22878 → [PRE-SYNC] 0x0000 0000
14:32:31.058 p22878 → [PRE-SYNC] 0x0000 0000
14:32:31.058 p22878 → [PRE-SYNC] 0x0000 0000
14:32:31.058 p22878 → [PRE-SYNC] 0x0000 0000
14:32:31.058 p22878 → [PRE-SYNC] 0x0000 0000
14:32:31.058 p22878 → [PRE-SYNC] 0x0000 0000
14:32:31.058 p22878 → [PRE-SYNC] 0x0000 0000
14:32:31.058 p22878 → [PRE-SYNC] 0x0000 0000
14:32:31.058 p22878 → [PRE-SYNC] 0x0000 0000
14:32:31.058 p22878 → [PRE-SYNC] 0x0000 0000
14:32:31.059 p22878 → [PRE-SYNC] 0x0000 0000
14:32:31.059 p22878 → [PRE-SYNC] 0x0000 0000
14:32:31.059 p22878 → [PRE-SYNC] 0x0000 0000
14:32:31.059 p22878 → [PRE-SYNC] 0x0000 0000
14:32:31.059 p22878 → [PRE-SYNC] 0x0000 0000
14:32:31.059 p22878 → [PRE-SYNC] 0x0000 0000
14:32:31.059 p22878 → [PRE-SYNC] 0x0000 0000
14:32:31.059 p22878 → [PRE-SYNC] 0x0000 0000
14:32:31.059 p22878 → [PRE-SYNC] 0x0000 0000
14:32:31.059 p22878 → [PRE-SYNC] 0x0000 0000
14:32:31.059 p22878 → [PRE-SYNC] 0x0000 0000
14:32:31.059 p22878 → [PRE-SYNC] 0x0000 0000
14:32:31.059 p22878 → [PRE-SYNC] 0x0000 0000
14:32:31.059 p22878 → [PRE-SYNC] 0x0000 0000
14:32:31.059 p22878 → [PRE-SYNC] 0x0000 0000
14:32:31.059 p22878 → [PRE-SYNC] 0x0000 0000
14:32:31.059 p22878 → [PRE-SYNC] 0x0000 0000
14:32:31.059 p22878 → [PRE-SYNC] 0x0000 0000
14:32:31.060 p22878 → [PRE-SYNC] 0x0000 0000
14:32:31.060 p22878 → [PRE-SYNC] 0x0000 0000
14:32:31.060 p22878 → [PRE-SYNC] 0x0000 0000
14:32:31.060 p22878 → [PRE-SYNC] 0x0000 0000
14:32:31.060 p22878 → [PRE-SYNC] 0x0000 0000
14:32:31.060 p22878 → [PRE-SYNC] 0x0000 0000
14:32:31.060 p22878 → [PRE-SYNC] 0x0000 0000
14:32:31.060 p22878 → [PRE-SYNC] 0x0000 0000
14:32:31.060 p22878 → [PRE-SYNC] 0x0000 0000
14:32:31.060 p22878 → [PRE-SYNC] 0x0000 0000
14:32:31.060 p22878 → [PRE-SYNC] 0x0000 0000
14:32:31.060 p22878 → [PRE-SYNC] 0x0000 0000
14:32:31.060 p22878 → [PRE-SYNC] 0x0000 0000
14:32:31.060 p22878 → [PRE-SYNC] 0x0000 0000
14:32:31.060 p22878 → [PRE-SYNC] 0x0000 0000
14:32:31.060 p22878 → [PRE-SYNC] 0x0000 0000
14:32:31.060 p22878 → [PRE-SYNC] 0x0000 0000
14:32:31.060 p22878 → [PRE-SYNC] 0x0000 0000
14:32:31.061 p22878 → [PRE-SYNC] 0x0000 0000
14:32:31.061 p22878 → [PRE-SYNC] 0x0000 0000
14:32:31.061 p22878 → [PRE-SYNC] 0x0000 0000
14:32:31.061 p22878 → [PRE-SYNC] 0x0000 0000
14:32:31.061 p22878 → [PRE-SYNC] 0x0000 0000
14:32:31.061 p22878 → [PRE-SYNC] 0x0000 0000
14:32:31.061 p22878 → [PRE-SYNC] 0x0000 0000
14:32:31.061 p22878 → [PRE-SYNC] 0x0000 0000
14:32:31.061 p22878 → [PRE-SYNC] 0x0000 0000
14:32:31.061 p22878 → [PRE-SYNC] 0x0000 0000
14:32:31.061 p22878 → [PRE-SYNC] 0x0000 0000
14:32:31.061 p22878 → [PRE-SYNC] 0x0000 0000
14:32:31.061 p22878 → [PRE-SYNC] 0x0000 0000
14:32:31.061 p22878 → [PRE-SYNC] 0x0000 0000
14:32:31.061 p22878 → [PRE-SYNC] 0x0000 0000
14:32:31.061 p22878 → [PRE-SYNC] 0x0000 0000
14:32:31.061 p22878 → [PRE-SYNC] 0x0000 0000
14:32:31.061 p22878 → [PRE-SYNC] 0x0000 0000
14:32:31.061 p22878 → [PRE-SYNC] 0x0000 0000
14:32:31.061 p22878 → [PRE-SYNC] 0x0000 0000
14:32:31.061 p22878 → [PRE-SYNC] 0x0000 0000
14:32:31.061 p22878 → [PRE-SYNC] 0x0000 0000
14:32:31.062 p22878 → [PRE-SYNC] 0x0000 0000
14:32:31.062 p22878 → [PRE-SYNC] 0x0000 0000
14:32:31.062 p22878 → [PRE-SYNC] 0x0000 0000
14:32:31.062 p22878 → [PRE-SYNC] 0x0000 0000
14:32:31.062 p22878 → [PRE-SYNC] 0x0000 0000
14:32:31.062 p22878 → [PRE-SYNC] 0x0000 0000
14:32:31.062 p22878 ← 0x4753 [36B] 53 47 24 00 bb 9e a8 1d a7 84 de ab c0 06 30 4f e4 25 aa de 9f 0b ca 2d 1d 69 58 b0 56 b2 57 4d
14:32:31.102 p22878 → [PRE-SYNC] 0x0000 0000
14:32:31.102 p22878 → [PRE-SYNC] 0x9200 0092
14:32:31.102 p22878 → [PRE-SYNC] 0x2CC3 c32c
14:32:31.102 p22878 → [PRE-SYNC] 0x4200 0042
14:32:31.102 p22878 → [PRE-SYNC] 0xA986 86a9
14:32:31.102 p22878 → [PRE-SYNC] 0xED95 95ed
14:32:31.102 p22878 → [PRE-SYNC] 0xD33D 3dd3
14:32:31.102 p22878 → [PRE-SYNC] 0xA155 55a1
14:32:31.102 p22878 → [PRE-SYNC] 0x1866 6618
14:32:31.102 p22878 → [PRE-SYNC] 0xB69E 9eb6
14:32:31.102 p22878 → [PRE-SYNC] 0x2A38 382a
14:32:31.102 p22878 → [PRE-SYNC] 0x5654 5456
14:32:31.102 p22878 → [PRE-SYNC] 0x0ECC cc0e
14:32:31.102 p22878 → [PRE-SYNC] 0xE396 96e3
14:32:31.102 p22878 → [PRE-SYNC] 0x1D57 571d
14:32:31.102 p22878 → [PRE-SYNC] 0xB687 87b6
14:32:31.102 p22878 → [PRE-SYNC] 0x875C 5c87
14:32:31.102 p22878 → [PRE-SYNC] 0x7108 0871
14:32:31.102 p22878 → [PRE-SYNC] 0x6570 7065
14:32:31.102 p22878 → [PRE-SYNC] 0x5F55 555f
14:32:31.103 p22878 → [PRE-SYNC] 0x27BA ba27
14:32:31.103 p22878 → [PRE-SYNC] 0xB571 71b5
14:32:31.103 p22878 → [PRE-SYNC] 0x98CD cd98
14:32:31.103 p22878 → [PRE-SYNC] 0x0000 0000
14:32:31.103 p22878 → [PRE-SYNC] 0xC392 92c3
14:32:31.103 p22878 → [PRE-SYNC] 0x002C 2c00
14:32:31.103 p22878 → [PRE-SYNC] 0x8642 4286
14:32:31.103 p22878 → [PRE-SYNC] 0x95A9 a995
14:32:31.103 p22878 → [PRE-SYNC] 0x3DED ed3d
14:32:31.103 p22878 → [PRE-SYNC] 0x55D3 d355
14:32:31.103 p22878 → [PRE-SYNC] 0x66A1 a166
14:32:31.103 p22878 → [PRE-SYNC] 0x9E18 189e
14:32:31.103 p22878 → [PRE-SYNC] 0x38B6 b638
14:32:31.103 p22878 → [PRE-SYNC] 0x542A 2a54
14:32:31.103 p22878 → [PRE-SYNC] 0xCC56 56cc
14:32:31.103 p22878 → [PRE-SYNC] 0x960E 0e96
14:32:31.103 p22878 → [PRE-SYNC] 0x57E3 e357
14:32:31.103 p22878 → [PRE-SYNC] 0x871D 1d87
14:32:31.103 p22878 → [PRE-SYNC] 0x5CB6 b65c
14:32:31.103 p22878 → [PRE-SYNC] 0x0887 8708
14:32:31.103 p22878 → [PRE-SYNC] 0x7071 7170
14:32:31.103 p22878 → [PRE-SYNC] 0x5565 6555
14:32:31.103 p22878 → [PRE-SYNC] 0xBA5F 5fba
14:32:31.103 p22878 → [PRE-SYNC] 0x7127 2771
14:32:31.104 p22878 → [PRE-SYNC] 0xCDB5 b5cd
14:32:31.104 p22878 → [PRE-SYNC] 0x2398 9823
14:32:31.104 p22878 → [PRE-SYNC] 0x9200 0092
14:32:31.104 p22878 → [PRE-SYNC] 0x2CC3 c32c
14:32:31.104 p22878 → [PRE-SYNC] 0x4200 0042
14:32:31.104 p22878 → [PRE-SYNC] 0xA986 86a9
14:32:31.104 p22878 → [PRE-SYNC] 0xED95 95ed
14:32:31.104 p22878 → [PRE-SYNC] 0xD33D 3dd3
14:32:31.104 p22878 → [PRE-SYNC] 0xA155 55a1
14:32:31.104 p22878 → [PRE-SYNC] 0x1866 6618
14:32:31.104 p22878 → [PRE-SYNC] 0xB69E 9eb6
14:32:31.104 p22878 → [PRE-SYNC] 0x2A38 382a
14:32:31.104 p22878 → [PRE-SYNC] 0x5654 5456
14:32:31.104 p22878 → [PRE-SYNC] 0x0ECC cc0e
14:32:31.104 p22878 → [PRE-SYNC] 0xE396 96e3
14:32:31.104 p22878 → [PRE-SYNC] 0x1D57 571d
14:32:31.104 p22878 → [PRE-SYNC] 0xB687 87b6
14:32:31.104 p22878 → [PRE-SYNC] 0x875C 5c87
14:32:31.104 p22878 → [PRE-SYNC] 0x7108 0871
14:32:31.104 p22878 → [PRE-SYNC] 0x6570 7065
14:32:31.104 p22878 → [PRE-SYNC] 0x5F55 555f
14:32:31.104 p22878 → [PRE-SYNC] 0x27BA ba27
14:32:31.104 p22878 → [PRE-SYNC] 0xB571 71b5
14:32:31.104 p22878 → [PRE-SYNC] 0x98CD cd98
14:32:31.104 p22878 → [ENC?] 0x9200 0092
14:32:31.104 p22878 → [ENC?] 0x2CC3 c32c
14:32:31.104 p22878 → [ENC?] 0x4200 0042
14:32:31.105 p22878 → [ENC?] 0xA986 86a9
14:32:31.105 p22878 → [ENC?] 0xED95 95ed
14:32:31.105 p22878 → [ENC?] 0xD33D 3dd3
14:32:31.105 p22878 → [ENC?] 0xA155 55a1
14:32:31.105 p22878 → [ENC?] 0x1866 6618
14:32:31.105 p22878 → [ENC?] 0xB69E 9eb6
14:32:31.105 p22878 → [ENC?] 0x2A38 382a
14:32:31.105 p22878 → [ENC?] 0x5654 5456
14:32:31.105 p22878 → [ENC?] 0x0ECC cc0e
14:32:31.105 p22878 → [ENC?] 0xE396 96e3
14:32:31.105 p22878 → [ENC?] 0x1D57 571d
14:32:31.105 p22878 → [ENC?] 0xB687 87b6
14:32:31.105 p22878 → [ENC?] 0x875C 5c87
14:32:31.105 p22878 → [ENC?] 0x7108 0871
14:32:31.105 p22878 → [ENC?] 0x6570 7065
14:32:31.105 p22878 → [ENC?] 0x5F55 555f
14:32:31.105 p22878 → [ENC?] 0x27BA ba27
14:32:31.105 p22878 → [ENC?] 0xB571 71b5
14:32:31.105 p22878 → [PRE-SYNC] 0x98CD cd98
14:32:31.106 p22878 → [PRE-SYNC] 0x6423 2364
14:32:31.106 p22878 → [PRE-SYNC] 0x0000 0000
14:32:31.106 p22878 → [PRE-SYNC] 0xF400 00f4
14:32:31.106 p22878 → [PRE-SYNC] 0xAB11 11ab
14:32:31.106 p22878 → [PRE-SYNC] 0xDC04 04dc
14:32:31.106 p22878 → [PRE-SYNC] 0x70B2 b270
14:32:31.106 p22878 → [PRE-SYNC] 0x02F7 f702
14:32:31.106 p22878 → [PRE-SYNC] 0xC5CD cdc5
14:32:31.106 p22878 → [PRE-SYNC] 0xE88D 8de8
14:32:31.106 p22878 → [PRE-SYNC] 0x18D6 d618
14:32:31.106 p22878 → [PRE-SYNC] 0x4F0D 0d4f
14:32:31.106 p22878 → [PRE-SYNC] 0xE68F 8fe6
14:32:31.106 p22878 → [PRE-SYNC] 0x18F6 f618
14:32:31.106 p22878 → [PRE-SYNC] 0x51F4 f451
14:32:31.106 p22878 → [PRE-SYNC] 0xEE19 19ee
14:32:31.106 p22878 → [PRE-SYNC] 0xD418 18d4
14:32:31.106 p22878 → [PRE-SYNC] 0xED79 79ed
14:32:31.106 p22878 → [PRE-SYNC] 0xE7A4 a4e7
14:32:31.106 p22878 → [PRE-SYNC] 0x53BF bf53
14:32:31.106 p22878 → [PRE-SYNC] 0x72B5 b572
14:32:31.106 p22878 → [PRE-SYNC] 0xAAF1 f1aa
14:32:31.106 p22878 → [PRE-SYNC] 0xB730 30b7
14:32:31.106 p22878 → [PRE-SYNC] 0xAB19 19ab
14:32:31.106 p22878 → [PRE-SYNC] 0x71D0 d071
14:32:31.106 p22878 → [PRE-SYNC] 0x62EF ef62
14:32:31.107 p22878 → [PRE-SYNC] 0x44B4 b444
14:32:31.107 p22878 → [PRE-SYNC] 0x400E 0e40
14:32:31.107 p22878 → [PRE-SYNC] 0x755F 5f75
14:32:31.140 p22878 ← 0x0AC4 [224B] c4 0a e0 00 9e 2f 26 6b 62 01 2e 00 88 c4 4e 05 00 00 00 00 00 00 00 00 00 00 00 00 00 00 00 00
14:32:31.270 p25787 → [PRE-SYNC] 0x4F50 504f
14:32:31.270 p25787 → [PRE-SYNC] 0x5453 5354
14:32:31.270 p25787 → [PRE-SYNC] 0x2F20 202f
14:32:31.270 p25787 → [PRE-SYNC] 0x7375 7573
14:32:31.270 p25787 → [PRE-SYNC] 0x7265 6572
14:32:31.270 p25787 → [PRE-SYNC] 0x6F63 636f
14:32:31.270 p25787 → [PRE-SYNC] 0x666E 6e66
14:32:31.270 p25787 → [PRE-SYNC] 0x6769 6967
14:32:31.270 p25787 → [PRE-SYNC] 0x6C2F 2f6c
14:32:31.270 p25787 → [PRE-SYNC] 0x616F 6f61
14:32:31.270 p25787 → [PRE-SYNC] 0x2064 6420
14:32:31.270 p25787 → [PRE-SYNC] 0x5448 4854
14:32:31.270 p25787 → [PRE-SYNC] 0x5054 5450
14:32:31.271 p25787 → [PRE-SYNC] 0x312F 2f31
14:32:31.271 p25787 → [PRE-SYNC] 0x312E 2e31
14:32:31.271 p25787 → [PRE-SYNC] 0x0A0D 0d0a
14:32:31.271 p25787 → [PRE-SYNC] 0x6F48 486f
14:32:31.271 p25787 → [PRE-SYNC] 0x7473 7374
14:32:31.271 p25787 → [PRE-SYNC] 0x203A 3a20
14:32:31.271 p25787 → [PRE-SYNC] 0x3331 3133
14:32:31.271 p25787 → [PRE-SYNC] 0x2E36 362e
14:32:31.271 p25787 → [PRE-SYNC] 0x3131 3131
14:32:31.271 p25787 → [PRE-SYNC] 0x2E30 302e
14:32:31.271 p25787 → [PRE-SYNC] 0x3731 3137
14:32:31.271 p25787 → [PRE-SYNC] 0x2E32 322e
14:32:31.271 p25787 → [PRE-SYNC] 0x3233 3332
14:32:31.271 p25787 → [PRE-SYNC] 0x323A 3a32
14:32:31.271 p25787 → [PRE-SYNC] 0x3735 3537
14:32:31.271 p25787 → [PRE-SYNC] 0x3738 3837
14:32:31.271 p25787 → [PRE-SYNC] 0x0A0D 0d0a
14:32:31.271 p25787 → [PRE-SYNC] 0x6341 4163
14:32:31.271 p25787 → [PRE-SYNC] 0x6563 6365
14:32:31.271 p25787 → [PRE-SYNC] 0x7470 7074
14:32:31.271 p25787 → [PRE-SYNC] 0x203A 3a20
14:32:31.271 p25787 → [PRE-SYNC] 0x2F2A 2a2f
14:32:31.271 p25787 → [PRE-SYNC] 0x0D2A 2a0d
14:32:31.271 p25787 → [PRE-SYNC] 0x450A 0a45
14:32:31.272 p25787 → [PRE-SYNC] 0x7078 7870
14:32:31.272 p25787 → [PRE-SYNC] 0x6365 6563
14:32:31.272 p25787 → [PRE-SYNC] 0x3A74 743a
14:32:31.272 p25787 → [PRE-SYNC] 0x3120 2031
14:32:31.272 p25787 → [PRE-SYNC] 0x3030 3030
14:32:31.272 p25787 → [PRE-SYNC] 0x632D 2d63
14:32:31.272 p25787 → [PRE-SYNC] 0x6E6F 6f6e
14:32:31.272 p25787 → [PRE-SYNC] 0x6974 7469
14:32:31.272 p25787 → [PRE-SYNC] 0x756E 6e75
14:32:31.272 p25787 → [PRE-SYNC] 0x0D65 650d
14:32:31.272 p25787 → [PRE-SYNC] 0x430A 0a43
14:32:31.272 p25787 → [PRE-SYNC] 0x6E6F 6f6e
14:32:31.272 p25787 → [PRE-SYNC] 0x656E 6e65
14:32:31.272 p25787 → [PRE-SYNC] 0x7463 6374
14:32:31.272 p25787 → [PRE-SYNC] 0x6F69 696f
14:32:31.272 p25787 → [PRE-SYNC] 0x3A6E 6e3a
14:32:31.272 p25787 → [PRE-SYNC] 0x6B20 206b
14:32:31.272 p25787 → [PRE-SYNC] 0x6565 6565
14:32:31.272 p25787 → [PRE-SYNC] 0x2D70 702d
14:32:31.272 p25787 → [PRE-SYNC] 0x6C61 616c
14:32:31.272 p25787 → [PRE-SYNC] 0x7669 6976
14:32:31.272 p25787 → [PRE-SYNC] 0x0D65 650d
14:32:31.272 p25787 → [PRE-SYNC] 0x430A 0a43
14:32:31.272 p25787 → [PRE-SYNC] 0x6E6F 6f6e
14:32:31.272 p25787 → [PRE-SYNC] 0x6574 7465
14:32:31.272 p25787 → [PRE-SYNC] 0x746E 6e74
14:32:31.272 p25787 → [PRE-SYNC] 0x4C2D 2d4c
14:32:31.273 p25787 → [PRE-SYNC] 0x6E65 656e
14:32:31.273 p25787 → [PRE-SYNC] 0x7467 6774
14:32:31.273 p25787 → [PRE-SYNC] 0x3A68 683a
14:32:31.273 p25787 → [PRE-SYNC] 0x3220 2032
14:32:31.273 p25787 → [PRE-SYNC] 0x3934 3439
14:32:31.273 p25787 → [PRE-SYNC] 0x0A0D 0d0a
14:32:31.273 p25787 → [PRE-SYNC] 0x6F43 436f
14:32:31.273 p25787 → [PRE-SYNC] 0x746E 6e74
14:32:31.273 p25787 → [PRE-SYNC] 0x6E65 656e
14:32:31.273 p25787 → [PRE-SYNC] 0x2D74 742d
14:32:31.273 p25787 → [PRE-SYNC] 0x7954 5479
14:32:31.273 p25787 → [PRE-SYNC] 0x6570 7065
14:32:31.273 p25787 → [PRE-SYNC] 0x203A 3a20
14:32:31.273 p25787 → [PRE-SYNC] 0x756D 6d75
14:32:31.273 p25787 → [PRE-SYNC] 0x746C 6c74
14:32:31.273 p25787 → [PRE-SYNC] 0x7069 6970
14:32:31.273 p25787 → [PRE-SYNC] 0x7261 6172
14:32:31.273 p25787 → [PRE-SYNC] 0x2F74 742f
14:32:31.273 p25787 → [PRE-SYNC] 0x6F66 666f
14:32:31.273 p25787 → [PRE-SYNC] 0x6D72 726d
14:32:31.273 p25787 → [PRE-SYNC] 0x642D 2d64
14:32:31.273 p25787 → [PRE-SYNC] 0x7461 6174
14:32:31.273 p25787 → [PRE-SYNC] 0x3B61 613b
14:32:31.273 p25787 → [PRE-SYNC] 0x6220 2062
14:32:31.273 p25787 → [PRE-SYNC] 0x756F 6f75
14:32:31.273 p25787 → [PRE-SYNC] 0x646E 6e64
14:32:31.273 p25787 → [PRE-SYNC] 0x7261 6172
14:32:31.273 p25787 → [PRE-SYNC] 0x3D79 793d
14:32:31.274 p25787 → [PRE-SYNC] 0x2D2D 2d2d
14:32:31.274 p25787 → [PRE-SYNC] 0x2D2D 2d2d
14:32:31.274 p25787 → [PRE-SYNC] 0x2D2D 2d2d
14:32:31.274 p25787 → [PRE-SYNC] 0x2D2D 2d2d
14:32:31.274 p25787 → [PRE-SYNC] 0x2D2D 2d2d
14:32:31.274 p25787 → [PRE-SYNC] 0x2D2D 2d2d
14:32:31.274 p25787 → [PRE-SYNC] 0x2D2D 2d2d
14:32:31.274 p25787 → [PRE-SYNC] 0x2D2D 2d2d
14:32:31.274 p25787 → [PRE-SYNC] 0x2D2D 2d2d
14:32:31.274 p25787 → [PRE-SYNC] 0x2D2D 2d2d
14:32:31.274 p25787 → [PRE-SYNC] 0x2D2D 2d2d
14:32:31.274 p25787 → [PRE-SYNC] 0x2D2D 2d2d
14:32:31.274 p25787 → [PRE-SYNC] 0x3939 3939
14:32:31.274 p25787 → [PRE-SYNC] 0x3266 6632
14:32:31.274 p25787 → [PRE-SYNC] 0x6666 6666
14:32:31.274 p25787 → [PRE-SYNC] 0x3238 3832
14:32:31.274 p25787 → [PRE-SYNC] 0x3838 3838
14:32:31.274 p25787 → [PRE-SYNC] 0x6466 6664
14:32:31.274 p25787 → [PRE-SYNC] 0x6165 6561
14:32:31.274 p25787 → [PRE-SYNC] 0x3133 3331
14:32:31.274 p25787 → [PRE-SYNC] 0x0A0D 0d0a
14:32:31.274 p25787 → [PRE-SYNC] 0x0A0D 0d0a
14:32:31.274 p25787 → [ENC?] 0x2D2D 2d2d
14:32:31.274 p25787 → [ENC?] 0x2D2D 2d2d
14:32:31.274 p25787 → [ENC?] 0x2D2D 2d2d
14:32:31.274 p25787 → [ENC?] 0x2D2D 2d2d
14:32:31.275 p25787 → [ENC?] 0x2D2D 2d2d
14:32:31.275 p25787 → [ENC?] 0x2D2D 2d2d
14:32:31.275 p25787 → [ENC?] 0x3939 3939
14:32:31.275 p25787 → [ENC?] 0x3266 6632
14:32:31.275 p25787 → [ENC?] 0x6666 6666
14:32:31.275 p25787 → [ENC?] 0x3238 3832
14:32:31.275 p25787 → [ENC?] 0x3838 3838
14:32:31.275 p25787 → [ENC?] 0x6466 6664
14:32:31.275 p25787 → [ENC?] 0x6165 6561
14:32:31.275 p25787 → [ENC?] 0x3133 3331
14:32:31.275 p25787 → [ENC?] 0x0A0D 0d0a
14:32:31.278 p23545 → [PRE-SYNC] 0x0065 6500
14:32:31.278 p23545 → [PRE-SYNC] 0x0162 6201
14:32:31.278 p23545 → [PRE-SYNC] 0x002E 2e00
14:32:31.278 p23545 → [PRE-SYNC] 0x2F9E 9e2f
14:32:31.278 p23545 → [PRE-SYNC] 0x6B26 266b
14:32:31.278 p23545 → [PRE-SYNC] 0xC488 88c4
14:32:31.278 p23545 → [PRE-SYNC] 0x054E 4e05
14:32:31.278 p23545 → [PRE-SYNC] 0x0000 0000
14:32:31.304 p25787 → [PRE-SYNC] 0x0A0D 0d0a
14:32:31.304 p25787 → [PRE-SYNC] 0x2D2D 2d2d
14:32:31.304 p25787 → [PRE-SYNC] 0x2D2D 2d2d
14:32:31.304 p25787 → [PRE-SYNC] 0x2D2D 2d2d
14:32:31.304 p25787 → [PRE-SYNC] 0x2D2D 2d2d
14:32:31.304 p25787 → [PRE-SYNC] 0x2D2D 2d2d
14:32:31.304 p25787 → [PRE-SYNC] 0x2D2D 2d2d
14:32:31.304 p25787 → [PRE-SYNC] 0x2D2D 2d2d
14:32:31.304 p25787 → [PRE-SYNC] 0x2D2D 2d2d
14:32:31.304 p25787 → [PRE-SYNC] 0x2D2D 2d2d
14:32:31.305 p25787 → [PRE-SYNC] 0x2D2D 2d2d
14:32:31.305 p25787 → [PRE-SYNC] 0x2D2D 2d2d
14:32:31.305 p25787 → [PRE-SYNC] 0x2D2D 2d2d
14:32:31.305 p25787 → [PRE-SYNC] 0x2D2D 2d2d
14:32:31.305 p25787 → [PRE-SYNC] 0x3939 3939
14:32:31.305 p25787 → [PRE-SYNC] 0x3266 6632
14:32:31.305 p25787 → [PRE-SYNC] 0x6666 6666
14:32:31.305 p25787 → [PRE-SYNC] 0x3238 3832
14:32:31.305 p25787 → [PRE-SYNC] 0x3838 3838
14:32:31.305 p25787 → [PRE-SYNC] 0x6466 6664
14:32:31.305 p25787 → [PRE-SYNC] 0x6165 6561
14:32:31.305 p25787 → [PRE-SYNC] 0x3133 3331
14:32:31.305 p25787 → [PRE-SYNC] 0x0A0D 0d0a
14:32:31.305 p25787 → [PRE-SYNC] 0x6F43 436f
14:32:31.305 p25787 → [PRE-SYNC] 0x746E 6e74
14:32:31.305 p25787 → [PRE-SYNC] 0x6E65 656e
14:32:31.305 p25787 → [PRE-SYNC] 0x2D74 742d
14:32:31.305 p25787 → [PRE-SYNC] 0x6944 4469
14:32:31.305 p25787 → [PRE-SYNC] 0x7073 7370
14:32:31.305 p25787 → [PRE-SYNC] 0x736F 6f73
14:32:31.305 p25787 → [PRE-SYNC] 0x7469 6974
14:32:31.305 p25787 → [PRE-SYNC] 0x6F69 696f
14:32:31.305 p25787 → [PRE-SYNC] 0x3A6E 6e3a
14:32:31.305 p25787 → [PRE-SYNC] 0x6620 2066
14:32:31.305 p25787 → [PRE-SYNC] 0x726F 6f72
14:32:31.306 p25787 → [PRE-SYNC] 0x2D6D 6d2d
14:32:31.306 p25787 → [PRE-SYNC] 0x6164 6461
14:32:31.306 p25787 → [PRE-SYNC] 0x6174 7461
14:32:31.306 p25787 → [PRE-SYNC] 0x203B 3b20
14:32:31.306 p25787 → [PRE-SYNC] 0x616E 6e61
14:32:31.306 p25787 → [PRE-SYNC] 0x656D 6d65
14:32:31.306 p25787 → [PRE-SYNC] 0x223D 3d22
14:32:31.306 p25787 → [PRE-SYNC] 0x4941 4149
14:32:31.306 p25787 → [PRE-SYNC] 0x2244 4422
14:32:31.306 p25787 → [PRE-SYNC] 0x0A0D 0d0a
14:32:31.306 p25787 → [PRE-SYNC] 0x0A0D 0d0a
14:32:31.306 p25787 → [PRE-SYNC] 0x3033 3330
14:32:31.306 p25787 → [PRE-SYNC] 0x3531 3135
14:32:31.306 p25787 → [PRE-SYNC] 0x3130 3031
14:32:31.306 p25787 → [PRE-SYNC] 0x0D30 300d
14:32:31.306 p25787 → [PRE-SYNC] 0x2D0A 0a2d
14:32:31.306 p25787 → [PRE-SYNC] 0x2D2D 2d2d
14:32:31.306 p25787 → [PRE-SYNC] 0x2D2D 2d2d
14:32:31.306 p25787 → [PRE-SYNC] 0x2D2D 2d2d
14:32:31.306 p25787 → [PRE-SYNC] 0x2D2D 2d2d
14:32:31.306 p25787 → [PRE-SYNC] 0x2D2D 2d2d
14:32:31.306 p25787 → [PRE-SYNC] 0x2D2D 2d2d
14:32:31.306 p25787 → [PRE-SYNC] 0x2D2D 2d2d
14:32:31.306 p25787 → [PRE-SYNC] 0x2D2D 2d2d
14:32:31.306 p25787 → [PRE-SYNC] 0x2D2D 2d2d
14:32:31.306 p25787 → [PRE-SYNC] 0x2D2D 2d2d
14:32:31.306 p25787 → [PRE-SYNC] 0x2D2D 2d2d
14:32:31.306 p25787 → [PRE-SYNC] 0x2D2D 2d2d
14:32:31.306 p25787 → [PRE-SYNC] 0x392D 2d39
14:32:31.306 p25787 → [PRE-SYNC] 0x6639 3966
14:32:31.307 p25787 → [PRE-SYNC] 0x6632 3266
14:32:31.307 p25787 → [PRE-SYNC] 0x3866 6638
14:32:31.307 p25787 → [PRE-SYNC] 0x3832 3238
14:32:31.307 p25787 → [PRE-SYNC] 0x6638 3866
14:32:31.307 p25787 → [PRE-SYNC] 0x6564 6465
14:32:31.307 p25787 → [PRE-SYNC] 0x3361 6133
14:32:31.307 p25787 → [PRE-SYNC] 0x0D31 310d
14:32:31.307 p25787 → [PRE-SYNC] 0x430A 0a43
14:32:31.307 p25787 → [PRE-SYNC] 0x6E6F 6f6e
14:32:31.307 p25787 → [PRE-SYNC] 0x6574 7465
14:32:31.307 p25787 → [PRE-SYNC] 0x746E 6e74
14:32:31.307 p25787 → [PRE-SYNC] 0x442D 2d44
14:32:31.307 p25787 → [PRE-SYNC] 0x7369 6973
14:32:31.307 p25787 → [PRE-SYNC] 0x6F70 706f
14:32:31.307 p25787 → [PRE-SYNC] 0x6973 7369
14:32:31.307 p25787 → [PRE-SYNC] 0x6974 7469
14:32:31.307 p25787 → [PRE-SYNC] 0x6E6F 6f6e
14:32:31.307 p25787 → [PRE-SYNC] 0x203A 3a20
14:32:31.307 p25787 → [PRE-SYNC] 0x6F66 666f
14:32:31.307 p25787 → [PRE-SYNC] 0x6D72 726d
14:32:31.307 p25787 → [PRE-SYNC] 0x642D 2d64
14:32:31.307 p25787 → [PRE-SYNC] 0x7461 6174
14:32:31.307 p25787 → [PRE-SYNC] 0x3B61 613b
14:32:31.307 p25787 → [PRE-SYNC] 0x6E20 206e
14:32:31.307 p25787 → [PRE-SYNC] 0x6D61 616d
14:32:31.307 p25787 → [PRE-SYNC] 0x3D65 653d
14:32:31.307 p25787 → [PRE-SYNC] 0x5722 2257
14:32:31.308 p25787 → [PRE-SYNC] 0x726F 6f72
14:32:31.308 p25787 → [PRE-SYNC] 0x646C 6c64
14:32:31.308 p25787 → [PRE-SYNC] 0x614E 4e61
14:32:31.308 p25787 → [PRE-SYNC] 0x656D 6d65
14:32:31.308 p25787 → [PRE-SYNC] 0x0D22 220d
14:32:31.308 p25787 → [PRE-SYNC] 0x0D0A 0a0d
14:32:31.308 p25787 → [PRE-SYNC] 0x420A 0a42
14:32:31.308 p25787 → [PRE-SYNC] 0x6D61 616d
14:32:31.308 p25787 → [PRE-SYNC] 0x6F62 626f
14:32:31.308 p25787 → [PRE-SYNC] 0x0D6F 6f0d
14:32:31.308 p25787 → [PRE-SYNC] 0x2D0A 0a2d
14:32:31.308 p25787 → [PRE-SYNC] 0x2D2D 2d2d
14:32:31.308 p25787 → [PRE-SYNC] 0x2D2D 2d2d
14:32:31.308 p25787 → [PRE-SYNC] 0x2D2D 2d2d
14:32:31.308 p25787 → [PRE-SYNC] 0x2D2D 2d2d
14:32:31.308 p25787 → [PRE-SYNC] 0x2D2D 2d2d
14:32:31.308 p25787 → [PRE-SYNC] 0x2D2D 2d2d
14:32:31.308 p25787 → [PRE-SYNC] 0x2D2D 2d2d
14:32:31.308 p25787 → [PRE-SYNC] 0x2D2D 2d2d
14:32:31.308 p25787 → [PRE-SYNC] 0x2D2D 2d2d
14:32:31.308 p25787 → [PRE-SYNC] 0x2D2D 2d2d
14:32:31.308 p25787 → [PRE-SYNC] 0x2D2D 2d2d
14:32:31.308 p25787 → [PRE-SYNC] 0x2D2D 2d2d
14:32:31.308 p25787 → [PRE-SYNC] 0x392D 2d39
14:32:31.308 p25787 → [PRE-SYNC] 0x6639 3966
14:32:31.308 p25787 → [PRE-SYNC] 0x6632 3266
14:32:31.308 p25787 → [PRE-SYNC] 0x3866 6638
14:32:31.309 p25787 → [PRE-SYNC] 0x3832 3238
14:32:31.309 p25787 → [PRE-SYNC] 0x6638 3866
14:32:31.309 p25787 → [PRE-SYNC] 0x6564 6465
14:32:31.309 p25787 → [PRE-SYNC] 0x3361 6133
14:32:31.309 p25787 → [PRE-SYNC] 0x2D31 312d
14:32:31.309 p25787 → [PRE-SYNC] 0x0D2D 2d0d
14:32:31.309 p25787 → [ENC?] 0x2D2D 2d2d
14:32:31.309 p25787 → [ENC?] 0x2D2D 2d2d
14:32:31.309 p25787 → [ENC?] 0x2D2D 2d2d
14:32:31.309 p25787 → [ENC?] 0x2D2D 2d2d
14:32:31.310 p25787 → [ENC?] 0x2D2D 2d2d
14:32:31.310 p25787 → [ENC?] 0x2D2D 2d2d
14:32:31.310 p25787 → [ENC?] 0x3939 3939
14:32:31.310 p25787 → [ENC?] 0x3266 6632
14:32:31.310 p25787 → [ENC?] 0x6666 6666
14:32:31.310 p25787 → [ENC?] 0x3238 3832
14:32:31.310 p25787 → [ENC?] 0x3838 3838
14:32:31.310 p25787 → [ENC?] 0x6466 6664
14:32:31.310 p25787 → [ENC?] 0x6165 6561
14:32:31.310 p25787 → [ENC?] 0x3133 3331
14:32:31.310 p25787 → [ENC?] 0x2D2D 2d2d
14:32:32.278 p24656 → [PRE-SYNC] 0x0436 3604
14:32:32.278 p24656 → [PRE-SYNC] 0x0162 6201
14:32:32.278 p24656 → [PRE-SYNC] 0x002E 2e00
14:32:32.278 p24656 → [PRE-SYNC] 0x2848 4828
14:32:32.278 p24656 → [PRE-SYNC] 0x0000 0000
14:32:32.278 p24656 → [PRE-SYNC] 0x2F9E 9e2f
14:32:32.278 p24656 → [PRE-SYNC] 0x6B26 266b
14:32:32.278 p24656 → [PRE-SYNC] 0x1B90 901b
14:32:32.278 p24656 → [PRE-SYNC] 0x0001 0100
14:32:32.278 p24656 → [PRE-SYNC] 0xF51D 1df5
14:32:32.278 p24656 → [PRE-SYNC] 0x1942 4219
14:32:32.280 p25787 → [PRE-SYNC] 0x0A0D 0d0a
14:32:32.280 p25787 → [PRE-SYNC] 0x4F50 504f
14:32:32.280 p25787 → [PRE-SYNC] 0x5453 5354
14:32:32.280 p25787 → [PRE-SYNC] 0x2F20 202f
14:32:32.280 p25787 → [PRE-SYNC] 0x6863 6368
14:32:32.281 p25787 → [PRE-SYNC] 0x7261 6172
14:32:32.281 p25787 → [PRE-SYNC] 0x6F63 636f
14:32:32.281 p25787 → [PRE-SYNC] 0x666E 6e66
14:32:32.281 p25787 → [PRE-SYNC] 0x6769 6967
14:32:32.281 p25787 → [PRE-SYNC] 0x6C2F 2f6c
14:32:32.281 p25787 → [PRE-SYNC] 0x616F 6f61
14:32:32.281 p25787 → [PRE-SYNC] 0x2064 6420
14:32:32.281 p25787 → [PRE-SYNC] 0x5448 4854
14:32:32.281 p25787 → [PRE-SYNC] 0x5054 5450
14:32:32.281 p25787 → [PRE-SYNC] 0x312F 2f31
14:32:32.281 p25787 → [PRE-SYNC] 0x312E 2e31
14:32:32.281 p25787 → [PRE-SYNC] 0x0A0D 0d0a
14:32:32.281 p25787 → [PRE-SYNC] 0x6F48 486f
14:32:32.281 p25787 → [PRE-SYNC] 0x7473 7374
14:32:32.281 p25787 → [PRE-SYNC] 0x203A 3a20
14:32:32.281 p25787 → [PRE-SYNC] 0x3331 3133
14:32:32.281 p25787 → [PRE-SYNC] 0x2E36 362e
14:32:32.281 p25787 → [PRE-SYNC] 0x3131 3131
14:32:32.281 p25787 → [PRE-SYNC] 0x2E30 302e
14:32:32.281 p25787 → [PRE-SYNC] 0x3731 3137
14:32:32.281 p25787 → [PRE-SYNC] 0x2E32 322e
14:32:32.281 p25787 → [PRE-SYNC] 0x3233 3332
14:32:32.281 p25787 → [PRE-SYNC] 0x323A 3a32
14:32:32.281 p25787 → [PRE-SYNC] 0x3735 3537
14:32:32.281 p25787 → [PRE-SYNC] 0x3738 3837
14:32:32.281 p25787 → [PRE-SYNC] 0x0A0D 0d0a
14:32:32.281 p25787 → [PRE-SYNC] 0x6341 4163
14:32:32.282 p25787 → [PRE-SYNC] 0x6563 6365
14:32:32.282 p25787 → [PRE-SYNC] 0x7470 7074
14:32:32.282 p25787 → [PRE-SYNC] 0x203A 3a20
14:32:32.282 p25787 → [PRE-SYNC] 0x2F2A 2a2f
14:32:32.282 p25787 → [PRE-SYNC] 0x0D2A 2a0d
14:32:32.282 p25787 → [PRE-SYNC] 0x450A 0a45
14:32:32.282 p25787 → [PRE-SYNC] 0x7078 7870
14:32:32.282 p25787 → [PRE-SYNC] 0x6365 6563
14:32:32.282 p25787 → [PRE-SYNC] 0x3A74 743a
14:32:32.282 p25787 → [PRE-SYNC] 0x3120 2031
14:32:32.282 p25787 → [PRE-SYNC] 0x3030 3030
14:32:32.282 p25787 → [PRE-SYNC] 0x632D 2d63
14:32:32.282 p25787 → [PRE-SYNC] 0x6E6F 6f6e
14:32:32.282 p25787 → [PRE-SYNC] 0x6974 7469
14:32:32.282 p25787 → [PRE-SYNC] 0x756E 6e75
14:32:32.282 p25787 → [PRE-SYNC] 0x0D65 650d
14:32:32.282 p25787 → [PRE-SYNC] 0x430A 0a43
14:32:32.282 p25787 → [PRE-SYNC] 0x6E6F 6f6e
14:32:32.282 p25787 → [PRE-SYNC] 0x656E 6e65
14:32:32.282 p25787 → [PRE-SYNC] 0x7463 6374
14:32:32.282 p25787 → [PRE-SYNC] 0x6F69 696f
14:32:32.282 p25787 → [PRE-SYNC] 0x3A6E 6e3a
14:32:32.282 p25787 → [PRE-SYNC] 0x6B20 206b
14:32:32.282 p25787 → [PRE-SYNC] 0x6565 6565
14:32:32.283 p25787 → [PRE-SYNC] 0x2D70 702d
14:32:32.283 p25787 → [PRE-SYNC] 0x6C61 616c
14:32:32.283 p25787 → [PRE-SYNC] 0x7669 6976
14:32:32.283 p25787 → [PRE-SYNC] 0x0D65 650d
14:32:32.283 p25787 → [PRE-SYNC] 0x430A 0a43
14:32:32.283 p25787 → [PRE-SYNC] 0x6E6F 6f6e
14:32:32.283 p25787 → [PRE-SYNC] 0x6574 7465
14:32:32.283 p25787 → [PRE-SYNC] 0x746E 6e74
14:32:32.283 p25787 → [PRE-SYNC] 0x4C2D 2d4c
14:32:32.283 p25787 → [PRE-SYNC] 0x6E65 656e
14:32:32.283 p25787 → [PRE-SYNC] 0x7467 6774
14:32:32.283 p25787 → [PRE-SYNC] 0x3A68 683a
14:32:32.283 p25787 → [PRE-SYNC] 0x3420 2034
14:32:32.283 p25787 → [PRE-SYNC] 0x3036 3630
14:32:32.283 p25787 → [PRE-SYNC] 0x0A0D 0d0a
14:32:32.283 p25787 → [PRE-SYNC] 0x6F43 436f
14:32:32.283 p25787 → [PRE-SYNC] 0x746E 6e74
14:32:32.283 p25787 → [PRE-SYNC] 0x6E65 656e
14:32:32.283 p25787 → [PRE-SYNC] 0x2D74 742d
14:32:32.283 p25787 → [PRE-SYNC] 0x7954 5479
14:32:32.283 p25787 → [PRE-SYNC] 0x6570 7065
14:32:32.283 p25787 → [PRE-SYNC] 0x203A 3a20
14:32:32.283 p25787 → [PRE-SYNC] 0x756D 6d75
14:32:32.283 p25787 → [PRE-SYNC] 0x746C 6c74
14:32:32.283 p25787 → [PRE-SYNC] 0x7069 6970
14:32:32.283 p25787 → [PRE-SYNC] 0x7261 6172
14:32:32.283 p25787 → [PRE-SYNC] 0x2F74 742f
14:32:32.283 p25787 → [PRE-SYNC] 0x6F66 666f
14:32:32.283 p25787 → [PRE-SYNC] 0x6D72 726d
14:32:32.283 p25787 → [PRE-SYNC] 0x642D 2d64
14:32:32.284 p25787 → [PRE-SYNC] 0x7461 6174
14:32:32.284 p25787 → [PRE-SYNC] 0x3B61 613b
14:32:32.284 p25787 → [PRE-SYNC] 0x6220 2062
14:32:32.284 p25787 → [PRE-SYNC] 0x756F 6f75
14:32:32.284 p25787 → [PRE-SYNC] 0x646E 6e64
14:32:32.284 p25787 → [PRE-SYNC] 0x7261 6172
14:32:32.284 p25787 → [PRE-SYNC] 0x3D79 793d
14:32:32.284 p25787 → [PRE-SYNC] 0x2D2D 2d2d
14:32:32.284 p25787 → [PRE-SYNC] 0x2D2D 2d2d
14:32:32.284 p25787 → [PRE-SYNC] 0x2D2D 2d2d
14:32:32.284 p25787 → [PRE-SYNC] 0x2D2D 2d2d
14:32:32.284 p25787 → [PRE-SYNC] 0x2D2D 2d2d
14:32:32.284 p25787 → [PRE-SYNC] 0x2D2D 2d2d
14:32:32.284 p25787 → [PRE-SYNC] 0x2D2D 2d2d
14:32:32.284 p25787 → [PRE-SYNC] 0x2D2D 2d2d
14:32:32.284 p25787 → [PRE-SYNC] 0x2D2D 2d2d
14:32:32.284 p25787 → [PRE-SYNC] 0x2D2D 2d2d
14:32:32.284 p25787 → [PRE-SYNC] 0x2D2D 2d2d
14:32:32.284 p25787 → [PRE-SYNC] 0x2D2D 2d2d
14:32:32.284 p25787 → [PRE-SYNC] 0x6563 6365
14:32:32.284 p25787 → [PRE-SYNC] 0x3063 6330
14:32:32.284 p25787 → [PRE-SYNC] 0x3030 3030
14:32:32.284 p25787 → [PRE-SYNC] 0x6332 3263
14:32:32.284 p25787 → [PRE-SYNC] 0x3837 3738
14:32:32.284 p25787 → [PRE-SYNC] 0x3334 3433
14:32:32.284 p25787 → [PRE-SYNC] 0x3831 3138
14:32:32.284 p25787 → [PRE-SYNC] 0x6661 6166
14:32:32.284 p25787 → [PRE-SYNC] 0x0A0D 0d0a
14:32:32.284 p25787 → [PRE-SYNC] 0x0A0D 0d0a
14:32:32.285 p25787 → [ENC?] 0x2D2D 2d2d
14:32:32.285 p25787 → [ENC?] 0x2D2D 2d2d
14:32:32.285 p25787 → [ENC?] 0x2D2D 2d2d
14:32:32.285 p25787 → [ENC?] 0x2D2D 2d2d
14:32:32.285 p25787 → [ENC?] 0x2D2D 2d2d
14:32:32.285 p25787 → [ENC?] 0x2D2D 2d2d
14:32:32.285 p25787 → [ENC?] 0x6563 6365
14:32:32.285 p25787 → [ENC?] 0x3063 6330
14:32:32.285 p25787 → [ENC?] 0x3030 3030
14:32:32.285 p25787 → [ENC?] 0x6332 3263
14:32:32.285 p25787 → [ENC?] 0x3837 3738
14:32:32.285 p25787 → [ENC?] 0x3334 3433
14:32:32.285 p25787 → [ENC?] 0x3831 3138
14:32:32.285 p25787 → [ENC?] 0x6661 6166
14:32:32.285 p25787 → [ENC?] 0x0A0D 0d0a
14:32:32.313 p25787 → [PRE-SYNC] 0x0A0D 0d0a
14:32:32.313 p25787 → [PRE-SYNC] 0x2D2D 2d2d
14:32:32.313 p25787 → [PRE-SYNC] 0x2D2D 2d2d
14:32:32.313 p25787 → [PRE-SYNC] 0x2D2D 2d2d
14:32:32.314 p25787 → [PRE-SYNC] 0x2D2D 2d2d
14:32:32.314 p25787 → [PRE-SYNC] 0x2D2D 2d2d
14:32:32.314 p25787 → [PRE-SYNC] 0x2D2D 2d2d
14:32:32.314 p25787 → [PRE-SYNC] 0x2D2D 2d2d
14:32:32.314 p25787 → [PRE-SYNC] 0x2D2D 2d2d
14:32:32.314 p25787 → [PRE-SYNC] 0x2D2D 2d2d
14:32:32.314 p25787 → [PRE-SYNC] 0x2D2D 2d2d
14:32:32.314 p25787 → [PRE-SYNC] 0x2D2D 2d2d
14:32:32.314 p25787 → [PRE-SYNC] 0x2D2D 2d2d
14:32:32.314 p25787 → [PRE-SYNC] 0x2D2D 2d2d
14:32:32.314 p25787 → [PRE-SYNC] 0x6563 6365
14:32:32.314 p25787 → [PRE-SYNC] 0x3063 6330
14:32:32.314 p25787 → [PRE-SYNC] 0x3030 3030
14:32:32.314 p25787 → [PRE-SYNC] 0x6332 3263
14:32:32.314 p25787 → [PRE-SYNC] 0x3837 3738
14:32:32.314 p25787 → [PRE-SYNC] 0x3334 3433
14:32:32.314 p25787 → [PRE-SYNC] 0x3831 3138
14:32:32.314 p25787 → [PRE-SYNC] 0x6661 6166
14:32:32.314 p25787 → [PRE-SYNC] 0x0A0D 0d0a
14:32:32.314 p25787 → [PRE-SYNC] 0x6F43 436f
14:32:32.314 p25787 → [PRE-SYNC] 0x746E 6e74
14:32:32.314 p25787 → [PRE-SYNC] 0x6E65 656e
14:32:32.314 p25787 → [PRE-SYNC] 0x2D74 742d
14:32:32.314 p25787 → [PRE-SYNC] 0x6944 4469
14:32:32.314 p25787 → [PRE-SYNC] 0x7073 7370
14:32:32.314 p25787 → [PRE-SYNC] 0x736F 6f73
14:32:32.314 p25787 → [PRE-SYNC] 0x7469 6974
14:32:32.314 p25787 → [PRE-SYNC] 0x6F69 696f
14:32:32.314 p25787 → [PRE-SYNC] 0x3A6E 6e3a
14:32:32.314 p25787 → [PRE-SYNC] 0x6620 2066
14:32:32.314 p25787 → [PRE-SYNC] 0x726F 6f72
14:32:32.315 p25787 → [PRE-SYNC] 0x2D6D 6d2d
14:32:32.315 p25787 → [PRE-SYNC] 0x6164 6461
14:32:32.315 p25787 → [PRE-SYNC] 0x6174 7461
14:32:32.315 p25787 → [PRE-SYNC] 0x203B 3b20
14:32:32.315 p25787 → [PRE-SYNC] 0x616E 6e61
14:32:32.315 p25787 → [PRE-SYNC] 0x656D 6d65
14:32:32.315 p25787 → [PRE-SYNC] 0x223D 3d22
14:32:32.315 p25787 → [PRE-SYNC] 0x4941 4149
14:32:32.315 p25787 → [PRE-SYNC] 0x2244 4422
14:32:32.315 p25787 → [PRE-SYNC] 0x0A0D 0d0a
14:32:32.315 p25787 → [PRE-SYNC] 0x0A0D 0d0a
14:32:32.315 p25787 → [PRE-SYNC] 0x3033 3330
14:32:32.315 p25787 → [PRE-SYNC] 0x3531 3135
14:32:32.315 p25787 → [PRE-SYNC] 0x3130 3031
14:32:32.315 p25787 → [PRE-SYNC] 0x0D30 300d
14:32:32.315 p25787 → [PRE-SYNC] 0x2D0A 0a2d
14:32:32.315 p25787 → [PRE-SYNC] 0x2D2D 2d2d
14:32:32.315 p25787 → [PRE-SYNC] 0x2D2D 2d2d
14:32:32.315 p25787 → [PRE-SYNC] 0x2D2D 2d2d
14:32:32.315 p25787 → [PRE-SYNC] 0x2D2D 2d2d
14:32:32.315 p25787 → [PRE-SYNC] 0x2D2D 2d2d
14:32:32.315 p25787 → [PRE-SYNC] 0x2D2D 2d2d
14:32:32.315 p25787 → [PRE-SYNC] 0x2D2D 2d2d
14:32:32.315 p25787 → [PRE-SYNC] 0x2D2D 2d2d
14:32:32.315 p25787 → [PRE-SYNC] 0x2D2D 2d2d
14:32:32.315 p25787 → [PRE-SYNC] 0x2D2D 2d2d
14:32:32.315 p25787 → [PRE-SYNC] 0x2D2D 2d2d
14:32:32.315 p25787 → [PRE-SYNC] 0x2D2D 2d2d
14:32:32.316 p25787 → [PRE-SYNC] 0x632D 2d63
14:32:32.316 p25787 → [PRE-SYNC] 0x6365 6563
14:32:32.316 p25787 → [PRE-SYNC] 0x3030 3030
14:32:32.316 p25787 → [PRE-SYNC] 0x3230 3032
14:32:32.316 p25787 → [PRE-SYNC] 0x3763 6337
14:32:32.316 p25787 → [PRE-SYNC] 0x3438 3834
14:32:32.316 p25787 → [PRE-SYNC] 0x3133 3331
14:32:32.316 p25787 → [PRE-SYNC] 0x6138 3861
14:32:32.316 p25787 → [PRE-SYNC] 0x0D66 660d
14:32:32.316 p25787 → [PRE-SYNC] 0x430A 0a43
14:32:32.316 p25787 → [PRE-SYNC] 0x6E6F 6f6e
14:32:32.316 p25787 → [PRE-SYNC] 0x6574 7465
14:32:32.316 p25787 → [PRE-SYNC] 0x746E 6e74
14:32:32.316 p25787 → [PRE-SYNC] 0x442D 2d44
14:32:32.316 p25787 → [PRE-SYNC] 0x7369 6973
14:32:32.316 p25787 → [PRE-SYNC] 0x6F70 706f
14:32:32.316 p25787 → [PRE-SYNC] 0x6973 7369
14:32:32.316 p25787 → [PRE-SYNC] 0x6974 7469
14:32:32.316 p25787 → [PRE-SYNC] 0x6E6F 6f6e
14:32:32.316 p25787 → [PRE-SYNC] 0x203A 3a20
14:32:32.316 p25787 → [PRE-SYNC] 0x6F66 666f
14:32:32.316 p25787 → [PRE-SYNC] 0x6D72 726d
14:32:32.316 p25787 → [PRE-SYNC] 0x642D 2d64
14:32:32.316 p25787 → [PRE-SYNC] 0x7461 6174
14:32:32.316 p25787 → [PRE-SYNC] 0x3B61 613b
14:32:32.316 p25787 → [PRE-SYNC] 0x6E20 206e
14:32:32.316 p25787 → [PRE-SYNC] 0x6D61 616d
14:32:32.316 p25787 → [PRE-SYNC] 0x3D65 653d
14:32:32.316 p25787 → [PRE-SYNC] 0x4722 2247
14:32:32.316 p25787 → [PRE-SYNC] 0x4449 4944
14:32:32.316 p25787 → [PRE-SYNC] 0x0D22 220d
14:32:32.316 p25787 → [PRE-SYNC] 0x0D0A 0a0d
14:32:32.317 p25787 → [PRE-SYNC] 0x310A 0a31
14:32:32.317 p25787 → [PRE-SYNC] 0x3330 3033
14:32:32.317 p25787 → [PRE-SYNC] 0x3231 3132
14:32:32.317 p25787 → [PRE-SYNC] 0x0A0D 0d0a
14:32:32.317 p25787 → [PRE-SYNC] 0x2D2D 2d2d
14:32:32.317 p25787 → [PRE-SYNC] 0x2D2D 2d2d
14:32:32.317 p25787 → [PRE-SYNC] 0x2D2D 2d2d
14:32:32.317 p25787 → [PRE-SYNC] 0x2D2D 2d2d
14:32:32.317 p25787 → [PRE-SYNC] 0x2D2D 2d2d
14:32:32.317 p25787 → [PRE-SYNC] 0x2D2D 2d2d
14:32:32.317 p25787 → [PRE-SYNC] 0x2D2D 2d2d
14:32:32.317 p25787 → [PRE-SYNC] 0x2D2D 2d2d
14:32:32.317 p25787 → [PRE-SYNC] 0x2D2D 2d2d
14:32:32.317 p25787 → [PRE-SYNC] 0x2D2D 2d2d
14:32:32.317 p25787 → [PRE-SYNC] 0x2D2D 2d2d
14:32:32.317 p25787 → [PRE-SYNC] 0x2D2D 2d2d
14:32:32.317 p25787 → [PRE-SYNC] 0x2D2D 2d2d
14:32:32.317 p25787 → [PRE-SYNC] 0x6563 6365
14:32:32.317 p25787 → [PRE-SYNC] 0x3063 6330
14:32:32.317 p25787 → [PRE-SYNC] 0x3030 3030
14:32:32.317 p25787 → [PRE-SYNC] 0x6332 3263
14:32:32.317 p25787 → [PRE-SYNC] 0x3837 3738
14:32:32.317 p25787 → [PRE-SYNC] 0x3334 3433
14:32:32.317 p25787 → [PRE-SYNC] 0x3831 3138
14:32:32.317 p25787 → [PRE-SYNC] 0x6661 6166
14:32:32.317 p25787 → [PRE-SYNC] 0x0A0D 0d0a
14:32:32.317 p25787 → [PRE-SYNC] 0x6F43 436f
14:32:32.317 p25787 → [PRE-SYNC] 0x746E 6e74
14:32:32.318 p25787 → [PRE-SYNC] 0x6E65 656e
14:32:32.318 p25787 → [PRE-SYNC] 0x2D74 742d
14:32:32.318 p25787 → [PRE-SYNC] 0x6944 4469
14:32:32.318 p25787 → [PRE-SYNC] 0x7073 7370
14:32:32.318 p25787 → [PRE-SYNC] 0x736F 6f73
14:32:32.318 p25787 → [ENC?] 0x2D2D 2d2d
14:32:32.318 p25787 → [ENC?] 0x2D2D 2d2d
14:32:32.318 p25787 → [ENC?] 0x2D2D 2d2d
14:32:32.318 p25787 → [ENC?] 0x2D2D 2d2d
14:32:32.318 p25787 → [ENC?] 0x2D2D 2d2d
14:32:32.318 p25787 → [ENC?] 0x2D2D 2d2d
14:32:32.318 p25787 → [ENC?] 0x6563 6365
14:32:32.318 p25787 → [ENC?] 0x3063 6330
14:32:32.318 p25787 → [ENC?] 0x3030 3030
14:32:32.318 p25787 → [ENC?] 0x6332 3263
14:32:32.318 p25787 → [ENC?] 0x3837 3738
14:32:32.318 p25787 → [ENC?] 0x3334 3433
14:32:32.318 p25787 → [ENC?] 0x3831 3138
14:32:32.318 p25787 → [ENC?] 0x6661 6166
14:32:32.318 p25787 → [ENC?] 0x2D2D 2d2d
14:32:32.386 p24656 ← 0x4753 [36B] 53 47 24 00 ce 16 06 0c 4c ef ac 04 1d 63 a4 aa 84 34 4d cc 6e d5 60 85 08 e4 28 d3 4e 64 ae 78
14:32:32.396 p24656 ← 0x0283 [354B] 83 02 62 01 2e 00 18 0b 00 00 eb 02 43 0a c1 92 2b 43 c0 05 05 00 00 01 02 04 00 8e 00 1a 00 2d
14:32:33.097 p24656 ← 0x0000 [182B] 00 00 b6 00 48 8c 8e 06 c3 01 40 00 ff ff ff 00 90 01 0c 00 00 00 00 00 5b 4e 6f 72 6d 61 6c 20
14:32:33.097 p24656 ← 0xC100 [2B] 00 c1
14:32:33.098 p24656 ← 0x0002 [768B] 02 00 00 03 08 00 00 00 00 00 00 00 00 00 00 00 00 00 00 00 00 00 00 00 00 00 00 00 00 00 01 05
14:32:33.100 p24656 ← 0x0000 [256B] 00 00 00 01 39 0b d1 00 00 18 00 b1 04 00 00 05 02 00 00 00 00 00 00 00 00 00 00 00 00 00 00 00
14:32:33.100 p24656 ← 0x00B0 [8B] b0 00 18 00 d8 09 00 00
14:32:33.101 p24656 ← 0x00B0 [8B] b0 00 19 00 04 74 00 00
14:32:33.101 p24656 ← 0x0009 [2B] 09 00
14:32:33.101 p24656 ← 0x0000 [6B] 00 00 06 00 00 ff
14:32:33.102 p24656 ← 0x6C09 [2B] 09 6c
14:32:33.102 p24656 ← 0xAE00 [2B] 00 ae
14:32:33.102 p24656 ← 0xB714 [2B] 14 b7
14:32:33.103 p24656 ← 0xA5C8 [2B] c8 a5
14:32:33.103 p24656 ← 0x8CD3 [2B] d3 8c
14:32:33.103 p24656 ← 0xE948 [2B] 48 e9
14:32:42.061 p24656 → 0x0436 [354B] 36 04 62 01 2e 00 48 28 00 00 9e 2f 26 6b 90 1b 01 00 1d f5 42 19 01 92 c3 2c 00 a0 ec 69 28 a2
14:32:42.061 p24656 → [ENC?] 0xEF92 92ef
14:32:42.061 p24656 → [ENC?] 0xB277 77b2
14:32:42.061 p24656 → [ENC?] 0x7430 3074
14:32:42.062 p24656 → [ENC?] 0x45C2 c245
14:32:42.062 p24656 → [ENC?] 0x91F8 f891
14:32:42.062 p24656 → [ENC?] 0x71B1 b171
14:32:42.062 p24656 → [ENC?] 0xDC32 32dc
14:32:42.062 p24656 → [ENC?] 0x0C26 260c
14:32:42.062 p24656 → [ENC?] 0xB018 18b0
14:32:42.062 p24656 → [ENC?] 0x31FA fa31
14:32:42.062 p24656 → [ENC?] 0xE6A3 a3e6
14:32:42.062 p24656 → [ENC?] 0xBAD6 d6ba
14:32:42.062 p24656 → [ENC?] 0xDF75 75df
14:32:42.062 p24656 → [ENC?] 0xE181 81e1
14:32:42.062 p24656 → [ENC?] 0x86C4 c486
14:32:42.062 p24656 → [ENC?] 0x3703 0337
14:32:42.062 p24656 → [ENC?] 0x0368 6803
14:32:42.062 p24656 → [ENC?] 0x7B99 997b
14:32:42.262 p24656 → [ENC?] 0x068E 8e06
14:32:42.262 p24656 → [ENC?] 0x035F 5f03
14:32:42.795 p24656 → [ENC?] 0xE0BF bfe0
14:32:42.795 p24656 → [ENC?] 0x5F33 335f
14:32:42.795 p24656 → [ENC?] 0x7103 0371
14:32:43.445 p24656 → [ENC?] 0x9DFC fc9d
14:32:43.445 p24656 → [ENC?] 0x035F 5f03
14:32:43.828 p24656 → [ENC?] 0xA6BB bba6
14:32:43.829 p24656 → [ENC?] 0x5F94 945f
14:32:43.829 p24656 → [ENC?] 0xA803 03a8
14:32:44.228 p24656 → [ENC?] 0xE91E 1ee9
14:32:44.228 p24656 → [ENC?] 0x035F 5f03
14:32:44.678 p24656 → [ENC?] 0xD615 15d6
14:32:44.678 p24656 → [ENC?] 0x5FA0 a05f
14:32:44.678 p24656 → [ENC?] 0x8603 0386
14:32:45.110 p24656 → [ENC?] 0x0F0B 0b0f
14:32:45.111 p24656 → [ENC?] 0x8280 8082
14:32:45.111 p24656 → [ENC?] 0x95DA da95
14:32:45.111 p24656 → [ENC?] 0x0F83 830f
14:32:45.111 p24656 → [ENC?] 0x1B81 811b
14:32:45.111 p24656 → [ENC?] 0x83F7 f783
14:32:45.111 p24656 → [ENC?] 0x0938 3809
14:32:45.111 p24656 → [ENC?] 0x2DF1 f12d
14:32:45.111 p24656 → [ENC?] 0x19CE ce19
14:32:45.111 p24656 → [ENC?] 0x1CB5 b51c
14:32:45.111 p24656 → [ENC?] 0x7356 5673
14:32:45.111 p24656 → [ENC?] 0x34BD bd34
14:32:45.111 p24656 → [ENC?] 0x809D 9d80
14:32:45.111 p24656 → [ENC?] 0x90A0 a090
14:32:45.111 p24656 → [ENC?] 0x021F 1f02
14:32:45.111 p24656 → [ENC?] 0x4D3B 3b4d
14:32:45.111 p24656 → [ENC?] 0x5808 0858
14:32:45.111 p24656 → [ENC?] 0x4CFE fe4c
14:32:45.111 p24656 → [ENC?] 0xFB89 89fb
14:32:45.111 p24656 → [ENC?] 0xD6A2 a2d6
14:32:45.111 p24656 → [ENC?] 0x956E 6e95
14:32:45.111 p24656 → [ENC?] 0x2FA2 a22f
14:32:45.111 p24656 → [ENC?] 0xF0C6 c6f0
14:32:45.111 p24656 → [ENC?] 0x781D 1d78
14:32:45.111 p24656 → [ENC?] 0x9E8E 8e9e
14:32:45.112 p24656 → [ENC?] 0x4C6F 6f4c
14:32:45.112 p24656 → [ENC?] 0xB13E 3eb1
14:32:45.112 p24656 → [ENC?] 0xC7EF efc7
14:32:45.112 p24656 → [ENC?] 0x6EF5 f56e
14:32:45.112 p24656 → [ENC?] 0x9DFB fb9d
14:32:45.112 p24656 → [ENC?] 0x7725 2577
14:32:45.112 p24656 → [ENC?] 0x43D8 d843
14:32:45.112 p24656 → [ENC?] 0xD7CA cad7
14:32:45.112 p24656 → [PRE-SYNC] 0x4B00 004b
14:32:45.112 p24656 → [PRE-SYNC] 0x778D 8d77
14:32:45.112 p24656 → [PRE-SYNC] 0xD5E6 e6d5
14:32:45.112 p24656 → [PRE-SYNC] 0xCA1A 1aca
14:32:45.112 p24656 → [PRE-SYNC] 0xEF3C 3cef
14:32:45.112 p24656 → [PRE-SYNC] 0x3BEF ef3b
14:32:45.112 p24656 → [PRE-SYNC] 0x38A9 a938
14:32:45.112 p24656 → [PRE-SYNC] 0x8BD1 d18b
14:32:45.112 p24656 → [PRE-SYNC] 0xF42F 2ff4
14:32:45.112 p24656 → [PRE-SYNC] 0x63F7 f763
14:32:45.112 p24656 → [PRE-SYNC] 0x817C 7c81
14:32:45.112 p24656 → [PRE-SYNC] 0xA7F7 f7a7
14:32:45.112 p24656 → [PRE-SYNC] 0x03AB ab03
14:32:45.112 p24656 → [PRE-SYNC] 0xCF7C 7ccf
14:32:45.112 p24656 → [PRE-SYNC] 0xE4D9 d9e4
14:32:45.112 p24656 → [PRE-SYNC] 0xA60D 0da6
14:32:45.112 p24656 → [PRE-SYNC] 0x6A54 546a
14:32:45.112 p24656 → [PRE-SYNC] 0xAD86 86ad
14:32:45.112 p24656 → [PRE-SYNC] 0xA938 38a9
14:32:45.112 p24656 → [PRE-SYNC] 0xD721 21d7
14:32:45.112 p24656 → [PRE-SYNC] 0x9440 4094
14:32:45.112 p24656 → [PRE-SYNC] 0xFA70 70fa
14:32:45.112 p24656 → [PRE-SYNC] 0x2AE0 e02a
14:32:45.113 p24656 → [PRE-SYNC] 0x760C 0c76
14:32:45.113 p24656 → [PRE-SYNC] 0xC383 83c3
14:32:45.113 p24656 → [PRE-SYNC] 0xC22C 2cc2
14:32:45.113 p24656 → [PRE-SYNC] 0x90D7 d790
14:32:45.113 p24656 → [PRE-SYNC] 0x010E 0e01
14:32:45.113 p24656 → [PRE-SYNC] 0x104E 4e10
14:32:45.113 p24656 → [PRE-SYNC] 0x94A9 a994
14:32:45.113 p24656 → [PRE-SYNC] 0x986D 6d98
14:32:45.113 p24656 → [ENC?] 0x4B00 004b
14:32:45.113 p24656 → [ENC?] 0x778D 8d77
14:32:45.113 p24656 → [ENC?] 0xD5E6 e6d5
14:32:45.113 p24656 → [ENC?] 0xCA1A 1aca
14:32:45.113 p24656 → [ENC?] 0xEF3C 3cef
14:32:45.113 p24656 → [ENC?] 0x3BEF ef3b
14:32:45.113 p24656 → [ENC?] 0x38A9 a938
14:32:45.113 p24656 → [ENC?] 0x8BD1 d18b
14:32:45.113 p24656 → [ENC?] 0xF42F 2ff4
14:32:45.113 p24656 → [ENC?] 0x63F7 f763
14:32:45.113 p24656 → [ENC?] 0x817C 7c81
14:32:45.113 p24656 → [ENC?] 0xA7F7 f7a7
14:32:45.113 p24656 → [ENC?] 0x03AB ab03
14:32:45.113 p24656 → [ENC?] 0xCF7C 7ccf
14:32:45.113 p24656 → [ENC?] 0xE4D9 d9e4
14:32:45.113 p24656 → [ENC?] 0xA60D 0da6
14:32:45.113 p24656 → [ENC?] 0x6A54 546a
14:32:45.113 p24656 → [ENC?] 0xAD86 86ad
14:32:45.113 p24656 → [ENC?] 0xA938 38a9
14:32:45.113 p24656 → [ENC?] 0xD721 21d7
14:32:45.114 p24656 → [ENC?] 0x9440 4094
14:32:45.114 p24656 → [ENC?] 0xFA70 70fa
14:32:45.114 p24656 → [ENC?] 0x2AE0 e02a
14:32:45.114 p24656 → [ENC?] 0x760C 0c76
14:32:45.114 p24656 → [ENC?] 0xC383 83c3
14:32:45.114 p24656 → [ENC?] 0xC22C 2cc2
14:32:45.114 p24656 → [ENC?] 0x90D7 d790
14:32:45.114 p24656 → [ENC?] 0x010E 0e01
14:32:45.114 p24656 → [ENC?] 0x104E 4e10
14:32:45.114 p24656 → [ENC?] 0x94A9 a994
14:32:45.114 p24656 → [PRE-SYNC] 0x986D 6d98
14:32:45.114 p24656 → [PRE-SYNC] 0x607C 7c60
14:32:45.114 p24656 → [PRE-SYNC] 0x4C03 034c
14:32:45.114 p24656 → [PRE-SYNC] 0x4327 2743
14:32:45.114 p24656 → [ENC?] 0x986D 6d98
14:32:45.114 p24656 → [ENC?] 0x607C 7c60
14:32:45.114 p24656 → [ENC?] 0x4C03 034c
14:32:45.128 p24656 → [PRE-SYNC] 0x4327 2743
14:32:45.129 p24656 → [PRE-SYNC] 0x5F19 195f
14:32:45.129 p24656 → [PRE-SYNC] 0x0603 0306
14:32:45.129 p24656 → [PRE-SYNC] 0x4C3F 3f4c
14:32:45.129 p24656 → [ENC?] 0x4327 2743
14:32:45.129 p24656 → [ENC?] 0x5F19 195f
14:32:45.129 p24656 → [ENC?] 0x0603 0306
14:32:46.045 p24656 → [PRE-SYNC] 0x4C3F 3f4c
14:32:46.045 p24656 → [PRE-SYNC] 0x035F 5f03
14:32:46.045 p24656 → [PRE-SYNC] 0xC3CC ccc3
14:32:46.045 p24656 → [ENC?] 0x4C3F 3f4c
14:32:46.045 p24656 → [ENC?] 0x035F 5f03
14:32:47.128 p24656 → [PRE-SYNC] 0xC3CC ccc3
14:32:47.128 p24656 → [PRE-SYNC] 0x5F73 735f
14:32:47.128 p24656 → [PRE-SYNC] 0xC203 03c2
14:32:47.128 p24656 → [PRE-SYNC] 0x32AE ae32
14:32:47.128 p24656 → [ENC?] 0xC3CC ccc3
14:32:47.129 p24656 → [ENC?] 0x5F73 735f
14:32:47.129 p24656 → [ENC?] 0xC203 03c2
14:32:48.112 p24656 → [PRE-SYNC] 0x32AE ae32
14:32:48.112 p24656 → [PRE-SYNC] 0x035F 5f03
14:32:48.112 p24656 → [PRE-SYNC] 0x32D1 d132
14:32:48.112 p24656 → [ENC?] 0x32AE ae32
14:32:48.113 p24656 → [ENC?] 0x035F 5f03
14:32:49.495 p24656 → [PRE-SYNC] 0x32D1 d132
14:32:49.495 p24656 → [PRE-SYNC] 0x5F3B 3b5f
14:32:49.495 p24656 → [PRE-SYNC] 0x0E03 030e
14:32:49.495 p24656 → [PRE-SYNC] 0x66B2 b266
14:32:49.495 p24656 → [ENC?] 0x32D1 d132
14:32:49.495 p24656 → [ENC?] 0x5F3B 3b5f
14:32:49.495 p24656 → [ENC?] 0x0E03 030e
14:32:52.395 p24656 → [PRE-SYNC] 0x66B2 b266
14:32:52.395 p24656 → [PRE-SYNC] 0x8280 8082
14:32:52.395 p24656 → [PRE-SYNC] 0x1FB2 b21f
14:32:52.395 p24656 → [PRE-SYNC] 0x328D 8d32
14:32:52.395 p24656 → [PRE-SYNC] 0x1758 5817
14:32:52.395 p24656 → [PRE-SYNC] 0x62D3 d362
14:32:52.395 p24656 → [PRE-SYNC] 0xDC4E 4edc
14:32:52.395 p24656 → [PRE-SYNC] 0x7274 7472
14:32:52.395 p24656 → [PRE-SYNC] 0xF1F7 f7f1
14:32:52.395 p24656 → [PRE-SYNC] 0x5CB9 b95c
14:32:52.395 p24656 → [PRE-SYNC] 0x579F 9f57
14:32:52.395 p24656 → [PRE-SYNC] 0x8EAB ab8e
14:32:52.395 p24656 → [PRE-SYNC] 0xB1D8 d8b1
14:32:52.396 p24656 → [PRE-SYNC] 0x7171 7171
14:32:52.396 p24656 → [PRE-SYNC] 0x2757 5727
14:32:52.396 p24656 → [PRE-SYNC] 0x490C 0c49
14:32:52.396 p24656 → [PRE-SYNC] 0xD7FD fdd7
14:32:52.396 p24656 → [PRE-SYNC] 0x6251 5162
14:32:52.396 p24656 → [PRE-SYNC] 0x1A17 171a
14:32:52.396 p24656 → [PRE-SYNC] 0x6098 9860
14:32:52.396 p24656 → [PRE-SYNC] 0xD406 06d4
14:32:52.396 p24656 → [PRE-SYNC] 0x5FCF cf5f
14:32:52.396 p24656 → [PRE-SYNC] 0x2554 5425
14:32:52.396 p24656 → [PRE-SYNC] 0x738D 8d73
14:32:52.396 p24656 → [PRE-SYNC] 0x179A 9a17
14:32:52.396 p24656 → [PRE-SYNC] 0x67D1 d167
14:32:52.396 p24656 → [PRE-SYNC] 0x389D 9d38
14:32:52.396 p24656 → [PRE-SYNC] 0x2BF1 f12b
14:32:52.396 p24656 → [PRE-SYNC] 0xFF4C 4cff
14:32:52.396 p24656 → [PRE-SYNC] 0x4D3D 3d4d
14:32:52.396 p24656 → [PRE-SYNC] 0x86D4 d486
14:32:52.396 p24656 → [PRE-SYNC] 0x679D 9d67
14:32:52.397 p24656 → [PRE-SYNC] 0xA1CC cca1
14:32:52.397 p24656 → [PRE-SYNC] 0x8CBC bc8c
14:32:52.397 p24656 → [PRE-SYNC] 0x5BB4 b45b
14:32:52.397 p24656 → [PRE-SYNC] 0x781C 1c78
14:32:52.397 p24656 → [PRE-SYNC] 0x8BAB ab8b
14:32:52.397 p24656 → [PRE-SYNC] 0xC7BF bfc7
14:32:52.397 p24656 → [PRE-SYNC] 0x9B17 179b
14:32:52.397 p24656 → [PRE-SYNC] 0xC05B 5bc0
14:32:52.397 p24656 → [PRE-SYNC] 0x452F 2f45
14:32:52.397 p24656 → [PRE-SYNC] 0x16D8 d816
14:32:52.397 p24656 → [PRE-SYNC] 0xDDFC fcdd
14:32:52.397 p24656 → [PRE-SYNC] 0x904B 4b90
14:32:52.397 p24656 → [PRE-SYNC] 0x560F 0f56
14:32:52.397 p24656 → [PRE-SYNC] 0xFB22 22fb
14:32:52.397 p24656 → [PRE-SYNC] 0xE64D 4de6
14:32:52.397 p24656 → [PRE-SYNC] 0x5F11 115f
14:32:52.397 p24656 → [PRE-SYNC] 0xFF8D 8dff
14:32:52.397 p24656 → [PRE-SYNC] 0x283F 3f28
14:32:52.397 p24656 → [PRE-SYNC] 0x9CE7 e79c
14:32:52.397 p24656 → [PRE-SYNC] 0x0578 7805
14:32:52.397 p24656 → [PRE-SYNC] 0x35B8 b835
14:32:52.397 p24656 → [PRE-SYNC] 0x4DF2 f24d
14:32:52.397 p24656 → [PRE-SYNC] 0x2D21 212d
14:32:52.397 p24656 → [PRE-SYNC] 0xF5DD ddf5
14:32:52.397 p24656 → [PRE-SYNC] 0x81FD fd81
14:32:52.397 p24656 → [PRE-SYNC] 0xF301 01f3
14:32:52.397 p24656 → [PRE-SYNC] 0x6931 3169
14:32:52.397 p24656 → [PRE-SYNC] 0xCA12 12ca
14:32:52.397 p24656 → [PRE-SYNC] 0xE340 40e3
14:32:52.397 p24656 → [PRE-SYNC] 0x7C00 007c
14:32:52.398 p24656 → [PRE-SYNC] 0x2238 3822
14:32:52.398 p24656 → [PRE-SYNC] 0x2CCA ca2c
14:32:52.398 p24656 → [PRE-SYNC] 0xE6B1 b1e6
14:32:52.398 p24656 → [ENC?] 0x283F 3f28
14:32:52.398 p24656 → [ENC?] 0x9CE7 e79c
14:32:52.398 p24656 → [ENC?] 0x0578 7805
14:32:52.398 p24656 → [ENC?] 0x35B8 b835
14:32:52.398 p24656 → [ENC?] 0x4DF2 f24d
14:32:52.398 p24656 → [ENC?] 0x2D21 212d
14:32:52.398 p24656 → [ENC?] 0xF5DD ddf5
14:32:52.398 p24656 → [ENC?] 0x81FD fd81
14:32:52.398 p24656 → [ENC?] 0xF301 01f3
14:32:52.398 p24656 → [ENC?] 0x6931 3169
14:32:52.398 p24656 → [ENC?] 0xCA12 12ca
14:32:52.398 p24656 → [ENC?] 0xE340 40e3
14:32:52.398 p24656 → [ENC?] 0x7C00 007c
14:32:52.398 p24656 → [ENC?] 0x2238 3822
14:32:52.398 p24656 → [ENC?] 0x2CCA ca2c
14:32:52.399 p24656 → [PRE-SYNC] 0xE6B1 b1e6
14:32:52.399 p24656 → [PRE-SYNC] 0x0368 6803
14:32:52.399 p24656 → [PRE-SYNC] 0x8A97 978a
14:32:52.399 p24656 → [PRE-SYNC] 0x068E 8e06
14:32:52.399 p24656 → [ENC?] 0xE6B1 b1e6
14:32:52.399 p24656 → [ENC?] 0x0368 6803
14:32:52.399 p24656 → [ENC?] 0x8A97 978a
14:32:52.794 p24656 → [PRE-SYNC] 0x068E 8e06
14:32:52.794 p24656 → [PRE-SYNC] 0x8280 8082
14:32:52.794 p24656 → [PRE-SYNC] 0xBF02 02bf
14:32:52.794 p24656 → [PRE-SYNC] 0x8E95 958e
14:32:52.794 p24656 → [PRE-SYNC] 0xA4A6 a6a4
14:32:52.794 p24656 → [PRE-SYNC] 0xA72E 2ea7
14:32:52.794 p24656 → [PRE-SYNC] 0xD3C9 c9d3
14:32:52.794 p24656 → [PRE-SYNC] 0x6FF1 f16f
14:32:52.794 p24656 → [PRE-SYNC] 0x5AB7 b75a
14:32:52.794 p24656 → [PRE-SYNC] 0x6EAE ae6e
14:32:52.795 p24656 → [PRE-SYNC] 0x625E 5e62
14:32:52.795 p24656 → [PRE-SYNC] 0xEBEA eaeb
14:32:52.795 p24656 → [PRE-SYNC] 0x5E64 645e
14:32:52.795 p24656 → [PRE-SYNC] 0x4634 3446
14:32:52.795 p24656 → [PRE-SYNC] 0x7C3D 3d7c
14:32:52.795 p24656 → [PRE-SYNC] 0xD627 27d6
14:32:52.795 p24656 → [PRE-SYNC] 0xE67A 7ae6
14:32:52.795 p24656 → [PRE-SYNC] 0xC648 48c6
14:32:52.795 p24656 → [PRE-SYNC] 0xA6C0 c0a6
14:32:52.795 p24656 → [PRE-SYNC] 0x6F73 736f
14:32:52.795 p24656 → [PRE-SYNC] 0x959C 9c95
14:32:52.795 p24656 → [PRE-SYNC] 0xDC1B 1bdc
14:32:52.795 p24656 → [PRE-SYNC] 0xDB91 91db
14:32:52.795 p24656 → [PRE-SYNC] 0x57BA ba57
14:32:52.795 p24656 → [PRE-SYNC] 0xF958 58f9
14:32:52.795 p24656 → [PRE-SYNC] 0x8244 4482
14:32:52.795 p24656 → [PRE-SYNC] 0x3D07 073d
14:32:52.795 p24656 → [PRE-SYNC] 0x865D 5d86
14:32:52.795 p24656 → [PRE-SYNC] 0x1E5A 5a1e
14:32:52.795 p24656 → [PRE-SYNC] 0xC34C 4cc3
14:32:52.795 p24656 → [PRE-SYNC] 0xB2A7 a7b2
14:32:52.795 p24656 → [PRE-SYNC] 0x6A8D 8d6a
14:32:52.795 p24656 → [PRE-SYNC] 0x4AB0 b04a
14:32:52.796 p24656 → [PRE-SYNC] 0x4F54 544f
14:32:52.796 p24656 → [PRE-SYNC] 0x250E 0e25
14:32:52.796 p24656 → [PRE-SYNC] 0xD793 93d7
14:32:52.796 p24656 → [PRE-SYNC] 0x0372 7203
14:32:52.796 p24656 → [PRE-SYNC] 0x718D 8d71
14:32:52.796 p24656 → [PRE-SYNC] 0x8BB4 b48b
14:32:52.796 p24656 → [PRE-SYNC] 0xA080 80a0
14:32:52.796 p24656 → [PRE-SYNC] 0xFA7D 7dfa
14:32:52.796 p24656 → [PRE-SYNC] 0xDB1B 1bdb
14:32:52.796 p24656 → [PRE-SYNC] 0x5F03 035f
14:32:52.796 p24656 → [PRE-SYNC] 0x5BED ed5b
14:32:52.796 p24656 → [PRE-SYNC] 0xC06B 6bc0
14:32:52.796 p24656 → [PRE-SYNC] 0x0AAE ae0a
14:32:52.796 p24656 → [PRE-SYNC] 0x4597 9745
14:32:52.796 p24656 → [PRE-SYNC] 0xCFA6 a6cf
14:32:52.796 p24656 → [PRE-SYNC] 0xC023 23c0
14:32:52.796 p24656 → [PRE-SYNC] 0x21EB eb21
14:32:52.796 p24656 → [PRE-SYNC] 0x79C5 c579
14:32:52.796 p24656 → [PRE-SYNC] 0x7BB8 b87b
14:32:52.796 p24656 → [PRE-SYNC] 0x2608 0826
14:32:52.796 p24656 → [PRE-SYNC] 0x740D 0d74
14:32:52.797 p24656 → [PRE-SYNC] 0x324A 4a32
14:32:52.797 p24656 → [PRE-SYNC] 0x56AB ab56
14:32:52.797 p24656 → [PRE-SYNC] 0x289D 9d28
14:32:52.797 p24656 → [PRE-SYNC] 0xBC0F 0fbc
14:32:52.797 p24656 → [PRE-SYNC] 0x472F 2f47
14:32:52.797 p24656 → [PRE-SYNC] 0x4E7A 7a4e
14:32:52.797 p24656 → [PRE-SYNC] 0x2A94 942a
14:32:52.797 p24656 → [PRE-SYNC] 0xBC94 94bc
14:32:52.797 p24656 → [PRE-SYNC] 0x2B51 512b
14:32:52.797 p24656 → [PRE-SYNC] 0xC877 77c8
14:32:52.797 p24656 → [PRE-SYNC] 0x9453 5394
14:32:52.797 p24656 → [ENC?] 0x21EB eb21
14:32:52.797 p24656 → [ENC?] 0x79C5 c579
14:32:52.797 p24656 → [ENC?] 0x7BB8 b87b
14:32:52.797 p24656 → [ENC?] 0x2608 0826
14:32:52.797 p24656 → [ENC?] 0x740D 0d74
14:32:52.797 p24656 → [ENC?] 0x324A 4a32
14:32:52.797 p24656 → [ENC?] 0x56AB ab56
14:32:52.797 p24656 → [ENC?] 0x289D 9d28
14:32:52.797 p24656 → [ENC?] 0xBC0F 0fbc
14:32:52.797 p24656 → [ENC?] 0x472F 2f47
14:32:52.797 p24656 → [ENC?] 0x4E7A 7a4e
14:32:52.798 p24656 → [ENC?] 0x2A94 942a
14:32:52.798 p24656 → [ENC?] 0xBC94 94bc
14:32:52.798 p24656 → [ENC?] 0x2B51 512b
14:32:52.798 p24656 → [ENC?] 0xC877 77c8
14:32:52.798 p24656 → [PRE-SYNC] 0x9453 5394
14:32:52.798 p24656 → [PRE-SYNC] 0x0368 6803
14:32:52.798 p24656 → [PRE-SYNC] 0x7928 2879
14:32:52.798 p24656 → [PRE-SYNC] 0x068E 8e06
14:32:52.798 p24656 → [ENC?] 0x9453 5394
14:32:52.798 p24656 → [ENC?] 0x0368 6803
14:32:52.798 p24656 → [ENC?] 0x7928 2879
14:32:53.228 p24656 → [PRE-SYNC] 0x068E 8e06
14:32:53.228 p24656 → [PRE-SYNC] 0x0361 6103
14:32:53.229 p24656 → [PRE-SYNC] 0x0001 0100
14:32:53.229 p24656 → 0x0001 [2B] 01 00
14:32:53.229 p24656 → [ENC?] 0x9001 0190
14:32:53.229 p24656 → [ENC?] 0x9700 0097
14:32:53.229 p24656 → [ENC?] 0x8E8A 8a8e
14:32:53.445 p24656 → [ENC?] 0x0106 0601
14:32:53.445 p24656 → [ENC?] 0x00B8 b800
14:32:53.445 p24656 → [ENC?] 0x8A97 978a
14:32:53.844 p24656 → [ENC?] 0x068E 8e06
14:32:53.844 p24656 → [ENC?] 0x8001 0180
14:32:53.844 p24656 → [ENC?] 0x3182 8231
14:32:53.844 p24656 → [ENC?] 0xE2EF efe2
14:32:53.845 p24656 → [ENC?] 0xE9BB bbe9
14:32:53.845 p24656 → [ENC?] 0x9343 4393
14:32:53.845 p24656 → [ENC?] 0x8608 0886
14:32:53.845 p24656 → [ENC?] 0xFFA6 a6ff
14:32:53.845 p24656 → [ENC?] 0xC132 32c1
14:32:53.845 p24656 → [ENC?] 0x1C53 531c
14:32:53.845 p24656 → [ENC?] 0xE11C 1ce1
14:32:53.845 p24656 → [ENC?] 0x5C59 595c
14:32:53.845 p24656 → [ENC?] 0xAD16 16ad
14:32:53.845 p24656 → [ENC?] 0xDA40 40da
14:32:53.845 p24656 → [ENC?] 0xD63C 3cd6
14:32:53.845 p24656 → [ENC?] 0xA36C 6ca3
14:32:53.845 p24656 → [ENC?] 0x4C29 294c
14:32:53.845 p24656 → [ENC?] 0x9FD9 d99f
14:32:53.845 p24656 → [ENC?] 0xFB38 38fb
14:32:53.845 p24656 → [ENC?] 0x0589 8905
14:32:53.845 p24656 → [ENC?] 0xF9C5 c5f9
14:32:53.845 p24656 → [ENC?] 0xC2AF afc2
14:32:53.845 p24656 → [ENC?] 0x0438 3804
14:32:53.845 p24656 → [ENC?] 0x9EF8 f89e
14:32:53.845 p24656 → [ENC?] 0xB525 25b5
14:32:53.845 p24656 → [ENC?] 0xDE31 31de
14:32:53.845 p24656 → [ENC?] 0x2B5A 5a2b
14:32:53.845 p24656 → [ENC?] 0x9644 4496
14:32:53.845 p24656 → [ENC?] 0x3DB8 b83d
14:32:53.845 p24656 → [ENC?] 0x0267 6702
14:32:53.845 p24656 → [ENC?] 0x115A 5a11
14:32:53.845 p24656 → [ENC?] 0xB8C9 c9b8
14:32:53.846 p24656 → [ENC?] 0x9913 1399
14:32:53.846 p24656 → [ENC?] 0x3337 3733
14:32:53.846 p24656 → [ENC?] 0x9B63 639b
14:32:53.846 p24656 → [ENC?] 0x53AF af53
14:32:53.846 p24656 → [ENC?] 0x59F5 f559
14:32:53.846 p24656 → [ENC?] 0x99D5 d599
14:32:53.846 p24656 → [ENC?] 0xB33C 3cb3
14:32:53.846 p24656 → [ENC?] 0xEE87 87ee
14:32:53.846 p24656 → [ENC?] 0xE1FF ffe1
14:32:53.846 p24656 → [ENC?] 0xC3FE fec3
14:32:53.846 p24656 → [ENC?] 0x013C 3c01
14:32:53.846 p24656 → [ENC?] 0x0C90 900c
14:32:53.846 p24656 → [ENC?] 0x9B3E 3e9b
14:32:53.846 p24656 → [ENC?] 0xADD9 d9ad
14:32:53.846 p24656 → [ENC?] 0x7C3E 3e7c
14:32:53.846 p24656 → [ENC?] 0x6D8E 8e6d
14:32:53.846 p24656 → [ENC?] 0x80CF cf80
14:32:53.846 p24656 → [ENC?] 0x6CF5 f56c
14:32:53.846 p24656 → [ENC?] 0x021A 1a02
14:32:53.846 p24656 → [ENC?] 0xB88F 8fb8
14:32:53.846 p24656 → [ENC?] 0x0279 7902
14:32:53.846 p24656 → [ENC?] 0x76D2 d276
14:32:53.846 p24656 → [ENC?] 0x6B12 126b
14:32:53.846 p24656 → [ENC?] 0xB259 59b2
14:32:53.846 p24656 → [ENC?] 0x7DE7 e77d
14:32:53.846 p24656 → [ENC?] 0x8F39 398f
14:32:53.846 p24656 → [ENC?] 0x8E8F 8f8e
14:32:53.846 p24656 → [ENC?] 0x2EA7 a72e
14:32:53.847 p24656 → [ENC?] 0x06FF ff06
14:32:53.847 p24656 → [ENC?] 0xC958 58c9
14:32:53.847 p24656 → [ENC?] 0x3885 8538
14:32:53.847 p24656 → [ENC?] 0xD106 06d1
14:32:53.847 p24656 → [ENC?] 0xBB43 43bb
14:32:53.847 p24656 → [ENC?] 0xB9B5 b5b9
14:32:53.847 p24656 → [ENC?] 0x9700 0097
14:32:53.995 p24656 → [ENC?] 0x8E8A 8a8e
14:32:53.995 p24656 → [ENC?] 0x4606 0646
14:32:53.995 p24656 → [ENC?] 0x9701 0197
14:32:54.128 p24656 → [ENC?] 0x8E8A 8a8e
14:32:54.128 p24656 → [ENC?] 0x6806 0668
14:32:54.128 p24656 → [ENC?] 0x6F03 036f
14:32:54.161 p24656 → [ENC?] 0x2DFE fe2d
14:32:54.162 p24656 → [ENC?] 0x6800 0068
14:32:54.162 p24656 → [ENC?] 0x1D03 031d
14:32:54.862 p24656 → [ENC?] 0x2DE8 e82d
14:32:54.862 p24656 → [ENC?] 0x5F00 005f
14:32:54.862 p24656 → [ENC?] 0xCE03 03ce
14:32:56.012 p24656 → [ENC?] 0xCD6F 6fcd
14:32:56.012 p24656 → [ENC?] 0x035F 5f03
14:32:56.562 p24656 → [ENC?] 0x9F11 119f
14:32:56.562 p24656 → [ENC?] 0x5F75 755f
14:32:56.562 p24656 → [ENC?] 0xB103 03b1
14:32:57.078 p24656 → [ENC?] 0xEFA6 a6ef
14:32:57.078 p24656 → [ENC?] 0x035F 5f03
14:32:57.111 p24656 → [ENC?] 0x60D2 d260
14:32:57.111 p24656 → [ENC?] 0x80AB ab80
14:32:57.111 p24656 → [ENC?] 0x9082 8290
14:32:57.111 p24656 → [ENC?] 0x7058 5870
14:32:57.111 p24656 → [ENC?] 0xC89C 9cc8
14:32:57.111 p24656 → [ENC?] 0x8A9F 9f8a
14:32:57.111 p24656 → [ENC?] 0x0D18 180d
14:32:57.111 p24656 → [ENC?] 0x41EE ee41
14:32:57.111 p24656 → [ENC?] 0xD35F 5fd3
14:32:57.111 p24656 → [ENC?] 0x00E2 e200
14:32:57.111 p24656 → [ENC?] 0x719D 9d71
14:32:57.111 p24656 → [ENC?] 0x16E4 e416
14:32:57.111 p24656 → [ENC?] 0x9AF9 f99a
14:32:57.111 p24656 → [ENC?] 0x0E8C 8c0e
14:32:57.111 p24656 → [ENC?] 0xDC22 22dc
14:32:57.112 p24656 → [ENC?] 0x3A80 803a
14:32:57.112 p24656 → [ENC?] 0x306B 6b30
14:32:57.112 p24656 → [ENC?] 0xE5C6 c6e5
14:32:57.112 p24656 → [ENC?] 0x9185 8591
14:32:57.112 p24656 → [ENC?] 0xB42A 2ab4
14:32:57.112 p24656 → [ENC?] 0xBD33 33bd
14:32:57.112 p24656 → [ENC?] 0x1CC1 c11c
14:32:57.112 p24656 → [ENC?] 0x3101 0131
14:32:57.112 p24656 → [ENC?] 0xD740 40d7
14:32:57.112 p24656 → [ENC?] 0x0434 3404
14:32:57.112 p24656 → [ENC?] 0xC71B 1bc7
14:32:57.112 p24656 → [ENC?] 0x824E 4e82
14:32:57.112 p24656 → [ENC?] 0xCB52 52cb
14:32:57.112 p24656 → [ENC?] 0xEEAA aaee
14:32:57.112 p24656 → [ENC?] 0x3F53 533f
14:32:57.112 p24656 → [ENC?] 0x8022 2280
14:32:57.112 p24656 → [ENC?] 0x42A9 a942
14:32:57.112 p24656 → [ENC?] 0xCC5C 5ccc
14:32:57.112 p24656 → [ENC?] 0xB5DE deb5
14:32:57.112 p24656 → [ENC?] 0x560F 0f56
14:32:57.112 p24656 → [ENC?] 0xEA15 15ea
14:32:57.112 p24656 → [ENC?] 0xBA8A 8aba
14:32:57.112 p24656 → [ENC?] 0x6C6D 6d6c
14:32:57.112 p24656 → [ENC?] 0x1F54 541f
14:32:57.112 p24656 → [ENC?] 0x5EA0 a05e
14:32:57.112 p24656 → [ENC?] 0xE733 33e7
14:32:57.112 p24656 → [ENC?] 0x948B 8b94
14:32:57.112 p24656 → [ENC?] 0xBFAF afbf
14:32:57.112 p24656 → [ENC?] 0xA7FB fba7
14:32:57.112 p24656 → [ENC?] 0xAEE5 e5ae
14:32:57.112 p24656 → [ENC?] 0x2CE2 e22c
14:32:57.112 p24656 → [ENC?] 0x789C 9c78
14:32:57.113 p24656 → [ENC?] 0xBCA9 a9bc
14:32:57.113 p24656 → [ENC?] 0x0C52 520c
14:32:57.113 p24656 → [ENC?] 0x5FBA ba5f
14:32:57.113 p24656 → [ENC?] 0xCFBF bfcf
14:32:57.113 p24656 → [ENC?] 0xC8A6 a6c8
14:32:57.113 p24656 → [ENC?] 0xB732 32b7
14:32:57.113 p24656 → [ENC?] 0x2668 6826
14:32:57.113 p24656 → [ENC?] 0x2F1D 1d2f
14:32:57.113 p24656 → [ENC?] 0xD9D9 d9d9
14:32:57.113 p24656 → [ENC?] 0xD2E5 e5d2
14:32:57.113 p24656 → [ENC?] 0xB1CA cab1
14:32:57.113 p24656 → [ENC?] 0x45A2 a245
14:32:57.113 p24656 → [ENC?] 0xE3C3 c3e3
14:32:57.113 p24656 → [ENC?] 0x9A41 419a
14:32:57.113 p24656 → [ENC?] 0x2B35 352b
14:32:57.113 p24656 → [ENC?] 0x4318 1843
14:32:57.113 p24656 → [ENC?] 0x68FC fc68
14:32:57.113 p24656 → [ENC?] 0x9624 2496
14:32:57.114 p24656 → [ENC?] 0x60E4 e460
14:32:57.114 p24656 → [ENC?] 0x2D03 032d
14:32:57.578 p24656 → [ENC?] 0x4356 5643
14:32:57.578 p24656 → [ENC?] 0x5F19 195f
14:32:57.579 p24656 → [ENC?] 0xF003 03f0
14:32:58.412 p24656 → [ENC?] 0xD3EA ead3
14:32:58.412 p24656 → [ENC?] 0x035F 5f03
14:32:59.028 p24656 → [ENC?] 0xCAAD adca
14:32:59.028 p24656 → [ENC?] 0x5F2C 2c5f
14:32:59.028 p24656 → [ENC?] 0xB403 03b4
14:32:59.580 p24656 → [ENC?] 0xB4F7 f7b4
14:32:59.580 p24656 → [ENC?] 0x035F 5f03
14:33:00.162 p24656 → [ENC?] 0xEC7E 7eec
14:33:00.162 p24656 → [ENC?] 0x5FA5 a55f
14:33:00.162 p24656 → [ENC?] 0xE203 03e2
14:33:00.712 p24656 → [ENC?] 0x09C4 c409
14:33:00.712 p24656 → [ENC?] 0x035F 5f03
14:33:01.696 p24656 → [ENC?] 0xCE14 14ce
14:33:01.696 p24656 → [ENC?] 0x5F16 165f
14:33:01.696 p24656 → [ENC?] 0x5603 0356
14:33:02.212 p24656 → [ENC?] 0x3328 2833
14:33:02.212 p24656 → [ENC?] 0x035F 5f03
14:33:03.145 p24656 → [ENC?] 0x53F3 f353
14:33:03.145 p24656 → [ENC?] 0x5FDD dd5f
14:33:03.145 p24656 → [ENC?] 0xCC03 03cc
14:33:04.278 p24656 → [ENC?] 0x77A8 a877
14:33:04.278 p24656 → [ENC?] 0x035F 5f03
14:33:05.161 p24656 → [ENC?] 0xA8C2 c2a8
14:33:05.162 p24656 → [ENC?] 0x5FD2 d25f
14:33:05.162 p24656 → [ENC?] 0xEC03 03ec
14:33:07.512 p24656 → [ENC?] 0x9927 2799
14:33:07.512 p24656 → [ENC?] 0x035F 5f03
14:33:08.512 p24656 → [ENC?] 0x228B 8b22
14:33:08.512 p24656 → [ENC?] 0x5F8F 8f5f
14:33:08.512 p24656 → [ENC?] 0x5103 0351
14:33:09.127 p24656 → [ENC?] 0x2083 8320
14:33:09.127 p24656 → [ENC?] 0x8280 8082
14:33:09.127 p24656 → [ENC?] 0x9DA4 a49d
14:33:09.127 p24656 → [ENC?] 0x772B 2b77
14:33:09.127 p24656 → [ENC?] 0x37CC cc37
14:33:09.127 p24656 → [ENC?] 0x5795 9557
14:33:09.128 p24656 → [ENC?] 0xE583 83e5
14:33:09.128 p24656 → [ENC?] 0xBD08 08bd
14:33:09.128 p24656 → [ENC?] 0x6129 2961
14:33:09.128 p24656 → [ENC?] 0x0AB8 b80a
14:33:09.128 p24656 → [ENC?] 0x9A36 369a
14:33:09.128 p24656 → [ENC?] 0xA797 97a7
14:33:09.128 p24656 → [ENC?] 0x0B1C 1c0b
14:33:09.128 p24656 → [ENC?] 0x5C59 595c
14:33:09.128 p24656 → [ENC?] 0xE233 33e2
14:33:09.128 p24656 → [ENC?] 0x72C3 c372
14:33:09.128 p24656 → [ENC?] 0x663A 3a66
14:33:09.128 p24656 → [ENC?] 0x7042 4270
14:33:09.128 p24656 → [ENC?] 0xF570 70f5
14:33:09.128 p24656 → [ENC?] 0x75DB db75
14:33:09.128 p24656 → [ENC?] 0x2802 0228
14:33:09.128 p24656 → [ENC?] 0x9378 7893
14:33:09.128 p24656 → [ENC?] 0xFA9C 9cfa
14:33:09.128 p24656 → [ENC?] 0xE6AF afe6
14:33:09.128 p24656 → [ENC?] 0xAECC ccae
14:33:09.128 p24656 → [ENC?] 0x53E7 e753
14:33:09.128 p24656 → [ENC?] 0xD15A 5ad1
14:33:09.128 p24656 → [ENC?] 0xEDE4 e4ed
14:33:09.128 p24656 → [ENC?] 0xF60A 0af6
14:33:09.128 p24656 → [ENC?] 0x3497 9734
14:33:09.128 p24656 → [ENC?] 0x6790 9067
14:33:09.128 p24656 → [ENC?] 0x3AC7 c73a
14:33:09.128 p24656 → [ENC?] 0x91F7 f791
14:33:09.128 p24656 → [ENC?] 0xB342 42b3
14:33:09.128 p24656 → [ENC?] 0x0C98 980c
14:33:09.128 p24656 → [ENC?] 0xEFBC bcef
14:33:09.129 p24656 → [ENC?] 0x7340 4073
14:33:09.129 p24656 → [ENC?] 0x4163 6341
14:33:09.129 p24656 → [ENC?] 0x07E3 e307
14:33:09.129 p24656 → [ENC?] 0x0F66 660f
14:33:09.129 p24656 → [ENC?] 0xE95B 5be9
14:33:09.129 p24656 → [ENC?] 0x2581 8125
14:33:09.129 p24656 → [ENC?] 0x12E9 e912
14:33:09.129 p24656 → [ENC?] 0xD202 02d2
14:33:09.129 p24656 → [ENC?] 0xA29C 9ca2
14:33:09.129 p24656 → [ENC?] 0x592F 2f59
14:33:09.129 p24656 → [ENC?] 0x0479 7904
14:33:09.129 p24656 → [ENC?] 0x0D29 290d
14:33:09.129 p24656 → [ENC?] 0xF1D0 d0f1
14:33:09.129 p24656 → [ENC?] 0x1B8B 8b1b
14:33:09.129 p24656 → [ENC?] 0x5274 7452
14:33:09.129 p24656 → [ENC?] 0x8F9E 9e8f
14:33:09.129 p24656 → [ENC?] 0xEF59 59ef
14:33:09.129 p24656 → [ENC?] 0x0349 4903
14:33:09.129 p24656 → [ENC?] 0xF39D 9df3
14:33:09.129 p24656 → [ENC?] 0x7ABC bc7a
14:33:09.129 p24656 → [ENC?] 0xE8F8 f8e8
14:33:09.129 p24656 → [ENC?] 0x95A1 a195
14:33:09.129 p24656 → [ENC?] 0xCDE8 e8cd
14:33:09.129 p24656 → [ENC?] 0x5047 4750
14:33:09.129 p24656 → [ENC?] 0xC754 54c7
14:33:09.129 p24656 → [ENC?] 0x574C 4c57
14:33:09.129 p24656 → [ENC?] 0xE6EC ece6
14:33:09.130 p24656 → [ENC?] 0x6095 9560
14:33:09.130 p24656 → [ENC?] 0xAB13 13ab
14:33:09.130 p24656 → [ENC?] 0x0360 6003
14:33:09.130 p24656 → [ENC?] 0x851D 1d85
14:33:09.545 p24656 → [ENC?] 0x1943 4319
14:33:09.545 p24656 → [ENC?] 0x035F 5f03
14:33:11.261 p24656 → [ENC?] 0x6655 5566
14:33:11.262 p24656 → [ENC?] 0x5FAE ae5f
14:33:11.262 p24656 → [ENC?] 0x7C03 037c
14:33:12.029 p24656 → [ENC?] 0x1631 3116
14:33:12.029 p24656 → [ENC?] 0x035F 5f03
14:33:12.828 p24656 → [ENC?] 0x1B6F 6f1b
14:33:12.828 p24656 → [ENC?] 0x5F0B 0b5f
14:33:12.828 p24656 → [ENC?] 0xAD03 03ad
14:33:13.878 p24656 → [ENC?] 0x407D 7d40
14:33:13.878 p24656 → [ENC?] 0x035F 5f03
14:33:14.595 p24656 → [ENC?] 0x040A 0a04
14:33:14.595 p24656 → [ENC?] 0x5F9B 9b5f
14:33:14.595 p24656 → [ENC?] 0xCD03 03cd
14:33:15.345 p24656 → [ENC?] 0xBFF7 f7bf
14:33:15.345 p24656 → [ENC?] 0x035F 5f03
14:33:16.028 p24656 → [ENC?] 0xC1A3 a3c1
14:33:16.028 p24656 → [ENC?] 0x5FC2 c25f
14:33:16.028 p24656 → [ENC?] 0x7403 0374
14:33:16.628 p24656 → [ENC?] 0x38EA ea38
14:33:16.628 p24656 → [ENC?] 0x035F 5f03
14:33:17.129 p24656 → [ENC?] 0x1557 5715
14:33:17.129 p24656 → [ENC?] 0x5FB2 b25f
14:33:17.129 p24656 → [ENC?] 0x6703 0367
14:33:17.194 p24656 → [ENC?] 0x04C3 c304
14:33:17.194 p24656 → [ENC?] 0x8280 8082
14:33:17.194 p24656 → [ENC?] 0x4416 1644
14:33:17.194 p24656 → [ENC?] 0x3BB9 b93b
14:33:17.194 p24656 → [ENC?] 0xBE78 78be
14:33:17.194 p24656 → [ENC?] 0xB2FB fbb2
14:33:17.194 p24656 → [ENC?] 0xAF21 21af
14:33:17.194 p24656 → [ENC?] 0x64B7 b764
14:33:17.194 p24656 → [ENC?] 0x504A 4a50
14:33:17.194 p24656 → [ENC?] 0x4CFB fb4c
14:33:17.194 p24656 → [ENC?] 0xB1CD cdb1
14:33:17.194 p24656 → [ENC?] 0x5EED ed5e
14:33:17.194 p24656 → [ENC?] 0x42FF ff42
14:33:17.194 p24656 → [ENC?] 0x29EF ef29
14:33:17.194 p24656 → [ENC?] 0x7A48 487a
14:33:17.194 p24656 → [ENC?] 0x5721 2157
14:33:17.195 p24656 → [ENC?] 0x560D 0d56
14:33:17.195 p24656 → [ENC?] 0xC3D6 d6c3
14:33:17.195 p24656 → [ENC?] 0x7E2E 2e7e
14:33:17.195 p24656 → [ENC?] 0x2B6E 6e2b
14:33:17.195 p24656 → [ENC?] 0x8524 2485
14:33:17.195 p24656 → [ENC?] 0x7A32 327a
14:33:17.195 p24656 → [ENC?] 0xFFF1 f1ff
14:33:17.195 p24656 → [ENC?] 0xED93 93ed
14:33:17.195 p24656 → [ENC?] 0x5129 2951
14:33:17.195 p24656 → [ENC?] 0x33DE de33
14:33:17.195 p24656 → [ENC?] 0xA652 52a6
14:33:17.195 p24656 → [ENC?] 0xD3F1 f1d3
14:33:17.195 p24656 → [ENC?] 0xA59B 9ba5
14:33:17.195 p24656 → [ENC?] 0x6FDF df6f
14:33:17.195 p24656 → [ENC?] 0x47FA fa47
14:33:17.195 p24656 → [ENC?] 0xB0D0 d0b0
14:33:17.195 p24656 → [ENC?] 0xCA44 44ca
14:33:17.195 p24656 → [ENC?] 0xECFD fdec
14:33:17.195 p24656 → [ENC?] 0x9B3D 3d9b
14:33:17.195 p24656 → [ENC?] 0x91B8 b891
14:33:17.195 p24656 → [ENC?] 0x394F 4f39
14:33:17.195 p24656 → [ENC?] 0xD589 89d5
14:33:17.195 p24656 → [ENC?] 0xB1C1 c1b1
14:33:17.195 p24656 → [ENC?] 0xDBA7 a7db
14:33:17.195 p24656 → [ENC?] 0xCB8C 8ccb
14:33:17.195 p24656 → [ENC?] 0x2109 0921
14:33:17.195 p24656 → [ENC?] 0x7BED ed7b
14:33:17.195 p24656 → [ENC?] 0x3329 2933
14:33:17.195 p24656 → [ENC?] 0x7BE9 e97b
14:33:17.195 p24656 → [ENC?] 0x724D 4d72
14:33:17.195 p24656 → [ENC?] 0xF810 10f8
14:33:17.196 p24656 → [ENC?] 0x6205 0562
14:33:17.196 p24656 → [ENC?] 0x64E5 e564
14:33:17.196 p24656 → [ENC?] 0x75FB fb75
14:33:17.196 p24656 → [ENC?] 0xBE3D 3dbe
14:33:17.196 p24656 → [ENC?] 0x063F 3f06
14:33:17.196 p24656 → [ENC?] 0x8473 7384
14:33:17.196 p24656 → [ENC?] 0x5F9F 9f5f
14:33:17.196 p24656 → [ENC?] 0xC42D 2dc4
14:33:17.196 p24656 → [ENC?] 0x1AA0 a01a
14:33:17.196 p24656 → [ENC?] 0x5A73 735a
14:33:17.196 p24656 → [PRE-SYNC] 0x7700 0077
14:33:17.196 p24656 → [PRE-SYNC] 0x1B9A 9a1b
14:33:17.196 p24656 → [PRE-SYNC] 0xBA74 74ba
14:33:17.196 p24656 → [PRE-SYNC] 0xD9E9 e9d9
14:33:17.196 p24656 → [PRE-SYNC] 0xEED6 d6ee
14:33:17.196 p24656 → [PRE-SYNC] 0x4749 4947
14:33:17.196 p24656 → [PRE-SYNC] 0x28D9 d928
14:33:17.196 p24656 → [ENC?] 0x7700 0077
14:33:17.196 p24656 → [ENC?] 0x1B9A 9a1b
14:33:17.196 p24656 → [ENC?] 0xBA74 74ba
14:33:17.196 p24656 → [ENC?] 0xD9E9 e9d9
14:33:17.196 p24656 → [ENC?] 0xEED6 d6ee
14:33:17.196 p24656 → [ENC?] 0x4749 4947
14:33:17.197 p24656 → [PRE-SYNC] 0x28D9 d928
14:33:17.197 p24656 → [PRE-SYNC] 0x685D 5d68
14:33:17.197 p24656 → [PRE-SYNC] 0x7403 0374
14:33:17.197 p24656 → [PRE-SYNC] 0x2E13 132e
14:33:17.197 p24656 → [ENC?] 0x28D9 d928
14:33:17.197 p24656 → [ENC?] 0x685D 5d68
14:33:17.197 p24656 → [ENC?] 0x7403 0374
14:33:17.428 p24656 → [PRE-SYNC] 0x2E13 132e
14:33:17.428 p24656 → [PRE-SYNC] 0x6800 0068
14:33:17.428 p24656 → [PRE-SYNC] 0x5203 0352
14:33:17.428 p24656 → [PRE-SYNC] 0x2DC7 c72d
14:33:17.428 p24656 → [ENC?] 0x2E13 132e
14:33:17.428 p24656 → [ENC?] 0x6800 0068
14:33:17.428 p24656 → [ENC?] 0x5203 0352
14:33:17.595 p24656 → [PRE-SYNC] 0x2DC7 c72d
14:33:17.595 p24656 → [PRE-SYNC] 0x5F00 005f
14:33:17.595 p24656 → [PRE-SYNC] 0xF503 03f5
14:33:17.596 p24656 → [PRE-SYNC] 0x92BA ba92
14:33:17.596 p24656 → [ENC?] 0x2DC7 c72d
14:33:17.596 p24656 → [ENC?] 0x5F00 005f
14:33:17.596 p24656 → [ENC?] 0xF503 03f5
14:33:18.578 p24656 → [PRE-SYNC] 0x92BA ba92
14:33:18.578 p24656 → [PRE-SYNC] 0x035F 5f03
14:33:18.578 p24656 → [PRE-SYNC] 0x86AC ac86
14:33:18.578 p24656 → [ENC?] 0x92BA ba92
14:33:18.578 p24656 → [ENC?] 0x035F 5f03
14:33:18.978 p24656 → [PRE-SYNC] 0x86AC ac86
14:33:18.978 p24656 → [PRE-SYNC] 0x5F9F 9f5f
14:33:18.978 p24656 → [PRE-SYNC] 0xA403 03a4
14:33:18.978 p24656 → [PRE-SYNC] 0xB90F 0fb9
14:33:18.978 p24656 → [ENC?] 0x86AC ac86
14:33:18.978 p24656 → [ENC?] 0x5F9F 9f5f
14:33:18.978 p24656 → [ENC?] 0xA403 03a4
