00:44:20.160 ← 0x0000 [747B] 00 00 eb 02 74 6b a4 8a 24 03 80 05 05 00 00 01 02 04 00 8e 00 1a 00 2d 3d 20 42 61 6d 62 6f 6f
00:44:20.160 ← 0x0000 [256B] 00 00 00 01 0e 00 95 03 00 00 03 01 00 00 00 00 00 00 00 00 00 00 00 00 00 00 00 00 00 00 00 00
00:44:20.160 ← 0x0000 [256B] 00 00 00 01 16 00 2b 04 00 00 03 02 00 00 00 00 00 00 00 00 00 00 00 00 00 00 00 00 00 00 00 00
00:44:20.160 ← 0x0000 [256B] 00 00 00 01 19 00 fd 08 00 00 04 10 00 00 00 10 00 00 00 00 00 00 00 00 00 00 00 00 00 00 00 00
00:44:20.160 ← 0xF927 [2B] 27 f9
00:44:20.171 ← 0x8F6A [2B] 6a 8f
00:44:20.171 ← 0xD98A [2B] 8a d9
00:44:20.172 ← 0x267D [2B] 7d 26
00:44:20.172 ← 0x346D [2B] 6d 34
00:44:20.172 ← 0xCDD5 [2B] d5 cd
00:44:20.173 ← 0xF0EA [2B] ea f0
00:44:20.173 ← 0x90C6 [2B] c6 90
00:44:20.173 ← 0xBA4D [2B] 4d ba
00:44:29.260 → 0x0436 [354B] 36 04 62 01 2e 00 48 28 00 00 5f e0 08 4c 80 1c 01 00 92 54 26 11 01 92 c3 2c 00 4c 18 0f 56 09
00:44:32.192 → [ENC] 0x8280 [2B] 8082
00:44:32.192 → [ENC] 0x9380 [2B] 8093
00:44:32.192 → [ENC] 0xFC7B [2B] 7bfc
00:44:32.192 → [ENC] 0xBB1D [2B] 1dbb
00:44:32.192 → [ENC] 0x13E2 [2B] e213
00:44:32.192 → [ENC] 0x7571 [2B] 7175
00:44:32.192 → [ENC] 0xD018 [2B] 18d0
00:44:32.192 → [ENC] 0x4DF1 [2B] f14d
00:44:32.192 → [ENC] 0xCDF9 [2B] f9cd
00:44:32.192 → [ENC] 0xD62A [2B] 2ad6
00:44:32.192 → [ENC] 0xDF43 [2B] 43df
00:44:32.192 → [ENC] 0xD20C [2B] 0cd2
00:44:32.192 → [ENC] 0x3C0F [2B] 0f3c
00:44:32.192 → [ENC] 0xBB6A [2B] 6abb
00:44:32.193 → [ENC] 0xC550 [2B] 50c5
00:44:32.193 → [ENC] 0xFAC5 [2B] c5fa
00:44:32.193 → [ENC] 0xCE08 [2B] 08ce
00:44:59.222 ← 0xC535 [3328B] 35 c5 00 0d 28 8d 8a 0c c5 b2 f9 f8 c3 7c 96 31 03 f5 92 57 9c cc f2 3c 4f 41 e4 d5 54 49 d7 01
00:44:59.353 ← 0x4DAC [2B] ac 4d
00:45:06.003 ← 0xB088 [1792B] 88 b0 00 07 00 22 00 00 00 b6 00 45 8c 8e 06 87 00 ec 08 a5 8a 3a 44 c3 b4 51 88 b6 00 44 8c 8e
00:45:09.444 ← 0x0002 [730B] 02 00 da 02 00 d9 02 01 00 00 00 00 00 00 00 8d 0b 05 00 01 7f 00 da 70 42 86 1b 0b b6 00 44 8c
00:45:09.445 ← 0x6569 [2B] 69 65
00:45:10.535 ← 0x0000 [182B] 00 00 b6 00 45 8c 8e 06 87 00 a9 30 a5 8a 0a 04 f0 b4 51 88 b6 00 44 8c 8e 06 fd 09 72 00 e6 81
00:45:10.535 ← 0xD33C [2B] 3c d3
00:45:10.536 ← 0x6B35 [2B] 35 6b
00:45:10.536 ← 0x4675 [2B] 75 46
00:45:10.536 ← 0x11F7 [2B] f7 11
00:45:10.536 ← 0xB479 [2B] 79 b4
00:45:10.537 ← 0xE735 [2B] 35 e7
00:45:10.537 ← 0xF487 [2B] 87 f4
00:45:10.537 ← 0x47B4 [2B] b4 47
00:45:10.537 ← 0xA528 [2B] 28 a5
00:45:10.538 ← 0x98B9 [2B] b9 98
00:45:10.538 ← 0xCED7 [2B] d7 ce
00:45:10.538 ← 0x396F [2B] 6f 39
00:45:10.538 ← 0xFC80 [2B] 80 fc
00:45:10.539 ← 0x194F [2B] 4f 19
00:45:10.539 ← 0x881A [2B] 1a 88
00:45:10.539 ← 0xB888 [2B] 88 b8
00:45:10.539 ← 0xA4B6 [2B] b6 a4
00:45:10.540 ← 0xE953 [2B] 53 e9
00:45:10.540 ← 0xB8DE [2B] de b8
00:45:10.540 ← 0x5E92 [2B] 92 5e
00:45:10.541 ← 0xF349 [2B] 49 f3
00:45:10.541 ← 0x6F5A [2B] 5a 6f
00:45:10.542 ← 0xE24D [2B] 4d e2
00:45:10.542 ← 0x34FA [2B] fa 34
00:45:10.542 ← 0xF87C [2B] 7c f8
00:45:10.543 ← 0xCA71 [2B] 71 ca
00:45:10.543 ← 0xB212 [2B] 12 b2
00:45:10.543 ← 0x2446 [2B] 46 24
00:45:10.544 ← 0x3D97 [2B] 97 3d
00:45:10.544 ← 0x1A51 [2B] 51 1a
00:45:10.544 ← 0x9516 [2B] 16 95
00:45:10.544 ← 0x5ED1 [2B] d1 5e
00:45:26.126 → 0x8098 [1363B] 98 80 53 05 b1 96 22 aa 9c b6 ef a2 c4 7f bc eb 3d bb d5 b7 ea fb 79 3c c9 92 60 55 ec 00 80 70
00:45:26.160 ← 0xC7F7 [2557B] f7 c7 fd 09 72 00 d0 9d 7b f8 04 9e 49 76 27 68 e6 5e 41 f4 3c 71 85 49 e4 c3 e6 5c 11 02 51 72
00:45:26.160 ← 0x48BA [2B] ba 48
00:45:26.160 ← 0xCA3B [2B] 3b ca
00:45:26.161 ← 0xFE48 [2B] 48 fe
00:45:26.161 ← 0xEC23 [2B] 23 ec
00:45:26.161 ← 0xD782 [2B] 82 d7
