14:12:09.874 
════════════════════════════════════════════════════════════
  SUMMARY  14:12:09
────────────────────────────────────────────────────────────
  Memory  : pos=(None,None) HP=None/None SP=None/None
  Gepard  : accuracy=0% hits=0 miss=0 ENC_buf=80/80
  Keys    : on=False src=''
  Ports   : [22878, 23545, 25787, 24656]

  Monsters (0):

  Players (0):
════════════════════════════════════════════════════════════
14:12:25.009 
════════════════════════════════════════════════════════════
  SUMMARY  14:12:25
────────────────────────────────────────────────────────────
  Memory  : pos=(None,None) HP=None/None SP=None/None
  Gepard  : accuracy=0% hits=0 miss=0 ENC_buf=319/319
  Keys    : on=False src=''
  Ports   : [22878, 23545, 25787, 24656]

  Monsters (0):

  Players (0):
════════════════════════════════════════════════════════════
14:12:40.064 
════════════════════════════════════════════════════════════
  SUMMARY  14:12:40
────────────────────────────────────────────────────────────
  Memory  : pos=(None,None) HP=None/None SP=None/None
  Gepard  : accuracy=0% hits=0 miss=0 ENC_buf=390/390
  Keys    : on=False src=''
  Ports   : [22878, 23545, 25787, 24656]

  Monsters (0):

  Players (0):
════════════════════════════════════════════════════════════
14:12:55.072 
════════════════════════════════════════════════════════════
  SUMMARY  14:12:55
────────────────────────────────────────────────────────────
  Memory  : pos=(None,None) HP=None/None SP=None/None
  Gepard  : accuracy=0% hits=0 miss=0 ENC_buf=390/390
  Keys    : on=False src=''
  Ports   : [22878, 23545, 25787, 24656]

  Monsters (0):

  Players (0):
════════════════════════════════════════════════════════════
14:13:02.732 
════════════════════════════════════════════════════════════
  SUMMARY  14:13:02
────────────────────────────────────────────────────────────
  Memory  : pos=(None,None) HP=None/None SP=None/None
  Gepard  : accuracy=0% hits=0 miss=0 ENC_buf=390/390
  Keys    : on=False src=''
  Ports   : [22878, 23545, 25787, 24656]

  Monsters (0):

  Players (0):
════════════════════════════════════════════════════════════
