14:10:32.872 
════════════════════════════════════════════════════════════
  SUMMARY  14:10:32
────────────────────────────────────────────────────────────
  Memory  : pos=(None,None) HP=None/None SP=None/None
  Gepard  : accuracy=0% hits=0 miss=0 ENC_buf=76/76
  Keys    : on=False src=''
  Ports   : [22878, 23545, 25787]

  Monsters (0):

  Players (0):
════════════════════════════════════════════════════════════
14:10:47.990 
════════════════════════════════════════════════════════════
  SUMMARY  14:10:47
────────────────────────────────────────────────────────────
  Memory  : pos=(None,None) HP=None/None SP=None/None
  Gepard  : accuracy=0% hits=0 miss=0 ENC_buf=185/185
  Keys    : on=False src=''
  Ports   : [22878, 23545, 25787, 24656]

  Monsters (0):

  Players (0):
════════════════════════════════════════════════════════════
14:11:03.001 
════════════════════════════════════════════════════════════
  SUMMARY  14:11:03
────────────────────────────────────────────────────────────
  Memory  : pos=(None,None) HP=None/None SP=None/None
  Gepard  : accuracy=0% hits=0 miss=0 ENC_buf=328/328
  Keys    : on=False src=''
  Ports   : [22878, 23545, 25787, 24656]

  Monsters (0):

  Players (0):
════════════════════════════════════════════════════════════
14:11:18.015 
════════════════════════════════════════════════════════════
  SUMMARY  14:11:18
────────────────────────────────────────────────────────────
  Memory  : pos=(None,None) HP=None/None SP=None/None
  Gepard  : accuracy=0% hits=0 miss=0 ENC_buf=512/559
  Keys    : on=False src=''
  Ports   : [22878, 23545, 25787, 24656]

  Monsters (0):

  Players (0):
════════════════════════════════════════════════════════════
