14:32:33.893 
════════════════════════════════════════════════════════════
  SUMMARY  14:32:33
────────────────────────────────────────────────────────────
  Memory  : pos=(None,None) HP=None/None SP=None/None
  Gepard  : accuracy=0% hits=0 miss=0 ENC_buf=512/1434
  Keys    : on=False src=''
  Ports   : [22878, 25787, 23545, 24656]

  Monsters (0):

  Players (0):
════════════════════════════════════════════════════════════
14:32:48.920 
════════════════════════════════════════════════════════════
  SUMMARY  14:32:48
────────────────────────────────────────────────────────────
  Memory  : pos=(None,None) HP=None/None SP=None/None
  Gepard  : accuracy=0% hits=0 miss=0 ENC_buf=512/1592
  Keys    : on=False src=''
  Ports   : [22878, 25787, 23545, 24656]

  Monsters (0):

  Players (0):
════════════════════════════════════════════════════════════
14:33:04.097 
════════════════════════════════════════════════════════════
  SUMMARY  14:33:04
────────────────────────────────────────────────────────────
  Memory  : pos=(None,None) HP=None/None SP=None/None
  Gepard  : accuracy=0% hits=0 miss=0 ENC_buf=512/1958
  Keys    : on=False src=''
  Ports   : [22878, 25787, 23545, 24656]

  Monsters (0):

  Players (0):
════════════════════════════════════════════════════════════
14:33:19.111 
════════════════════════════════════════════════════════════
  SUMMARY  14:33:19
────────────────────────────────────────────────────────────
  Memory  : pos=(None,None) HP=None/None SP=None/None
  Gepard  : accuracy=0% hits=0 miss=0 ENC_buf=512/2163
  Keys    : on=False src=''
  Ports   : [22878, 25787, 23545, 24656]

  Monsters (0):

  Players (0):
════════════════════════════════════════════════════════════
