17:13:28.596 
════════════════════════════════════════════════════════════
  SUMMARY  17:13:28
────────────────────────────────────────────────────────────
  Memory  : pos=(None,None) HP=None/None SP=None/None
  Gepard  : accuracy=0% hits=0 miss=0 ENC_buf=0/0
  Keys    : on=False src=''
  Ports   : [22878]

  Monsters (0):

  Players (0):
════════════════════════════════════════════════════════════
17:13:43.618 
════════════════════════════════════════════════════════════
  SUMMARY  17:13:43
────────────────────────────────────────────────────────────
  Memory  : pos=(168,225) HP=163/187 SP=42/42
  Gepard  : accuracy=0% hits=0 miss=0 ENC_buf=0/52
  Keys    : on=False src=''
  Ports   : [22878, 23545, 25787, 24656]

  Monsters (0):

  Players (0):
════════════════════════════════════════════════════════════
17:13:58.632 
════════════════════════════════════════════════════════════
  SUMMARY  17:13:58
────────────────────────────────────────────────────────────
  Memory  : pos=(76,19) HP=8/40 SP=11/11
  Gepard  : accuracy=0% hits=0 miss=0 ENC_buf=280/332
  Keys    : on=False src=''
  Ports   : [22878, 23545, 25787, 24656]

  Monsters (0):

  Players (0):
════════════════════════════════════════════════════════════
17:14:13.856 
════════════════════════════════════════════════════════════
  SUMMARY  17:14:13
────────────────────────────────────────────────────────────
  Memory  : pos=(99,29) HP=21/40 SP=11/11
  Gepard  : accuracy=0% hits=0 miss=0 ENC_buf=280/332
  Keys    : on=False src=''
  Ports   : [22878, 23545, 25787, 24656]

  Monsters (0):

  Players (0):
════════════════════════════════════════════════════════════
17:14:28.948 
════════════════════════════════════════════════════════════
  SUMMARY  17:14:28
────────────────────────────────────────────────────────────
  Memory  : pos=(120,36) HP=45/45 SP=12/12
  Gepard  : accuracy=0% hits=0 miss=0 ENC_buf=280/332
  Keys    : on=False src=''
  Ports   : [22878, 23545, 25787, 24656]

  Monsters (0):

  Players (0):
════════════════════════════════════════════════════════════
17:14:44.009 
════════════════════════════════════════════════════════════
  SUMMARY  17:14:44
────────────────────────────────────────────────────────────
  Memory  : pos=(98,63) HP=22/45 SP=12/12
  Gepard  : accuracy=0% hits=0 miss=0 ENC_buf=280/332
  Keys    : on=False src=''
  Ports   : [22878, 23545, 25787, 24656]

  Monsters (0):

  Players (0):
════════════════════════════════════════════════════════════
17:14:59.010 
════════════════════════════════════════════════════════════
  SUMMARY  17:14:59
────────────────────────────────────────────────────────────
  Memory  : pos=(97,63) HP=33/45 SP=12/12
  Gepard  : accuracy=0% hits=0 miss=0 ENC_buf=463/515
  Keys    : on=False src=''
  Ports   : [22878, 23545, 25787, 24656]

  Monsters (0):

  Players (0):
════════════════════════════════════════════════════════════
17:15:14.014 
════════════════════════════════════════════════════════════
  SUMMARY  17:15:14
────────────────────────────────────────────────────────────
  Memory  : pos=(91,31) HP=24/45 SP=12/12
  Gepard  : accuracy=0% hits=0 miss=0 ENC_buf=512/591
  Keys    : on=False src=''
  Ports   : [22878, 23545, 25787, 24656]

  Monsters (0):

  Players (0):
════════════════════════════════════════════════════════════
17:15:29.120 
════════════════════════════════════════════════════════════
  SUMMARY  17:15:29
────────────────────────────────────────────────────────────
  Memory  : pos=(104,52) HP=44/50 SP=13/13
  Gepard  : accuracy=0% hits=0 miss=0 ENC_buf=512/591
  Keys    : on=False src=''
  Ports   : [22878, 23545, 25787, 24656]

  Monsters (0):

  Players (0):
════════════════════════════════════════════════════════════
17:15:44.181 
════════════════════════════════════════════════════════════
  SUMMARY  17:15:44
────────────────────────────────────────────────────────────
  Memory  : pos=(120,66) HP=43/55 SP=14/14
  Gepard  : accuracy=0% hits=0 miss=0 ENC_buf=512/591
  Keys    : on=False src=''
  Ports   : [22878, 23545, 25787, 24656]

  Monsters (0):

  Players (0):
════════════════════════════════════════════════════════════
17:15:59.219 
════════════════════════════════════════════════════════════
  SUMMARY  17:15:59
────────────────────────────────────────────────────────────
  Memory  : pos=(120,66) HP=31/55 SP=14/14
  Gepard  : accuracy=0% hits=0 miss=0 ENC_buf=512/591
  Keys    : on=False src=''
  Ports   : [22878, 23545, 25787, 24656]

  Monsters (0):

  Players (0):
════════════════════════════════════════════════════════════
17:16:14.229 
════════════════════════════════════════════════════════════
  SUMMARY  17:16:14
────────────────────────────────────────────────────────────
  Memory  : pos=(116,60) HP=14/55 SP=14/14
  Gepard  : accuracy=0% hits=0 miss=0 ENC_buf=512/591
  Keys    : on=False src=''
  Ports   : [22878, 23545, 25787, 24656]

  Monsters (0):

  Players (0):
════════════════════════════════════════════════════════════
17:16:29.240 
════════════════════════════════════════════════════════════
  SUMMARY  17:16:29
────────────────────────────────────────────────────────────
  Memory  : pos=(111,64) HP=24/55 SP=14/14
  Gepard  : accuracy=0% hits=0 miss=0 ENC_buf=512/591
  Keys    : on=False src=''
  Ports   : [22878, 23545, 25787, 24656]

  Monsters (0):

  Players (0):
════════════════════════════════════════════════════════════
17:16:44.247 
════════════════════════════════════════════════════════════
  SUMMARY  17:16:44
────────────────────────────────────────────────────────────
  Memory  : pos=(96,65) HP=23/55 SP=14/14
  Gepard  : accuracy=0% hits=0 miss=0 ENC_buf=512/591
  Keys    : on=False src=''
  Ports   : [22878, 23545, 25787, 24656]

  Monsters (0):

  Players (0):
════════════════════════════════════════════════════════════
17:16:59.255 
════════════════════════════════════════════════════════════
  SUMMARY  17:16:59
────────────────────────────────────────────────────────────
  Memory  : pos=(96,62) HP=33/55 SP=14/14
  Gepard  : accuracy=0% hits=0 miss=0 ENC_buf=512/591
  Keys    : on=False src=''
  Ports   : [22878, 23545, 25787, 24656]

  Monsters (0):

  Players (0):
════════════════════════════════════════════════════════════
17:17:14.262 
════════════════════════════════════════════════════════════
  SUMMARY  17:17:14
────────────────────────────────────────────────────────────
  Memory  : pos=(97,63) HP=10/60 SP=15/15
  Gepard  : accuracy=0% hits=0 miss=0 ENC_buf=512/591
  Keys    : on=False src=''
  Ports   : [22878, 23545, 25787, 24656]

  Monsters (0):

  Players (0):
════════════════════════════════════════════════════════════
17:17:29.296 
════════════════════════════════════════════════════════════
  SUMMARY  17:17:29
────────────────────────────────────────────────────────────
  Memory  : pos=(102,60) HP=45/60 SP=15/15
  Gepard  : accuracy=0% hits=0 miss=0 ENC_buf=512/591
  Keys    : on=False src=''
  Ports   : [22878, 23545, 25787, 24656]

  Monsters (0):

  Players (0):
════════════════════════════════════════════════════════════
17:17:44.319 
════════════════════════════════════════════════════════════
  SUMMARY  17:17:44
────────────────────────────────────────────────────────────
  Memory  : pos=(100,62) HP=8/60 SP=15/15
  Gepard  : accuracy=0% hits=0 miss=0 ENC_buf=512/591
  Keys    : on=False src=''
  Ports   : [22878, 23545, 25787, 24656]

  Monsters (0):

  Players (0):
════════════════════════════════════════════════════════════
17:17:59.330 
════════════════════════════════════════════════════════════
  SUMMARY  17:17:59
────────────────────────────────────────────────────────────
  Memory  : pos=(None,None) HP=None/None SP=None/None
  Gepard  : accuracy=0% hits=0 miss=0 ENC_buf=512/591
  Keys    : on=False src=''
  Ports   : [22878, 23545, 25787, 24656]

  Monsters (0):

  Players (0):
════════════════════════════════════════════════════════════
17:18:14.423 
════════════════════════════════════════════════════════════
  SUMMARY  17:18:14
────────────────────────────────────────────────────────────
  Memory  : pos=(None,None) HP=None/None SP=None/None
  Gepard  : accuracy=0% hits=0 miss=0 ENC_buf=512/591
  Keys    : on=False src=''
  Ports   : [22878, 23545, 25787, 24656]

  Monsters (0):

  Players (0):
════════════════════════════════════════════════════════════
17:18:29.430 
════════════════════════════════════════════════════════════
  SUMMARY  17:18:29
────────────────────────────────────────────────────────────
  Memory  : pos=(None,None) HP=None/None SP=None/None
  Gepard  : accuracy=0% hits=0 miss=0 ENC_buf=512/591
  Keys    : on=False src=''
  Ports   : [22878, 23545, 25787, 24656]

  Monsters (0):

  Players (0):
════════════════════════════════════════════════════════════
17:18:44.434 
════════════════════════════════════════════════════════════
  SUMMARY  17:18:44
────────────────────────────────────────────────────────────
  Memory  : pos=(None,None) HP=None/None SP=None/None
  Gepard  : accuracy=0% hits=0 miss=0 ENC_buf=512/591
  Keys    : on=False src=''
  Ports   : [22878, 23545, 25787, 24656]

  Monsters (0):

  Players (0):
════════════════════════════════════════════════════════════
17:18:59.445 
════════════════════════════════════════════════════════════
  SUMMARY  17:18:59
────────────────────────────────────────────────────────────
  Memory  : pos=(None,None) HP=None/None SP=None/None
  Gepard  : accuracy=0% hits=0 miss=0 ENC_buf=512/591
  Keys    : on=False src=''
  Ports   : [22878, 23545, 25787, 24656]

  Monsters (0):

  Players (0):
════════════════════════════════════════════════════════════
17:19:14.459 
════════════════════════════════════════════════════════════
  SUMMARY  17:19:14
────────────────────────────────────────────────────────────
  Memory  : pos=(None,None) HP=None/None SP=None/None
  Gepard  : accuracy=0% hits=0 miss=0 ENC_buf=512/591
  Keys    : on=False src=''
  Ports   : [22878, 23545, 25787, 24656]

  Monsters (0):

  Players (0):
════════════════════════════════════════════════════════════
17:19:29.469 
════════════════════════════════════════════════════════════
  SUMMARY  17:19:29
────────────────────────────────────────────────────────────
  Memory  : pos=(None,None) HP=None/None SP=None/None
  Gepard  : accuracy=0% hits=0 miss=0 ENC_buf=512/591
  Keys    : on=False src=''
  Ports   : [22878, 23545, 25787, 24656]

  Monsters (0):

  Players (0):
════════════════════════════════════════════════════════════
17:19:44.477 
════════════════════════════════════════════════════════════
  SUMMARY  17:19:44
────────────────────────────────────────────────────────────
  Memory  : pos=(None,None) HP=None/None SP=None/None
  Gepard  : accuracy=0% hits=0 miss=0 ENC_buf=512/591
  Keys    : on=False src=''
  Ports   : [22878, 23545, 25787, 24656]

  Monsters (0):

  Players (0):
════════════════════════════════════════════════════════════
17:19:59.897 
════════════════════════════════════════════════════════════
  SUMMARY  17:19:59
────────────────────────────────────────────────────────────
  Memory  : pos=(None,None) HP=None/None SP=None/None
  Gepard  : accuracy=0% hits=0 miss=0 ENC_buf=512/591
  Keys    : on=False src=''
  Ports   : [22878, 23545, 25787, 24656]

  Monsters (0):

  Players (0):
════════════════════════════════════════════════════════════
17:20:14.956 
════════════════════════════════════════════════════════════
  SUMMARY  17:20:14
────────────────────────────────────────────────────────────
  Memory  : pos=(None,None) HP=None/None SP=None/None
  Gepard  : accuracy=0% hits=0 miss=0 ENC_buf=512/591
  Keys    : on=False src=''
  Ports   : [22878, 23545, 25787, 24656]

  Monsters (0):

  Players (0):
════════════════════════════════════════════════════════════
17:20:29.991 
════════════════════════════════════════════════════════════
  SUMMARY  17:20:29
────────────────────────────────────────────────────────────
  Memory  : pos=(None,None) HP=None/None SP=None/None
  Gepard  : accuracy=0% hits=0 miss=0 ENC_buf=512/591
  Keys    : on=False src=''
  Ports   : [22878, 23545, 25787, 24656]

  Monsters (0):

  Players (0):
════════════════════════════════════════════════════════════
17:20:44.997 
════════════════════════════════════════════════════════════
  SUMMARY  17:20:44
────────────────────────────────────────────────────────────
  Memory  : pos=(None,None) HP=None/None SP=None/None
  Gepard  : accuracy=0% hits=0 miss=0 ENC_buf=512/591
  Keys    : on=False src=''
  Ports   : [22878, 23545, 25787, 24656]

  Monsters (0):

  Players (0):
════════════════════════════════════════════════════════════
17:21:00.039 
════════════════════════════════════════════════════════════
  SUMMARY  17:21:00
────────────────────────────────────────────────────────────
  Memory  : pos=(None,None) HP=None/None SP=None/None
  Gepard  : accuracy=0% hits=0 miss=0 ENC_buf=512/591
  Keys    : on=False src=''
  Ports   : [22878, 23545, 25787, 24656]

  Monsters (0):

  Players (0):
════════════════════════════════════════════════════════════
17:21:15.082 
════════════════════════════════════════════════════════════
  SUMMARY  17:21:15
────────────────────────────────────────────────────────────
  Memory  : pos=(None,None) HP=None/None SP=None/None
  Gepard  : accuracy=0% hits=0 miss=0 ENC_buf=512/591
  Keys    : on=False src=''
  Ports   : [22878, 23545, 25787, 24656]

  Monsters (0):

  Players (0):
════════════════════════════════════════════════════════════
17:21:30.138 
════════════════════════════════════════════════════════════
  SUMMARY  17:21:30
────────────────────────────────────────────────────────────
  Memory  : pos=(None,None) HP=None/None SP=None/None
  Gepard  : accuracy=0% hits=0 miss=0 ENC_buf=512/591
  Keys    : on=False src=''
  Ports   : [22878, 23545, 25787, 24656]

  Monsters (0):

  Players (0):
════════════════════════════════════════════════════════════
17:21:45.139 
════════════════════════════════════════════════════════════
  SUMMARY  17:21:45
────────────────────────────────────────────────────────────
  Memory  : pos=(None,None) HP=None/None SP=None/None
  Gepard  : accuracy=0% hits=0 miss=0 ENC_buf=512/591
  Keys    : on=False src=''
  Ports   : [22878, 23545, 25787, 24656]

  Monsters (0):

  Players (0):
════════════════════════════════════════════════════════════
17:22:00.143 
════════════════════════════════════════════════════════════
  SUMMARY  17:22:00
────────────────────────────────────────────────────────────
  Memory  : pos=(None,None) HP=None/None SP=None/None
  Gepard  : accuracy=0% hits=0 miss=0 ENC_buf=512/591
  Keys    : on=False src=''
  Ports   : [22878, 23545, 25787, 24656]

  Monsters (0):

  Players (0):
════════════════════════════════════════════════════════════
17:22:15.146 
════════════════════════════════════════════════════════════
  SUMMARY  17:22:15
────────────────────────────────────────────────────────────
  Memory  : pos=(None,None) HP=None/None SP=None/None
  Gepard  : accuracy=0% hits=0 miss=0 ENC_buf=512/591
  Keys    : on=False src=''
  Ports   : [22878, 23545, 25787, 24656]

  Monsters (0):

  Players (0):
════════════════════════════════════════════════════════════
17:22:29.461 
════════════════════════════════════════════════════════════
  SUMMARY  17:22:29
────────────────────────────────────────────────────────────
  Memory  : pos=(None,None) HP=None/None SP=None/None
  Gepard  : accuracy=0% hits=0 miss=0 ENC_buf=512/591
  Keys    : on=False src=''
  Ports   : [22878, 23545, 25787, 24656]

  Monsters (0):

  Players (0):
════════════════════════════════════════════════════════════
