00:44:10.940 ============================================================
00:44:10.940   RO Packet Parser v3
00:44:10.941   Server : 136.110.172.32:24656
00:44:10.941   Logs   : D:\Openkore_byJavis\ro_logs/ro_*_20260318_004410.log
00:44:10.941 ============================================================
00:44:11.031   [MEM   ] Attached PID=12336 handle=0x20C
00:44:11.032 [VERIFY] Initial memory: pos=(144,56) HP=24/187 SP=29/42
00:44:11.032 
รัน BamBoo_Client แล้ว login ได้เลย (ควรเริ่มก่อน login map)
00:44:11.032 กด Ctrl+C หยุด

00:44:19.479   [SYNC  ] ← skipped 10 bytes to sync at 0x0000
00:44:20.160   [?????] ← 0xF927 [2B]
00:44:20.171   [?????] ← 0x8F6A [2B]
00:44:20.172   [?????] ← 0xD98A [2B]
00:44:20.172   [?????] ← 0x267D [2B]
00:44:20.172   [?????] ← 0x346D [2B]
00:44:20.173   [?????] ← 0xCDD5 [2B]
00:44:20.173   [?????] ← 0xF0EA [2B]
00:44:20.173   [?????] ← 0x90C6 [2B]
00:44:20.173   [?????] ← 0xBA4D [2B]
00:44:26.159 
════════════════════════════════════════════════════════════
  SUMMARY  00:44:26
────────────────────────────────────────────────────────────
  Memory  : pos=(144,56) HP=25/187 SP=29/42

  Monsters (0):

  Players (0):
════════════════════════════════════════════════════════════
00:44:29.260 
→ 0x0436 (map_login2) [354B]
00:44:41.163 
════════════════════════════════════════════════════════════
  SUMMARY  00:44:41
────────────────────────────────────────────────────────────
  Memory  : pos=(149,56) HP=26/187 SP=31/42

  Monsters (0):

  Players (0):
════════════════════════════════════════════════════════════
00:44:56.209 
════════════════════════════════════════════════════════════
  SUMMARY  00:44:56
────────────────────────────────────────────────────────────
  Memory  : pos=(218,63) HP=27/187 SP=33/42

  Monsters (0):

  Players (0):
════════════════════════════════════════════════════════════
00:44:59.222   [?????] ← 0xC535 [3328B]
00:44:59.353   [?????] ← 0x4DAC [2B]
00:45:06.003   [?????] ← 0xB088 [1792B]
00:45:09.444   [?????] ← 0x0002 [730B]
00:45:09.445   [?????] ← 0x6569 [2B]
00:45:10.535   [?????] ← 0xD33C [2B]
00:45:10.536   [?????] ← 0x6B35 [2B]
00:45:10.536   [?????] ← 0x4675 [2B]
00:45:10.536   [?????] ← 0x11F7 [2B]
00:45:10.537   [?????] ← 0xB479 [2B]
00:45:10.537   [?????] ← 0xE735 [2B]
00:45:10.537   [?????] ← 0xF487 [2B]
00:45:10.537   [?????] ← 0x47B4 [2B]
00:45:10.538   [?????] ← 0xA528 [2B]
00:45:10.538   [?????] ← 0x98B9 [2B]
00:45:10.538   [?????] ← 0xCED7 [2B]
00:45:10.538   [?????] ← 0x396F [2B]
00:45:10.538   [?????] ← 0xFC80 [2B]
00:45:10.539   [?????] ← 0x194F [2B]
00:45:10.539   [?????] ← 0x881A [2B]
00:45:10.539   [?????] ← 0xB888 [2B]
00:45:10.539   [?????] ← 0xA4B6 [2B]
00:45:10.540   [?????] ← 0xE953 [2B]
00:45:10.540   [?????] ← 0xB8DE [2B]
00:45:10.541   [?????] ← 0x5E92 [2B]
00:45:10.541   [?????] ← 0xF349 [2B]
00:45:10.542   [?????] ← 0x6F5A [2B]
00:45:10.542   [?????] ← 0xE24D [2B]
00:45:10.542   [?????] ← 0x34FA [2B]
00:45:10.543   [?????] ← 0xF87C [2B]
00:45:10.543   [?????] ← 0xCA71 [2B]
00:45:10.543   [?????] ← 0xB212 [2B]
00:45:10.543   [?????] ← 0x2446 [2B]
00:45:10.544   [?????] ← 0x3D97 [2B]
00:45:10.544   [?????] ← 0x1A51 [2B]
00:45:10.544   [?????] ← 0x9516 [2B]
00:45:10.545   [?????] ← 0x5ED1 [2B]
00:45:11.376 
════════════════════════════════════════════════════════════
  SUMMARY  00:45:11
────────────────────────────────────────────────────────────
  Memory  : pos=(47,83) HP=27/187 SP=35/42

  Monsters (0):

  Players (0):
════════════════════════════════════════════════════════════
00:45:26.126   [?????] → 0x8098 [1363B]
00:45:26.160   [?????] ← 0xC7F7 [2557B]
00:45:26.160   [?????] ← 0x48BA [2B]
00:45:26.160   [?????] ← 0xCA3B [2B]
00:45:26.161   [?????] ← 0xFE48 [2B]
00:45:26.161   [?????] ← 0xEC23 [2B]
00:45:26.162   [?????] ← 0xD782 [2B]
00:45:26.734 
════════════════════════════════════════════════════════════
  SUMMARY  00:45:26
────────────────────────────────────────────────────────────
  Memory  : pos=(159,57) HP=2/187 SP=35/42

  Monsters (0):

  Players (0):
════════════════════════════════════════════════════════════
00:45:32.731 
หยุด
00:45:32.733 
════════════════════════════════════════════════════════════
  SUMMARY  00:45:32
────────────────────────────────────────────────────────────
  Memory  : pos=(159,57) HP=3/187 SP=35/42

  Monsters (0):

  Players (0):
════════════════════════════════════════════════════════════
00:45:32.733 
Unknown switches: 53 ค่า
00:45:32.737   0xF927  x1
00:45:32.737   0x8F6A  x1
00:45:32.737   0xD98A  x1
00:45:32.738   0x267D  x1
00:45:32.738   0x346D  x1
00:45:32.738   0xCDD5  x1
00:45:32.739   0xF0EA  x1
00:45:32.739   0x90C6  x1
00:45:32.739   0xBA4D  x1
00:45:32.739   0xC535  x1
00:45:32.740   0x4DAC  x1
00:45:32.740   0xB088  x1
00:45:32.740   0x0002  x1
00:45:32.740   0x6569  x1
00:45:32.740   0xD33C  x1
00:45:32.741   0x6B35  x1
00:45:32.741   0x4675  x1
00:45:32.741   0x11F7  x1
00:45:32.741   0xB479  x1
00:45:32.741   0xE735  x1
