00:44:26.160 
════════════════════════════════════════════════════════════
  SUMMARY  00:44:26
────────────────────────────────────────────────────────────
  Memory  : pos=(144,56) HP=25/187 SP=29/42

  Monsters (0):

  Players (0):
════════════════════════════════════════════════════════════
00:44:41.163 
════════════════════════════════════════════════════════════
  SUMMARY  00:44:41
────────────────────────────────────────────────────────────
  Memory  : pos=(149,56) HP=26/187 SP=31/42

  Monsters (0):

  Players (0):
════════════════════════════════════════════════════════════
00:44:56.210 
════════════════════════════════════════════════════════════
  SUMMARY  00:44:56
────────────────────────────────────────────────────────────
  Memory  : pos=(218,63) HP=27/187 SP=33/42

  Monsters (0):

  Players (0):
════════════════════════════════════════════════════════════
00:45:11.376 
════════════════════════════════════════════════════════════
  SUMMARY  00:45:11
────────────────────────────────────────────────────────────
  Memory  : pos=(47,83) HP=27/187 SP=35/42

  Monsters (0):

  Players (0):
════════════════════════════════════════════════════════════
00:45:26.735 
════════════════════════════════════════════════════════════
  SUMMARY  00:45:26
────────────────────────────────────────────────────────────
  Memory  : pos=(159,57) HP=2/187 SP=35/42

  Monsters (0):

  Players (0):
════════════════════════════════════════════════════════════
00:45:32.733 
════════════════════════════════════════════════════════════
  SUMMARY  00:45:32
────────────────────────────────────────────────────────────
  Memory  : pos=(159,57) HP=3/187 SP=35/42

  Monsters (0):

  Players (0):
════════════════════════════════════════════════════════════
