14:30:42.646 
════════════════════════════════════════════════════════════
  SUMMARY  14:30:42
────────────────────────────────────────────────────────────
  Memory  : pos=(None,None) HP=None/None SP=None/None
  Gepard  : accuracy=0% hits=0 miss=0 ENC_buf=512/755
  Keys    : on=False src=''
  Ports   : [22878]

  Monsters (0):

  Players (0):
════════════════════════════════════════════════════════════
14:30:57.655 
════════════════════════════════════════════════════════════
  SUMMARY  14:30:57
────────────────────────────────────────────────────────────
  Memory  : pos=(None,None) HP=None/None SP=None/None
  Gepard  : accuracy=0% hits=0 miss=0 ENC_buf=512/1513
  Keys    : on=False src=''
  Ports   : [22878, 23545, 25787, 24656]

  Monsters (0):

  Players (0):
════════════════════════════════════════════════════════════
14:31:12.657 
════════════════════════════════════════════════════════════
  SUMMARY  14:31:12
────────────────────────────────────────────────────────────
  Memory  : pos=(None,None) HP=None/None SP=None/None
  Gepard  : accuracy=0% hits=0 miss=0 ENC_buf=512/1640
  Keys    : on=False src=''
  Ports   : [22878, 23545, 25787, 24656]

  Monsters (0):

  Players (0):
════════════════════════════════════════════════════════════
14:31:27.672 
════════════════════════════════════════════════════════════
  SUMMARY  14:31:27
────────────────────────────────────────────────────────────
  Memory  : pos=(None,None) HP=None/None SP=None/None
  Gepard  : accuracy=0% hits=0 miss=0 ENC_buf=512/1701
  Keys    : on=False src=''
  Ports   : [22878, 23545, 25787, 24656]

  Monsters (0):

  Players (0):
════════════════════════════════════════════════════════════
14:31:42.676 
════════════════════════════════════════════════════════════
  SUMMARY  14:31:42
────────────────────────────────────────────────────────────
  Memory  : pos=(None,None) HP=None/None SP=None/None
  Gepard  : accuracy=0% hits=0 miss=0 ENC_buf=512/1801
  Keys    : on=False src=''
  Ports   : [22878, 23545, 25787, 24656]

  Monsters (0):

  Players (0):
════════════════════════════════════════════════════════════
